<?xml version="1.0" encoding="UTF-8"?>
<testsuite name="io.yggdrash.contract.yeed.propose.ProposeInterChainTest" tests="2" skipped="0" failures="0" errors="0" timestamp="2019-11-06T03:38:16" hostname="Peter-Mac.local" time="0.271">
  <properties/>
  <testcase name="proposeInterChainGenerateIdTest" classname="io.yggdrash.contract.yeed.propose.ProposeInterChainTest" time="0.222"/>
  <testcase name="checkProposeTypeAndEther" classname="io.yggdrash.contract.yeed.propose.ProposeInterChainTest" time="0.049"/>
  <system-out><![CDATA[12:38:16.453 [Test worker] DEBUG io.yggdrash.contract.yeed.propose.ProposeInterChainTest - Propose ID : 00a0f54e2ef3549c55cf9882649bf20637d1603b9ab5cd30472fc801e990ab7c 
12:38:16.506 [Test worker] DEBUG io.yggdrash.contract.yeed.propose.ProposeInterChainTest - Propose ETH : 1000000000000000000
12:38:16.506 [Test worker] DEBUG io.yggdrash.contract.yeed.propose.ProposeInterChainTest - Ethereum Transaction ETH : 1000000000000000000
12:38:16.506 [Test worker] DEBUG io.yggdrash.contract.yeed.propose.ProposeInterChainTest - Ethereum transaction ID : 0xa077dd42d4421dca5cb8a7a11aca5b27adaf40be2428f9dc8e42a56abdabeb66 
12:38:16.506 [Test worker] DEBUG io.yggdrash.contract.yeed.propose.ProposeInterChainTest - propose ID : de8c86ff050ca7b673ac19145ef3c83b2b927c38a3ad5854b23011fae76f37df
12:38:16.506 [Test worker] DEBUG io.yggdrash.contract.yeed.propose.ProposeInterChainTest - Propose Stake YEED : 1000000000000000000
]]></system-out>
  <system-err><![CDATA[]]></system-err>
</testsuite>
