<?xml version="1.0" encoding="UTF-8"?>
<testsuite name="io.yggdrash.contract.yeed.SwapEthTransactionTest" tests="7" skipped="1" failures="0" errors="0" timestamp="2019-11-06T03:38:18" hostname="Peter-Mac.local" time="0.038">
  <properties/>
  <testcase name="testEthereumTransactionRlp" classname="io.yggdrash.contract.yeed.SwapEthTransactionTest" time="0.005"/>
  <testcase name="kovanTransaction" classname="io.yggdrash.contract.yeed.SwapEthTransactionTest" time="0.003"/>
  <testcase name="goerliTransaction" classname="io.yggdrash.contract.yeed.SwapEthTransactionTest" time="0.0">
    <skipped/>
  </testcase>
  <testcase name="rawTransactionFromApiCallResult" classname="io.yggdrash.contract.yeed.SwapEthTransactionTest" time="0.013"/>
  <testcase name="ropstenTransaction" classname="io.yggdrash.contract.yeed.SwapEthTransactionTest" time="0.004"/>
  <testcase name="klytnTransaction" classname="io.yggdrash.contract.yeed.SwapEthTransactionTest" time="0.002"/>
  <testcase name="ethereumRawParsingTest" classname="io.yggdrash.contract.yeed.SwapEthTransactionTest" time="0.009"/>
  <system-out><![CDATA[12:38:18.355 [Test worker] DEBUG io.yggdrash.contract.yeed.SwapEthTransactionTest - txHash a077dd42d4421dca5cb8a7a11aca5b27adaf40be2428f9dc8e42a56abdabeb66 
12:38:18.355 [Test worker] DEBUG io.yggdrash.contract.yeed.SwapEthTransactionTest - Chain ID 1 
12:38:18.355 [Test worker] DEBUG io.yggdrash.contract.yeed.SwapEthTransactionTest - Sender 5e032243d507c743b061ef021e2ec7fcc6d3ab89
12:38:18.355 [Test worker] DEBUG io.yggdrash.contract.yeed.SwapEthTransactionTest - Receiver c3cf7a283a4415ce3c41f5374934612389334780
12:38:18.355 [Test worker] DEBUG io.yggdrash.contract.yeed.SwapEthTransactionTest - value 1000000000000000000
12:38:18.355 [Test worker] DEBUG io.yggdrash.contract.yeed.SwapEthTransactionTest - data null
12:38:18.357 [Test worker] DEBUG io.yggdrash.contract.yeed.SwapEthTransactionTest - txHash c7a3fb089a6337f10e6f0fb28d928254dca4e372452744971fca78479daeaf09 
12:38:18.357 [Test worker] DEBUG io.yggdrash.contract.yeed.SwapEthTransactionTest - Chain ID 1 
12:38:18.357 [Test worker] DEBUG io.yggdrash.contract.yeed.SwapEthTransactionTest - Sender d21629411073b5ac9e8896f980a2fd066cbea7e6
12:38:18.357 [Test worker] DEBUG io.yggdrash.contract.yeed.SwapEthTransactionTest - Receiver 735c4b587ae018c4733df6a8ef59711d15f551b4
12:38:18.357 [Test worker] DEBUG io.yggdrash.contract.yeed.SwapEthTransactionTest - value 1000000000000000000
12:38:18.357 [Test worker] DEBUG io.yggdrash.contract.yeed.SwapEthTransactionTest - data null
12:38:18.359 [Test worker] DEBUG io.yggdrash.contract.yeed.SwapEthTransactionTest - txHash a92b61187bfdb7bada8e1af96c5735d35a51e68be310dde621a598b3ae3e03f8 
12:38:18.359 [Test worker] DEBUG io.yggdrash.contract.yeed.SwapEthTransactionTest - Chain ID 1 
12:38:18.359 [Test worker] DEBUG io.yggdrash.contract.yeed.SwapEthTransactionTest - Sender 12dab33c2bf841bbd07b173a95d3ffb28608c0e3
12:38:18.359 [Test worker] DEBUG io.yggdrash.contract.yeed.SwapEthTransactionTest - Receiver d43276d9b9722a68cc2b5d6ff97a1380d3c9e85e
12:38:18.359 [Test worker] DEBUG io.yggdrash.contract.yeed.SwapEthTransactionTest - value 1000000000000000000
12:38:18.359 [Test worker] DEBUG io.yggdrash.contract.yeed.SwapEthTransactionTest - data null
12:38:18.360 [Test worker] DEBUG io.yggdrash.contract.yeed.SwapEthTransactionTest - txHash cca9e56639aa3a5da3dfe715bad74f160bbf1004402da0da87e3cd8f833c409b 
12:38:18.360 [Test worker] DEBUG io.yggdrash.contract.yeed.SwapEthTransactionTest - Chain ID 28 
12:38:18.360 [Test worker] DEBUG io.yggdrash.contract.yeed.SwapEthTransactionTest - Sender 003bbce1eac59b406dd0e143e856542df3659075
12:38:18.360 [Test worker] DEBUG io.yggdrash.contract.yeed.SwapEthTransactionTest - Receiver b116c9bf208f0941ed2045c1b8d8e0c14854421c
12:38:18.360 [Test worker] DEBUG io.yggdrash.contract.yeed.SwapEthTransactionTest - value 3000000000000000000
12:38:18.360 [Test worker] DEBUG io.yggdrash.contract.yeed.SwapEthTransactionTest - data null
12:38:18.368 [Test worker] DEBUG io.yggdrash.contract.yeed.SwapEthTransactionTest - {"blockHash":"0x6427baf076b201a0c6a8c67d8a80bcb2e63270484404ce875bd2d460bc64ee00","blockNumber":"0x71a437","from":"0x5e032243d507c743b061ef021e2ec7fcc6d3ab89","gas":"0xafc8","gasPrice":"0xdf8475800","hash":"0xa077dd42d4421dca5cb8a7a11aca5b27adaf40be2428f9dc8e42a56abdabeb66","input":"0x","nonce":"0x414ac","r":"0xc9938e35c6281a2003531ef19c0368fb0ec680d1bc073ee28813602616ce172c","s":"0x3885e6218dbd7a09fc250ce4eb982114cc25c0974f4adfbd08c4e834f9c74dc3","to":"0xc3cf7a283a4415ce3c41f5374934612389334780","transactionIndex":"0x3","v":"0x26","value":"0xde0b6b3a7640000"}
12:38:18.374 [Test worker] DEBUG io.yggdrash.contract.yeed.SwapEthTransactionTest - 267436
12:38:18.374 [Test worker] DEBUG io.yggdrash.contract.yeed.SwapEthTransactionTest - 60000000000
12:38:18.374 [Test worker] DEBUG io.yggdrash.contract.yeed.SwapEthTransactionTest - 45000
12:38:18.374 [Test worker] DEBUG io.yggdrash.contract.yeed.SwapEthTransactionTest - 1000000000000000000
12:38:18.374 [Test worker] DEBUG io.yggdrash.contract.yeed.SwapEthTransactionTest - sha3 Hash a077dd42d4421dca5cb8a7a11aca5b27adaf40be2428f9dc8e42a56abdabeb66
12:38:18.375 [Test worker] DEBUG io.yggdrash.contract.yeed.SwapEthTransactionTest - Nonce 0414ac
12:38:18.375 [Test worker] DEBUG io.yggdrash.contract.yeed.SwapEthTransactionTest - GasPrice 0df8475800
12:38:18.375 [Test worker] DEBUG io.yggdrash.contract.yeed.SwapEthTransactionTest - GasLimit afc8
12:38:18.377 [Test worker] DEBUG io.yggdrash.contract.yeed.SwapEthTransactionTest - txHash 5259f3e2269ed193af4400234a4e6e17d0f4302569363e9ef7d180a4af128cbc 
12:38:18.377 [Test worker] DEBUG io.yggdrash.contract.yeed.SwapEthTransactionTest - Chain ID 27 
12:38:18.377 [Test worker] DEBUG io.yggdrash.contract.yeed.SwapEthTransactionTest - Sender 81b7e08f65bdf5648606c89998a9cc8164397647
12:38:18.377 [Test worker] DEBUG io.yggdrash.contract.yeed.SwapEthTransactionTest - Receiver eaf9e2cb3ccebe8c4a301f3d5b643328941f3fb2
12:38:18.377 [Test worker] DEBUG io.yggdrash.contract.yeed.SwapEthTransactionTest - value 1000000000000000000
12:38:18.377 [Test worker] DEBUG io.yggdrash.contract.yeed.SwapEthTransactionTest - data null
12:38:18.379 [Test worker] DEBUG io.yggdrash.contract.yeed.SwapEthTransactionTest - txHash 316632f345caa74c7e6cb323f424608e1e9cd71bd2d256ccff2acd02b7caf47e 
12:38:18.379 [Test worker] DEBUG io.yggdrash.contract.yeed.SwapEthTransactionTest - Chain ID 3 
12:38:18.379 [Test worker] DEBUG io.yggdrash.contract.yeed.SwapEthTransactionTest - Sender 101167aaf090581b91c08480f6e559acdd9a3ddd
12:38:18.379 [Test worker] DEBUG io.yggdrash.contract.yeed.SwapEthTransactionTest - Receiver 101167aaf090581b91c08480f6e559acdd9a3ddd
12:38:18.379 [Test worker] DEBUG io.yggdrash.contract.yeed.SwapEthTransactionTest - value 1000000000000000000
12:38:18.379 [Test worker] DEBUG io.yggdrash.contract.yeed.SwapEthTransactionTest - data null
12:38:18.381 [Test worker] DEBUG io.yggdrash.contract.yeed.SwapEthTransactionTest - txHash df2f5c43fe9b613b4692f089774d2d9ec4bc8df02fa73d8aa4196279898f4457 
12:38:18.381 [Test worker] DEBUG io.yggdrash.contract.yeed.SwapEthTransactionTest - Chain ID 1001 
12:38:18.381 [Test worker] DEBUG io.yggdrash.contract.yeed.SwapEthTransactionTest - Sender 17b396e80db97258885ffbc0513ef1bbf1f1f1d0
12:38:18.381 [Test worker] DEBUG io.yggdrash.contract.yeed.SwapEthTransactionTest - Receiver 5b71a37bb39b33dd40d267a989ac3e448735a7c2
12:38:18.381 [Test worker] DEBUG io.yggdrash.contract.yeed.SwapEthTransactionTest - value 1000000000000000000
12:38:18.381 [Test worker] DEBUG io.yggdrash.contract.yeed.SwapEthTransactionTest - data null
12:38:18.382 [Test worker] DEBUG io.yggdrash.contract.yeed.SwapEthTransactionTest - txHash 3dd862fad8cb4d33bbf284cf4b6481e5e5712f432f6c2f2a873fe306d249401d 
12:38:18.382 [Test worker] DEBUG io.yggdrash.contract.yeed.SwapEthTransactionTest - Chain ID 1001 
12:38:18.382 [Test worker] DEBUG io.yggdrash.contract.yeed.SwapEthTransactionTest - Sender 17b396e80db97258885ffbc0513ef1bbf1f1f1d0
12:38:18.382 [Test worker] DEBUG io.yggdrash.contract.yeed.SwapEthTransactionTest - Receiver 7eca82d239c3b1513d6368e2ff21763e469f1298
12:38:18.382 [Test worker] DEBUG io.yggdrash.contract.yeed.SwapEthTransactionTest - value 100000000000000000
12:38:18.382 [Test worker] DEBUG io.yggdrash.contract.yeed.SwapEthTransactionTest - data null
12:38:18.384 [Test worker] DEBUG io.yggdrash.contract.yeed.SwapEthTransactionTest - txHash c91f1cab74c4822011be51e18041087b25b1fd69cec7ba3da6f345c8c280731f 
12:38:18.384 [Test worker] DEBUG io.yggdrash.contract.yeed.SwapEthTransactionTest - Chain ID 3 
12:38:18.384 [Test worker] DEBUG io.yggdrash.contract.yeed.SwapEthTransactionTest - Sender 55ba1a82b1037798525567d6464c2978a2b48030
12:38:18.384 [Test worker] DEBUG io.yggdrash.contract.yeed.SwapEthTransactionTest - Receiver 77283a04b3410fe21ba5ed04c7bd3ba89e70b78c
12:38:18.384 [Test worker] DEBUG io.yggdrash.contract.yeed.SwapEthTransactionTest - value 70000000000000000
12:38:18.384 [Test worker] DEBUG io.yggdrash.contract.yeed.SwapEthTransactionTest - data null
12:38:18.385 [Test worker] DEBUG io.yggdrash.contract.yeed.SwapEthTransactionTest - txHash 92bc0d0f58cc51f18cb82535a55e505413021d852cf06dd6cf96b3a87cd36de2 
12:38:18.385 [Test worker] DEBUG io.yggdrash.contract.yeed.SwapEthTransactionTest - Chain ID 3 
12:38:18.385 [Test worker] DEBUG io.yggdrash.contract.yeed.SwapEthTransactionTest - Sender 55ba1a82b1037798525567d6464c2978a2b48030
12:38:18.385 [Test worker] DEBUG io.yggdrash.contract.yeed.SwapEthTransactionTest - Receiver 77283a04b3410fe21ba5ed04c7bd3ba89e70b78c
12:38:18.385 [Test worker] DEBUG io.yggdrash.contract.yeed.SwapEthTransactionTest - value 50000000000000000
12:38:18.385 [Test worker] DEBUG io.yggdrash.contract.yeed.SwapEthTransactionTest - data null
12:38:18.386 [Test worker] DEBUG io.yggdrash.contract.yeed.SwapEthTransactionTest - txHash cc80b208ad13211b452e30a6aadadd67a1f0b0d32617dfbfcf77002ae3ac1bcc 
12:38:18.386 [Test worker] DEBUG io.yggdrash.contract.yeed.SwapEthTransactionTest - Chain ID 3 
12:38:18.386 [Test worker] DEBUG io.yggdrash.contract.yeed.SwapEthTransactionTest - Sender 55ba1a82b1037798525567d6464c2978a2b48030
12:38:18.386 [Test worker] DEBUG io.yggdrash.contract.yeed.SwapEthTransactionTest - Receiver 77283a04b3410fe21ba5ed04c7bd3ba89e70b78c
12:38:18.386 [Test worker] DEBUG io.yggdrash.contract.yeed.SwapEthTransactionTest - value 100000000000000000
12:38:18.386 [Test worker] DEBUG io.yggdrash.contract.yeed.SwapEthTransactionTest - data null
12:38:18.387 [Test worker] DEBUG io.yggdrash.contract.yeed.SwapEthTransactionTest - txHash 9a23de97b06f22be31e5ba999807bd911f40e41662bc897088f9c4afb58168a5 
12:38:18.387 [Test worker] DEBUG io.yggdrash.contract.yeed.SwapEthTransactionTest - Chain ID 3 
12:38:18.387 [Test worker] DEBUG io.yggdrash.contract.yeed.SwapEthTransactionTest - Sender 55ba1a82b1037798525567d6464c2978a2b48030
12:38:18.387 [Test worker] DEBUG io.yggdrash.contract.yeed.SwapEthTransactionTest - Receiver 77283a04b3410fe21ba5ed04c7bd3ba89e70b78c
12:38:18.387 [Test worker] DEBUG io.yggdrash.contract.yeed.SwapEthTransactionTest - value 50000000000000000
12:38:18.387 [Test worker] DEBUG io.yggdrash.contract.yeed.SwapEthTransactionTest - data null
12:38:18.388 [Test worker] DEBUG io.yggdrash.contract.yeed.SwapEthTransactionTest - txHash 75509550c267389d74bcaebaf67bb06ee2433f39163344df6903c37ef38ca9a0 
12:38:18.388 [Test worker] DEBUG io.yggdrash.contract.yeed.SwapEthTransactionTest - Chain ID 3 
12:38:18.388 [Test worker] DEBUG io.yggdrash.contract.yeed.SwapEthTransactionTest - Sender 55ba1a82b1037798525567d6464c2978a2b48030
12:38:18.388 [Test worker] DEBUG io.yggdrash.contract.yeed.SwapEthTransactionTest - Receiver 77283a04b3410fe21ba5ed04c7bd3ba89e70b78c
12:38:18.388 [Test worker] DEBUG io.yggdrash.contract.yeed.SwapEthTransactionTest - value 100000000000000000
12:38:18.388 [Test worker] DEBUG io.yggdrash.contract.yeed.SwapEthTransactionTest - data null
12:38:18.390 [Test worker] DEBUG io.yggdrash.contract.yeed.SwapEthTransactionTest - txHash 4267c8cbb2ec893e0a798f23f75c4f827c1507bfa25a333d3b0c7006bfa44821 
12:38:18.390 [Test worker] DEBUG io.yggdrash.contract.yeed.SwapEthTransactionTest - Chain ID 3 
12:38:18.390 [Test worker] DEBUG io.yggdrash.contract.yeed.SwapEthTransactionTest - Sender 55ba1a82b1037798525567d6464c2978a2b48030
12:38:18.390 [Test worker] DEBUG io.yggdrash.contract.yeed.SwapEthTransactionTest - Receiver 77283a04b3410fe21ba5ed04c7bd3ba89e70b78c
12:38:18.390 [Test worker] DEBUG io.yggdrash.contract.yeed.SwapEthTransactionTest - value 200000000000000000
12:38:18.390 [Test worker] DEBUG io.yggdrash.contract.yeed.SwapEthTransactionTest - data null
12:38:18.391 [Test worker] DEBUG io.yggdrash.contract.yeed.SwapEthTransactionTest - txHash d27d714450d4c3dadd8620f05e1a461167d874f4bae8ab095112dab94629d72a 
12:38:18.391 [Test worker] DEBUG io.yggdrash.contract.yeed.SwapEthTransactionTest - Chain ID 3 
12:38:18.391 [Test worker] DEBUG io.yggdrash.contract.yeed.SwapEthTransactionTest - Sender 55ba1a82b1037798525567d6464c2978a2b48030
12:38:18.391 [Test worker] DEBUG io.yggdrash.contract.yeed.SwapEthTransactionTest - Receiver 5e96dcb9bf4b2288ba74fa2c785b07b6366c0687
12:38:18.391 [Test worker] DEBUG io.yggdrash.contract.yeed.SwapEthTransactionTest - value 0
12:38:18.391 [Test worker] DEBUG io.yggdrash.contract.yeed.SwapEthTransactionTest - data null
12:38:18.392 [Test worker] DEBUG io.yggdrash.contract.yeed.SwapEthTransactionTest - txHash e0cb3cbd6b43200074e2d9da769fd3103c03be992ad5878210888cd4ed986dfb 
12:38:18.392 [Test worker] DEBUG io.yggdrash.contract.yeed.SwapEthTransactionTest - Chain ID 3 
12:38:18.392 [Test worker] DEBUG io.yggdrash.contract.yeed.SwapEthTransactionTest - Sender 55ba1a82b1037798525567d6464c2978a2b48030
12:38:18.392 [Test worker] DEBUG io.yggdrash.contract.yeed.SwapEthTransactionTest - Receiver 5e96dcb9bf4b2288ba74fa2c785b07b6366c0687
12:38:18.392 [Test worker] DEBUG io.yggdrash.contract.yeed.SwapEthTransactionTest - value 200000000000000000
12:38:18.392 [Test worker] DEBUG io.yggdrash.contract.yeed.SwapEthTransactionTest - data null
]]></system-out>
  <system-err><![CDATA[]]></system-err>
</testsuite>
