<?xml version="1.0" encoding="UTF-8"?>
<testsuite name="io.yggdrash.contract.yeed.FeeModelTest" tests="2" skipped="0" failures="0" errors="0" timestamp="2019-11-06T03:38:16" hostname="Peter-Mac.local" time="0.072">
  <properties/>
  <testcase name="baseCurrencyModelSpeedTest" classname="io.yggdrash.contract.yeed.FeeModelTest" time="0.069"/>
  <testcase name="baseFeeModelTest" classname="io.yggdrash.contract.yeed.FeeModelTest" time="0.003"/>
  <system-out><![CDATA[12:38:16.578 [Test worker] DEBUG io.yggdrash.contract.yeed.FeeModelTest - 6 Byte, String => 1540000000000 : length 13 , Base64 => AWaPJygA : length 8, Save 5 byte(0.6153846)
12:38:16.578 [Test worker] DEBUG io.yggdrash.contract.yeed.FeeModelTest - 8 Byte, String => 1000000000000000000 : length 19 , Base64 => DeC2s6dkAAA= : length 12, Save 7 byte(0.6315789)
12:38:16.579 [Test worker] DEBUG io.yggdrash.contract.yeed.FeeModelTest - 6 Byte, String => 50000000000000 : length 14 , Base64 => LXmIPSAA : length 8, Save 6 byte(0.57142854)
12:38:16.580 [Test worker] DEBUG io.yggdrash.contract.yeed.FeeModelTest - 1.01
]]></system-out>
  <system-err><![CDATA[]]></system-err>
</testsuite>
