<?xml version="1.0" encoding="UTF-8"?>
<testsuite name="io.yggdrash.contract.yeed.SwapEthTransactionTokenTest" tests="2" skipped="0" failures="0" errors="0" timestamp="2019-11-06T03:38:18" hostname="Peter-Mac.local" time="0.006">
  <properties/>
  <testcase name="pattenTest" classname="io.yggdrash.contract.yeed.SwapEthTransactionTokenTest" time="0.0"/>
  <testcase name="testEthereumTokenTransactionRlp" classname="io.yggdrash.contract.yeed.SwapEthTransactionTokenTest" time="0.005"/>
  <system-out><![CDATA[12:38:18.394 [Test worker] DEBUG io.yggdrash.contract.yeed.SwapEthTransactionTokenTest - 6a95d72869643550a485cbea0a4a8aac1092b4b185f58903b1d348383068ca42
12:38:18.395 [Test worker] DEBUG io.yggdrash.contract.yeed.ehtereum.EthTokenTransaction - is EthTokenTransaction  : 0
12:38:18.396 [Test worker] DEBUG io.yggdrash.contract.yeed.ehtereum.EthTokenTransaction - Size : 2
12:38:18.396 [Test worker] DEBUG io.yggdrash.contract.yeed.ehtereum.EthTokenTransaction - POSITION : 4 
12:38:18.396 [Test worker] DEBUG io.yggdrash.contract.yeed.ehtereum.EthTokenTransaction - POSITION : 36 
12:38:18.396 [Test worker] DEBUG io.yggdrash.contract.yeed.SwapEthTransactionTokenTest - transaction hash 6d1acb77a5f484991d19e327970d9ec29450423bcbb35c267757e1ac2af3fd40
12:38:18.396 [Test worker] DEBUG io.yggdrash.contract.yeed.SwapEthTransactionTokenTest - EthTransaction Data a9059cbb000000000000000000000000e861e4edfddcb969a7cc485cf155fa5a415c94f30000000000000000000000000000000000000000000068d200f7019977600000 
12:38:18.396 [Test worker] DEBUG io.yggdrash.contract.yeed.SwapEthTransactionTokenTest - a9059cbb
12:38:18.396 [Test worker] DEBUG io.yggdrash.contract.yeed.SwapEthTransactionTokenTest - 2 param
12:38:18.396 [Test worker] DEBUG io.yggdrash.contract.yeed.SwapEthTransactionTokenTest - e861e4edfddcb969a7cc485cf155fa5a415c94f3
12:38:18.396 [Test worker] DEBUG io.yggdrash.contract.yeed.SwapEthTransactionTokenTest - 0000000000000000000000000000000000000000000068d200f7019977600000
12:38:18.396 [Test worker] DEBUG io.yggdrash.contract.yeed.SwapEthTransactionTokenTest - send Token 495000000000000000000000
12:38:18.396 [Test worker] DEBUG io.yggdrash.contract.yeed.SwapEthTransactionTokenTest - calculate Token 495000 
12:38:18.396 [Test worker] DEBUG io.yggdrash.contract.yeed.SwapEthTransactionTokenTest - Address ca2796f9f61dc7b238aab043971e49c6164df375 
12:38:18.398 [Test worker] DEBUG io.yggdrash.contract.yeed.ehtereum.EthTokenTransaction - is EthTokenTransaction  : 0
12:38:18.398 [Test worker] DEBUG io.yggdrash.contract.yeed.ehtereum.EthTokenTransaction - Size : 2
12:38:18.398 [Test worker] DEBUG io.yggdrash.contract.yeed.ehtereum.EthTokenTransaction - POSITION : 4 
12:38:18.398 [Test worker] DEBUG io.yggdrash.contract.yeed.ehtereum.EthTokenTransaction - POSITION : 36 
12:38:18.398 [Test worker] DEBUG io.yggdrash.contract.yeed.SwapEthTransactionTokenTest - Token Method a9059cbb
12:38:18.398 [Test worker] DEBUG io.yggdrash.contract.yeed.SwapEthTransactionTokenTest - send Token 10000000000
12:38:18.399 [Test worker] DEBUG io.yggdrash.contract.yeed.ehtereum.EthTokenTransaction - is EthTokenTransaction  : 0
12:38:18.399 [Test worker] DEBUG io.yggdrash.contract.yeed.ehtereum.EthTokenTransaction - Size : 2
12:38:18.399 [Test worker] DEBUG io.yggdrash.contract.yeed.ehtereum.EthTokenTransaction - POSITION : 4 
12:38:18.399 [Test worker] DEBUG io.yggdrash.contract.yeed.ehtereum.EthTokenTransaction - POSITION : 36 
12:38:18.399 [Test worker] DEBUG io.yggdrash.contract.yeed.SwapEthTransactionTokenTest - Tx : 431bcc2dfa3484343beaf97d7f5bade0f66f3c5e7995386a3b7b127c8abee4fb
12:38:18.399 [Test worker] DEBUG io.yggdrash.contract.yeed.SwapEthTransactionTokenTest - Receive : 0000000000000000000000000000000000000000000000000000000000000000
12:38:18.400 [Test worker] DEBUG io.yggdrash.contract.yeed.SwapEthTransactionTokenTest - Amount : 700000000000000000000
]]></system-out>
  <system-err><![CDATA[]]></system-err>
</testsuite>
