<?xml version="1.0" encoding="UTF-8"?>
<testsuite name="io.yggdrash.contract.yeed.InterChainProcessTest" tests="18" skipped="0" failures="0" errors="0" timestamp="2019-11-06T03:38:16" hostname="Peter-Mac.local" time="1.719">
  <properties/>
  <testcase name="processingPropose" classname="io.yggdrash.contract.yeed.InterChainProcessTest" time="0.098"/>
  <testcase name="closeIssue" classname="io.yggdrash.contract.yeed.InterChainProcessTest" time="0.007"/>
  <testcase name="diviedEthSendTest" classname="io.yggdrash.contract.yeed.InterChainProcessTest" time="0.178"/>
  <testcase name="retryEthTransaction" classname="io.yggdrash.contract.yeed.InterChainProcessTest" time="0.024"/>
  <testcase name="issueTokenInterchain" classname="io.yggdrash.contract.yeed.InterChainProcessTest" time="0.023"/>
  <testcase name="proposeFullTest" classname="io.yggdrash.contract.yeed.InterChainProcessTest" time="0.015"/>
  <testcase name="invalidRawTransaction" classname="io.yggdrash.contract.yeed.InterChainProcessTest" time="0.016"/>
  <testcase name="test32ByteArray" classname="io.yggdrash.contract.yeed.InterChainProcessTest" time="0.002"/>
  <testcase name="issuePropose" classname="io.yggdrash.contract.yeed.InterChainProcessTest" time="0.003"/>
  <testcase name="processingInvalid" classname="io.yggdrash.contract.yeed.InterChainProcessTest" time="0.011"/>
  <testcase name="closeIssueFail" classname="io.yggdrash.contract.yeed.InterChainProcessTest" time="0.003"/>
  <testcase name="proposeIssueFail" classname="io.yggdrash.contract.yeed.InterChainProcessTest" time="0.004"/>
  <testcase name="processingProposeConfirm" classname="io.yggdrash.contract.yeed.InterChainProcessTest" time="0.013"/>
  <testcase name="issueProposeUpperCase" classname="io.yggdrash.contract.yeed.InterChainProcessTest" time="0.002"/>
  <testcase name="multiAccountPropose" classname="io.yggdrash.contract.yeed.InterChainProcessTest" time="1.306"/>
  <testcase name="rawTxGenerator" classname="io.yggdrash.contract.yeed.InterChainProcessTest" time="0.009"/>
  <testcase name="closeIssueFail2" classname="io.yggdrash.contract.yeed.InterChainProcessTest" time="0.001"/>
  <testcase name="closeIssueFail3" classname="io.yggdrash.contract.yeed.InterChainProcessTest" time="0.002"/>
  <system-out><![CDATA[12:38:16.667 [Test worker] DEBUG io.yggdrash.contract.yeed.YeedContract - Address of Frontier : c91e9d46dd4b7584f0b6348ee18277c10fd7cb94Balance of Frontier : 1000000000000000000000000000
12:38:16.667 [Test worker] DEBUG io.yggdrash.contract.yeed.YeedContract - Address of Frontier : 1a0cdead3d1d1dbeef848fef9053b4f0ae06db9eBalance of Frontier : 1000000000000000000000000000
12:38:16.668 [Test worker] DEBUG io.yggdrash.contract.yeed.YeedContract - Address of Frontier : 5e032243d507c743b061ef021e2ec7fcc6d3ab89Balance of Frontier : 10000000000000000000
12:38:16.669 [Test worker] DEBUG io.yggdrash.contract.yeed.YeedContract - Address of Frontier : cee3d4755e47055b530deeba062c5bd0c17eb00fBalance of Frontier : 998000000000000000000000000000
12:38:16.669 [Test worker] DEBUG io.yggdrash.contract.yeed.YeedContract - Address of Frontier : c3cf7a283a4415ce3c41f5374934612389334780Balance of Frontier : 10000000000000000000000000000000000000000
12:38:16.670 [Test worker] DEBUG io.yggdrash.contract.yeed.YeedContract - Address of Frontier : 4d01e237570022440aa126ca0b63065d7f5fd589Balance of Frontier : 10000000000000000000000000000000000000000
12:38:16.671 [Test worker] DEBUG io.yggdrash.contract.yeed.InterChainProcessTest - IssuerOriginBalance : 10000000000000000000000000000000000000000 
12:38:16.672 [Test worker] DEBUG io.yggdrash.contract.yeed.YeedContract - Propose Id Key : pi-18d48bc062ecab96a6d5b24791b5b41fdb69a12ef76d56f9f842871f92716b7a 
12:38:16.673 [Test worker] DEBUG io.yggdrash.contract.yeed.YeedContract - ProposeId : 18d48bc062ecab96a6d5b24791b5b41fdb69a12ef76d56f9f842871f92716b7a (ProposeKey=pis-18d48bc062ecab96a6d5b24791b5b41fdb69a12ef76d56f9f842871f92716b7a) is ISSUED
12:38:16.674 [Test worker] DEBUG io.yggdrash.contract.yeed.InterChainProcessTest - Issuer Balance After Proposal Issued : 9999999999999999999998990000000000000000 
12:38:16.675 [Test worker] DEBUG io.yggdrash.contract.yeed.InterChainProcessTest - ProposeId : 18d48bc062ecab96a6d5b24791b5b41fdb69a12ef76d56f9f842871f92716b7a
12:38:16.683 [Test worker] DEBUG io.yggdrash.contract.yeed.InterChainProcessTest - Sender : 5e032243d507c743b061ef021e2ec7fcc6d3ab89 
12:38:16.683 [Test worker] DEBUG io.yggdrash.contract.yeed.InterChainProcessTest - Receiver : c3cf7a283a4415ce3c41f5374934612389334780
12:38:16.683 [Test worker] DEBUG io.yggdrash.contract.yeed.InterChainProcessTest - 1000000000000000000 WEI
12:38:16.694 [Test worker] DEBUG io.yggdrash.contract.yeed.YeedContract - Ratio : 1
12:38:16.694 [Test worker] DEBUG io.yggdrash.contract.yeed.YeedContract - transferYeed : 1000000000000000000
12:38:16.696 [Test worker] DEBUG io.yggdrash.contract.yeed.YeedContract - Confirm Id : 1b1877ab93f8a0301b91c00d0dc582926972a1988c2cec595a3527388ab28ad1
12:38:16.697 [Test worker] DEBUG io.yggdrash.contract.yeed.YeedContract - ProposeId : 18d48bc062ecab96a6d5b24791b5b41fdb69a12ef76d56f9f842871f92716b7a (ProposeKey=pis-18d48bc062ecab96a6d5b24791b5b41fdb69a12ef76d56f9f842871f92716b7a) is DONE
12:38:16.698 [Test worker] DEBUG io.yggdrash.contract.yeed.InterChainProcessTest - Issuer Balance After Proposal Done : 9999999999999999999998985000000000000000 
12:38:16.699 [Test worker] DEBUG io.yggdrash.contract.yeed.InterChainProcessTest - fee : 10000000000000000 
12:38:16.699 [Test worker] DEBUG io.yggdrash.contract.yeed.InterChainProcessTest - txLog=[Transfer 0 from c3cf7a283a4415ce3c41f5374934612389334780 to c3cf7a283a4415ce3c41f5374934612389334780 fee 10000000000000000, Transfer fee c3cf7a283a4415ce3c41f5374934612389334780 from 10000000000000000 success, Propose 18d48bc062ecab96a6d5b24791b5b41fdb69a12ef76d56f9f842871f92716b7a check YEED_TO_ETHER network 1 transaction a077dd42d4421dca5cb8a7a11aca5b27adaf40be2428f9dc8e42a56abdabeb66 confirm ID 1b1877ab93f8a0301b91c00d0dc582926972a1988c2cec595a3527388ab28ad1, Transfer 1000000000000000000 from 18d48bc062ecab96a6d5b24791b5b41fdb69a12ef76d56f9f842871f92716b7a to 5e032243d507c743b061ef021e2ec7fcc6d3ab89 fee 0, Transfer 5000000000000000 from 18d48bc062ecab96a6d5b24791b5b41fdb69a12ef76d56f9f842871f92716b7a to c3cf7a283a4415ce3c41f5374934612389334780 fee 5000000000000000, Proposal 18d48bc062ecab96a6d5b24791b5b41fdb69a12ef76d56f9f842871f92716b7a DONE, Yeed to Eth Proposal completed successfully]
12:38:16.701 [Test worker] DEBUG io.yggdrash.contract.yeed.YeedContract - Address of Frontier : c91e9d46dd4b7584f0b6348ee18277c10fd7cb94Balance of Frontier : 1000000000000000000000000000
12:38:16.701 [Test worker] DEBUG io.yggdrash.contract.yeed.YeedContract - Address of Frontier : 1a0cdead3d1d1dbeef848fef9053b4f0ae06db9eBalance of Frontier : 1000000000000000000000000000
12:38:16.702 [Test worker] DEBUG io.yggdrash.contract.yeed.YeedContract - Address of Frontier : 5e032243d507c743b061ef021e2ec7fcc6d3ab89Balance of Frontier : 10000000000000000000
12:38:16.702 [Test worker] DEBUG io.yggdrash.contract.yeed.YeedContract - Address of Frontier : cee3d4755e47055b530deeba062c5bd0c17eb00fBalance of Frontier : 998000000000000000000000000000
12:38:16.703 [Test worker] DEBUG io.yggdrash.contract.yeed.YeedContract - Address of Frontier : c3cf7a283a4415ce3c41f5374934612389334780Balance of Frontier : 10000000000000000000000000000000000000000
12:38:16.703 [Test worker] DEBUG io.yggdrash.contract.yeed.YeedContract - Address of Frontier : 4d01e237570022440aa126ca0b63065d7f5fd589Balance of Frontier : 10000000000000000000000000000000000000000
12:38:16.704 [Test worker] DEBUG io.yggdrash.contract.yeed.YeedContract - Propose Id Key : pi-ea79c0652a5c88db8a0f53d37a2944a56ff2eaf4185370191c98313843b35056 
12:38:16.705 [Test worker] DEBUG io.yggdrash.contract.yeed.YeedContract - ProposeId : ea79c0652a5c88db8a0f53d37a2944a56ff2eaf4185370191c98313843b35056 (ProposeKey=pis-ea79c0652a5c88db8a0f53d37a2944a56ff2eaf4185370191c98313843b35056) is ISSUED
12:38:16.705 [Test worker] DEBUG io.yggdrash.contract.yeed.InterChainProcessTest - txLog=[Transfer 11000000000000000 from c3cf7a283a4415ce3c41f5374934612389334780 to ea79c0652a5c88db8a0f53d37a2944a56ff2eaf4185370191c98313843b35056 fee 0, Propose ea79c0652a5c88db8a0f53d37a2944a56ff2eaf4185370191c98313843b35056 ISSUED]
12:38:16.705 [Test worker] DEBUG io.yggdrash.contract.yeed.InterChainProcessTest - Proposal Stake YEED 11000000000000000
12:38:16.706 [Test worker] DEBUG io.yggdrash.contract.yeed.InterChainProcessTest - Issuer Origin YEED 10000000000000000000000000000000000000000
12:38:16.706 [Test worker] DEBUG io.yggdrash.contract.yeed.InterChainProcessTest - Issuer After Proposal Issued YEED 9999999999999999999999989000000000000000
12:38:16.706 [Test worker] DEBUG io.yggdrash.contract.yeed.InterChainProcessTest - Proposal = {"proposeId":"ea79c0652a5c88db8a0f53d37a2944a56ff2eaf4185370191c98313843b35056","transactionId":"0x00","targetAddress":"","receiverAddress":"c3cf7a283a4415ce3c41f5374934612389334780","receiveAsset":10000000,"receiveChainId":1,"networkBlockHeight":10,"proposeType":1,"senderAddress":"c91e9d46dd4b7584f0b6348ee18277c10fd7cb94","inputData":null,"stakeYeed":1000000000000000,"blockHeight":1000000,"fee":10000000000000000,"issuer":"c3cf7a283a4415ce3c41f5374934612389334780","method":"","status":"ISSUED"}
12:38:16.707 [Test worker] DEBUG io.yggdrash.contract.yeed.YeedContract - ProposeId : ea79c0652a5c88db8a0f53d37a2944a56ff2eaf4185370191c98313843b35056 (ProposeKey=pis-ea79c0652a5c88db8a0f53d37a2944a56ff2eaf4185370191c98313843b35056) is CLOSED
12:38:16.708 [Test worker] DEBUG io.yggdrash.contract.yeed.YeedContract - Address of Frontier : c91e9d46dd4b7584f0b6348ee18277c10fd7cb94Balance of Frontier : 1000000000000000000000000000
12:38:16.709 [Test worker] DEBUG io.yggdrash.contract.yeed.YeedContract - Address of Frontier : 1a0cdead3d1d1dbeef848fef9053b4f0ae06db9eBalance of Frontier : 1000000000000000000000000000
12:38:16.709 [Test worker] DEBUG io.yggdrash.contract.yeed.YeedContract - Address of Frontier : 5e032243d507c743b061ef021e2ec7fcc6d3ab89Balance of Frontier : 10000000000000000000
12:38:16.710 [Test worker] DEBUG io.yggdrash.contract.yeed.YeedContract - Address of Frontier : cee3d4755e47055b530deeba062c5bd0c17eb00fBalance of Frontier : 998000000000000000000000000000
12:38:16.710 [Test worker] DEBUG io.yggdrash.contract.yeed.YeedContract - Address of Frontier : c3cf7a283a4415ce3c41f5374934612389334780Balance of Frontier : 10000000000000000000000000000000000000000
12:38:16.711 [Test worker] DEBUG io.yggdrash.contract.yeed.YeedContract - Address of Frontier : 4d01e237570022440aa126ca0b63065d7f5fd589Balance of Frontier : 10000000000000000000000000000000000000000
12:38:16.851 [Test worker] DEBUG io.yggdrash.contract.yeed.YeedContract - Propose Id Key : pi-9b2cb3def8a459cbb8b71dfc9669c037f291b71bfea8e3c1522c4e10bb33cd3f 
12:38:16.852 [Test worker] DEBUG io.yggdrash.contract.yeed.YeedContract - ProposeId : 9b2cb3def8a459cbb8b71dfc9669c037f291b71bfea8e3c1522c4e10bb33cd3f (ProposeKey=pis-9b2cb3def8a459cbb8b71dfc9669c037f291b71bfea8e3c1522c4e10bb33cd3f) is ISSUED
12:38:16.868 [Test worker] DEBUG io.yggdrash.contract.yeed.InterChainProcessTest - Propose Stake YEED : 1100000000000000000
12:38:16.872 [Test worker] DEBUG io.yggdrash.contract.yeed.YeedContract - Ratio : 1
12:38:16.872 [Test worker] DEBUG io.yggdrash.contract.yeed.YeedContract - transferYeed : 500000000000000000
12:38:16.872 [Test worker] DEBUG io.yggdrash.contract.yeed.YeedContract - Confirm Id : ae74a85681a4e3dadb631de46fb4162043a24e7034ae85d7dcd07c3406846d05
12:38:16.873 [Test worker] DEBUG io.yggdrash.contract.yeed.YeedContract - ProposeId : 9b2cb3def8a459cbb8b71dfc9669c037f291b71bfea8e3c1522c4e10bb33cd3f (ProposeKey=pis-9b2cb3def8a459cbb8b71dfc9669c037f291b71bfea8e3c1522c4e10bb33cd3f) is PROCESSING
12:38:16.873 [Test worker] DEBUG io.yggdrash.contract.yeed.InterChainProcessTest - Propose Stake YEED : 1100000000000000000
12:38:16.877 [Test worker] DEBUG io.yggdrash.contract.yeed.YeedContract - Ratio : 1
12:38:16.877 [Test worker] DEBUG io.yggdrash.contract.yeed.YeedContract - transferYeed : 500000000000000000
12:38:16.877 [Test worker] DEBUG io.yggdrash.contract.yeed.YeedContract - Confirm Id : 2acb2f5efbeb9a0779df481324ba6084f39cc91b2c5a3d7099ac320d504fe709
12:38:16.878 [Test worker] DEBUG io.yggdrash.contract.yeed.YeedContract - ProposeId : 9b2cb3def8a459cbb8b71dfc9669c037f291b71bfea8e3c1522c4e10bb33cd3f (ProposeKey=pis-9b2cb3def8a459cbb8b71dfc9669c037f291b71bfea8e3c1522c4e10bb33cd3f) is PROCESSING
12:38:16.882 [Test worker] DEBUG io.yggdrash.contract.yeed.YeedContract - TxConfirm ProposeId :  9b2cb3def8a459cbb8b71dfc9669c037f291b71bfea8e3c1522c4e10bb33cd3f
12:38:16.882 [Test worker] DEBUG io.yggdrash.contract.yeed.YeedContract - TxConfirm Status : VALIDATE_REQUIRE
12:38:16.882 [Test worker] DEBUG io.yggdrash.contract.yeed.YeedContract - Propose require block height : 100000 
12:38:16.882 [Test worker] DEBUG io.yggdrash.contract.yeed.YeedContract - TxConfirm block height : 100010 
12:38:16.882 [Test worker] DEBUG io.yggdrash.contract.yeed.YeedContract - CheckBlockHeight : true
12:38:16.883 [Test worker] DEBUG io.yggdrash.contract.yeed.YeedContract - Stake YEED 1000000000000000000
12:38:16.883 [Test worker] DEBUG io.yggdrash.contract.yeed.YeedContract - TransferYeed YEED 500000000000000000
12:38:16.883 [Test worker] DEBUG io.yggdrash.contract.yeed.YeedContract - PI Fee 100000000000000000
12:38:16.883 [Test worker] DEBUG io.yggdrash.contract.yeed.InterChainProcessTest - Remain Stake YEED : 600000000000000000 
12:38:16.884 [Test worker] DEBUG io.yggdrash.contract.yeed.YeedContract - TxConfirm ProposeId :  9b2cb3def8a459cbb8b71dfc9669c037f291b71bfea8e3c1522c4e10bb33cd3f
12:38:16.884 [Test worker] DEBUG io.yggdrash.contract.yeed.YeedContract - TxConfirm Status : VALIDATE_REQUIRE
12:38:16.884 [Test worker] DEBUG io.yggdrash.contract.yeed.YeedContract - Propose require block height : 100000 
12:38:16.884 [Test worker] DEBUG io.yggdrash.contract.yeed.YeedContract - TxConfirm block height : 100010 
12:38:16.885 [Test worker] DEBUG io.yggdrash.contract.yeed.YeedContract - CheckBlockHeight : true
12:38:16.885 [Test worker] DEBUG io.yggdrash.contract.yeed.YeedContract - Stake YEED 500000000000000000
12:38:16.885 [Test worker] DEBUG io.yggdrash.contract.yeed.YeedContract - TransferYeed YEED 500000000000000000
12:38:16.885 [Test worker] DEBUG io.yggdrash.contract.yeed.YeedContract - PI Fee 100000000000000000
12:38:16.886 [Test worker] DEBUG io.yggdrash.contract.yeed.YeedContract - ProposeId : 9b2cb3def8a459cbb8b71dfc9669c037f291b71bfea8e3c1522c4e10bb33cd3f (ProposeKey=pis-9b2cb3def8a459cbb8b71dfc9669c037f291b71bfea8e3c1522c4e10bb33cd3f) is DONE
12:38:16.887 [Test worker] DEBUG io.yggdrash.contract.yeed.YeedContract - Address of Frontier : c91e9d46dd4b7584f0b6348ee18277c10fd7cb94Balance of Frontier : 1000000000000000000000000000
12:38:16.887 [Test worker] DEBUG io.yggdrash.contract.yeed.YeedContract - Address of Frontier : 1a0cdead3d1d1dbeef848fef9053b4f0ae06db9eBalance of Frontier : 1000000000000000000000000000
12:38:16.888 [Test worker] DEBUG io.yggdrash.contract.yeed.YeedContract - Address of Frontier : 5e032243d507c743b061ef021e2ec7fcc6d3ab89Balance of Frontier : 10000000000000000000
12:38:16.888 [Test worker] DEBUG io.yggdrash.contract.yeed.YeedContract - Address of Frontier : cee3d4755e47055b530deeba062c5bd0c17eb00fBalance of Frontier : 998000000000000000000000000000
12:38:16.889 [Test worker] DEBUG io.yggdrash.contract.yeed.YeedContract - Address of Frontier : c3cf7a283a4415ce3c41f5374934612389334780Balance of Frontier : 10000000000000000000000000000000000000000
12:38:16.889 [Test worker] DEBUG io.yggdrash.contract.yeed.YeedContract - Address of Frontier : 4d01e237570022440aa126ca0b63065d7f5fd589Balance of Frontier : 10000000000000000000000000000000000000000
12:38:16.894 [Test worker] DEBUG io.yggdrash.contract.yeed.YeedContract - Propose Id Key : pi-45ba54d414fd660ccfa0fc59eb344a1396e19f1e7785647a3c68bd677d5efac4 
12:38:16.894 [Test worker] DEBUG io.yggdrash.contract.yeed.YeedContract - ProposeId : 45ba54d414fd660ccfa0fc59eb344a1396e19f1e7785647a3c68bd677d5efac4 (ProposeKey=pis-45ba54d414fd660ccfa0fc59eb344a1396e19f1e7785647a3c68bd677d5efac4) is ISSUED
12:38:16.904 [Test worker] DEBUG io.yggdrash.contract.yeed.YeedContract - Ratio : 1
12:38:16.904 [Test worker] DEBUG io.yggdrash.contract.yeed.YeedContract - transferYeed : 500000000000000000
12:38:16.904 [Test worker] DEBUG io.yggdrash.contract.yeed.YeedContract - Confirm Id : 1d721917f66b9f1764eae4b2eedd8087475ee4f638481edd638cdb0ea511b49c
12:38:16.905 [Test worker] DEBUG io.yggdrash.contract.yeed.YeedContract - ProposeId : 45ba54d414fd660ccfa0fc59eb344a1396e19f1e7785647a3c68bd677d5efac4 (ProposeKey=pis-45ba54d414fd660ccfa0fc59eb344a1396e19f1e7785647a3c68bd677d5efac4) is PROCESSING
12:38:16.905 [Test worker] DEBUG io.yggdrash.contract.yeed.InterChainProcessTest - txLog=[Transfer 0 from d2d3b8ec31ffce3c092122e53152482fc75f6546 to d2d3b8ec31ffce3c092122e53152482fc75f6546 fee 100000000000000000, Transfer fee d2d3b8ec31ffce3c092122e53152482fc75f6546 from 100000000000000000 success, Propose 45ba54d414fd660ccfa0fc59eb344a1396e19f1e7785647a3c68bd677d5efac4 check YEED_TO_ETHER network 1 transaction d9fa10d6347092b8bdb76e727d852992c6edd0aa7ce653ff98c15cbed684d2ea confirm ID 1d721917f66b9f1764eae4b2eedd8087475ee4f638481edd638cdb0ea511b49c, Propose 45ba54d414fd660ccfa0fc59eb344a1396e19f1e7785647a3c68bd677d5efac4 PROCESSING, Yeed to Eth Proposal completed successfully]
12:38:16.910 [Test worker] DEBUG io.yggdrash.contract.yeed.YeedContract - Ratio : 1
12:38:16.910 [Test worker] DEBUG io.yggdrash.contract.yeed.YeedContract - transferYeed : 500000000000000000
12:38:16.910 [Test worker] DEBUG io.yggdrash.contract.yeed.YeedContract - Confirm Id : 1d721917f66b9f1764eae4b2eedd8087475ee4f638481edd638cdb0ea511b49c
12:38:16.910 [Test worker] DEBUG io.yggdrash.contract.yeed.YeedContract - ProcessPropose Exception : Propose Confirm Duplicate
12:38:16.910 [Test worker] DEBUG io.yggdrash.contract.yeed.InterChainProcessTest - txLog=[Transfer 0 from d2d3b8ec31ffce3c092122e53152482fc75f6546 to d2d3b8ec31ffce3c092122e53152482fc75f6546 fee 100000000000000000, Transfer fee d2d3b8ec31ffce3c092122e53152482fc75f6546 from 100000000000000000 success, Propose 45ba54d414fd660ccfa0fc59eb344a1396e19f1e7785647a3c68bd677d5efac4 check YEED_TO_ETHER network 1 transaction d9fa10d6347092b8bdb76e727d852992c6edd0aa7ce653ff98c15cbed684d2ea confirm ID 1d721917f66b9f1764eae4b2eedd8087475ee4f638481edd638cdb0ea511b49c, Propose 45ba54d414fd660ccfa0fc59eb344a1396e19f1e7785647a3c68bd677d5efac4 PROCESSING, Yeed to Eth Proposal completed successfully, Transfer 0 from d2d3b8ec31ffce3c092122e53152482fc75f6546 to d2d3b8ec31ffce3c092122e53152482fc75f6546 fee 100000000000000000, Transfer fee d2d3b8ec31ffce3c092122e53152482fc75f6546 from 100000000000000000 success, Propose 45ba54d414fd660ccfa0fc59eb344a1396e19f1e7785647a3c68bd677d5efac4 transaction 1d721917f66b9f1764eae4b2eedd8087475ee4f638481edd638cdb0ea511b49c exist, Propose Confirm Duplicate]
12:38:16.911 [Test worker] DEBUG io.yggdrash.contract.yeed.YeedContract - Address of Frontier : c91e9d46dd4b7584f0b6348ee18277c10fd7cb94Balance of Frontier : 1000000000000000000000000000
12:38:16.912 [Test worker] DEBUG io.yggdrash.contract.yeed.YeedContract - Address of Frontier : 1a0cdead3d1d1dbeef848fef9053b4f0ae06db9eBalance of Frontier : 1000000000000000000000000000
12:38:16.912 [Test worker] DEBUG io.yggdrash.contract.yeed.YeedContract - Address of Frontier : 5e032243d507c743b061ef021e2ec7fcc6d3ab89Balance of Frontier : 10000000000000000000
12:38:16.912 [Test worker] DEBUG io.yggdrash.contract.yeed.YeedContract - Address of Frontier : cee3d4755e47055b530deeba062c5bd0c17eb00fBalance of Frontier : 998000000000000000000000000000
12:38:16.912 [Test worker] DEBUG io.yggdrash.contract.yeed.YeedContract - Address of Frontier : c3cf7a283a4415ce3c41f5374934612389334780Balance of Frontier : 10000000000000000000000000000000000000000
12:38:16.913 [Test worker] DEBUG io.yggdrash.contract.yeed.YeedContract - Address of Frontier : 4d01e237570022440aa126ca0b63065d7f5fd589Balance of Frontier : 10000000000000000000000000000000000000000
12:38:16.914 [Test worker] DEBUG io.yggdrash.contract.yeed.YeedContract - Propose Id Key : pi-08be4612a8983ab68b6cd8155564438a25658f5849df0b394aa3badb188a8465 
12:38:16.917 [Test worker] DEBUG io.yggdrash.contract.yeed.YeedContract - ProposeId : 08be4612a8983ab68b6cd8155564438a25658f5849df0b394aa3badb188a8465 (ProposeKey=pis-08be4612a8983ab68b6cd8155564438a25658f5849df0b394aa3badb188a8465) is ISSUED
12:38:16.917 [Test worker] DEBUG io.yggdrash.contract.yeed.InterChainProcessTest - Propose ID : 08be4612a8983ab68b6cd8155564438a25658f5849df0b394aa3badb188a8465 
12:38:16.918 [Test worker] DEBUG io.yggdrash.contract.yeed.InterChainProcessTest - {"proposeId":"08be4612a8983ab68b6cd8155564438a25658f5849df0b394aa3badb188a8465","transactionId":"0x00","targetAddress":"ca2796f9f61dc7b238aab043971e49c6164df375","receiverAddress":"c3cf7a283a4415ce3c41f5374934612389334780","receiveAsset":100000000000000000000000000,"receiveChainId":1,"networkBlockHeight":100000,"proposeType":3,"senderAddress":"","inputData":null,"stakeYeed":100000000000000000000000000,"blockHeight":1000,"fee":100000000000000000,"issuer":"c3cf7a283a4415ce3c41f5374934612389334780","method":"a9059cbb","status":"ISSUED"}
12:38:16.929 [Test worker] DEBUG io.yggdrash.contract.yeed.ehtereum.EthTokenTransaction - is EthTokenTransaction  : 0
12:38:16.930 [Test worker] DEBUG io.yggdrash.contract.yeed.ehtereum.EthTokenTransaction - Size : 2
12:38:16.930 [Test worker] DEBUG io.yggdrash.contract.yeed.ehtereum.EthTokenTransaction - POSITION : 4 
12:38:16.930 [Test worker] DEBUG io.yggdrash.contract.yeed.ehtereum.EthTokenTransaction - POSITION : 36 
12:38:16.931 [Test worker] DEBUG io.yggdrash.contract.yeed.YeedContract - Ratio : 1
12:38:16.931 [Test worker] DEBUG io.yggdrash.contract.yeed.YeedContract - transferYeed : 100000000000000000000
12:38:16.931 [Test worker] DEBUG io.yggdrash.contract.yeed.YeedContract - Confirm Id : 864401d3c210f0ed478267be45405d98dd14486f8b71e244534ed54a431faad2
12:38:16.931 [Test worker] DEBUG io.yggdrash.contract.yeed.YeedContract - ProposeId : 08be4612a8983ab68b6cd8155564438a25658f5849df0b394aa3badb188a8465 (ProposeKey=pis-08be4612a8983ab68b6cd8155564438a25658f5849df0b394aa3badb188a8465) is PROCESSING
12:38:16.932 [Test worker] DEBUG io.yggdrash.contract.yeed.YeedContract - TxConfirm ProposeId :  08be4612a8983ab68b6cd8155564438a25658f5849df0b394aa3badb188a8465
12:38:16.932 [Test worker] DEBUG io.yggdrash.contract.yeed.YeedContract - TxConfirm Status : VALIDATE_REQUIRE
12:38:16.932 [Test worker] DEBUG io.yggdrash.contract.yeed.YeedContract - Propose require block height : 100000 
12:38:16.932 [Test worker] DEBUG io.yggdrash.contract.yeed.YeedContract - TxConfirm block height : 100010 
12:38:16.932 [Test worker] DEBUG io.yggdrash.contract.yeed.YeedContract - CheckBlockHeight : true
12:38:16.932 [Test worker] DEBUG io.yggdrash.contract.yeed.YeedContract - Stake YEED 100000000000000000000000000
12:38:16.932 [Test worker] DEBUG io.yggdrash.contract.yeed.YeedContract - TransferYeed YEED 100000000000000000000
12:38:16.933 [Test worker] DEBUG io.yggdrash.contract.yeed.YeedContract - PI Fee 100000000000000000
12:38:16.934 [Test worker] DEBUG io.yggdrash.contract.yeed.YeedContract - Address of Frontier : c91e9d46dd4b7584f0b6348ee18277c10fd7cb94Balance of Frontier : 1000000000000000000000000000
12:38:16.934 [Test worker] DEBUG io.yggdrash.contract.yeed.YeedContract - Address of Frontier : 1a0cdead3d1d1dbeef848fef9053b4f0ae06db9eBalance of Frontier : 1000000000000000000000000000
12:38:16.935 [Test worker] DEBUG io.yggdrash.contract.yeed.YeedContract - Address of Frontier : 5e032243d507c743b061ef021e2ec7fcc6d3ab89Balance of Frontier : 10000000000000000000
12:38:16.935 [Test worker] DEBUG io.yggdrash.contract.yeed.YeedContract - Address of Frontier : cee3d4755e47055b530deeba062c5bd0c17eb00fBalance of Frontier : 998000000000000000000000000000
12:38:16.935 [Test worker] DEBUG io.yggdrash.contract.yeed.YeedContract - Address of Frontier : c3cf7a283a4415ce3c41f5374934612389334780Balance of Frontier : 10000000000000000000000000000000000000000
12:38:16.935 [Test worker] DEBUG io.yggdrash.contract.yeed.YeedContract - Address of Frontier : 4d01e237570022440aa126ca0b63065d7f5fd589Balance of Frontier : 10000000000000000000000000000000000000000
12:38:16.938 [Test worker] DEBUG io.yggdrash.contract.yeed.YeedContract - Propose Id Key : pi-d1fd836073238f054d4f2970b253ab0067a6cf851344d096c5ccdd2097c42bbe 
12:38:16.938 [Test worker] DEBUG io.yggdrash.contract.yeed.YeedContract - ProposeId : d1fd836073238f054d4f2970b253ab0067a6cf851344d096c5ccdd2097c42bbe (ProposeKey=pis-d1fd836073238f054d4f2970b253ab0067a6cf851344d096c5ccdd2097c42bbe) is ISSUED
12:38:16.946 [Test worker] DEBUG io.yggdrash.contract.yeed.YeedContract - Ratio : 1
12:38:16.946 [Test worker] DEBUG io.yggdrash.contract.yeed.YeedContract - transferYeed : 1000000000000000000
12:38:16.946 [Test worker] DEBUG io.yggdrash.contract.yeed.YeedContract - Confirm Id : de12b898f58e64e36164ae85914d295ea75ab1108893cd8df3f587b1971a6729
12:38:16.946 [Test worker] DEBUG io.yggdrash.contract.yeed.YeedContract - ProposeId : d1fd836073238f054d4f2970b253ab0067a6cf851344d096c5ccdd2097c42bbe (ProposeKey=pis-d1fd836073238f054d4f2970b253ab0067a6cf851344d096c5ccdd2097c42bbe) is PROCESSING
12:38:16.947 [Test worker] DEBUG io.yggdrash.contract.yeed.YeedContract - TxConfirm ProposeId :  d1fd836073238f054d4f2970b253ab0067a6cf851344d096c5ccdd2097c42bbe
12:38:16.947 [Test worker] DEBUG io.yggdrash.contract.yeed.YeedContract - TxConfirm Status : VALIDATE_REQUIRE
12:38:16.947 [Test worker] DEBUG io.yggdrash.contract.yeed.YeedContract - Propose require block height : 100000 
12:38:16.947 [Test worker] DEBUG io.yggdrash.contract.yeed.YeedContract - TxConfirm block height : 100010 
12:38:16.947 [Test worker] DEBUG io.yggdrash.contract.yeed.YeedContract - CheckBlockHeight : true
12:38:16.948 [Test worker] DEBUG io.yggdrash.contract.yeed.YeedContract - Stake YEED 1000000000000000000
12:38:16.948 [Test worker] DEBUG io.yggdrash.contract.yeed.YeedContract - TransferYeed YEED 1000000000000000000
12:38:16.948 [Test worker] DEBUG io.yggdrash.contract.yeed.YeedContract - PI Fee 100000000000000000
12:38:16.948 [Test worker] DEBUG io.yggdrash.contract.yeed.YeedContract - ProposeId : d1fd836073238f054d4f2970b253ab0067a6cf851344d096c5ccdd2097c42bbe (ProposeKey=pis-d1fd836073238f054d4f2970b253ab0067a6cf851344d096c5ccdd2097c42bbe) is DONE
12:38:16.949 [Test worker] DEBUG io.yggdrash.contract.yeed.YeedContract - Address of Frontier : c91e9d46dd4b7584f0b6348ee18277c10fd7cb94Balance of Frontier : 1000000000000000000000000000
12:38:16.949 [Test worker] DEBUG io.yggdrash.contract.yeed.YeedContract - Address of Frontier : 1a0cdead3d1d1dbeef848fef9053b4f0ae06db9eBalance of Frontier : 1000000000000000000000000000
12:38:16.950 [Test worker] DEBUG io.yggdrash.contract.yeed.YeedContract - Address of Frontier : 5e032243d507c743b061ef021e2ec7fcc6d3ab89Balance of Frontier : 10000000000000000000
12:38:16.950 [Test worker] DEBUG io.yggdrash.contract.yeed.YeedContract - Address of Frontier : cee3d4755e47055b530deeba062c5bd0c17eb00fBalance of Frontier : 998000000000000000000000000000
12:38:16.950 [Test worker] DEBUG io.yggdrash.contract.yeed.YeedContract - Address of Frontier : c3cf7a283a4415ce3c41f5374934612389334780Balance of Frontier : 10000000000000000000000000000000000000000
12:38:16.950 [Test worker] DEBUG io.yggdrash.contract.yeed.YeedContract - Address of Frontier : 4d01e237570022440aa126ca0b63065d7f5fd589Balance of Frontier : 10000000000000000000000000000000000000000
12:38:16.953 [Test worker] DEBUG io.yggdrash.contract.yeed.YeedContract - Propose Id Key : pi-263c1c604bc7e2f61050de88a297cb120149a8b117cdac329c96626e3920d24e 
12:38:16.953 [Test worker] DEBUG io.yggdrash.contract.yeed.YeedContract - ProposeId : 263c1c604bc7e2f61050de88a297cb120149a8b117cdac329c96626e3920d24e (ProposeKey=pis-263c1c604bc7e2f61050de88a297cb120149a8b117cdac329c96626e3920d24e) is ISSUED
12:38:16.960 [Test worker] DEBUG io.yggdrash.contract.yeed.InterChainProcessTest - 06f05b59d3b20000
12:38:16.963 [Test worker] ERROR io.yggdrash.contract.yeed.YeedContract - [Yeed -> Eth] Error Code
12:38:16.964 [Test worker] DEBUG io.yggdrash.contract.yeed.InterChainProcessTest - txLog=[Transfer 0 from 523afd27a107e5b5c81ea3a36510fe3ec2c74544 to 523afd27a107e5b5c81ea3a36510fe3ec2c74544 fee 100000000000000000, Transfer fee 523afd27a107e5b5c81ea3a36510fe3ec2c74544 from 100000000000000000 success, Sender Address is Invalid]
12:38:16.965 [Test worker] DEBUG io.yggdrash.contract.yeed.YeedContract - Address of Frontier : c91e9d46dd4b7584f0b6348ee18277c10fd7cb94Balance of Frontier : 1000000000000000000000000000
12:38:16.965 [Test worker] DEBUG io.yggdrash.contract.yeed.YeedContract - Address of Frontier : 1a0cdead3d1d1dbeef848fef9053b4f0ae06db9eBalance of Frontier : 1000000000000000000000000000
12:38:16.965 [Test worker] DEBUG io.yggdrash.contract.yeed.YeedContract - Address of Frontier : 5e032243d507c743b061ef021e2ec7fcc6d3ab89Balance of Frontier : 10000000000000000000
12:38:16.966 [Test worker] DEBUG io.yggdrash.contract.yeed.YeedContract - Address of Frontier : cee3d4755e47055b530deeba062c5bd0c17eb00fBalance of Frontier : 998000000000000000000000000000
12:38:16.966 [Test worker] DEBUG io.yggdrash.contract.yeed.YeedContract - Address of Frontier : c3cf7a283a4415ce3c41f5374934612389334780Balance of Frontier : 10000000000000000000000000000000000000000
12:38:16.966 [Test worker] DEBUG io.yggdrash.contract.yeed.YeedContract - Address of Frontier : 4d01e237570022440aa126ca0b63065d7f5fd589Balance of Frontier : 10000000000000000000000000000000000000000
12:38:16.967 [Test worker] DEBUG io.yggdrash.contract.yeed.YeedContract - Address of Frontier : c91e9d46dd4b7584f0b6348ee18277c10fd7cb94Balance of Frontier : 1000000000000000000000000000
12:38:16.967 [Test worker] DEBUG io.yggdrash.contract.yeed.YeedContract - Address of Frontier : 1a0cdead3d1d1dbeef848fef9053b4f0ae06db9eBalance of Frontier : 1000000000000000000000000000
12:38:16.967 [Test worker] DEBUG io.yggdrash.contract.yeed.YeedContract - Address of Frontier : 5e032243d507c743b061ef021e2ec7fcc6d3ab89Balance of Frontier : 10000000000000000000
12:38:16.967 [Test worker] DEBUG io.yggdrash.contract.yeed.YeedContract - Address of Frontier : cee3d4755e47055b530deeba062c5bd0c17eb00fBalance of Frontier : 998000000000000000000000000000
12:38:16.968 [Test worker] DEBUG io.yggdrash.contract.yeed.YeedContract - Address of Frontier : c3cf7a283a4415ce3c41f5374934612389334780Balance of Frontier : 10000000000000000000000000000000000000000
12:38:16.968 [Test worker] DEBUG io.yggdrash.contract.yeed.YeedContract - Address of Frontier : 4d01e237570022440aa126ca0b63065d7f5fd589Balance of Frontier : 10000000000000000000000000000000000000000
12:38:16.968 [Test worker] DEBUG io.yggdrash.contract.yeed.YeedContract - Propose Id Key : pi-ea79c0652a5c88db8a0f53d37a2944a56ff2eaf4185370191c98313843b35056 
12:38:16.969 [Test worker] DEBUG io.yggdrash.contract.yeed.YeedContract - ProposeId : ea79c0652a5c88db8a0f53d37a2944a56ff2eaf4185370191c98313843b35056 (ProposeKey=pis-ea79c0652a5c88db8a0f53d37a2944a56ff2eaf4185370191c98313843b35056) is ISSUED
12:38:16.969 [Test worker] DEBUG io.yggdrash.contract.yeed.InterChainProcessTest - txLog=[Transfer 11000000000000000 from c3cf7a283a4415ce3c41f5374934612389334780 to ea79c0652a5c88db8a0f53d37a2944a56ff2eaf4185370191c98313843b35056 fee 0, Propose ea79c0652a5c88db8a0f53d37a2944a56ff2eaf4185370191c98313843b35056 ISSUED]
12:38:16.969 [Test worker] DEBUG io.yggdrash.contract.yeed.InterChainProcessTest - Proposal Stake YEED 11000000000000000
12:38:16.969 [Test worker] DEBUG io.yggdrash.contract.yeed.InterChainProcessTest - Issuer Origin YEED 10000000000000000000000000000000000000000
12:38:16.969 [Test worker] DEBUG io.yggdrash.contract.yeed.InterChainProcessTest - Issuer After Proposal Issued YEED 9999999999999999999999989000000000000000
12:38:16.970 [Test worker] DEBUG io.yggdrash.contract.yeed.InterChainProcessTest - Proposal = {"proposeId":"ea79c0652a5c88db8a0f53d37a2944a56ff2eaf4185370191c98313843b35056","transactionId":"0x00","targetAddress":"","receiverAddress":"c3cf7a283a4415ce3c41f5374934612389334780","receiveAsset":10000000,"receiveChainId":1,"networkBlockHeight":10,"proposeType":1,"senderAddress":"c91e9d46dd4b7584f0b6348ee18277c10fd7cb94","inputData":null,"stakeYeed":1000000000000000,"blockHeight":1000000,"fee":10000000000000000,"issuer":"c3cf7a283a4415ce3c41f5374934612389334780","method":"","status":"ISSUED"}
12:38:16.970 [Test worker] DEBUG io.yggdrash.contract.yeed.YeedContract - Address of Frontier : c91e9d46dd4b7584f0b6348ee18277c10fd7cb94Balance of Frontier : 1000000000000000000000000000
12:38:16.970 [Test worker] DEBUG io.yggdrash.contract.yeed.YeedContract - Address of Frontier : 1a0cdead3d1d1dbeef848fef9053b4f0ae06db9eBalance of Frontier : 1000000000000000000000000000
12:38:16.971 [Test worker] DEBUG io.yggdrash.contract.yeed.YeedContract - Address of Frontier : 5e032243d507c743b061ef021e2ec7fcc6d3ab89Balance of Frontier : 10000000000000000000
12:38:16.971 [Test worker] DEBUG io.yggdrash.contract.yeed.YeedContract - Address of Frontier : cee3d4755e47055b530deeba062c5bd0c17eb00fBalance of Frontier : 998000000000000000000000000000
12:38:16.971 [Test worker] DEBUG io.yggdrash.contract.yeed.YeedContract - Address of Frontier : c3cf7a283a4415ce3c41f5374934612389334780Balance of Frontier : 10000000000000000000000000000000000000000
12:38:16.971 [Test worker] DEBUG io.yggdrash.contract.yeed.YeedContract - Address of Frontier : 4d01e237570022440aa126ca0b63065d7f5fd589Balance of Frontier : 10000000000000000000000000000000000000000
12:38:16.971 [Test worker] DEBUG io.yggdrash.contract.yeed.InterChainProcessTest - issuerOriginBalance  : 10000000000000000000000000000000000000000 
12:38:16.972 [Test worker] DEBUG io.yggdrash.contract.yeed.YeedContract - Propose Id Key : pi-ceaf3d566d61726e7e6f3d14553665b1e3387ba093911a043c35097a81c218ee 
12:38:16.972 [Test worker] DEBUG io.yggdrash.contract.yeed.YeedContract - ProposeId : ceaf3d566d61726e7e6f3d14553665b1e3387ba093911a043c35097a81c218ee (ProposeKey=pis-ceaf3d566d61726e7e6f3d14553665b1e3387ba093911a043c35097a81c218ee) is ISSUED
12:38:16.972 [Test worker] DEBUG io.yggdrash.contract.yeed.InterChainProcessTest - Log 1 : Propose ceaf3d566d61726e7e6f3d14553665b1e3387ba093911a043c35097a81c218ee ISSUED 
12:38:16.973 [Test worker] DEBUG io.yggdrash.contract.yeed.InterChainProcessTest - ProposeId=ceaf3d566d61726e7e6f3d14553665b1e3387ba093911a043c35097a81c218ee
12:38:16.973 [Test worker] DEBUG io.yggdrash.contract.yeed.InterChainProcessTest - Proposal={"receiverAddress":"ad8992d6f78d9cc597438efbccd8940d7c02bc6d","receiveAsset":11000000000000000000,"receiveChainId":1,"networkBlockHeight":10,"proposeType":1,"senderAddress":"dcf94a3153398b9e78a3202ffb7d0c606348f616","inputData":null,"stakeYeed":1000000000000000000,"blockHeight":1000000,"fee":10000000000000000,"transactionId":"0x02","issuer":"c3cf7a283a4415ce3c41f5374934612389334780"}
12:38:16.975 [Test worker] DEBUG io.yggdrash.contract.yeed.InterChainProcessTest - Sender : d21629411073b5ac9e8896f980a2fd066cbea7e6 
12:38:16.975 [Test worker] DEBUG io.yggdrash.contract.yeed.InterChainProcessTest - Receiver : 735c4b587ae018c4733df6a8ef59711d15f551b4
12:38:16.975 [Test worker] DEBUG io.yggdrash.contract.yeed.InterChainProcessTest - 1000000000000000000 WEI
12:38:16.979 [Test worker] ERROR io.yggdrash.contract.yeed.YeedContract - [Yeed -> Eth] Error Code
12:38:16.980 [Test worker] DEBUG io.yggdrash.contract.yeed.InterChainProcessTest - Transfer 0 from c3cf7a283a4415ce3c41f5374934612389334780 to c3cf7a283a4415ce3c41f5374934612389334780 fee 10000000000000000
12:38:16.980 [Test worker] DEBUG io.yggdrash.contract.yeed.InterChainProcessTest - Transfer fee c3cf7a283a4415ce3c41f5374934612389334780 from 10000000000000000 success
12:38:16.980 [Test worker] DEBUG io.yggdrash.contract.yeed.InterChainProcessTest - Receiver Address is Invalid
12:38:16.980 [Test worker] DEBUG io.yggdrash.contract.yeed.InterChainProcessTest - Sender Address is Invalid
12:38:16.981 [Test worker] DEBUG io.yggdrash.contract.yeed.YeedContract - Address of Frontier : c91e9d46dd4b7584f0b6348ee18277c10fd7cb94Balance of Frontier : 1000000000000000000000000000
12:38:16.981 [Test worker] DEBUG io.yggdrash.contract.yeed.YeedContract - Address of Frontier : 1a0cdead3d1d1dbeef848fef9053b4f0ae06db9eBalance of Frontier : 1000000000000000000000000000
12:38:16.981 [Test worker] DEBUG io.yggdrash.contract.yeed.YeedContract - Address of Frontier : 5e032243d507c743b061ef021e2ec7fcc6d3ab89Balance of Frontier : 10000000000000000000
12:38:16.981 [Test worker] DEBUG io.yggdrash.contract.yeed.YeedContract - Address of Frontier : cee3d4755e47055b530deeba062c5bd0c17eb00fBalance of Frontier : 998000000000000000000000000000
12:38:16.982 [Test worker] DEBUG io.yggdrash.contract.yeed.YeedContract - Address of Frontier : c3cf7a283a4415ce3c41f5374934612389334780Balance of Frontier : 10000000000000000000000000000000000000000
12:38:16.982 [Test worker] DEBUG io.yggdrash.contract.yeed.YeedContract - Address of Frontier : 4d01e237570022440aa126ca0b63065d7f5fd589Balance of Frontier : 10000000000000000000000000000000000000000
12:38:16.982 [Test worker] DEBUG io.yggdrash.contract.yeed.YeedContract - Propose Id Key : pi-ea79c0652a5c88db8a0f53d37a2944a56ff2eaf4185370191c98313843b35056 
12:38:16.982 [Test worker] DEBUG io.yggdrash.contract.yeed.YeedContract - ProposeId : ea79c0652a5c88db8a0f53d37a2944a56ff2eaf4185370191c98313843b35056 (ProposeKey=pis-ea79c0652a5c88db8a0f53d37a2944a56ff2eaf4185370191c98313843b35056) is ISSUED
12:38:16.982 [Test worker] DEBUG io.yggdrash.contract.yeed.InterChainProcessTest - txLog=[Transfer 11000000000000000 from c3cf7a283a4415ce3c41f5374934612389334780 to ea79c0652a5c88db8a0f53d37a2944a56ff2eaf4185370191c98313843b35056 fee 0, Propose ea79c0652a5c88db8a0f53d37a2944a56ff2eaf4185370191c98313843b35056 ISSUED]
12:38:16.983 [Test worker] DEBUG io.yggdrash.contract.yeed.InterChainProcessTest - Proposal Stake YEED 11000000000000000
12:38:16.983 [Test worker] DEBUG io.yggdrash.contract.yeed.InterChainProcessTest - Issuer Origin YEED 10000000000000000000000000000000000000000
12:38:16.983 [Test worker] DEBUG io.yggdrash.contract.yeed.InterChainProcessTest - Issuer After Proposal Issued YEED 9999999999999999999999989000000000000000
12:38:16.983 [Test worker] DEBUG io.yggdrash.contract.yeed.InterChainProcessTest - Proposal = {"proposeId":"ea79c0652a5c88db8a0f53d37a2944a56ff2eaf4185370191c98313843b35056","transactionId":"0x00","targetAddress":"","receiverAddress":"c3cf7a283a4415ce3c41f5374934612389334780","receiveAsset":10000000,"receiveChainId":1,"networkBlockHeight":10,"proposeType":1,"senderAddress":"c91e9d46dd4b7584f0b6348ee18277c10fd7cb94","inputData":null,"stakeYeed":1000000000000000,"blockHeight":1000000,"fee":10000000000000000,"issuer":"c3cf7a283a4415ce3c41f5374934612389334780","method":"","status":"ISSUED"}
12:38:16.984 [Test worker] DEBUG io.yggdrash.contract.yeed.YeedContract - ClosePropose Exception : Transaction issuer is not the proposal issuer
12:38:16.985 [Test worker] DEBUG io.yggdrash.contract.yeed.YeedContract - Address of Frontier : c91e9d46dd4b7584f0b6348ee18277c10fd7cb94Balance of Frontier : 1000000000000000000000000000
12:38:16.985 [Test worker] DEBUG io.yggdrash.contract.yeed.YeedContract - Address of Frontier : 1a0cdead3d1d1dbeef848fef9053b4f0ae06db9eBalance of Frontier : 1000000000000000000000000000
12:38:16.985 [Test worker] DEBUG io.yggdrash.contract.yeed.YeedContract - Address of Frontier : 5e032243d507c743b061ef021e2ec7fcc6d3ab89Balance of Frontier : 10000000000000000000
12:38:16.986 [Test worker] DEBUG io.yggdrash.contract.yeed.YeedContract - Address of Frontier : cee3d4755e47055b530deeba062c5bd0c17eb00fBalance of Frontier : 998000000000000000000000000000
12:38:16.986 [Test worker] DEBUG io.yggdrash.contract.yeed.YeedContract - Address of Frontier : c3cf7a283a4415ce3c41f5374934612389334780Balance of Frontier : 10000000000000000000000000000000000000000
12:38:16.986 [Test worker] DEBUG io.yggdrash.contract.yeed.YeedContract - Address of Frontier : 4d01e237570022440aa126ca0b63065d7f5fd589Balance of Frontier : 10000000000000000000000000000000000000000
12:38:16.986 [Test worker] DEBUG io.yggdrash.contract.yeed.InterChainProcessTest - issuerOriginBalance : 10000000000000000000000000000000000000000 
12:38:16.986 [Test worker] DEBUG io.yggdrash.contract.yeed.YeedContract - Invalid amount of stakeYeed
12:38:16.986 [Test worker] DEBUG io.yggdrash.contract.yeed.InterChainProcessTest - txLog=[Invalid amount of stakeYeed]
12:38:16.987 [Test worker] DEBUG io.yggdrash.contract.yeed.YeedContract - Low transaction fee
12:38:16.987 [Test worker] DEBUG io.yggdrash.contract.yeed.InterChainProcessTest - txLog=[Invalid amount of stakeYeed, Low transaction fee]
12:38:16.987 [Test worker] DEBUG io.yggdrash.contract.yeed.YeedContract - Propose Id Key : pi-ceaf3d566d61726e7e6f3d14553665b1e3387ba093911a043c35097a81c218ee 
12:38:16.987 [Test worker] DEBUG io.yggdrash.contract.yeed.YeedContract - ProposeId : ceaf3d566d61726e7e6f3d14553665b1e3387ba093911a043c35097a81c218ee (ProposeKey=pis-ceaf3d566d61726e7e6f3d14553665b1e3387ba093911a043c35097a81c218ee) is ISSUED
12:38:16.988 [Test worker] DEBUG io.yggdrash.contract.yeed.YeedContract - Address of Frontier : c91e9d46dd4b7584f0b6348ee18277c10fd7cb94Balance of Frontier : 1000000000000000000000000000
12:38:16.989 [Test worker] DEBUG io.yggdrash.contract.yeed.YeedContract - Address of Frontier : 1a0cdead3d1d1dbeef848fef9053b4f0ae06db9eBalance of Frontier : 1000000000000000000000000000
12:38:16.989 [Test worker] DEBUG io.yggdrash.contract.yeed.YeedContract - Address of Frontier : 5e032243d507c743b061ef021e2ec7fcc6d3ab89Balance of Frontier : 10000000000000000000
12:38:16.989 [Test worker] DEBUG io.yggdrash.contract.yeed.YeedContract - Address of Frontier : cee3d4755e47055b530deeba062c5bd0c17eb00fBalance of Frontier : 998000000000000000000000000000
12:38:16.989 [Test worker] DEBUG io.yggdrash.contract.yeed.YeedContract - Address of Frontier : c3cf7a283a4415ce3c41f5374934612389334780Balance of Frontier : 10000000000000000000000000000000000000000
12:38:16.990 [Test worker] DEBUG io.yggdrash.contract.yeed.YeedContract - Address of Frontier : 4d01e237570022440aa126ca0b63065d7f5fd589Balance of Frontier : 10000000000000000000000000000000000000000
12:38:16.990 [Test worker] DEBUG io.yggdrash.contract.yeed.InterChainProcessTest - issuerOriginBalance : 10000000000000000000000000000000000000000 
12:38:16.990 [Test worker] DEBUG io.yggdrash.contract.yeed.YeedContract - Propose Id Key : pi-18d48bc062ecab96a6d5b24791b5b41fdb69a12ef76d56f9f842871f92716b7a 
12:38:16.990 [Test worker] DEBUG io.yggdrash.contract.yeed.YeedContract - ProposeId : 18d48bc062ecab96a6d5b24791b5b41fdb69a12ef76d56f9f842871f92716b7a (ProposeKey=pis-18d48bc062ecab96a6d5b24791b5b41fdb69a12ef76d56f9f842871f92716b7a) is ISSUED
12:38:16.991 [Test worker] DEBUG io.yggdrash.contract.yeed.InterChainProcessTest - Issuer Balance After Proposal Issued : 9999999999999999999998990000000000000000 
12:38:16.993 [Test worker] DEBUG io.yggdrash.contract.yeed.InterChainProcessTest - Sender : 5e032243d507c743b061ef021e2ec7fcc6d3ab89 
12:38:16.993 [Test worker] DEBUG io.yggdrash.contract.yeed.InterChainProcessTest - Receiver : c3cf7a283a4415ce3c41f5374934612389334780
12:38:16.993 [Test worker] DEBUG io.yggdrash.contract.yeed.InterChainProcessTest - 1000000000000000000 WEI
12:38:16.997 [Test worker] DEBUG io.yggdrash.contract.yeed.YeedContract - Ratio : 1
12:38:16.997 [Test worker] DEBUG io.yggdrash.contract.yeed.YeedContract - transferYeed : 1000000000000000000
12:38:16.997 [Test worker] DEBUG io.yggdrash.contract.yeed.YeedContract - Confirm Id : 1b1877ab93f8a0301b91c00d0dc582926972a1988c2cec595a3527388ab28ad1
12:38:16.997 [Test worker] DEBUG io.yggdrash.contract.yeed.YeedContract - ProposeId : 18d48bc062ecab96a6d5b24791b5b41fdb69a12ef76d56f9f842871f92716b7a (ProposeKey=pis-18d48bc062ecab96a6d5b24791b5b41fdb69a12ef76d56f9f842871f92716b7a) is PROCESSING
12:38:16.997 [Test worker] DEBUG io.yggdrash.contract.yeed.InterChainProcessTest - txLog=[Transfer 0 from 5e032243d507c743b061ef021e2ec7fcc6d3ab89 to 5e032243d507c743b061ef021e2ec7fcc6d3ab89 fee 10000000000000000, Transfer fee 5e032243d507c743b061ef021e2ec7fcc6d3ab89 from 10000000000000000 success, Propose 18d48bc062ecab96a6d5b24791b5b41fdb69a12ef76d56f9f842871f92716b7a check YEED_TO_ETHER network 1 transaction a077dd42d4421dca5cb8a7a11aca5b27adaf40be2428f9dc8e42a56abdabeb66 confirm ID 1b1877ab93f8a0301b91c00d0dc582926972a1988c2cec595a3527388ab28ad1, Propose 18d48bc062ecab96a6d5b24791b5b41fdb69a12ef76d56f9f842871f92716b7a PROCESSING, Yeed to Eth Proposal completed successfully]
12:38:16.998 [Test worker] DEBUG io.yggdrash.contract.yeed.YeedContract - TxConfirm ProposeId :  18d48bc062ecab96a6d5b24791b5b41fdb69a12ef76d56f9f842871f92716b7a
12:38:16.998 [Test worker] DEBUG io.yggdrash.contract.yeed.YeedContract - TxConfirm Status : VALIDATE_REQUIRE
12:38:16.998 [Test worker] DEBUG io.yggdrash.contract.yeed.YeedContract - Propose require block height : 10 
12:38:16.998 [Test worker] DEBUG io.yggdrash.contract.yeed.YeedContract - TxConfirm block height : 1000001 
12:38:16.998 [Test worker] DEBUG io.yggdrash.contract.yeed.YeedContract - CheckBlockHeight : true
12:38:16.998 [Test worker] DEBUG io.yggdrash.contract.yeed.YeedContract - Stake YEED 1000000000000000000
12:38:16.998 [Test worker] DEBUG io.yggdrash.contract.yeed.YeedContract - TransferYeed YEED 1000000000000000000
12:38:16.998 [Test worker] DEBUG io.yggdrash.contract.yeed.YeedContract - PI Fee 10000000000000000
12:38:16.999 [Test worker] DEBUG io.yggdrash.contract.yeed.YeedContract - ProposeId : 18d48bc062ecab96a6d5b24791b5b41fdb69a12ef76d56f9f842871f92716b7a (ProposeKey=pis-18d48bc062ecab96a6d5b24791b5b41fdb69a12ef76d56f9f842871f92716b7a) is DONE
12:38:16.999 [Test worker] DEBUG io.yggdrash.contract.yeed.InterChainProcessTest - txLog=[Transfer 1000000000000000000 from 18d48bc062ecab96a6d5b24791b5b41fdb69a12ef76d56f9f842871f92716b7a to 5e032243d507c743b061ef021e2ec7fcc6d3ab89 fee 0, 1b1877ab93f8a0301b91c00d0dc582926972a1988c2cec595a3527388ab28ad1 is DONE, Transfer 0 from 18d48bc062ecab96a6d5b24791b5b41fdb69a12ef76d56f9f842871f92716b7a to c3cf7a283a4415ce3c41f5374934612389334780 fee 10000000000000000, Proposal 18d48bc062ecab96a6d5b24791b5b41fdb69a12ef76d56f9f842871f92716b7a DONE]
12:38:17.000 [Test worker] DEBUG io.yggdrash.contract.yeed.InterChainProcessTest - {"txConfirmId":"1b1877ab93f8a0301b91c00d0dc582926972a1988c2cec595a3527388ab28ad1","proposeId":"18d48bc062ecab96a6d5b24791b5b41fdb69a12ef76d56f9f842871f92716b7a","txId":"a077dd42d4421dca5cb8a7a11aca5b27adaf40be2428f9dc8e42a56abdabeb66","senderAddress":"5e032243d507c743b061ef021e2ec7fcc6d3ab89","transferYeed":1000000000000000000,"blockHeight":1000001,"lastBlockHeight":1002001,"index":1,"status":2}
12:38:17.000 [Test worker] DEBUG io.yggdrash.contract.yeed.InterChainProcessTest - Proposal stake : 0 YEED
12:38:17.000 [Test worker] DEBUG io.yggdrash.contract.yeed.InterChainProcessTest - DONE
12:38:17.001 [Test worker] DEBUG io.yggdrash.contract.yeed.YeedContract - Address of Frontier : c91e9d46dd4b7584f0b6348ee18277c10fd7cb94Balance of Frontier : 1000000000000000000000000000
12:38:17.001 [Test worker] DEBUG io.yggdrash.contract.yeed.YeedContract - Address of Frontier : 1a0cdead3d1d1dbeef848fef9053b4f0ae06db9eBalance of Frontier : 1000000000000000000000000000
12:38:17.001 [Test worker] DEBUG io.yggdrash.contract.yeed.YeedContract - Address of Frontier : 5e032243d507c743b061ef021e2ec7fcc6d3ab89Balance of Frontier : 10000000000000000000
12:38:17.001 [Test worker] DEBUG io.yggdrash.contract.yeed.YeedContract - Address of Frontier : cee3d4755e47055b530deeba062c5bd0c17eb00fBalance of Frontier : 998000000000000000000000000000
12:38:17.001 [Test worker] DEBUG io.yggdrash.contract.yeed.YeedContract - Address of Frontier : c3cf7a283a4415ce3c41f5374934612389334780Balance of Frontier : 10000000000000000000000000000000000000000
12:38:17.002 [Test worker] DEBUG io.yggdrash.contract.yeed.YeedContract - Address of Frontier : 4d01e237570022440aa126ca0b63065d7f5fd589Balance of Frontier : 10000000000000000000000000000000000000000
12:38:17.002 [Test worker] DEBUG io.yggdrash.contract.yeed.InterChainProcessTest - invalid proposal {"receiverAddress":"cee3d4755e47055b530deeba062c5bd0c17eb00f","receiveAsset":1000000000000000000,"receiveChainId":1,"networkBlockHeight":10,"proposeType":1,"senderAddress":"C91E9D46DD4B7584F0B6348EE18277C10FD7CB94","inputData":null,"stakeYeed":100000000000000000000,"blockHeight":1000000,"fee":10000000000000000}
12:38:17.002 [Test worker] DEBUG io.yggdrash.contract.yeed.YeedContract - Propose Id Key : pi-579d544445c98698c4e77539aeac5fb24ed242b89de8463b9705122b28fe2aca 
12:38:17.002 [Test worker] DEBUG io.yggdrash.contract.yeed.YeedContract - ProposeId : 579d544445c98698c4e77539aeac5fb24ed242b89de8463b9705122b28fe2aca (ProposeKey=pis-579d544445c98698c4e77539aeac5fb24ed242b89de8463b9705122b28fe2aca) is ISSUED
12:38:17.003 [Test worker] DEBUG io.yggdrash.contract.yeed.InterChainProcessTest - Transfer 100010000000000000000 from cee3d4755e47055b530deeba062c5bd0c17eb00f to 579d544445c98698c4e77539aeac5fb24ed242b89de8463b9705122b28fe2aca fee 0
12:38:17.003 [Test worker] DEBUG io.yggdrash.contract.yeed.InterChainProcessTest - Propose 579d544445c98698c4e77539aeac5fb24ed242b89de8463b9705122b28fe2aca ISSUED
12:38:17.004 [Test worker] DEBUG io.yggdrash.contract.yeed.YeedContract - Address of Frontier : c91e9d46dd4b7584f0b6348ee18277c10fd7cb94Balance of Frontier : 1000000000000000000000000000
12:38:17.004 [Test worker] DEBUG io.yggdrash.contract.yeed.YeedContract - Address of Frontier : 1a0cdead3d1d1dbeef848fef9053b4f0ae06db9eBalance of Frontier : 1000000000000000000000000000
12:38:17.004 [Test worker] DEBUG io.yggdrash.contract.yeed.YeedContract - Address of Frontier : 5e032243d507c743b061ef021e2ec7fcc6d3ab89Balance of Frontier : 10000000000000000000
12:38:17.004 [Test worker] DEBUG io.yggdrash.contract.yeed.YeedContract - Address of Frontier : cee3d4755e47055b530deeba062c5bd0c17eb00fBalance of Frontier : 998000000000000000000000000000
12:38:17.005 [Test worker] DEBUG io.yggdrash.contract.yeed.YeedContract - Address of Frontier : c3cf7a283a4415ce3c41f5374934612389334780Balance of Frontier : 10000000000000000000000000000000000000000
12:38:17.005 [Test worker] DEBUG io.yggdrash.contract.yeed.YeedContract - Address of Frontier : 4d01e237570022440aa126ca0b63065d7f5fd589Balance of Frontier : 10000000000000000000000000000000000000000
12:38:17.005 [Test worker] DEBUG io.yggdrash.contract.yeed.YeedContract - Propose Id Key : pi-3d501aaef5eefc10550b12a341910cbfa16bfed94dbc9892fefb27a1e9ae902c 
12:38:17.005 [Test worker] DEBUG io.yggdrash.contract.yeed.YeedContract - ProposeId : 3d501aaef5eefc10550b12a341910cbfa16bfed94dbc9892fefb27a1e9ae902c (ProposeKey=pis-3d501aaef5eefc10550b12a341910cbfa16bfed94dbc9892fefb27a1e9ae902c) is ISSUED
12:38:17.006 [Test worker] DEBUG io.yggdrash.contract.yeed.InterChainProcessTest - Send Eth 6
12:38:17.014 [Test worker] DEBUG io.yggdrash.contract.yeed.YeedContract - Ratio : 10000
12:38:17.014 [Test worker] DEBUG io.yggdrash.contract.yeed.YeedContract - transferYeed : 61000000000000000000000
12:38:17.014 [Test worker] DEBUG io.yggdrash.contract.yeed.YeedContract - Confirm Id : b150d377a47a4962e1af8395655f88c16237522eea92f43a03dfd7c024328bee
12:38:17.015 [Test worker] DEBUG io.yggdrash.contract.yeed.YeedContract - ProposeId : 3d501aaef5eefc10550b12a341910cbfa16bfed94dbc9892fefb27a1e9ae902c (ProposeKey=pis-3d501aaef5eefc10550b12a341910cbfa16bfed94dbc9892fefb27a1e9ae902c) is PROCESSING
12:38:17.015 [Test worker] DEBUG io.yggdrash.contract.yeed.YeedContract - TxConfirm ProposeId :  3d501aaef5eefc10550b12a341910cbfa16bfed94dbc9892fefb27a1e9ae902c
12:38:17.015 [Test worker] DEBUG io.yggdrash.contract.yeed.YeedContract - TxConfirm Status : VALIDATE_REQUIRE
12:38:17.015 [Test worker] DEBUG io.yggdrash.contract.yeed.YeedContract - Propose require block height : 100000 
12:38:17.015 [Test worker] DEBUG io.yggdrash.contract.yeed.YeedContract - TxConfirm block height : 100010 
12:38:17.015 [Test worker] DEBUG io.yggdrash.contract.yeed.YeedContract - CheckBlockHeight : true
12:38:17.015 [Test worker] DEBUG io.yggdrash.contract.yeed.YeedContract - Stake YEED 100000000000000000000000000
12:38:17.015 [Test worker] DEBUG io.yggdrash.contract.yeed.YeedContract - TransferYeed YEED 61000000000000000000000
12:38:17.016 [Test worker] DEBUG io.yggdrash.contract.yeed.YeedContract - PI Fee 100000000000000000
12:38:17.016 [Test worker] DEBUG io.yggdrash.contract.yeed.InterChainProcessTest - Remain YEED : 99939000100000000000000000
12:38:17.016 [Test worker] DEBUG io.yggdrash.contract.yeed.InterChainProcessTest - Send Eth 49
12:38:17.024 [Test worker] DEBUG io.yggdrash.contract.yeed.YeedContract - Ratio : 10000
12:38:17.025 [Test worker] DEBUG io.yggdrash.contract.yeed.YeedContract - transferYeed : 491000000000000000000000
12:38:17.025 [Test worker] DEBUG io.yggdrash.contract.yeed.YeedContract - Confirm Id : 6ccd506de6a03a513bb3e46d58692ee2df602f816ddafab0e19ef9a4e97bcf9c
12:38:17.025 [Test worker] DEBUG io.yggdrash.contract.yeed.YeedContract - ProposeId : 3d501aaef5eefc10550b12a341910cbfa16bfed94dbc9892fefb27a1e9ae902c (ProposeKey=pis-3d501aaef5eefc10550b12a341910cbfa16bfed94dbc9892fefb27a1e9ae902c) is PROCESSING
12:38:17.025 [Test worker] DEBUG io.yggdrash.contract.yeed.YeedContract - TxConfirm ProposeId :  3d501aaef5eefc10550b12a341910cbfa16bfed94dbc9892fefb27a1e9ae902c
12:38:17.025 [Test worker] DEBUG io.yggdrash.contract.yeed.YeedContract - TxConfirm Status : VALIDATE_REQUIRE
12:38:17.026 [Test worker] DEBUG io.yggdrash.contract.yeed.YeedContract - Propose require block height : 100000 
12:38:17.026 [Test worker] DEBUG io.yggdrash.contract.yeed.YeedContract - TxConfirm block height : 100010 
12:38:17.026 [Test worker] DEBUG io.yggdrash.contract.yeed.YeedContract - CheckBlockHeight : true
12:38:17.026 [Test worker] DEBUG io.yggdrash.contract.yeed.YeedContract - Stake YEED 99939000000000000000000000
12:38:17.026 [Test worker] DEBUG io.yggdrash.contract.yeed.YeedContract - TransferYeed YEED 491000000000000000000000
12:38:17.026 [Test worker] DEBUG io.yggdrash.contract.yeed.YeedContract - PI Fee 100000000000000000
12:38:17.026 [Test worker] DEBUG io.yggdrash.contract.yeed.InterChainProcessTest - Remain YEED : 99448000100000000000000000
12:38:17.026 [Test worker] DEBUG io.yggdrash.contract.yeed.InterChainProcessTest - Send Eth 64
12:38:17.033 [Test worker] DEBUG io.yggdrash.contract.yeed.YeedContract - Ratio : 10000
12:38:17.033 [Test worker] DEBUG io.yggdrash.contract.yeed.YeedContract - transferYeed : 642000000000000000000000
12:38:17.034 [Test worker] DEBUG io.yggdrash.contract.yeed.YeedContract - Confirm Id : 0193435c0ca7946ad2b0ae9d81321cb739028bf3d8d270ec7718e2eda45b310b
12:38:17.034 [Test worker] DEBUG io.yggdrash.contract.yeed.YeedContract - ProposeId : 3d501aaef5eefc10550b12a341910cbfa16bfed94dbc9892fefb27a1e9ae902c (ProposeKey=pis-3d501aaef5eefc10550b12a341910cbfa16bfed94dbc9892fefb27a1e9ae902c) is PROCESSING
12:38:17.035 [Test worker] DEBUG io.yggdrash.contract.yeed.YeedContract - TxConfirm ProposeId :  3d501aaef5eefc10550b12a341910cbfa16bfed94dbc9892fefb27a1e9ae902c
12:38:17.035 [Test worker] DEBUG io.yggdrash.contract.yeed.YeedContract - TxConfirm Status : VALIDATE_REQUIRE
12:38:17.035 [Test worker] DEBUG io.yggdrash.contract.yeed.YeedContract - Propose require block height : 100000 
12:38:17.035 [Test worker] DEBUG io.yggdrash.contract.yeed.YeedContract - TxConfirm block height : 100010 
12:38:17.035 [Test worker] DEBUG io.yggdrash.contract.yeed.YeedContract - CheckBlockHeight : true
12:38:17.035 [Test worker] DEBUG io.yggdrash.contract.yeed.YeedContract - Stake YEED 99448000000000000000000000
12:38:17.035 [Test worker] DEBUG io.yggdrash.contract.yeed.YeedContract - TransferYeed YEED 642000000000000000000000
12:38:17.035 [Test worker] DEBUG io.yggdrash.contract.yeed.YeedContract - PI Fee 100000000000000000
12:38:17.036 [Test worker] DEBUG io.yggdrash.contract.yeed.InterChainProcessTest - Remain YEED : 98806000100000000000000000
12:38:17.036 [Test worker] DEBUG io.yggdrash.contract.yeed.InterChainProcessTest - Send Eth 56
12:38:17.043 [Test worker] DEBUG io.yggdrash.contract.yeed.YeedContract - Ratio : 10000
12:38:17.043 [Test worker] DEBUG io.yggdrash.contract.yeed.YeedContract - transferYeed : 564000000000000000000000
12:38:17.043 [Test worker] DEBUG io.yggdrash.contract.yeed.YeedContract - Confirm Id : af7abc95041fe7c2e4b1b5700f8e20a90e3f8d89339400f58438344d955816d5
12:38:17.043 [Test worker] DEBUG io.yggdrash.contract.yeed.YeedContract - ProposeId : 3d501aaef5eefc10550b12a341910cbfa16bfed94dbc9892fefb27a1e9ae902c (ProposeKey=pis-3d501aaef5eefc10550b12a341910cbfa16bfed94dbc9892fefb27a1e9ae902c) is PROCESSING
12:38:17.043 [Test worker] DEBUG io.yggdrash.contract.yeed.YeedContract - TxConfirm ProposeId :  3d501aaef5eefc10550b12a341910cbfa16bfed94dbc9892fefb27a1e9ae902c
12:38:17.043 [Test worker] DEBUG io.yggdrash.contract.yeed.YeedContract - TxConfirm Status : VALIDATE_REQUIRE
12:38:17.044 [Test worker] DEBUG io.yggdrash.contract.yeed.YeedContract - Propose require block height : 100000 
12:38:17.044 [Test worker] DEBUG io.yggdrash.contract.yeed.YeedContract - TxConfirm block height : 100010 
12:38:17.044 [Test worker] DEBUG io.yggdrash.contract.yeed.YeedContract - CheckBlockHeight : true
12:38:17.044 [Test worker] DEBUG io.yggdrash.contract.yeed.YeedContract - Stake YEED 98806000000000000000000000
12:38:17.044 [Test worker] DEBUG io.yggdrash.contract.yeed.YeedContract - TransferYeed YEED 564000000000000000000000
12:38:17.044 [Test worker] DEBUG io.yggdrash.contract.yeed.YeedContract - PI Fee 100000000000000000
12:38:17.044 [Test worker] DEBUG io.yggdrash.contract.yeed.InterChainProcessTest - Remain YEED : 98242000100000000000000000
12:38:17.044 [Test worker] DEBUG io.yggdrash.contract.yeed.InterChainProcessTest - Send Eth 55
12:38:17.051 [Test worker] DEBUG io.yggdrash.contract.yeed.YeedContract - Ratio : 10000
12:38:17.051 [Test worker] DEBUG io.yggdrash.contract.yeed.YeedContract - transferYeed : 558000000000000000000000
12:38:17.051 [Test worker] DEBUG io.yggdrash.contract.yeed.YeedContract - Confirm Id : eed1a7ad86b33239c74232aaff14e13511b1a4dbf33fc7f167bf017a344ffc68
12:38:17.051 [Test worker] DEBUG io.yggdrash.contract.yeed.YeedContract - ProposeId : 3d501aaef5eefc10550b12a341910cbfa16bfed94dbc9892fefb27a1e9ae902c (ProposeKey=pis-3d501aaef5eefc10550b12a341910cbfa16bfed94dbc9892fefb27a1e9ae902c) is PROCESSING
12:38:17.051 [Test worker] DEBUG io.yggdrash.contract.yeed.YeedContract - TxConfirm ProposeId :  3d501aaef5eefc10550b12a341910cbfa16bfed94dbc9892fefb27a1e9ae902c
12:38:17.052 [Test worker] DEBUG io.yggdrash.contract.yeed.YeedContract - TxConfirm Status : VALIDATE_REQUIRE
12:38:17.052 [Test worker] DEBUG io.yggdrash.contract.yeed.YeedContract - Propose require block height : 100000 
12:38:17.052 [Test worker] DEBUG io.yggdrash.contract.yeed.YeedContract - TxConfirm block height : 100010 
12:38:17.052 [Test worker] DEBUG io.yggdrash.contract.yeed.YeedContract - CheckBlockHeight : true
12:38:17.052 [Test worker] DEBUG io.yggdrash.contract.yeed.YeedContract - Stake YEED 98242000000000000000000000
12:38:17.052 [Test worker] DEBUG io.yggdrash.contract.yeed.YeedContract - TransferYeed YEED 558000000000000000000000
12:38:17.052 [Test worker] DEBUG io.yggdrash.contract.yeed.YeedContract - PI Fee 100000000000000000
12:38:17.053 [Test worker] DEBUG io.yggdrash.contract.yeed.InterChainProcessTest - Remain YEED : 97684000100000000000000000
12:38:17.053 [Test worker] DEBUG io.yggdrash.contract.yeed.InterChainProcessTest - Send Eth 80
12:38:17.059 [Test worker] DEBUG io.yggdrash.contract.yeed.YeedContract - Ratio : 10000
12:38:17.059 [Test worker] DEBUG io.yggdrash.contract.yeed.YeedContract - transferYeed : 802000000000000000000000
12:38:17.059 [Test worker] DEBUG io.yggdrash.contract.yeed.YeedContract - Confirm Id : 794530bcfa9f47d2b0e84592d2992dc6552ca8b23119661d0057eae1f2040351
12:38:17.059 [Test worker] DEBUG io.yggdrash.contract.yeed.YeedContract - ProposeId : 3d501aaef5eefc10550b12a341910cbfa16bfed94dbc9892fefb27a1e9ae902c (ProposeKey=pis-3d501aaef5eefc10550b12a341910cbfa16bfed94dbc9892fefb27a1e9ae902c) is PROCESSING
12:38:17.059 [Test worker] DEBUG io.yggdrash.contract.yeed.YeedContract - TxConfirm ProposeId :  3d501aaef5eefc10550b12a341910cbfa16bfed94dbc9892fefb27a1e9ae902c
12:38:17.060 [Test worker] DEBUG io.yggdrash.contract.yeed.YeedContract - TxConfirm Status : VALIDATE_REQUIRE
12:38:17.060 [Test worker] DEBUG io.yggdrash.contract.yeed.YeedContract - Propose require block height : 100000 
12:38:17.060 [Test worker] DEBUG io.yggdrash.contract.yeed.YeedContract - TxConfirm block height : 100010 
12:38:17.060 [Test worker] DEBUG io.yggdrash.contract.yeed.YeedContract - CheckBlockHeight : true
12:38:17.060 [Test worker] DEBUG io.yggdrash.contract.yeed.YeedContract - Stake YEED 97684000000000000000000000
12:38:17.060 [Test worker] DEBUG io.yggdrash.contract.yeed.YeedContract - TransferYeed YEED 802000000000000000000000
12:38:17.060 [Test worker] DEBUG io.yggdrash.contract.yeed.YeedContract - PI Fee 100000000000000000
12:38:17.061 [Test worker] DEBUG io.yggdrash.contract.yeed.InterChainProcessTest - Remain YEED : 96882000100000000000000000
12:38:17.061 [Test worker] DEBUG io.yggdrash.contract.yeed.InterChainProcessTest - Send Eth 30
12:38:17.069 [Test worker] DEBUG io.yggdrash.contract.yeed.YeedContract - Ratio : 10000
12:38:17.069 [Test worker] DEBUG io.yggdrash.contract.yeed.YeedContract - transferYeed : 305000000000000000000000
12:38:17.069 [Test worker] DEBUG io.yggdrash.contract.yeed.YeedContract - Confirm Id : cc7b47a90601aacc558e12dd119e026694d763c0d3192ca3b8888fb4fc6750d1
12:38:17.069 [Test worker] DEBUG io.yggdrash.contract.yeed.YeedContract - ProposeId : 3d501aaef5eefc10550b12a341910cbfa16bfed94dbc9892fefb27a1e9ae902c (ProposeKey=pis-3d501aaef5eefc10550b12a341910cbfa16bfed94dbc9892fefb27a1e9ae902c) is PROCESSING
12:38:17.069 [Test worker] DEBUG io.yggdrash.contract.yeed.YeedContract - TxConfirm ProposeId :  3d501aaef5eefc10550b12a341910cbfa16bfed94dbc9892fefb27a1e9ae902c
12:38:17.069 [Test worker] DEBUG io.yggdrash.contract.yeed.YeedContract - TxConfirm Status : VALIDATE_REQUIRE
12:38:17.070 [Test worker] DEBUG io.yggdrash.contract.yeed.YeedContract - Propose require block height : 100000 
12:38:17.070 [Test worker] DEBUG io.yggdrash.contract.yeed.YeedContract - TxConfirm block height : 100010 
12:38:17.070 [Test worker] DEBUG io.yggdrash.contract.yeed.YeedContract - CheckBlockHeight : true
12:38:17.070 [Test worker] DEBUG io.yggdrash.contract.yeed.YeedContract - Stake YEED 96882000000000000000000000
12:38:17.070 [Test worker] DEBUG io.yggdrash.contract.yeed.YeedContract - TransferYeed YEED 305000000000000000000000
12:38:17.070 [Test worker] DEBUG io.yggdrash.contract.yeed.YeedContract - PI Fee 100000000000000000
12:38:17.070 [Test worker] DEBUG io.yggdrash.contract.yeed.InterChainProcessTest - Remain YEED : 96577000100000000000000000
12:38:17.070 [Test worker] DEBUG io.yggdrash.contract.yeed.InterChainProcessTest - Send Eth 11
12:38:17.078 [Test worker] DEBUG io.yggdrash.contract.yeed.YeedContract - Ratio : 10000
12:38:17.078 [Test worker] DEBUG io.yggdrash.contract.yeed.YeedContract - transferYeed : 112000000000000000000000
12:38:17.078 [Test worker] DEBUG io.yggdrash.contract.yeed.YeedContract - Confirm Id : 8118a343b98c0b9ff24a723c5fa25980da27c28ac535544e0063e72d2bb99605
12:38:17.078 [Test worker] DEBUG io.yggdrash.contract.yeed.YeedContract - ProposeId : 3d501aaef5eefc10550b12a341910cbfa16bfed94dbc9892fefb27a1e9ae902c (ProposeKey=pis-3d501aaef5eefc10550b12a341910cbfa16bfed94dbc9892fefb27a1e9ae902c) is PROCESSING
12:38:17.078 [Test worker] DEBUG io.yggdrash.contract.yeed.YeedContract - TxConfirm ProposeId :  3d501aaef5eefc10550b12a341910cbfa16bfed94dbc9892fefb27a1e9ae902c
12:38:17.078 [Test worker] DEBUG io.yggdrash.contract.yeed.YeedContract - TxConfirm Status : VALIDATE_REQUIRE
12:38:17.079 [Test worker] DEBUG io.yggdrash.contract.yeed.YeedContract - Propose require block height : 100000 
12:38:17.079 [Test worker] DEBUG io.yggdrash.contract.yeed.YeedContract - TxConfirm block height : 100010 
12:38:17.079 [Test worker] DEBUG io.yggdrash.contract.yeed.YeedContract - CheckBlockHeight : true
12:38:17.079 [Test worker] DEBUG io.yggdrash.contract.yeed.YeedContract - Stake YEED 96577000000000000000000000
12:38:17.079 [Test worker] DEBUG io.yggdrash.contract.yeed.YeedContract - TransferYeed YEED 112000000000000000000000
12:38:17.079 [Test worker] DEBUG io.yggdrash.contract.yeed.YeedContract - PI Fee 100000000000000000
12:38:17.079 [Test worker] DEBUG io.yggdrash.contract.yeed.InterChainProcessTest - Remain YEED : 96465000100000000000000000
12:38:17.079 [Test worker] DEBUG io.yggdrash.contract.yeed.InterChainProcessTest - Send Eth 70
12:38:17.092 [Test worker] DEBUG io.yggdrash.contract.yeed.YeedContract - Ratio : 10000
12:38:17.092 [Test worker] DEBUG io.yggdrash.contract.yeed.YeedContract - transferYeed : 703000000000000000000000
12:38:17.092 [Test worker] DEBUG io.yggdrash.contract.yeed.YeedContract - Confirm Id : da5c8e55f1100027d3c7fb1c49d4ed9fc361b3adac1ebdaa1a9ce1e65a453963
12:38:17.092 [Test worker] DEBUG io.yggdrash.contract.yeed.YeedContract - ProposeId : 3d501aaef5eefc10550b12a341910cbfa16bfed94dbc9892fefb27a1e9ae902c (ProposeKey=pis-3d501aaef5eefc10550b12a341910cbfa16bfed94dbc9892fefb27a1e9ae902c) is PROCESSING
12:38:17.092 [Test worker] DEBUG io.yggdrash.contract.yeed.YeedContract - TxConfirm ProposeId :  3d501aaef5eefc10550b12a341910cbfa16bfed94dbc9892fefb27a1e9ae902c
12:38:17.093 [Test worker] DEBUG io.yggdrash.contract.yeed.YeedContract - TxConfirm Status : VALIDATE_REQUIRE
12:38:17.093 [Test worker] DEBUG io.yggdrash.contract.yeed.YeedContract - Propose require block height : 100000 
12:38:17.093 [Test worker] DEBUG io.yggdrash.contract.yeed.YeedContract - TxConfirm block height : 100010 
12:38:17.093 [Test worker] DEBUG io.yggdrash.contract.yeed.YeedContract - CheckBlockHeight : true
12:38:17.093 [Test worker] DEBUG io.yggdrash.contract.yeed.YeedContract - Stake YEED 96465000000000000000000000
12:38:17.093 [Test worker] DEBUG io.yggdrash.contract.yeed.YeedContract - TransferYeed YEED 703000000000000000000000
12:38:17.093 [Test worker] DEBUG io.yggdrash.contract.yeed.YeedContract - PI Fee 100000000000000000
12:38:17.093 [Test worker] DEBUG io.yggdrash.contract.yeed.InterChainProcessTest - Remain YEED : 95762000100000000000000000
12:38:17.093 [Test worker] DEBUG io.yggdrash.contract.yeed.InterChainProcessTest - Send Eth 70
12:38:17.099 [Test worker] DEBUG io.yggdrash.contract.yeed.YeedContract - Ratio : 10000
12:38:17.099 [Test worker] DEBUG io.yggdrash.contract.yeed.YeedContract - transferYeed : 704000000000000000000000
12:38:17.100 [Test worker] DEBUG io.yggdrash.contract.yeed.YeedContract - Confirm Id : 34273378e0104c534b34431ad154ed5ee4a4febee389c246fcb8783745bec3e4
12:38:17.100 [Test worker] DEBUG io.yggdrash.contract.yeed.YeedContract - ProposeId : 3d501aaef5eefc10550b12a341910cbfa16bfed94dbc9892fefb27a1e9ae902c (ProposeKey=pis-3d501aaef5eefc10550b12a341910cbfa16bfed94dbc9892fefb27a1e9ae902c) is PROCESSING
12:38:17.100 [Test worker] DEBUG io.yggdrash.contract.yeed.YeedContract - TxConfirm ProposeId :  3d501aaef5eefc10550b12a341910cbfa16bfed94dbc9892fefb27a1e9ae902c
12:38:17.100 [Test worker] DEBUG io.yggdrash.contract.yeed.YeedContract - TxConfirm Status : VALIDATE_REQUIRE
12:38:17.100 [Test worker] DEBUG io.yggdrash.contract.yeed.YeedContract - Propose require block height : 100000 
12:38:17.100 [Test worker] DEBUG io.yggdrash.contract.yeed.YeedContract - TxConfirm block height : 100010 
12:38:17.100 [Test worker] DEBUG io.yggdrash.contract.yeed.YeedContract - CheckBlockHeight : true
12:38:17.101 [Test worker] DEBUG io.yggdrash.contract.yeed.YeedContract - Stake YEED 95762000000000000000000000
12:38:17.101 [Test worker] DEBUG io.yggdrash.contract.yeed.YeedContract - TransferYeed YEED 704000000000000000000000
12:38:17.101 [Test worker] DEBUG io.yggdrash.contract.yeed.YeedContract - PI Fee 100000000000000000
12:38:17.101 [Test worker] DEBUG io.yggdrash.contract.yeed.InterChainProcessTest - Remain YEED : 95058000100000000000000000
12:38:17.101 [Test worker] DEBUG io.yggdrash.contract.yeed.InterChainProcessTest - Send Eth 45
12:38:17.106 [Test worker] DEBUG io.yggdrash.contract.yeed.YeedContract - Ratio : 10000
12:38:17.107 [Test worker] DEBUG io.yggdrash.contract.yeed.YeedContract - transferYeed : 455000000000000000000000
12:38:17.107 [Test worker] DEBUG io.yggdrash.contract.yeed.YeedContract - Confirm Id : a63dd31a97e66211efbba28be7308eb2183463dbd8e60c5b4d73233940332826
12:38:17.107 [Test worker] DEBUG io.yggdrash.contract.yeed.YeedContract - ProposeId : 3d501aaef5eefc10550b12a341910cbfa16bfed94dbc9892fefb27a1e9ae902c (ProposeKey=pis-3d501aaef5eefc10550b12a341910cbfa16bfed94dbc9892fefb27a1e9ae902c) is PROCESSING
12:38:17.107 [Test worker] DEBUG io.yggdrash.contract.yeed.YeedContract - TxConfirm ProposeId :  3d501aaef5eefc10550b12a341910cbfa16bfed94dbc9892fefb27a1e9ae902c
12:38:17.107 [Test worker] DEBUG io.yggdrash.contract.yeed.YeedContract - TxConfirm Status : VALIDATE_REQUIRE
12:38:17.107 [Test worker] DEBUG io.yggdrash.contract.yeed.YeedContract - Propose require block height : 100000 
12:38:17.107 [Test worker] DEBUG io.yggdrash.contract.yeed.YeedContract - TxConfirm block height : 100010 
12:38:17.107 [Test worker] DEBUG io.yggdrash.contract.yeed.YeedContract - CheckBlockHeight : true
12:38:17.107 [Test worker] DEBUG io.yggdrash.contract.yeed.YeedContract - Stake YEED 95058000000000000000000000
12:38:17.108 [Test worker] DEBUG io.yggdrash.contract.yeed.YeedContract - TransferYeed YEED 455000000000000000000000
12:38:17.108 [Test worker] DEBUG io.yggdrash.contract.yeed.YeedContract - PI Fee 100000000000000000
12:38:17.108 [Test worker] DEBUG io.yggdrash.contract.yeed.InterChainProcessTest - Remain YEED : 94603000100000000000000000
12:38:17.108 [Test worker] DEBUG io.yggdrash.contract.yeed.InterChainProcessTest - Send Eth 25
12:38:17.115 [Test worker] DEBUG io.yggdrash.contract.yeed.YeedContract - Ratio : 10000
12:38:17.115 [Test worker] DEBUG io.yggdrash.contract.yeed.YeedContract - transferYeed : 256000000000000000000000
12:38:17.115 [Test worker] DEBUG io.yggdrash.contract.yeed.YeedContract - Confirm Id : c2f7d3a1ae4944a769a0feade1417d5eda5c983d724ad83a58d7ab6ff48face5
12:38:17.115 [Test worker] DEBUG io.yggdrash.contract.yeed.YeedContract - ProposeId : 3d501aaef5eefc10550b12a341910cbfa16bfed94dbc9892fefb27a1e9ae902c (ProposeKey=pis-3d501aaef5eefc10550b12a341910cbfa16bfed94dbc9892fefb27a1e9ae902c) is PROCESSING
12:38:17.116 [Test worker] DEBUG io.yggdrash.contract.yeed.YeedContract - TxConfirm ProposeId :  3d501aaef5eefc10550b12a341910cbfa16bfed94dbc9892fefb27a1e9ae902c
12:38:17.116 [Test worker] DEBUG io.yggdrash.contract.yeed.YeedContract - TxConfirm Status : VALIDATE_REQUIRE
12:38:17.116 [Test worker] DEBUG io.yggdrash.contract.yeed.YeedContract - Propose require block height : 100000 
12:38:17.116 [Test worker] DEBUG io.yggdrash.contract.yeed.YeedContract - TxConfirm block height : 100010 
12:38:17.116 [Test worker] DEBUG io.yggdrash.contract.yeed.YeedContract - CheckBlockHeight : true
12:38:17.116 [Test worker] DEBUG io.yggdrash.contract.yeed.YeedContract - Stake YEED 94603000000000000000000000
12:38:17.116 [Test worker] DEBUG io.yggdrash.contract.yeed.YeedContract - TransferYeed YEED 256000000000000000000000
12:38:17.116 [Test worker] DEBUG io.yggdrash.contract.yeed.YeedContract - PI Fee 100000000000000000
12:38:17.116 [Test worker] DEBUG io.yggdrash.contract.yeed.InterChainProcessTest - Remain YEED : 94347000100000000000000000
12:38:17.116 [Test worker] DEBUG io.yggdrash.contract.yeed.InterChainProcessTest - Send Eth 55
12:38:17.122 [Test worker] DEBUG io.yggdrash.contract.yeed.YeedContract - Ratio : 10000
12:38:17.122 [Test worker] DEBUG io.yggdrash.contract.yeed.YeedContract - transferYeed : 555000000000000000000000
12:38:17.122 [Test worker] DEBUG io.yggdrash.contract.yeed.YeedContract - Confirm Id : 034858d8379cf640d4f581eb22723541804b6332891d7e5b471a2037d98a4a76
12:38:17.122 [Test worker] DEBUG io.yggdrash.contract.yeed.YeedContract - ProposeId : 3d501aaef5eefc10550b12a341910cbfa16bfed94dbc9892fefb27a1e9ae902c (ProposeKey=pis-3d501aaef5eefc10550b12a341910cbfa16bfed94dbc9892fefb27a1e9ae902c) is PROCESSING
12:38:17.123 [Test worker] DEBUG io.yggdrash.contract.yeed.YeedContract - TxConfirm ProposeId :  3d501aaef5eefc10550b12a341910cbfa16bfed94dbc9892fefb27a1e9ae902c
12:38:17.123 [Test worker] DEBUG io.yggdrash.contract.yeed.YeedContract - TxConfirm Status : VALIDATE_REQUIRE
12:38:17.123 [Test worker] DEBUG io.yggdrash.contract.yeed.YeedContract - Propose require block height : 100000 
12:38:17.123 [Test worker] DEBUG io.yggdrash.contract.yeed.YeedContract - TxConfirm block height : 100010 
12:38:17.123 [Test worker] DEBUG io.yggdrash.contract.yeed.YeedContract - CheckBlockHeight : true
12:38:17.123 [Test worker] DEBUG io.yggdrash.contract.yeed.YeedContract - Stake YEED 94347000000000000000000000
12:38:17.123 [Test worker] DEBUG io.yggdrash.contract.yeed.YeedContract - TransferYeed YEED 555000000000000000000000
12:38:17.123 [Test worker] DEBUG io.yggdrash.contract.yeed.YeedContract - PI Fee 100000000000000000
12:38:17.123 [Test worker] DEBUG io.yggdrash.contract.yeed.InterChainProcessTest - Remain YEED : 93792000100000000000000000
12:38:17.123 [Test worker] DEBUG io.yggdrash.contract.yeed.InterChainProcessTest - Send Eth 13
12:38:17.129 [Test worker] DEBUG io.yggdrash.contract.yeed.YeedContract - Ratio : 10000
12:38:17.129 [Test worker] DEBUG io.yggdrash.contract.yeed.YeedContract - transferYeed : 130000000000000000000000
12:38:17.129 [Test worker] DEBUG io.yggdrash.contract.yeed.YeedContract - Confirm Id : bfe3856d30f57ac48f8596369ad279cdac380ffaf08d7b12b69c488dc18a364d
12:38:17.129 [Test worker] DEBUG io.yggdrash.contract.yeed.YeedContract - ProposeId : 3d501aaef5eefc10550b12a341910cbfa16bfed94dbc9892fefb27a1e9ae902c (ProposeKey=pis-3d501aaef5eefc10550b12a341910cbfa16bfed94dbc9892fefb27a1e9ae902c) is PROCESSING
12:38:17.130 [Test worker] DEBUG io.yggdrash.contract.yeed.YeedContract - TxConfirm ProposeId :  3d501aaef5eefc10550b12a341910cbfa16bfed94dbc9892fefb27a1e9ae902c
12:38:17.130 [Test worker] DEBUG io.yggdrash.contract.yeed.YeedContract - TxConfirm Status : VALIDATE_REQUIRE
12:38:17.130 [Test worker] DEBUG io.yggdrash.contract.yeed.YeedContract - Propose require block height : 100000 
12:38:17.130 [Test worker] DEBUG io.yggdrash.contract.yeed.YeedContract - TxConfirm block height : 100010 
12:38:17.130 [Test worker] DEBUG io.yggdrash.contract.yeed.YeedContract - CheckBlockHeight : true
12:38:17.130 [Test worker] DEBUG io.yggdrash.contract.yeed.YeedContract - Stake YEED 93792000000000000000000000
12:38:17.130 [Test worker] DEBUG io.yggdrash.contract.yeed.YeedContract - TransferYeed YEED 130000000000000000000000
12:38:17.130 [Test worker] DEBUG io.yggdrash.contract.yeed.YeedContract - PI Fee 100000000000000000
12:38:17.130 [Test worker] DEBUG io.yggdrash.contract.yeed.InterChainProcessTest - Remain YEED : 93662000100000000000000000
12:38:17.130 [Test worker] DEBUG io.yggdrash.contract.yeed.InterChainProcessTest - Send Eth 35
12:38:17.137 [Test worker] DEBUG io.yggdrash.contract.yeed.YeedContract - Ratio : 10000
12:38:17.137 [Test worker] DEBUG io.yggdrash.contract.yeed.YeedContract - transferYeed : 352000000000000000000000
12:38:17.137 [Test worker] DEBUG io.yggdrash.contract.yeed.YeedContract - Confirm Id : d8791cda29735630496d8817a03ce7bc0b0828619d0cf44aa7f6bd5a02e68093
12:38:17.138 [Test worker] DEBUG io.yggdrash.contract.yeed.YeedContract - ProposeId : 3d501aaef5eefc10550b12a341910cbfa16bfed94dbc9892fefb27a1e9ae902c (ProposeKey=pis-3d501aaef5eefc10550b12a341910cbfa16bfed94dbc9892fefb27a1e9ae902c) is PROCESSING
12:38:17.138 [Test worker] DEBUG io.yggdrash.contract.yeed.YeedContract - TxConfirm ProposeId :  3d501aaef5eefc10550b12a341910cbfa16bfed94dbc9892fefb27a1e9ae902c
12:38:17.138 [Test worker] DEBUG io.yggdrash.contract.yeed.YeedContract - TxConfirm Status : VALIDATE_REQUIRE
12:38:17.138 [Test worker] DEBUG io.yggdrash.contract.yeed.YeedContract - Propose require block height : 100000 
12:38:17.138 [Test worker] DEBUG io.yggdrash.contract.yeed.YeedContract - TxConfirm block height : 100010 
12:38:17.138 [Test worker] DEBUG io.yggdrash.contract.yeed.YeedContract - CheckBlockHeight : true
12:38:17.138 [Test worker] DEBUG io.yggdrash.contract.yeed.YeedContract - Stake YEED 93662000000000000000000000
12:38:17.138 [Test worker] DEBUG io.yggdrash.contract.yeed.YeedContract - TransferYeed YEED 352000000000000000000000
12:38:17.138 [Test worker] DEBUG io.yggdrash.contract.yeed.YeedContract - PI Fee 100000000000000000
12:38:17.139 [Test worker] DEBUG io.yggdrash.contract.yeed.InterChainProcessTest - Remain YEED : 93310000100000000000000000
12:38:17.139 [Test worker] DEBUG io.yggdrash.contract.yeed.InterChainProcessTest - Send Eth 6
12:38:17.144 [Test worker] DEBUG io.yggdrash.contract.yeed.YeedContract - Ratio : 10000
12:38:17.144 [Test worker] DEBUG io.yggdrash.contract.yeed.YeedContract - transferYeed : 64000000000000000000000
12:38:17.144 [Test worker] DEBUG io.yggdrash.contract.yeed.YeedContract - Confirm Id : f13678a03cf51bf9eee293f9c24928603dde76676c2f6a3331c2631189acfd40
12:38:17.144 [Test worker] DEBUG io.yggdrash.contract.yeed.YeedContract - ProposeId : 3d501aaef5eefc10550b12a341910cbfa16bfed94dbc9892fefb27a1e9ae902c (ProposeKey=pis-3d501aaef5eefc10550b12a341910cbfa16bfed94dbc9892fefb27a1e9ae902c) is PROCESSING
12:38:17.145 [Test worker] DEBUG io.yggdrash.contract.yeed.YeedContract - TxConfirm ProposeId :  3d501aaef5eefc10550b12a341910cbfa16bfed94dbc9892fefb27a1e9ae902c
12:38:17.145 [Test worker] DEBUG io.yggdrash.contract.yeed.YeedContract - TxConfirm Status : VALIDATE_REQUIRE
12:38:17.145 [Test worker] DEBUG io.yggdrash.contract.yeed.YeedContract - Propose require block height : 100000 
12:38:17.145 [Test worker] DEBUG io.yggdrash.contract.yeed.YeedContract - TxConfirm block height : 100010 
12:38:17.145 [Test worker] DEBUG io.yggdrash.contract.yeed.YeedContract - CheckBlockHeight : true
12:38:17.145 [Test worker] DEBUG io.yggdrash.contract.yeed.YeedContract - Stake YEED 93310000000000000000000000
12:38:17.145 [Test worker] DEBUG io.yggdrash.contract.yeed.YeedContract - TransferYeed YEED 64000000000000000000000
12:38:17.145 [Test worker] DEBUG io.yggdrash.contract.yeed.YeedContract - PI Fee 100000000000000000
12:38:17.145 [Test worker] DEBUG io.yggdrash.contract.yeed.InterChainProcessTest - Remain YEED : 93246000100000000000000000
12:38:17.145 [Test worker] DEBUG io.yggdrash.contract.yeed.InterChainProcessTest - Send Eth 44
12:38:17.151 [Test worker] DEBUG io.yggdrash.contract.yeed.YeedContract - Ratio : 10000
12:38:17.151 [Test worker] DEBUG io.yggdrash.contract.yeed.YeedContract - transferYeed : 447000000000000000000000
12:38:17.151 [Test worker] DEBUG io.yggdrash.contract.yeed.YeedContract - Confirm Id : bfba922b2601bc0c23b505e911aae2c3b57bac0aadcbaf01f5439573bc5123ac
12:38:17.151 [Test worker] DEBUG io.yggdrash.contract.yeed.YeedContract - ProposeId : 3d501aaef5eefc10550b12a341910cbfa16bfed94dbc9892fefb27a1e9ae902c (ProposeKey=pis-3d501aaef5eefc10550b12a341910cbfa16bfed94dbc9892fefb27a1e9ae902c) is PROCESSING
12:38:17.151 [Test worker] DEBUG io.yggdrash.contract.yeed.YeedContract - TxConfirm ProposeId :  3d501aaef5eefc10550b12a341910cbfa16bfed94dbc9892fefb27a1e9ae902c
12:38:17.151 [Test worker] DEBUG io.yggdrash.contract.yeed.YeedContract - TxConfirm Status : VALIDATE_REQUIRE
12:38:17.152 [Test worker] DEBUG io.yggdrash.contract.yeed.YeedContract - Propose require block height : 100000 
12:38:17.152 [Test worker] DEBUG io.yggdrash.contract.yeed.YeedContract - TxConfirm block height : 100010 
12:38:17.152 [Test worker] DEBUG io.yggdrash.contract.yeed.YeedContract - CheckBlockHeight : true
12:38:17.152 [Test worker] DEBUG io.yggdrash.contract.yeed.YeedContract - Stake YEED 93246000000000000000000000
12:38:17.152 [Test worker] DEBUG io.yggdrash.contract.yeed.YeedContract - TransferYeed YEED 447000000000000000000000
12:38:17.152 [Test worker] DEBUG io.yggdrash.contract.yeed.YeedContract - PI Fee 100000000000000000
12:38:17.152 [Test worker] DEBUG io.yggdrash.contract.yeed.InterChainProcessTest - Remain YEED : 92799000100000000000000000
12:38:17.152 [Test worker] DEBUG io.yggdrash.contract.yeed.InterChainProcessTest - Send Eth 64
12:38:17.159 [Test worker] DEBUG io.yggdrash.contract.yeed.YeedContract - Ratio : 10000
12:38:17.159 [Test worker] DEBUG io.yggdrash.contract.yeed.YeedContract - transferYeed : 642000000000000000000000
12:38:17.159 [Test worker] DEBUG io.yggdrash.contract.yeed.YeedContract - Confirm Id : 2e19579844790e05230a484445237be8ef2dad8165e89ed2072244ba23d506fd
12:38:17.159 [Test worker] DEBUG io.yggdrash.contract.yeed.YeedContract - ProposeId : 3d501aaef5eefc10550b12a341910cbfa16bfed94dbc9892fefb27a1e9ae902c (ProposeKey=pis-3d501aaef5eefc10550b12a341910cbfa16bfed94dbc9892fefb27a1e9ae902c) is PROCESSING
12:38:17.159 [Test worker] DEBUG io.yggdrash.contract.yeed.YeedContract - TxConfirm ProposeId :  3d501aaef5eefc10550b12a341910cbfa16bfed94dbc9892fefb27a1e9ae902c
12:38:17.159 [Test worker] DEBUG io.yggdrash.contract.yeed.YeedContract - TxConfirm Status : VALIDATE_REQUIRE
12:38:17.160 [Test worker] DEBUG io.yggdrash.contract.yeed.YeedContract - Propose require block height : 100000 
12:38:17.160 [Test worker] DEBUG io.yggdrash.contract.yeed.YeedContract - TxConfirm block height : 100010 
12:38:17.160 [Test worker] DEBUG io.yggdrash.contract.yeed.YeedContract - CheckBlockHeight : true
12:38:17.160 [Test worker] DEBUG io.yggdrash.contract.yeed.YeedContract - Stake YEED 92799000000000000000000000
12:38:17.160 [Test worker] DEBUG io.yggdrash.contract.yeed.YeedContract - TransferYeed YEED 642000000000000000000000
12:38:17.160 [Test worker] DEBUG io.yggdrash.contract.yeed.YeedContract - PI Fee 100000000000000000
12:38:17.160 [Test worker] DEBUG io.yggdrash.contract.yeed.InterChainProcessTest - Remain YEED : 92157000100000000000000000
12:38:17.160 [Test worker] DEBUG io.yggdrash.contract.yeed.InterChainProcessTest - Send Eth 59
12:38:17.166 [Test worker] DEBUG io.yggdrash.contract.yeed.YeedContract - Ratio : 10000
12:38:17.166 [Test worker] DEBUG io.yggdrash.contract.yeed.YeedContract - transferYeed : 597000000000000000000000
12:38:17.166 [Test worker] DEBUG io.yggdrash.contract.yeed.YeedContract - Confirm Id : 23e41a5cc5419ff461553dcb4bee1b472e32a6276979d8079fc2d6b18326dc18
12:38:17.166 [Test worker] DEBUG io.yggdrash.contract.yeed.YeedContract - ProposeId : 3d501aaef5eefc10550b12a341910cbfa16bfed94dbc9892fefb27a1e9ae902c (ProposeKey=pis-3d501aaef5eefc10550b12a341910cbfa16bfed94dbc9892fefb27a1e9ae902c) is PROCESSING
12:38:17.166 [Test worker] DEBUG io.yggdrash.contract.yeed.YeedContract - TxConfirm ProposeId :  3d501aaef5eefc10550b12a341910cbfa16bfed94dbc9892fefb27a1e9ae902c
12:38:17.166 [Test worker] DEBUG io.yggdrash.contract.yeed.YeedContract - TxConfirm Status : VALIDATE_REQUIRE
12:38:17.166 [Test worker] DEBUG io.yggdrash.contract.yeed.YeedContract - Propose require block height : 100000 
12:38:17.166 [Test worker] DEBUG io.yggdrash.contract.yeed.YeedContract - TxConfirm block height : 100010 
12:38:17.166 [Test worker] DEBUG io.yggdrash.contract.yeed.YeedContract - CheckBlockHeight : true
12:38:17.166 [Test worker] DEBUG io.yggdrash.contract.yeed.YeedContract - Stake YEED 92157000000000000000000000
12:38:17.166 [Test worker] DEBUG io.yggdrash.contract.yeed.YeedContract - TransferYeed YEED 597000000000000000000000
12:38:17.166 [Test worker] DEBUG io.yggdrash.contract.yeed.YeedContract - PI Fee 100000000000000000
12:38:17.167 [Test worker] DEBUG io.yggdrash.contract.yeed.InterChainProcessTest - Remain YEED : 91560000100000000000000000
12:38:17.167 [Test worker] DEBUG io.yggdrash.contract.yeed.InterChainProcessTest - Send Eth 84
12:38:17.173 [Test worker] DEBUG io.yggdrash.contract.yeed.YeedContract - Ratio : 10000
12:38:17.174 [Test worker] DEBUG io.yggdrash.contract.yeed.YeedContract - transferYeed : 849000000000000000000000
12:38:17.174 [Test worker] DEBUG io.yggdrash.contract.yeed.YeedContract - Confirm Id : 38b763d8ac083997d066b67653ea528da4408503d777c7db0508eecee3a38509
12:38:17.174 [Test worker] DEBUG io.yggdrash.contract.yeed.YeedContract - ProposeId : 3d501aaef5eefc10550b12a341910cbfa16bfed94dbc9892fefb27a1e9ae902c (ProposeKey=pis-3d501aaef5eefc10550b12a341910cbfa16bfed94dbc9892fefb27a1e9ae902c) is PROCESSING
12:38:17.174 [Test worker] DEBUG io.yggdrash.contract.yeed.YeedContract - TxConfirm ProposeId :  3d501aaef5eefc10550b12a341910cbfa16bfed94dbc9892fefb27a1e9ae902c
12:38:17.174 [Test worker] DEBUG io.yggdrash.contract.yeed.YeedContract - TxConfirm Status : VALIDATE_REQUIRE
12:38:17.174 [Test worker] DEBUG io.yggdrash.contract.yeed.YeedContract - Propose require block height : 100000 
12:38:17.174 [Test worker] DEBUG io.yggdrash.contract.yeed.YeedContract - TxConfirm block height : 100010 
12:38:17.174 [Test worker] DEBUG io.yggdrash.contract.yeed.YeedContract - CheckBlockHeight : true
12:38:17.174 [Test worker] DEBUG io.yggdrash.contract.yeed.YeedContract - Stake YEED 91560000000000000000000000
12:38:17.174 [Test worker] DEBUG io.yggdrash.contract.yeed.YeedContract - TransferYeed YEED 849000000000000000000000
12:38:17.174 [Test worker] DEBUG io.yggdrash.contract.yeed.YeedContract - PI Fee 100000000000000000
12:38:17.174 [Test worker] DEBUG io.yggdrash.contract.yeed.InterChainProcessTest - Remain YEED : 90711000100000000000000000
12:38:17.174 [Test worker] DEBUG io.yggdrash.contract.yeed.InterChainProcessTest - Send Eth 28
12:38:17.179 [Test worker] DEBUG io.yggdrash.contract.yeed.YeedContract - Ratio : 10000
12:38:17.179 [Test worker] DEBUG io.yggdrash.contract.yeed.YeedContract - transferYeed : 288000000000000000000000
12:38:17.179 [Test worker] DEBUG io.yggdrash.contract.yeed.YeedContract - Confirm Id : 288d91d0dcf1a2dc6c782165a16982465a53a3284a81e88f62668a2b137062a5
12:38:17.179 [Test worker] DEBUG io.yggdrash.contract.yeed.YeedContract - ProposeId : 3d501aaef5eefc10550b12a341910cbfa16bfed94dbc9892fefb27a1e9ae902c (ProposeKey=pis-3d501aaef5eefc10550b12a341910cbfa16bfed94dbc9892fefb27a1e9ae902c) is PROCESSING
12:38:17.179 [Test worker] DEBUG io.yggdrash.contract.yeed.YeedContract - TxConfirm ProposeId :  3d501aaef5eefc10550b12a341910cbfa16bfed94dbc9892fefb27a1e9ae902c
12:38:17.179 [Test worker] DEBUG io.yggdrash.contract.yeed.YeedContract - TxConfirm Status : VALIDATE_REQUIRE
12:38:17.179 [Test worker] DEBUG io.yggdrash.contract.yeed.YeedContract - Propose require block height : 100000 
12:38:17.179 [Test worker] DEBUG io.yggdrash.contract.yeed.YeedContract - TxConfirm block height : 100010 
12:38:17.179 [Test worker] DEBUG io.yggdrash.contract.yeed.YeedContract - CheckBlockHeight : true
12:38:17.179 [Test worker] DEBUG io.yggdrash.contract.yeed.YeedContract - Stake YEED 90711000000000000000000000
12:38:17.180 [Test worker] DEBUG io.yggdrash.contract.yeed.YeedContract - TransferYeed YEED 288000000000000000000000
12:38:17.180 [Test worker] DEBUG io.yggdrash.contract.yeed.YeedContract - PI Fee 100000000000000000
12:38:17.180 [Test worker] DEBUG io.yggdrash.contract.yeed.InterChainProcessTest - Remain YEED : 90423000100000000000000000
12:38:17.180 [Test worker] DEBUG io.yggdrash.contract.yeed.InterChainProcessTest - Send Eth 47
12:38:17.188 [Test worker] DEBUG io.yggdrash.contract.yeed.YeedContract - Ratio : 10000
12:38:17.188 [Test worker] DEBUG io.yggdrash.contract.yeed.YeedContract - transferYeed : 473000000000000000000000
12:38:17.188 [Test worker] DEBUG io.yggdrash.contract.yeed.YeedContract - Confirm Id : b13beed2ad884a3e185fe7a4e8679a86f355172eda4256f9d81cb474043c7fd2
12:38:17.188 [Test worker] DEBUG io.yggdrash.contract.yeed.YeedContract - ProposeId : 3d501aaef5eefc10550b12a341910cbfa16bfed94dbc9892fefb27a1e9ae902c (ProposeKey=pis-3d501aaef5eefc10550b12a341910cbfa16bfed94dbc9892fefb27a1e9ae902c) is PROCESSING
12:38:17.188 [Test worker] DEBUG io.yggdrash.contract.yeed.YeedContract - TxConfirm ProposeId :  3d501aaef5eefc10550b12a341910cbfa16bfed94dbc9892fefb27a1e9ae902c
12:38:17.188 [Test worker] DEBUG io.yggdrash.contract.yeed.YeedContract - TxConfirm Status : VALIDATE_REQUIRE
12:38:17.188 [Test worker] DEBUG io.yggdrash.contract.yeed.YeedContract - Propose require block height : 100000 
12:38:17.188 [Test worker] DEBUG io.yggdrash.contract.yeed.YeedContract - TxConfirm block height : 100010 
12:38:17.189 [Test worker] DEBUG io.yggdrash.contract.yeed.YeedContract - CheckBlockHeight : true
12:38:17.189 [Test worker] DEBUG io.yggdrash.contract.yeed.YeedContract - Stake YEED 90423000000000000000000000
12:38:17.189 [Test worker] DEBUG io.yggdrash.contract.yeed.YeedContract - TransferYeed YEED 473000000000000000000000
12:38:17.189 [Test worker] DEBUG io.yggdrash.contract.yeed.YeedContract - PI Fee 100000000000000000
12:38:17.189 [Test worker] DEBUG io.yggdrash.contract.yeed.InterChainProcessTest - Remain YEED : 89950000100000000000000000
12:38:17.189 [Test worker] DEBUG io.yggdrash.contract.yeed.InterChainProcessTest - Send Eth 13
12:38:17.194 [Test worker] DEBUG io.yggdrash.contract.yeed.YeedContract - Ratio : 10000
12:38:17.194 [Test worker] DEBUG io.yggdrash.contract.yeed.YeedContract - transferYeed : 132000000000000000000000
12:38:17.194 [Test worker] DEBUG io.yggdrash.contract.yeed.YeedContract - Confirm Id : e1c7be6be9b4401249e3c395068bc23dd45d9a23ab2af4e9f3ea965dc251c5c7
12:38:17.194 [Test worker] DEBUG io.yggdrash.contract.yeed.YeedContract - ProposeId : 3d501aaef5eefc10550b12a341910cbfa16bfed94dbc9892fefb27a1e9ae902c (ProposeKey=pis-3d501aaef5eefc10550b12a341910cbfa16bfed94dbc9892fefb27a1e9ae902c) is PROCESSING
12:38:17.195 [Test worker] DEBUG io.yggdrash.contract.yeed.YeedContract - TxConfirm ProposeId :  3d501aaef5eefc10550b12a341910cbfa16bfed94dbc9892fefb27a1e9ae902c
12:38:17.195 [Test worker] DEBUG io.yggdrash.contract.yeed.YeedContract - TxConfirm Status : VALIDATE_REQUIRE
12:38:17.195 [Test worker] DEBUG io.yggdrash.contract.yeed.YeedContract - Propose require block height : 100000 
12:38:17.195 [Test worker] DEBUG io.yggdrash.contract.yeed.YeedContract - TxConfirm block height : 100010 
12:38:17.195 [Test worker] DEBUG io.yggdrash.contract.yeed.YeedContract - CheckBlockHeight : true
12:38:17.195 [Test worker] DEBUG io.yggdrash.contract.yeed.YeedContract - Stake YEED 89950000000000000000000000
12:38:17.195 [Test worker] DEBUG io.yggdrash.contract.yeed.YeedContract - TransferYeed YEED 132000000000000000000000
12:38:17.195 [Test worker] DEBUG io.yggdrash.contract.yeed.YeedContract - PI Fee 100000000000000000
12:38:17.195 [Test worker] DEBUG io.yggdrash.contract.yeed.InterChainProcessTest - Remain YEED : 89818000100000000000000000
12:38:17.195 [Test worker] DEBUG io.yggdrash.contract.yeed.InterChainProcessTest - Send Eth 69
12:38:17.199 [Test worker] DEBUG io.yggdrash.contract.yeed.YeedContract - Ratio : 10000
12:38:17.199 [Test worker] DEBUG io.yggdrash.contract.yeed.YeedContract - transferYeed : 691000000000000000000000
12:38:17.199 [Test worker] DEBUG io.yggdrash.contract.yeed.YeedContract - Confirm Id : dc3f133fd987dc7811d7901b568462c3b57af2cf3806e05a5868b0f452f46421
12:38:17.199 [Test worker] DEBUG io.yggdrash.contract.yeed.YeedContract - ProposeId : 3d501aaef5eefc10550b12a341910cbfa16bfed94dbc9892fefb27a1e9ae902c (ProposeKey=pis-3d501aaef5eefc10550b12a341910cbfa16bfed94dbc9892fefb27a1e9ae902c) is PROCESSING
12:38:17.199 [Test worker] DEBUG io.yggdrash.contract.yeed.YeedContract - TxConfirm ProposeId :  3d501aaef5eefc10550b12a341910cbfa16bfed94dbc9892fefb27a1e9ae902c
12:38:17.199 [Test worker] DEBUG io.yggdrash.contract.yeed.YeedContract - TxConfirm Status : VALIDATE_REQUIRE
12:38:17.199 [Test worker] DEBUG io.yggdrash.contract.yeed.YeedContract - Propose require block height : 100000 
12:38:17.200 [Test worker] DEBUG io.yggdrash.contract.yeed.YeedContract - TxConfirm block height : 100010 
12:38:17.200 [Test worker] DEBUG io.yggdrash.contract.yeed.YeedContract - CheckBlockHeight : true
12:38:17.200 [Test worker] DEBUG io.yggdrash.contract.yeed.YeedContract - Stake YEED 89818000000000000000000000
12:38:17.200 [Test worker] DEBUG io.yggdrash.contract.yeed.YeedContract - TransferYeed YEED 691000000000000000000000
12:38:17.200 [Test worker] DEBUG io.yggdrash.contract.yeed.YeedContract - PI Fee 100000000000000000
12:38:17.200 [Test worker] DEBUG io.yggdrash.contract.yeed.InterChainProcessTest - Remain YEED : 89127000100000000000000000
12:38:17.200 [Test worker] DEBUG io.yggdrash.contract.yeed.InterChainProcessTest - Send Eth 88
12:38:17.205 [Test worker] DEBUG io.yggdrash.contract.yeed.YeedContract - Ratio : 10000
12:38:17.205 [Test worker] DEBUG io.yggdrash.contract.yeed.YeedContract - transferYeed : 885000000000000000000000
12:38:17.205 [Test worker] DEBUG io.yggdrash.contract.yeed.YeedContract - Confirm Id : 62463e2fb5557518b63cc6f1063b9c6d368281721ffa24528bac214b257999b7
12:38:17.205 [Test worker] DEBUG io.yggdrash.contract.yeed.YeedContract - ProposeId : 3d501aaef5eefc10550b12a341910cbfa16bfed94dbc9892fefb27a1e9ae902c (ProposeKey=pis-3d501aaef5eefc10550b12a341910cbfa16bfed94dbc9892fefb27a1e9ae902c) is PROCESSING
12:38:17.206 [Test worker] DEBUG io.yggdrash.contract.yeed.YeedContract - TxConfirm ProposeId :  3d501aaef5eefc10550b12a341910cbfa16bfed94dbc9892fefb27a1e9ae902c
12:38:17.206 [Test worker] DEBUG io.yggdrash.contract.yeed.YeedContract - TxConfirm Status : VALIDATE_REQUIRE
12:38:17.206 [Test worker] DEBUG io.yggdrash.contract.yeed.YeedContract - Propose require block height : 100000 
12:38:17.206 [Test worker] DEBUG io.yggdrash.contract.yeed.YeedContract - TxConfirm block height : 100010 
12:38:17.206 [Test worker] DEBUG io.yggdrash.contract.yeed.YeedContract - CheckBlockHeight : true
12:38:17.206 [Test worker] DEBUG io.yggdrash.contract.yeed.YeedContract - Stake YEED 89127000000000000000000000
12:38:17.206 [Test worker] DEBUG io.yggdrash.contract.yeed.YeedContract - TransferYeed YEED 885000000000000000000000
12:38:17.206 [Test worker] DEBUG io.yggdrash.contract.yeed.YeedContract - PI Fee 100000000000000000
12:38:17.206 [Test worker] DEBUG io.yggdrash.contract.yeed.InterChainProcessTest - Remain YEED : 88242000100000000000000000
12:38:17.206 [Test worker] DEBUG io.yggdrash.contract.yeed.InterChainProcessTest - Send Eth 68
12:38:17.217 [Test worker] DEBUG io.yggdrash.contract.yeed.YeedContract - Ratio : 10000
12:38:17.217 [Test worker] DEBUG io.yggdrash.contract.yeed.YeedContract - transferYeed : 681000000000000000000000
12:38:17.217 [Test worker] DEBUG io.yggdrash.contract.yeed.YeedContract - Confirm Id : 144efb37d8cb795602f41290a561148bea6d0ceb2975fb3e7da6cfc3ee436773
12:38:17.217 [Test worker] DEBUG io.yggdrash.contract.yeed.YeedContract - ProposeId : 3d501aaef5eefc10550b12a341910cbfa16bfed94dbc9892fefb27a1e9ae902c (ProposeKey=pis-3d501aaef5eefc10550b12a341910cbfa16bfed94dbc9892fefb27a1e9ae902c) is PROCESSING
12:38:17.217 [Test worker] DEBUG io.yggdrash.contract.yeed.YeedContract - TxConfirm ProposeId :  3d501aaef5eefc10550b12a341910cbfa16bfed94dbc9892fefb27a1e9ae902c
12:38:17.217 [Test worker] DEBUG io.yggdrash.contract.yeed.YeedContract - TxConfirm Status : VALIDATE_REQUIRE
12:38:17.218 [Test worker] DEBUG io.yggdrash.contract.yeed.YeedContract - Propose require block height : 100000 
12:38:17.218 [Test worker] DEBUG io.yggdrash.contract.yeed.YeedContract - TxConfirm block height : 100010 
12:38:17.218 [Test worker] DEBUG io.yggdrash.contract.yeed.YeedContract - CheckBlockHeight : true
12:38:17.218 [Test worker] DEBUG io.yggdrash.contract.yeed.YeedContract - Stake YEED 88242000000000000000000000
12:38:17.218 [Test worker] DEBUG io.yggdrash.contract.yeed.YeedContract - TransferYeed YEED 681000000000000000000000
12:38:17.218 [Test worker] DEBUG io.yggdrash.contract.yeed.YeedContract - PI Fee 100000000000000000
12:38:17.218 [Test worker] DEBUG io.yggdrash.contract.yeed.InterChainProcessTest - Remain YEED : 87561000100000000000000000
12:38:17.218 [Test worker] DEBUG io.yggdrash.contract.yeed.InterChainProcessTest - Send Eth 86
12:38:17.224 [Test worker] DEBUG io.yggdrash.contract.yeed.YeedContract - Ratio : 10000
12:38:17.224 [Test worker] DEBUG io.yggdrash.contract.yeed.YeedContract - transferYeed : 864000000000000000000000
12:38:17.224 [Test worker] DEBUG io.yggdrash.contract.yeed.YeedContract - Confirm Id : cdcdea4763b91f25d29629e3c638cb46e93a0120dc1a986972742cf2a68ca9a1
12:38:17.225 [Test worker] DEBUG io.yggdrash.contract.yeed.YeedContract - ProposeId : 3d501aaef5eefc10550b12a341910cbfa16bfed94dbc9892fefb27a1e9ae902c (ProposeKey=pis-3d501aaef5eefc10550b12a341910cbfa16bfed94dbc9892fefb27a1e9ae902c) is PROCESSING
12:38:17.225 [Test worker] DEBUG io.yggdrash.contract.yeed.YeedContract - TxConfirm ProposeId :  3d501aaef5eefc10550b12a341910cbfa16bfed94dbc9892fefb27a1e9ae902c
12:38:17.225 [Test worker] DEBUG io.yggdrash.contract.yeed.YeedContract - TxConfirm Status : VALIDATE_REQUIRE
12:38:17.225 [Test worker] DEBUG io.yggdrash.contract.yeed.YeedContract - Propose require block height : 100000 
12:38:17.225 [Test worker] DEBUG io.yggdrash.contract.yeed.YeedContract - TxConfirm block height : 100010 
12:38:17.225 [Test worker] DEBUG io.yggdrash.contract.yeed.YeedContract - CheckBlockHeight : true
12:38:17.225 [Test worker] DEBUG io.yggdrash.contract.yeed.YeedContract - Stake YEED 87561000000000000000000000
12:38:17.225 [Test worker] DEBUG io.yggdrash.contract.yeed.YeedContract - TransferYeed YEED 864000000000000000000000
12:38:17.225 [Test worker] DEBUG io.yggdrash.contract.yeed.YeedContract - PI Fee 100000000000000000
12:38:17.225 [Test worker] DEBUG io.yggdrash.contract.yeed.InterChainProcessTest - Remain YEED : 86697000100000000000000000
12:38:17.225 [Test worker] DEBUG io.yggdrash.contract.yeed.InterChainProcessTest - Send Eth 72
12:38:17.231 [Test worker] DEBUG io.yggdrash.contract.yeed.YeedContract - Ratio : 10000
12:38:17.231 [Test worker] DEBUG io.yggdrash.contract.yeed.YeedContract - transferYeed : 723000000000000000000000
12:38:17.231 [Test worker] DEBUG io.yggdrash.contract.yeed.YeedContract - Confirm Id : 59d24d484de6dafa8ccbe2da0778c663acbc02b04d3ab4fa5a170ab759e49762
12:38:17.231 [Test worker] DEBUG io.yggdrash.contract.yeed.YeedContract - ProposeId : 3d501aaef5eefc10550b12a341910cbfa16bfed94dbc9892fefb27a1e9ae902c (ProposeKey=pis-3d501aaef5eefc10550b12a341910cbfa16bfed94dbc9892fefb27a1e9ae902c) is PROCESSING
12:38:17.231 [Test worker] DEBUG io.yggdrash.contract.yeed.YeedContract - TxConfirm ProposeId :  3d501aaef5eefc10550b12a341910cbfa16bfed94dbc9892fefb27a1e9ae902c
12:38:17.231 [Test worker] DEBUG io.yggdrash.contract.yeed.YeedContract - TxConfirm Status : VALIDATE_REQUIRE
12:38:17.231 [Test worker] DEBUG io.yggdrash.contract.yeed.YeedContract - Propose require block height : 100000 
12:38:17.231 [Test worker] DEBUG io.yggdrash.contract.yeed.YeedContract - TxConfirm block height : 100010 
12:38:17.231 [Test worker] DEBUG io.yggdrash.contract.yeed.YeedContract - CheckBlockHeight : true
12:38:17.231 [Test worker] DEBUG io.yggdrash.contract.yeed.YeedContract - Stake YEED 86697000000000000000000000
12:38:17.231 [Test worker] DEBUG io.yggdrash.contract.yeed.YeedContract - TransferYeed YEED 723000000000000000000000
12:38:17.231 [Test worker] DEBUG io.yggdrash.contract.yeed.YeedContract - PI Fee 100000000000000000
12:38:17.231 [Test worker] DEBUG io.yggdrash.contract.yeed.InterChainProcessTest - Remain YEED : 85974000100000000000000000
12:38:17.231 [Test worker] DEBUG io.yggdrash.contract.yeed.InterChainProcessTest - Send Eth 90
12:38:17.236 [Test worker] DEBUG io.yggdrash.contract.yeed.YeedContract - Ratio : 10000
12:38:17.236 [Test worker] DEBUG io.yggdrash.contract.yeed.YeedContract - transferYeed : 906000000000000000000000
12:38:17.236 [Test worker] DEBUG io.yggdrash.contract.yeed.YeedContract - Confirm Id : 263292ae4f0a6e44ed7551ea1ff42c95212260bc2c6c432bc8e2deebb4aef00b
12:38:17.236 [Test worker] DEBUG io.yggdrash.contract.yeed.YeedContract - ProposeId : 3d501aaef5eefc10550b12a341910cbfa16bfed94dbc9892fefb27a1e9ae902c (ProposeKey=pis-3d501aaef5eefc10550b12a341910cbfa16bfed94dbc9892fefb27a1e9ae902c) is PROCESSING
12:38:17.236 [Test worker] DEBUG io.yggdrash.contract.yeed.YeedContract - TxConfirm ProposeId :  3d501aaef5eefc10550b12a341910cbfa16bfed94dbc9892fefb27a1e9ae902c
12:38:17.237 [Test worker] DEBUG io.yggdrash.contract.yeed.YeedContract - TxConfirm Status : VALIDATE_REQUIRE
12:38:17.237 [Test worker] DEBUG io.yggdrash.contract.yeed.YeedContract - Propose require block height : 100000 
12:38:17.237 [Test worker] DEBUG io.yggdrash.contract.yeed.YeedContract - TxConfirm block height : 100010 
12:38:17.237 [Test worker] DEBUG io.yggdrash.contract.yeed.YeedContract - CheckBlockHeight : true
12:38:17.237 [Test worker] DEBUG io.yggdrash.contract.yeed.YeedContract - Stake YEED 85974000000000000000000000
12:38:17.237 [Test worker] DEBUG io.yggdrash.contract.yeed.YeedContract - TransferYeed YEED 906000000000000000000000
12:38:17.237 [Test worker] DEBUG io.yggdrash.contract.yeed.YeedContract - PI Fee 100000000000000000
12:38:17.237 [Test worker] DEBUG io.yggdrash.contract.yeed.InterChainProcessTest - Remain YEED : 85068000100000000000000000
12:38:17.237 [Test worker] DEBUG io.yggdrash.contract.yeed.InterChainProcessTest - Send Eth 58
12:38:17.241 [Test worker] DEBUG io.yggdrash.contract.yeed.YeedContract - Ratio : 10000
12:38:17.241 [Test worker] DEBUG io.yggdrash.contract.yeed.YeedContract - transferYeed : 584000000000000000000000
12:38:17.241 [Test worker] DEBUG io.yggdrash.contract.yeed.YeedContract - Confirm Id : 38007bff02b12c186128ad1a87eae5c091c14c8157274244bb94ba2d7ea19008
12:38:17.241 [Test worker] DEBUG io.yggdrash.contract.yeed.YeedContract - ProposeId : 3d501aaef5eefc10550b12a341910cbfa16bfed94dbc9892fefb27a1e9ae902c (ProposeKey=pis-3d501aaef5eefc10550b12a341910cbfa16bfed94dbc9892fefb27a1e9ae902c) is PROCESSING
12:38:17.242 [Test worker] DEBUG io.yggdrash.contract.yeed.YeedContract - TxConfirm ProposeId :  3d501aaef5eefc10550b12a341910cbfa16bfed94dbc9892fefb27a1e9ae902c
12:38:17.242 [Test worker] DEBUG io.yggdrash.contract.yeed.YeedContract - TxConfirm Status : VALIDATE_REQUIRE
12:38:17.242 [Test worker] DEBUG io.yggdrash.contract.yeed.YeedContract - Propose require block height : 100000 
12:38:17.242 [Test worker] DEBUG io.yggdrash.contract.yeed.YeedContract - TxConfirm block height : 100010 
12:38:17.242 [Test worker] DEBUG io.yggdrash.contract.yeed.YeedContract - CheckBlockHeight : true
12:38:17.242 [Test worker] DEBUG io.yggdrash.contract.yeed.YeedContract - Stake YEED 85068000000000000000000000
12:38:17.242 [Test worker] DEBUG io.yggdrash.contract.yeed.YeedContract - TransferYeed YEED 584000000000000000000000
12:38:17.242 [Test worker] DEBUG io.yggdrash.contract.yeed.YeedContract - PI Fee 100000000000000000
12:38:17.242 [Test worker] DEBUG io.yggdrash.contract.yeed.InterChainProcessTest - Remain YEED : 84484000100000000000000000
12:38:17.242 [Test worker] DEBUG io.yggdrash.contract.yeed.InterChainProcessTest - Send Eth 11
12:38:17.248 [Test worker] DEBUG io.yggdrash.contract.yeed.YeedContract - Ratio : 10000
12:38:17.248 [Test worker] DEBUG io.yggdrash.contract.yeed.YeedContract - transferYeed : 117000000000000000000000
12:38:17.248 [Test worker] DEBUG io.yggdrash.contract.yeed.YeedContract - Confirm Id : eca274010dfb64a47f8e22c51c788c04be672443d6a7e7f5ddb0cbc382d35d1d
12:38:17.248 [Test worker] DEBUG io.yggdrash.contract.yeed.YeedContract - ProposeId : 3d501aaef5eefc10550b12a341910cbfa16bfed94dbc9892fefb27a1e9ae902c (ProposeKey=pis-3d501aaef5eefc10550b12a341910cbfa16bfed94dbc9892fefb27a1e9ae902c) is PROCESSING
12:38:17.248 [Test worker] DEBUG io.yggdrash.contract.yeed.YeedContract - TxConfirm ProposeId :  3d501aaef5eefc10550b12a341910cbfa16bfed94dbc9892fefb27a1e9ae902c
12:38:17.248 [Test worker] DEBUG io.yggdrash.contract.yeed.YeedContract - TxConfirm Status : VALIDATE_REQUIRE
12:38:17.248 [Test worker] DEBUG io.yggdrash.contract.yeed.YeedContract - Propose require block height : 100000 
12:38:17.248 [Test worker] DEBUG io.yggdrash.contract.yeed.YeedContract - TxConfirm block height : 100010 
12:38:17.248 [Test worker] DEBUG io.yggdrash.contract.yeed.YeedContract - CheckBlockHeight : true
12:38:17.248 [Test worker] DEBUG io.yggdrash.contract.yeed.YeedContract - Stake YEED 84484000000000000000000000
12:38:17.248 [Test worker] DEBUG io.yggdrash.contract.yeed.YeedContract - TransferYeed YEED 117000000000000000000000
12:38:17.248 [Test worker] DEBUG io.yggdrash.contract.yeed.YeedContract - PI Fee 100000000000000000
12:38:17.249 [Test worker] DEBUG io.yggdrash.contract.yeed.InterChainProcessTest - Remain YEED : 84367000100000000000000000
12:38:17.249 [Test worker] DEBUG io.yggdrash.contract.yeed.InterChainProcessTest - Send Eth 2
12:38:17.253 [Test worker] DEBUG io.yggdrash.contract.yeed.YeedContract - Ratio : 10000
12:38:17.253 [Test worker] DEBUG io.yggdrash.contract.yeed.YeedContract - transferYeed : 24000000000000000000000
12:38:17.253 [Test worker] DEBUG io.yggdrash.contract.yeed.YeedContract - Confirm Id : dc2b1c04268ae3aea1074367b2511a37ba47d9c31a93f510c6c905eb26de6490
12:38:17.253 [Test worker] DEBUG io.yggdrash.contract.yeed.YeedContract - ProposeId : 3d501aaef5eefc10550b12a341910cbfa16bfed94dbc9892fefb27a1e9ae902c (ProposeKey=pis-3d501aaef5eefc10550b12a341910cbfa16bfed94dbc9892fefb27a1e9ae902c) is PROCESSING
12:38:17.253 [Test worker] DEBUG io.yggdrash.contract.yeed.YeedContract - TxConfirm ProposeId :  3d501aaef5eefc10550b12a341910cbfa16bfed94dbc9892fefb27a1e9ae902c
12:38:17.253 [Test worker] DEBUG io.yggdrash.contract.yeed.YeedContract - TxConfirm Status : VALIDATE_REQUIRE
12:38:17.253 [Test worker] DEBUG io.yggdrash.contract.yeed.YeedContract - Propose require block height : 100000 
12:38:17.253 [Test worker] DEBUG io.yggdrash.contract.yeed.YeedContract - TxConfirm block height : 100010 
12:38:17.253 [Test worker] DEBUG io.yggdrash.contract.yeed.YeedContract - CheckBlockHeight : true
12:38:17.253 [Test worker] DEBUG io.yggdrash.contract.yeed.YeedContract - Stake YEED 84367000000000000000000000
12:38:17.253 [Test worker] DEBUG io.yggdrash.contract.yeed.YeedContract - TransferYeed YEED 24000000000000000000000
12:38:17.253 [Test worker] DEBUG io.yggdrash.contract.yeed.YeedContract - PI Fee 100000000000000000
12:38:17.253 [Test worker] DEBUG io.yggdrash.contract.yeed.InterChainProcessTest - Remain YEED : 84343000100000000000000000
12:38:17.253 [Test worker] DEBUG io.yggdrash.contract.yeed.InterChainProcessTest - Send Eth 51
12:38:17.259 [Test worker] DEBUG io.yggdrash.contract.yeed.YeedContract - Ratio : 10000
12:38:17.259 [Test worker] DEBUG io.yggdrash.contract.yeed.YeedContract - transferYeed : 517000000000000000000000
12:38:17.259 [Test worker] DEBUG io.yggdrash.contract.yeed.YeedContract - Confirm Id : c418a3abd4d109871e6e32be75db07ec01bbd7859458766d78a247cd9c8af07d
12:38:17.259 [Test worker] DEBUG io.yggdrash.contract.yeed.YeedContract - ProposeId : 3d501aaef5eefc10550b12a341910cbfa16bfed94dbc9892fefb27a1e9ae902c (ProposeKey=pis-3d501aaef5eefc10550b12a341910cbfa16bfed94dbc9892fefb27a1e9ae902c) is PROCESSING
12:38:17.259 [Test worker] DEBUG io.yggdrash.contract.yeed.YeedContract - TxConfirm ProposeId :  3d501aaef5eefc10550b12a341910cbfa16bfed94dbc9892fefb27a1e9ae902c
12:38:17.260 [Test worker] DEBUG io.yggdrash.contract.yeed.YeedContract - TxConfirm Status : VALIDATE_REQUIRE
12:38:17.260 [Test worker] DEBUG io.yggdrash.contract.yeed.YeedContract - Propose require block height : 100000 
12:38:17.260 [Test worker] DEBUG io.yggdrash.contract.yeed.YeedContract - TxConfirm block height : 100010 
12:38:17.260 [Test worker] DEBUG io.yggdrash.contract.yeed.YeedContract - CheckBlockHeight : true
12:38:17.260 [Test worker] DEBUG io.yggdrash.contract.yeed.YeedContract - Stake YEED 84343000000000000000000000
12:38:17.260 [Test worker] DEBUG io.yggdrash.contract.yeed.YeedContract - TransferYeed YEED 517000000000000000000000
12:38:17.260 [Test worker] DEBUG io.yggdrash.contract.yeed.YeedContract - PI Fee 100000000000000000
12:38:17.260 [Test worker] DEBUG io.yggdrash.contract.yeed.InterChainProcessTest - Remain YEED : 83826000100000000000000000
12:38:17.260 [Test worker] DEBUG io.yggdrash.contract.yeed.InterChainProcessTest - Send Eth 3
12:38:17.265 [Test worker] DEBUG io.yggdrash.contract.yeed.YeedContract - Ratio : 10000
12:38:17.265 [Test worker] DEBUG io.yggdrash.contract.yeed.YeedContract - transferYeed : 38000000000000000000000
12:38:17.265 [Test worker] DEBUG io.yggdrash.contract.yeed.YeedContract - Confirm Id : 73c6e201854e5096440a9f68d8309b435600b73e570d624dfbb4eca78f370678
12:38:17.266 [Test worker] DEBUG io.yggdrash.contract.yeed.YeedContract - ProposeId : 3d501aaef5eefc10550b12a341910cbfa16bfed94dbc9892fefb27a1e9ae902c (ProposeKey=pis-3d501aaef5eefc10550b12a341910cbfa16bfed94dbc9892fefb27a1e9ae902c) is PROCESSING
12:38:17.266 [Test worker] DEBUG io.yggdrash.contract.yeed.YeedContract - TxConfirm ProposeId :  3d501aaef5eefc10550b12a341910cbfa16bfed94dbc9892fefb27a1e9ae902c
12:38:17.266 [Test worker] DEBUG io.yggdrash.contract.yeed.YeedContract - TxConfirm Status : VALIDATE_REQUIRE
12:38:17.266 [Test worker] DEBUG io.yggdrash.contract.yeed.YeedContract - Propose require block height : 100000 
12:38:17.266 [Test worker] DEBUG io.yggdrash.contract.yeed.YeedContract - TxConfirm block height : 100010 
12:38:17.266 [Test worker] DEBUG io.yggdrash.contract.yeed.YeedContract - CheckBlockHeight : true
12:38:17.266 [Test worker] DEBUG io.yggdrash.contract.yeed.YeedContract - Stake YEED 83826000000000000000000000
12:38:17.266 [Test worker] DEBUG io.yggdrash.contract.yeed.YeedContract - TransferYeed YEED 38000000000000000000000
12:38:17.266 [Test worker] DEBUG io.yggdrash.contract.yeed.YeedContract - PI Fee 100000000000000000
12:38:17.266 [Test worker] DEBUG io.yggdrash.contract.yeed.InterChainProcessTest - Remain YEED : 83788000100000000000000000
12:38:17.266 [Test worker] DEBUG io.yggdrash.contract.yeed.InterChainProcessTest - Send Eth 53
12:38:17.271 [Test worker] DEBUG io.yggdrash.contract.yeed.YeedContract - Ratio : 10000
12:38:17.271 [Test worker] DEBUG io.yggdrash.contract.yeed.YeedContract - transferYeed : 538000000000000000000000
12:38:17.271 [Test worker] DEBUG io.yggdrash.contract.yeed.YeedContract - Confirm Id : 69ddd35624dcccac43e1adb7573289e9ff379d0d8faaaa709767ac42c668c96e
12:38:17.271 [Test worker] DEBUG io.yggdrash.contract.yeed.YeedContract - ProposeId : 3d501aaef5eefc10550b12a341910cbfa16bfed94dbc9892fefb27a1e9ae902c (ProposeKey=pis-3d501aaef5eefc10550b12a341910cbfa16bfed94dbc9892fefb27a1e9ae902c) is PROCESSING
12:38:17.272 [Test worker] DEBUG io.yggdrash.contract.yeed.YeedContract - TxConfirm ProposeId :  3d501aaef5eefc10550b12a341910cbfa16bfed94dbc9892fefb27a1e9ae902c
12:38:17.272 [Test worker] DEBUG io.yggdrash.contract.yeed.YeedContract - TxConfirm Status : VALIDATE_REQUIRE
12:38:17.272 [Test worker] DEBUG io.yggdrash.contract.yeed.YeedContract - Propose require block height : 100000 
12:38:17.272 [Test worker] DEBUG io.yggdrash.contract.yeed.YeedContract - TxConfirm block height : 100010 
12:38:17.272 [Test worker] DEBUG io.yggdrash.contract.yeed.YeedContract - CheckBlockHeight : true
12:38:17.272 [Test worker] DEBUG io.yggdrash.contract.yeed.YeedContract - Stake YEED 83788000000000000000000000
12:38:17.272 [Test worker] DEBUG io.yggdrash.contract.yeed.YeedContract - TransferYeed YEED 538000000000000000000000
12:38:17.272 [Test worker] DEBUG io.yggdrash.contract.yeed.YeedContract - PI Fee 100000000000000000
12:38:17.272 [Test worker] DEBUG io.yggdrash.contract.yeed.InterChainProcessTest - Remain YEED : 83250000100000000000000000
12:38:17.272 [Test worker] DEBUG io.yggdrash.contract.yeed.InterChainProcessTest - Send Eth 33
12:38:17.276 [Test worker] DEBUG io.yggdrash.contract.yeed.YeedContract - Ratio : 10000
12:38:17.276 [Test worker] DEBUG io.yggdrash.contract.yeed.YeedContract - transferYeed : 336000000000000000000000
12:38:17.276 [Test worker] DEBUG io.yggdrash.contract.yeed.YeedContract - Confirm Id : 182ccc4bb7b48872e1574e264773dbdac89fe149532061b0f6257e08cab6424e
12:38:17.276 [Test worker] DEBUG io.yggdrash.contract.yeed.YeedContract - ProposeId : 3d501aaef5eefc10550b12a341910cbfa16bfed94dbc9892fefb27a1e9ae902c (ProposeKey=pis-3d501aaef5eefc10550b12a341910cbfa16bfed94dbc9892fefb27a1e9ae902c) is PROCESSING
12:38:17.276 [Test worker] DEBUG io.yggdrash.contract.yeed.YeedContract - TxConfirm ProposeId :  3d501aaef5eefc10550b12a341910cbfa16bfed94dbc9892fefb27a1e9ae902c
12:38:17.276 [Test worker] DEBUG io.yggdrash.contract.yeed.YeedContract - TxConfirm Status : VALIDATE_REQUIRE
12:38:17.276 [Test worker] DEBUG io.yggdrash.contract.yeed.YeedContract - Propose require block height : 100000 
12:38:17.276 [Test worker] DEBUG io.yggdrash.contract.yeed.YeedContract - TxConfirm block height : 100010 
12:38:17.276 [Test worker] DEBUG io.yggdrash.contract.yeed.YeedContract - CheckBlockHeight : true
12:38:17.276 [Test worker] DEBUG io.yggdrash.contract.yeed.YeedContract - Stake YEED 83250000000000000000000000
12:38:17.276 [Test worker] DEBUG io.yggdrash.contract.yeed.YeedContract - TransferYeed YEED 336000000000000000000000
12:38:17.276 [Test worker] DEBUG io.yggdrash.contract.yeed.YeedContract - PI Fee 100000000000000000
12:38:17.276 [Test worker] DEBUG io.yggdrash.contract.yeed.InterChainProcessTest - Remain YEED : 82914000100000000000000000
12:38:17.277 [Test worker] DEBUG io.yggdrash.contract.yeed.InterChainProcessTest - Send Eth 20
12:38:17.282 [Test worker] DEBUG io.yggdrash.contract.yeed.YeedContract - Ratio : 10000
12:38:17.282 [Test worker] DEBUG io.yggdrash.contract.yeed.YeedContract - transferYeed : 209000000000000000000000
12:38:17.282 [Test worker] DEBUG io.yggdrash.contract.yeed.YeedContract - Confirm Id : eedada4a0d5452c9b00bb0ae471bb816d3817b932b04934fae77cf2e31fec537
12:38:17.282 [Test worker] DEBUG io.yggdrash.contract.yeed.YeedContract - ProposeId : 3d501aaef5eefc10550b12a341910cbfa16bfed94dbc9892fefb27a1e9ae902c (ProposeKey=pis-3d501aaef5eefc10550b12a341910cbfa16bfed94dbc9892fefb27a1e9ae902c) is PROCESSING
12:38:17.282 [Test worker] DEBUG io.yggdrash.contract.yeed.YeedContract - TxConfirm ProposeId :  3d501aaef5eefc10550b12a341910cbfa16bfed94dbc9892fefb27a1e9ae902c
12:38:17.282 [Test worker] DEBUG io.yggdrash.contract.yeed.YeedContract - TxConfirm Status : VALIDATE_REQUIRE
12:38:17.282 [Test worker] DEBUG io.yggdrash.contract.yeed.YeedContract - Propose require block height : 100000 
12:38:17.282 [Test worker] DEBUG io.yggdrash.contract.yeed.YeedContract - TxConfirm block height : 100010 
12:38:17.282 [Test worker] DEBUG io.yggdrash.contract.yeed.YeedContract - CheckBlockHeight : true
12:38:17.282 [Test worker] DEBUG io.yggdrash.contract.yeed.YeedContract - Stake YEED 82914000000000000000000000
12:38:17.282 [Test worker] DEBUG io.yggdrash.contract.yeed.YeedContract - TransferYeed YEED 209000000000000000000000
12:38:17.282 [Test worker] DEBUG io.yggdrash.contract.yeed.YeedContract - PI Fee 100000000000000000
12:38:17.283 [Test worker] DEBUG io.yggdrash.contract.yeed.InterChainProcessTest - Remain YEED : 82705000100000000000000000
12:38:17.283 [Test worker] DEBUG io.yggdrash.contract.yeed.InterChainProcessTest - Send Eth 63
12:38:17.287 [Test worker] DEBUG io.yggdrash.contract.yeed.YeedContract - Ratio : 10000
12:38:17.287 [Test worker] DEBUG io.yggdrash.contract.yeed.YeedContract - transferYeed : 639000000000000000000000
12:38:17.287 [Test worker] DEBUG io.yggdrash.contract.yeed.YeedContract - Confirm Id : 3719b9f94aec1f4cacdff6b491fef38a0011bba28c36a0f6912c3710b0cf4ea8
12:38:17.287 [Test worker] DEBUG io.yggdrash.contract.yeed.YeedContract - ProposeId : 3d501aaef5eefc10550b12a341910cbfa16bfed94dbc9892fefb27a1e9ae902c (ProposeKey=pis-3d501aaef5eefc10550b12a341910cbfa16bfed94dbc9892fefb27a1e9ae902c) is PROCESSING
12:38:17.287 [Test worker] DEBUG io.yggdrash.contract.yeed.YeedContract - TxConfirm ProposeId :  3d501aaef5eefc10550b12a341910cbfa16bfed94dbc9892fefb27a1e9ae902c
12:38:17.287 [Test worker] DEBUG io.yggdrash.contract.yeed.YeedContract - TxConfirm Status : VALIDATE_REQUIRE
12:38:17.288 [Test worker] DEBUG io.yggdrash.contract.yeed.YeedContract - Propose require block height : 100000 
12:38:17.288 [Test worker] DEBUG io.yggdrash.contract.yeed.YeedContract - TxConfirm block height : 100010 
12:38:17.288 [Test worker] DEBUG io.yggdrash.contract.yeed.YeedContract - CheckBlockHeight : true
12:38:17.288 [Test worker] DEBUG io.yggdrash.contract.yeed.YeedContract - Stake YEED 82705000000000000000000000
12:38:17.288 [Test worker] DEBUG io.yggdrash.contract.yeed.YeedContract - TransferYeed YEED 639000000000000000000000
12:38:17.288 [Test worker] DEBUG io.yggdrash.contract.yeed.YeedContract - PI Fee 100000000000000000
12:38:17.288 [Test worker] DEBUG io.yggdrash.contract.yeed.InterChainProcessTest - Remain YEED : 82066000100000000000000000
12:38:17.288 [Test worker] DEBUG io.yggdrash.contract.yeed.InterChainProcessTest - Send Eth 61
12:38:17.293 [Test worker] DEBUG io.yggdrash.contract.yeed.YeedContract - Ratio : 10000
12:38:17.293 [Test worker] DEBUG io.yggdrash.contract.yeed.YeedContract - transferYeed : 611000000000000000000000
12:38:17.293 [Test worker] DEBUG io.yggdrash.contract.yeed.YeedContract - Confirm Id : 628b42d6d849bc0e986fb3d4bc3e007ab0b3095a858463f43d710bc235572adc
12:38:17.293 [Test worker] DEBUG io.yggdrash.contract.yeed.YeedContract - ProposeId : 3d501aaef5eefc10550b12a341910cbfa16bfed94dbc9892fefb27a1e9ae902c (ProposeKey=pis-3d501aaef5eefc10550b12a341910cbfa16bfed94dbc9892fefb27a1e9ae902c) is PROCESSING
12:38:17.293 [Test worker] DEBUG io.yggdrash.contract.yeed.YeedContract - TxConfirm ProposeId :  3d501aaef5eefc10550b12a341910cbfa16bfed94dbc9892fefb27a1e9ae902c
12:38:17.293 [Test worker] DEBUG io.yggdrash.contract.yeed.YeedContract - TxConfirm Status : VALIDATE_REQUIRE
12:38:17.294 [Test worker] DEBUG io.yggdrash.contract.yeed.YeedContract - Propose require block height : 100000 
12:38:17.294 [Test worker] DEBUG io.yggdrash.contract.yeed.YeedContract - TxConfirm block height : 100010 
12:38:17.294 [Test worker] DEBUG io.yggdrash.contract.yeed.YeedContract - CheckBlockHeight : true
12:38:17.294 [Test worker] DEBUG io.yggdrash.contract.yeed.YeedContract - Stake YEED 82066000000000000000000000
12:38:17.294 [Test worker] DEBUG io.yggdrash.contract.yeed.YeedContract - TransferYeed YEED 611000000000000000000000
12:38:17.294 [Test worker] DEBUG io.yggdrash.contract.yeed.YeedContract - PI Fee 100000000000000000
12:38:17.294 [Test worker] DEBUG io.yggdrash.contract.yeed.InterChainProcessTest - Remain YEED : 81455000100000000000000000
12:38:17.294 [Test worker] DEBUG io.yggdrash.contract.yeed.InterChainProcessTest - Send Eth 35
12:38:17.300 [Test worker] DEBUG io.yggdrash.contract.yeed.YeedContract - Ratio : 10000
12:38:17.300 [Test worker] DEBUG io.yggdrash.contract.yeed.YeedContract - transferYeed : 359000000000000000000000
12:38:17.300 [Test worker] DEBUG io.yggdrash.contract.yeed.YeedContract - Confirm Id : e81027be38953896af968a551c98f182b9cb1bd6c9f67cdc4f3de4d270ec7e65
12:38:17.300 [Test worker] DEBUG io.yggdrash.contract.yeed.YeedContract - ProposeId : 3d501aaef5eefc10550b12a341910cbfa16bfed94dbc9892fefb27a1e9ae902c (ProposeKey=pis-3d501aaef5eefc10550b12a341910cbfa16bfed94dbc9892fefb27a1e9ae902c) is PROCESSING
12:38:17.300 [Test worker] DEBUG io.yggdrash.contract.yeed.YeedContract - TxConfirm ProposeId :  3d501aaef5eefc10550b12a341910cbfa16bfed94dbc9892fefb27a1e9ae902c
12:38:17.300 [Test worker] DEBUG io.yggdrash.contract.yeed.YeedContract - TxConfirm Status : VALIDATE_REQUIRE
12:38:17.300 [Test worker] DEBUG io.yggdrash.contract.yeed.YeedContract - Propose require block height : 100000 
12:38:17.300 [Test worker] DEBUG io.yggdrash.contract.yeed.YeedContract - TxConfirm block height : 100010 
12:38:17.300 [Test worker] DEBUG io.yggdrash.contract.yeed.YeedContract - CheckBlockHeight : true
12:38:17.300 [Test worker] DEBUG io.yggdrash.contract.yeed.YeedContract - Stake YEED 81455000000000000000000000
12:38:17.300 [Test worker] DEBUG io.yggdrash.contract.yeed.YeedContract - TransferYeed YEED 359000000000000000000000
12:38:17.300 [Test worker] DEBUG io.yggdrash.contract.yeed.YeedContract - PI Fee 100000000000000000
12:38:17.300 [Test worker] DEBUG io.yggdrash.contract.yeed.InterChainProcessTest - Remain YEED : 81096000100000000000000000
12:38:17.300 [Test worker] DEBUG io.yggdrash.contract.yeed.InterChainProcessTest - Send Eth 34
12:38:17.305 [Test worker] DEBUG io.yggdrash.contract.yeed.YeedContract - Ratio : 10000
12:38:17.305 [Test worker] DEBUG io.yggdrash.contract.yeed.YeedContract - transferYeed : 349000000000000000000000
12:38:17.306 [Test worker] DEBUG io.yggdrash.contract.yeed.YeedContract - Confirm Id : be4cc22ab778f5fbfa829833375aefd29f13f44bd7bcf7f645c207784abed943
12:38:17.306 [Test worker] DEBUG io.yggdrash.contract.yeed.YeedContract - ProposeId : 3d501aaef5eefc10550b12a341910cbfa16bfed94dbc9892fefb27a1e9ae902c (ProposeKey=pis-3d501aaef5eefc10550b12a341910cbfa16bfed94dbc9892fefb27a1e9ae902c) is PROCESSING
12:38:17.306 [Test worker] DEBUG io.yggdrash.contract.yeed.YeedContract - TxConfirm ProposeId :  3d501aaef5eefc10550b12a341910cbfa16bfed94dbc9892fefb27a1e9ae902c
12:38:17.306 [Test worker] DEBUG io.yggdrash.contract.yeed.YeedContract - TxConfirm Status : VALIDATE_REQUIRE
12:38:17.306 [Test worker] DEBUG io.yggdrash.contract.yeed.YeedContract - Propose require block height : 100000 
12:38:17.306 [Test worker] DEBUG io.yggdrash.contract.yeed.YeedContract - TxConfirm block height : 100010 
12:38:17.306 [Test worker] DEBUG io.yggdrash.contract.yeed.YeedContract - CheckBlockHeight : true
12:38:17.306 [Test worker] DEBUG io.yggdrash.contract.yeed.YeedContract - Stake YEED 81096000000000000000000000
12:38:17.306 [Test worker] DEBUG io.yggdrash.contract.yeed.YeedContract - TransferYeed YEED 349000000000000000000000
12:38:17.306 [Test worker] DEBUG io.yggdrash.contract.yeed.YeedContract - PI Fee 100000000000000000
12:38:17.306 [Test worker] DEBUG io.yggdrash.contract.yeed.InterChainProcessTest - Remain YEED : 80747000100000000000000000
12:38:17.306 [Test worker] DEBUG io.yggdrash.contract.yeed.InterChainProcessTest - Send Eth 30
12:38:17.312 [Test worker] DEBUG io.yggdrash.contract.yeed.YeedContract - Ratio : 10000
12:38:17.312 [Test worker] DEBUG io.yggdrash.contract.yeed.YeedContract - transferYeed : 308000000000000000000000
12:38:17.312 [Test worker] DEBUG io.yggdrash.contract.yeed.YeedContract - Confirm Id : 4e2dcceee1269277e5ab66fafd94fad916c4591a8845e1c5507008eefcfdf810
12:38:17.312 [Test worker] DEBUG io.yggdrash.contract.yeed.YeedContract - ProposeId : 3d501aaef5eefc10550b12a341910cbfa16bfed94dbc9892fefb27a1e9ae902c (ProposeKey=pis-3d501aaef5eefc10550b12a341910cbfa16bfed94dbc9892fefb27a1e9ae902c) is PROCESSING
12:38:17.312 [Test worker] DEBUG io.yggdrash.contract.yeed.YeedContract - TxConfirm ProposeId :  3d501aaef5eefc10550b12a341910cbfa16bfed94dbc9892fefb27a1e9ae902c
12:38:17.312 [Test worker] DEBUG io.yggdrash.contract.yeed.YeedContract - TxConfirm Status : VALIDATE_REQUIRE
12:38:17.312 [Test worker] DEBUG io.yggdrash.contract.yeed.YeedContract - Propose require block height : 100000 
12:38:17.312 [Test worker] DEBUG io.yggdrash.contract.yeed.YeedContract - TxConfirm block height : 100010 
12:38:17.312 [Test worker] DEBUG io.yggdrash.contract.yeed.YeedContract - CheckBlockHeight : true
12:38:17.312 [Test worker] DEBUG io.yggdrash.contract.yeed.YeedContract - Stake YEED 80747000000000000000000000
12:38:17.312 [Test worker] DEBUG io.yggdrash.contract.yeed.YeedContract - TransferYeed YEED 308000000000000000000000
12:38:17.312 [Test worker] DEBUG io.yggdrash.contract.yeed.YeedContract - PI Fee 100000000000000000
12:38:17.312 [Test worker] DEBUG io.yggdrash.contract.yeed.InterChainProcessTest - Remain YEED : 80439000100000000000000000
12:38:17.312 [Test worker] DEBUG io.yggdrash.contract.yeed.InterChainProcessTest - Send Eth 44
12:38:17.324 [Test worker] DEBUG io.yggdrash.contract.yeed.YeedContract - Ratio : 10000
12:38:17.324 [Test worker] DEBUG io.yggdrash.contract.yeed.YeedContract - transferYeed : 441000000000000000000000
12:38:17.325 [Test worker] DEBUG io.yggdrash.contract.yeed.YeedContract - Confirm Id : 98d24f136e7417f5f80173ebd90a44ed2fd2e9a5bd5a5299c6d256634cd250eb
12:38:17.325 [Test worker] DEBUG io.yggdrash.contract.yeed.YeedContract - ProposeId : 3d501aaef5eefc10550b12a341910cbfa16bfed94dbc9892fefb27a1e9ae902c (ProposeKey=pis-3d501aaef5eefc10550b12a341910cbfa16bfed94dbc9892fefb27a1e9ae902c) is PROCESSING
12:38:17.325 [Test worker] DEBUG io.yggdrash.contract.yeed.YeedContract - TxConfirm ProposeId :  3d501aaef5eefc10550b12a341910cbfa16bfed94dbc9892fefb27a1e9ae902c
12:38:17.325 [Test worker] DEBUG io.yggdrash.contract.yeed.YeedContract - TxConfirm Status : VALIDATE_REQUIRE
12:38:17.325 [Test worker] DEBUG io.yggdrash.contract.yeed.YeedContract - Propose require block height : 100000 
12:38:17.325 [Test worker] DEBUG io.yggdrash.contract.yeed.YeedContract - TxConfirm block height : 100010 
12:38:17.325 [Test worker] DEBUG io.yggdrash.contract.yeed.YeedContract - CheckBlockHeight : true
12:38:17.325 [Test worker] DEBUG io.yggdrash.contract.yeed.YeedContract - Stake YEED 80439000000000000000000000
12:38:17.325 [Test worker] DEBUG io.yggdrash.contract.yeed.YeedContract - TransferYeed YEED 441000000000000000000000
12:38:17.325 [Test worker] DEBUG io.yggdrash.contract.yeed.YeedContract - PI Fee 100000000000000000
12:38:17.325 [Test worker] DEBUG io.yggdrash.contract.yeed.InterChainProcessTest - Remain YEED : 79998000100000000000000000
12:38:17.325 [Test worker] DEBUG io.yggdrash.contract.yeed.InterChainProcessTest - Send Eth 35
12:38:17.329 [Test worker] DEBUG io.yggdrash.contract.yeed.YeedContract - Ratio : 10000
12:38:17.329 [Test worker] DEBUG io.yggdrash.contract.yeed.YeedContract - transferYeed : 359000000000000000000000
12:38:17.329 [Test worker] DEBUG io.yggdrash.contract.yeed.YeedContract - Confirm Id : aef2a2d5a6ea66df62eeb1874bbefa8a579bd8f5e15ee0b6d342f250a5272cc8
12:38:17.329 [Test worker] DEBUG io.yggdrash.contract.yeed.YeedContract - ProposeId : 3d501aaef5eefc10550b12a341910cbfa16bfed94dbc9892fefb27a1e9ae902c (ProposeKey=pis-3d501aaef5eefc10550b12a341910cbfa16bfed94dbc9892fefb27a1e9ae902c) is PROCESSING
12:38:17.329 [Test worker] DEBUG io.yggdrash.contract.yeed.YeedContract - TxConfirm ProposeId :  3d501aaef5eefc10550b12a341910cbfa16bfed94dbc9892fefb27a1e9ae902c
12:38:17.329 [Test worker] DEBUG io.yggdrash.contract.yeed.YeedContract - TxConfirm Status : VALIDATE_REQUIRE
12:38:17.329 [Test worker] DEBUG io.yggdrash.contract.yeed.YeedContract - Propose require block height : 100000 
12:38:17.329 [Test worker] DEBUG io.yggdrash.contract.yeed.YeedContract - TxConfirm block height : 100010 
12:38:17.329 [Test worker] DEBUG io.yggdrash.contract.yeed.YeedContract - CheckBlockHeight : true
12:38:17.329 [Test worker] DEBUG io.yggdrash.contract.yeed.YeedContract - Stake YEED 79998000000000000000000000
12:38:17.329 [Test worker] DEBUG io.yggdrash.contract.yeed.YeedContract - TransferYeed YEED 359000000000000000000000
12:38:17.329 [Test worker] DEBUG io.yggdrash.contract.yeed.YeedContract - PI Fee 100000000000000000
12:38:17.330 [Test worker] DEBUG io.yggdrash.contract.yeed.InterChainProcessTest - Remain YEED : 79639000100000000000000000
12:38:17.330 [Test worker] DEBUG io.yggdrash.contract.yeed.InterChainProcessTest - Send Eth 95
12:38:17.334 [Test worker] DEBUG io.yggdrash.contract.yeed.YeedContract - Ratio : 10000
12:38:17.334 [Test worker] DEBUG io.yggdrash.contract.yeed.YeedContract - transferYeed : 953000000000000000000000
12:38:17.334 [Test worker] DEBUG io.yggdrash.contract.yeed.YeedContract - Confirm Id : 5967d5fafa4cc57ec5e21cd7a523f00f7f7db9486ea9e57e46c57e9c556fd1d8
12:38:17.335 [Test worker] DEBUG io.yggdrash.contract.yeed.YeedContract - ProposeId : 3d501aaef5eefc10550b12a341910cbfa16bfed94dbc9892fefb27a1e9ae902c (ProposeKey=pis-3d501aaef5eefc10550b12a341910cbfa16bfed94dbc9892fefb27a1e9ae902c) is PROCESSING
12:38:17.335 [Test worker] DEBUG io.yggdrash.contract.yeed.YeedContract - TxConfirm ProposeId :  3d501aaef5eefc10550b12a341910cbfa16bfed94dbc9892fefb27a1e9ae902c
12:38:17.335 [Test worker] DEBUG io.yggdrash.contract.yeed.YeedContract - TxConfirm Status : VALIDATE_REQUIRE
12:38:17.335 [Test worker] DEBUG io.yggdrash.contract.yeed.YeedContract - Propose require block height : 100000 
12:38:17.335 [Test worker] DEBUG io.yggdrash.contract.yeed.YeedContract - TxConfirm block height : 100010 
12:38:17.335 [Test worker] DEBUG io.yggdrash.contract.yeed.YeedContract - CheckBlockHeight : true
12:38:17.335 [Test worker] DEBUG io.yggdrash.contract.yeed.YeedContract - Stake YEED 79639000000000000000000000
12:38:17.335 [Test worker] DEBUG io.yggdrash.contract.yeed.YeedContract - TransferYeed YEED 953000000000000000000000
12:38:17.335 [Test worker] DEBUG io.yggdrash.contract.yeed.YeedContract - PI Fee 100000000000000000
12:38:17.335 [Test worker] DEBUG io.yggdrash.contract.yeed.InterChainProcessTest - Remain YEED : 78686000100000000000000000
12:38:17.335 [Test worker] DEBUG io.yggdrash.contract.yeed.InterChainProcessTest - Send Eth 66
12:38:17.340 [Test worker] DEBUG io.yggdrash.contract.yeed.YeedContract - Ratio : 10000
12:38:17.340 [Test worker] DEBUG io.yggdrash.contract.yeed.YeedContract - transferYeed : 660000000000000000000000
12:38:17.340 [Test worker] DEBUG io.yggdrash.contract.yeed.YeedContract - Confirm Id : 9f8e957aed53a195fa4de26b0dbfa078ecc1834ee12685d664ee616ea68d5d61
12:38:17.341 [Test worker] DEBUG io.yggdrash.contract.yeed.YeedContract - ProposeId : 3d501aaef5eefc10550b12a341910cbfa16bfed94dbc9892fefb27a1e9ae902c (ProposeKey=pis-3d501aaef5eefc10550b12a341910cbfa16bfed94dbc9892fefb27a1e9ae902c) is PROCESSING
12:38:17.341 [Test worker] DEBUG io.yggdrash.contract.yeed.YeedContract - TxConfirm ProposeId :  3d501aaef5eefc10550b12a341910cbfa16bfed94dbc9892fefb27a1e9ae902c
12:38:17.341 [Test worker] DEBUG io.yggdrash.contract.yeed.YeedContract - TxConfirm Status : VALIDATE_REQUIRE
12:38:17.341 [Test worker] DEBUG io.yggdrash.contract.yeed.YeedContract - Propose require block height : 100000 
12:38:17.341 [Test worker] DEBUG io.yggdrash.contract.yeed.YeedContract - TxConfirm block height : 100010 
12:38:17.341 [Test worker] DEBUG io.yggdrash.contract.yeed.YeedContract - CheckBlockHeight : true
12:38:17.341 [Test worker] DEBUG io.yggdrash.contract.yeed.YeedContract - Stake YEED 78686000000000000000000000
12:38:17.341 [Test worker] DEBUG io.yggdrash.contract.yeed.YeedContract - TransferYeed YEED 660000000000000000000000
12:38:17.341 [Test worker] DEBUG io.yggdrash.contract.yeed.YeedContract - PI Fee 100000000000000000
12:38:17.341 [Test worker] DEBUG io.yggdrash.contract.yeed.InterChainProcessTest - Remain YEED : 78026000100000000000000000
12:38:17.341 [Test worker] DEBUG io.yggdrash.contract.yeed.InterChainProcessTest - Send Eth 0
12:38:17.346 [Test worker] DEBUG io.yggdrash.contract.yeed.YeedContract - Ratio : 10000
12:38:17.346 [Test worker] DEBUG io.yggdrash.contract.yeed.YeedContract - transferYeed : 9000000000000000000000
12:38:17.346 [Test worker] DEBUG io.yggdrash.contract.yeed.YeedContract - Confirm Id : 4b179c49a0def0323e0f89912e0fe074c0bca5a1d1ca2b141688c8af8ce78504
12:38:17.346 [Test worker] DEBUG io.yggdrash.contract.yeed.YeedContract - ProposeId : 3d501aaef5eefc10550b12a341910cbfa16bfed94dbc9892fefb27a1e9ae902c (ProposeKey=pis-3d501aaef5eefc10550b12a341910cbfa16bfed94dbc9892fefb27a1e9ae902c) is PROCESSING
12:38:17.346 [Test worker] DEBUG io.yggdrash.contract.yeed.YeedContract - TxConfirm ProposeId :  3d501aaef5eefc10550b12a341910cbfa16bfed94dbc9892fefb27a1e9ae902c
12:38:17.346 [Test worker] DEBUG io.yggdrash.contract.yeed.YeedContract - TxConfirm Status : VALIDATE_REQUIRE
12:38:17.346 [Test worker] DEBUG io.yggdrash.contract.yeed.YeedContract - Propose require block height : 100000 
12:38:17.346 [Test worker] DEBUG io.yggdrash.contract.yeed.YeedContract - TxConfirm block height : 100010 
12:38:17.346 [Test worker] DEBUG io.yggdrash.contract.yeed.YeedContract - CheckBlockHeight : true
12:38:17.346 [Test worker] DEBUG io.yggdrash.contract.yeed.YeedContract - Stake YEED 78026000000000000000000000
12:38:17.346 [Test worker] DEBUG io.yggdrash.contract.yeed.YeedContract - TransferYeed YEED 9000000000000000000000
12:38:17.346 [Test worker] DEBUG io.yggdrash.contract.yeed.YeedContract - PI Fee 100000000000000000
12:38:17.347 [Test worker] DEBUG io.yggdrash.contract.yeed.InterChainProcessTest - Remain YEED : 78017000100000000000000000
12:38:17.347 [Test worker] DEBUG io.yggdrash.contract.yeed.InterChainProcessTest - Send Eth 33
12:38:17.351 [Test worker] DEBUG io.yggdrash.contract.yeed.YeedContract - Ratio : 10000
12:38:17.351 [Test worker] DEBUG io.yggdrash.contract.yeed.YeedContract - transferYeed : 339000000000000000000000
12:38:17.351 [Test worker] DEBUG io.yggdrash.contract.yeed.YeedContract - Confirm Id : e87bb8010bf1536d5969ff2cb16217ae3289769189e0051e37bde9fd4119dc86
12:38:17.352 [Test worker] DEBUG io.yggdrash.contract.yeed.YeedContract - ProposeId : 3d501aaef5eefc10550b12a341910cbfa16bfed94dbc9892fefb27a1e9ae902c (ProposeKey=pis-3d501aaef5eefc10550b12a341910cbfa16bfed94dbc9892fefb27a1e9ae902c) is PROCESSING
12:38:17.352 [Test worker] DEBUG io.yggdrash.contract.yeed.YeedContract - TxConfirm ProposeId :  3d501aaef5eefc10550b12a341910cbfa16bfed94dbc9892fefb27a1e9ae902c
12:38:17.352 [Test worker] DEBUG io.yggdrash.contract.yeed.YeedContract - TxConfirm Status : VALIDATE_REQUIRE
12:38:17.352 [Test worker] DEBUG io.yggdrash.contract.yeed.YeedContract - Propose require block height : 100000 
12:38:17.352 [Test worker] DEBUG io.yggdrash.contract.yeed.YeedContract - TxConfirm block height : 100010 
12:38:17.352 [Test worker] DEBUG io.yggdrash.contract.yeed.YeedContract - CheckBlockHeight : true
12:38:17.352 [Test worker] DEBUG io.yggdrash.contract.yeed.YeedContract - Stake YEED 78017000000000000000000000
12:38:17.352 [Test worker] DEBUG io.yggdrash.contract.yeed.YeedContract - TransferYeed YEED 339000000000000000000000
12:38:17.352 [Test worker] DEBUG io.yggdrash.contract.yeed.YeedContract - PI Fee 100000000000000000
12:38:17.352 [Test worker] DEBUG io.yggdrash.contract.yeed.InterChainProcessTest - Remain YEED : 77678000100000000000000000
12:38:17.352 [Test worker] DEBUG io.yggdrash.contract.yeed.InterChainProcessTest - Send Eth 42
12:38:17.358 [Test worker] DEBUG io.yggdrash.contract.yeed.YeedContract - Ratio : 10000
12:38:17.358 [Test worker] DEBUG io.yggdrash.contract.yeed.YeedContract - transferYeed : 420000000000000000000000
12:38:17.359 [Test worker] DEBUG io.yggdrash.contract.yeed.YeedContract - Confirm Id : f8851331d43de40ca05b34f7cc5eb5790fbf1f4df7569048f514cd5599d7fe5b
12:38:17.359 [Test worker] DEBUG io.yggdrash.contract.yeed.YeedContract - ProposeId : 3d501aaef5eefc10550b12a341910cbfa16bfed94dbc9892fefb27a1e9ae902c (ProposeKey=pis-3d501aaef5eefc10550b12a341910cbfa16bfed94dbc9892fefb27a1e9ae902c) is PROCESSING
12:38:17.359 [Test worker] DEBUG io.yggdrash.contract.yeed.YeedContract - TxConfirm ProposeId :  3d501aaef5eefc10550b12a341910cbfa16bfed94dbc9892fefb27a1e9ae902c
12:38:17.359 [Test worker] DEBUG io.yggdrash.contract.yeed.YeedContract - TxConfirm Status : VALIDATE_REQUIRE
12:38:17.359 [Test worker] DEBUG io.yggdrash.contract.yeed.YeedContract - Propose require block height : 100000 
12:38:17.359 [Test worker] DEBUG io.yggdrash.contract.yeed.YeedContract - TxConfirm block height : 100010 
12:38:17.359 [Test worker] DEBUG io.yggdrash.contract.yeed.YeedContract - CheckBlockHeight : true
12:38:17.359 [Test worker] DEBUG io.yggdrash.contract.yeed.YeedContract - Stake YEED 77678000000000000000000000
12:38:17.359 [Test worker] DEBUG io.yggdrash.contract.yeed.YeedContract - TransferYeed YEED 420000000000000000000000
12:38:17.359 [Test worker] DEBUG io.yggdrash.contract.yeed.YeedContract - PI Fee 100000000000000000
12:38:17.359 [Test worker] DEBUG io.yggdrash.contract.yeed.InterChainProcessTest - Remain YEED : 77258000100000000000000000
12:38:17.359 [Test worker] DEBUG io.yggdrash.contract.yeed.InterChainProcessTest - Send Eth 51
12:38:17.364 [Test worker] DEBUG io.yggdrash.contract.yeed.YeedContract - Ratio : 10000
12:38:17.364 [Test worker] DEBUG io.yggdrash.contract.yeed.YeedContract - transferYeed : 512000000000000000000000
12:38:17.364 [Test worker] DEBUG io.yggdrash.contract.yeed.YeedContract - Confirm Id : b6056062e9d98b5a50bf959db7e5cfce831185fe46da12f7584e08754a5483a4
12:38:17.364 [Test worker] DEBUG io.yggdrash.contract.yeed.YeedContract - ProposeId : 3d501aaef5eefc10550b12a341910cbfa16bfed94dbc9892fefb27a1e9ae902c (ProposeKey=pis-3d501aaef5eefc10550b12a341910cbfa16bfed94dbc9892fefb27a1e9ae902c) is PROCESSING
12:38:17.364 [Test worker] DEBUG io.yggdrash.contract.yeed.YeedContract - TxConfirm ProposeId :  3d501aaef5eefc10550b12a341910cbfa16bfed94dbc9892fefb27a1e9ae902c
12:38:17.364 [Test worker] DEBUG io.yggdrash.contract.yeed.YeedContract - TxConfirm Status : VALIDATE_REQUIRE
12:38:17.364 [Test worker] DEBUG io.yggdrash.contract.yeed.YeedContract - Propose require block height : 100000 
12:38:17.364 [Test worker] DEBUG io.yggdrash.contract.yeed.YeedContract - TxConfirm block height : 100010 
12:38:17.364 [Test worker] DEBUG io.yggdrash.contract.yeed.YeedContract - CheckBlockHeight : true
12:38:17.364 [Test worker] DEBUG io.yggdrash.contract.yeed.YeedContract - Stake YEED 77258000000000000000000000
12:38:17.364 [Test worker] DEBUG io.yggdrash.contract.yeed.YeedContract - TransferYeed YEED 512000000000000000000000
12:38:17.364 [Test worker] DEBUG io.yggdrash.contract.yeed.YeedContract - PI Fee 100000000000000000
12:38:17.365 [Test worker] DEBUG io.yggdrash.contract.yeed.InterChainProcessTest - Remain YEED : 76746000100000000000000000
12:38:17.365 [Test worker] DEBUG io.yggdrash.contract.yeed.InterChainProcessTest - Send Eth 23
12:38:17.368 [Test worker] DEBUG io.yggdrash.contract.yeed.YeedContract - Ratio : 10000
12:38:17.368 [Test worker] DEBUG io.yggdrash.contract.yeed.YeedContract - transferYeed : 238000000000000000000000
12:38:17.368 [Test worker] DEBUG io.yggdrash.contract.yeed.YeedContract - Confirm Id : dc3fc40a6cf53174ea8bae987c62ce941dc662d0876e6fb3e52c07e101526a4c
12:38:17.369 [Test worker] DEBUG io.yggdrash.contract.yeed.YeedContract - ProposeId : 3d501aaef5eefc10550b12a341910cbfa16bfed94dbc9892fefb27a1e9ae902c (ProposeKey=pis-3d501aaef5eefc10550b12a341910cbfa16bfed94dbc9892fefb27a1e9ae902c) is PROCESSING
12:38:17.369 [Test worker] DEBUG io.yggdrash.contract.yeed.YeedContract - TxConfirm ProposeId :  3d501aaef5eefc10550b12a341910cbfa16bfed94dbc9892fefb27a1e9ae902c
12:38:17.369 [Test worker] DEBUG io.yggdrash.contract.yeed.YeedContract - TxConfirm Status : VALIDATE_REQUIRE
12:38:17.369 [Test worker] DEBUG io.yggdrash.contract.yeed.YeedContract - Propose require block height : 100000 
12:38:17.369 [Test worker] DEBUG io.yggdrash.contract.yeed.YeedContract - TxConfirm block height : 100010 
12:38:17.369 [Test worker] DEBUG io.yggdrash.contract.yeed.YeedContract - CheckBlockHeight : true
12:38:17.369 [Test worker] DEBUG io.yggdrash.contract.yeed.YeedContract - Stake YEED 76746000000000000000000000
12:38:17.369 [Test worker] DEBUG io.yggdrash.contract.yeed.YeedContract - TransferYeed YEED 238000000000000000000000
12:38:17.369 [Test worker] DEBUG io.yggdrash.contract.yeed.YeedContract - PI Fee 100000000000000000
12:38:17.369 [Test worker] DEBUG io.yggdrash.contract.yeed.InterChainProcessTest - Remain YEED : 76508000100000000000000000
12:38:17.369 [Test worker] DEBUG io.yggdrash.contract.yeed.InterChainProcessTest - Send Eth 15
12:38:17.373 [Test worker] DEBUG io.yggdrash.contract.yeed.YeedContract - Ratio : 10000
12:38:17.373 [Test worker] DEBUG io.yggdrash.contract.yeed.YeedContract - transferYeed : 157000000000000000000000
12:38:17.373 [Test worker] DEBUG io.yggdrash.contract.yeed.YeedContract - Confirm Id : 69d1364007fc86e7712d4f3d4cb238be9c254d175eb410c70e2819b3ae65e979
12:38:17.373 [Test worker] DEBUG io.yggdrash.contract.yeed.YeedContract - ProposeId : 3d501aaef5eefc10550b12a341910cbfa16bfed94dbc9892fefb27a1e9ae902c (ProposeKey=pis-3d501aaef5eefc10550b12a341910cbfa16bfed94dbc9892fefb27a1e9ae902c) is PROCESSING
12:38:17.373 [Test worker] DEBUG io.yggdrash.contract.yeed.YeedContract - TxConfirm ProposeId :  3d501aaef5eefc10550b12a341910cbfa16bfed94dbc9892fefb27a1e9ae902c
12:38:17.373 [Test worker] DEBUG io.yggdrash.contract.yeed.YeedContract - TxConfirm Status : VALIDATE_REQUIRE
12:38:17.373 [Test worker] DEBUG io.yggdrash.contract.yeed.YeedContract - Propose require block height : 100000 
12:38:17.373 [Test worker] DEBUG io.yggdrash.contract.yeed.YeedContract - TxConfirm block height : 100010 
12:38:17.373 [Test worker] DEBUG io.yggdrash.contract.yeed.YeedContract - CheckBlockHeight : true
12:38:17.373 [Test worker] DEBUG io.yggdrash.contract.yeed.YeedContract - Stake YEED 76508000000000000000000000
12:38:17.373 [Test worker] DEBUG io.yggdrash.contract.yeed.YeedContract - TransferYeed YEED 157000000000000000000000
12:38:17.373 [Test worker] DEBUG io.yggdrash.contract.yeed.YeedContract - PI Fee 100000000000000000
12:38:17.374 [Test worker] DEBUG io.yggdrash.contract.yeed.InterChainProcessTest - Remain YEED : 76351000100000000000000000
12:38:17.374 [Test worker] DEBUG io.yggdrash.contract.yeed.InterChainProcessTest - Send Eth 1
12:38:17.378 [Test worker] DEBUG io.yggdrash.contract.yeed.YeedContract - Ratio : 10000
12:38:17.378 [Test worker] DEBUG io.yggdrash.contract.yeed.YeedContract - transferYeed : 12000000000000000000000
12:38:17.378 [Test worker] DEBUG io.yggdrash.contract.yeed.YeedContract - Confirm Id : 264d2b800198259db1f8a2915c36940d53907c0748695343d61cebf2d237af14
12:38:17.379 [Test worker] DEBUG io.yggdrash.contract.yeed.YeedContract - ProposeId : 3d501aaef5eefc10550b12a341910cbfa16bfed94dbc9892fefb27a1e9ae902c (ProposeKey=pis-3d501aaef5eefc10550b12a341910cbfa16bfed94dbc9892fefb27a1e9ae902c) is PROCESSING
12:38:17.379 [Test worker] DEBUG io.yggdrash.contract.yeed.YeedContract - TxConfirm ProposeId :  3d501aaef5eefc10550b12a341910cbfa16bfed94dbc9892fefb27a1e9ae902c
12:38:17.379 [Test worker] DEBUG io.yggdrash.contract.yeed.YeedContract - TxConfirm Status : VALIDATE_REQUIRE
12:38:17.379 [Test worker] DEBUG io.yggdrash.contract.yeed.YeedContract - Propose require block height : 100000 
12:38:17.379 [Test worker] DEBUG io.yggdrash.contract.yeed.YeedContract - TxConfirm block height : 100010 
12:38:17.379 [Test worker] DEBUG io.yggdrash.contract.yeed.YeedContract - CheckBlockHeight : true
12:38:17.379 [Test worker] DEBUG io.yggdrash.contract.yeed.YeedContract - Stake YEED 76351000000000000000000000
12:38:17.379 [Test worker] DEBUG io.yggdrash.contract.yeed.YeedContract - TransferYeed YEED 12000000000000000000000
12:38:17.379 [Test worker] DEBUG io.yggdrash.contract.yeed.YeedContract - PI Fee 100000000000000000
12:38:17.379 [Test worker] DEBUG io.yggdrash.contract.yeed.InterChainProcessTest - Remain YEED : 76339000100000000000000000
12:38:17.379 [Test worker] DEBUG io.yggdrash.contract.yeed.InterChainProcessTest - Send Eth 15
12:38:17.383 [Test worker] DEBUG io.yggdrash.contract.yeed.YeedContract - Ratio : 10000
12:38:17.383 [Test worker] DEBUG io.yggdrash.contract.yeed.YeedContract - transferYeed : 157000000000000000000000
12:38:17.383 [Test worker] DEBUG io.yggdrash.contract.yeed.YeedContract - Confirm Id : d6d733bc3a932f4c1cab06c99bd1583ae724c62e10eb8e258fe99066d954fe69
12:38:17.383 [Test worker] DEBUG io.yggdrash.contract.yeed.YeedContract - ProposeId : 3d501aaef5eefc10550b12a341910cbfa16bfed94dbc9892fefb27a1e9ae902c (ProposeKey=pis-3d501aaef5eefc10550b12a341910cbfa16bfed94dbc9892fefb27a1e9ae902c) is PROCESSING
12:38:17.383 [Test worker] DEBUG io.yggdrash.contract.yeed.YeedContract - TxConfirm ProposeId :  3d501aaef5eefc10550b12a341910cbfa16bfed94dbc9892fefb27a1e9ae902c
12:38:17.383 [Test worker] DEBUG io.yggdrash.contract.yeed.YeedContract - TxConfirm Status : VALIDATE_REQUIRE
12:38:17.383 [Test worker] DEBUG io.yggdrash.contract.yeed.YeedContract - Propose require block height : 100000 
12:38:17.383 [Test worker] DEBUG io.yggdrash.contract.yeed.YeedContract - TxConfirm block height : 100010 
12:38:17.383 [Test worker] DEBUG io.yggdrash.contract.yeed.YeedContract - CheckBlockHeight : true
12:38:17.383 [Test worker] DEBUG io.yggdrash.contract.yeed.YeedContract - Stake YEED 76339000000000000000000000
12:38:17.383 [Test worker] DEBUG io.yggdrash.contract.yeed.YeedContract - TransferYeed YEED 157000000000000000000000
12:38:17.383 [Test worker] DEBUG io.yggdrash.contract.yeed.YeedContract - PI Fee 100000000000000000
12:38:17.383 [Test worker] DEBUG io.yggdrash.contract.yeed.InterChainProcessTest - Remain YEED : 76182000100000000000000000
12:38:17.383 [Test worker] DEBUG io.yggdrash.contract.yeed.InterChainProcessTest - Send Eth 36
12:38:17.389 [Test worker] DEBUG io.yggdrash.contract.yeed.YeedContract - Ratio : 10000
12:38:17.389 [Test worker] DEBUG io.yggdrash.contract.yeed.YeedContract - transferYeed : 363000000000000000000000
12:38:17.389 [Test worker] DEBUG io.yggdrash.contract.yeed.YeedContract - Confirm Id : 080c660a7c952a510a7f7e6ba8cbb5b0b8f4f34303236c06f832a9a6b00e68dd
12:38:17.390 [Test worker] DEBUG io.yggdrash.contract.yeed.YeedContract - ProposeId : 3d501aaef5eefc10550b12a341910cbfa16bfed94dbc9892fefb27a1e9ae902c (ProposeKey=pis-3d501aaef5eefc10550b12a341910cbfa16bfed94dbc9892fefb27a1e9ae902c) is PROCESSING
12:38:17.390 [Test worker] DEBUG io.yggdrash.contract.yeed.YeedContract - TxConfirm ProposeId :  3d501aaef5eefc10550b12a341910cbfa16bfed94dbc9892fefb27a1e9ae902c
12:38:17.390 [Test worker] DEBUG io.yggdrash.contract.yeed.YeedContract - TxConfirm Status : VALIDATE_REQUIRE
12:38:17.390 [Test worker] DEBUG io.yggdrash.contract.yeed.YeedContract - Propose require block height : 100000 
12:38:17.390 [Test worker] DEBUG io.yggdrash.contract.yeed.YeedContract - TxConfirm block height : 100010 
12:38:17.390 [Test worker] DEBUG io.yggdrash.contract.yeed.YeedContract - CheckBlockHeight : true
12:38:17.390 [Test worker] DEBUG io.yggdrash.contract.yeed.YeedContract - Stake YEED 76182000000000000000000000
12:38:17.390 [Test worker] DEBUG io.yggdrash.contract.yeed.YeedContract - TransferYeed YEED 363000000000000000000000
12:38:17.390 [Test worker] DEBUG io.yggdrash.contract.yeed.YeedContract - PI Fee 100000000000000000
12:38:17.390 [Test worker] DEBUG io.yggdrash.contract.yeed.InterChainProcessTest - Remain YEED : 75819000100000000000000000
12:38:17.390 [Test worker] DEBUG io.yggdrash.contract.yeed.InterChainProcessTest - Send Eth 3
12:38:17.394 [Test worker] DEBUG io.yggdrash.contract.yeed.YeedContract - Ratio : 10000
12:38:17.394 [Test worker] DEBUG io.yggdrash.contract.yeed.YeedContract - transferYeed : 32000000000000000000000
12:38:17.394 [Test worker] DEBUG io.yggdrash.contract.yeed.YeedContract - Confirm Id : dd16feaf1fc96b1944d61414bb3a991082ee5a9a2e412f5378e461b84347b35a
12:38:17.395 [Test worker] DEBUG io.yggdrash.contract.yeed.YeedContract - ProposeId : 3d501aaef5eefc10550b12a341910cbfa16bfed94dbc9892fefb27a1e9ae902c (ProposeKey=pis-3d501aaef5eefc10550b12a341910cbfa16bfed94dbc9892fefb27a1e9ae902c) is PROCESSING
12:38:17.395 [Test worker] DEBUG io.yggdrash.contract.yeed.YeedContract - TxConfirm ProposeId :  3d501aaef5eefc10550b12a341910cbfa16bfed94dbc9892fefb27a1e9ae902c
12:38:17.395 [Test worker] DEBUG io.yggdrash.contract.yeed.YeedContract - TxConfirm Status : VALIDATE_REQUIRE
12:38:17.395 [Test worker] DEBUG io.yggdrash.contract.yeed.YeedContract - Propose require block height : 100000 
12:38:17.395 [Test worker] DEBUG io.yggdrash.contract.yeed.YeedContract - TxConfirm block height : 100010 
12:38:17.395 [Test worker] DEBUG io.yggdrash.contract.yeed.YeedContract - CheckBlockHeight : true
12:38:17.395 [Test worker] DEBUG io.yggdrash.contract.yeed.YeedContract - Stake YEED 75819000000000000000000000
12:38:17.395 [Test worker] DEBUG io.yggdrash.contract.yeed.YeedContract - TransferYeed YEED 32000000000000000000000
12:38:17.395 [Test worker] DEBUG io.yggdrash.contract.yeed.YeedContract - PI Fee 100000000000000000
12:38:17.395 [Test worker] DEBUG io.yggdrash.contract.yeed.InterChainProcessTest - Remain YEED : 75787000100000000000000000
12:38:17.395 [Test worker] DEBUG io.yggdrash.contract.yeed.InterChainProcessTest - Send Eth 75
12:38:17.398 [Test worker] DEBUG io.yggdrash.contract.yeed.YeedContract - Ratio : 10000
12:38:17.398 [Test worker] DEBUG io.yggdrash.contract.yeed.YeedContract - transferYeed : 755000000000000000000000
12:38:17.398 [Test worker] DEBUG io.yggdrash.contract.yeed.YeedContract - Confirm Id : 08e49c38baa039b76e64e6bb0a92ab967ff44b163be7d481abd89b2bfe5c5137
12:38:17.399 [Test worker] DEBUG io.yggdrash.contract.yeed.YeedContract - ProposeId : 3d501aaef5eefc10550b12a341910cbfa16bfed94dbc9892fefb27a1e9ae902c (ProposeKey=pis-3d501aaef5eefc10550b12a341910cbfa16bfed94dbc9892fefb27a1e9ae902c) is PROCESSING
12:38:17.399 [Test worker] DEBUG io.yggdrash.contract.yeed.YeedContract - TxConfirm ProposeId :  3d501aaef5eefc10550b12a341910cbfa16bfed94dbc9892fefb27a1e9ae902c
12:38:17.399 [Test worker] DEBUG io.yggdrash.contract.yeed.YeedContract - TxConfirm Status : VALIDATE_REQUIRE
12:38:17.399 [Test worker] DEBUG io.yggdrash.contract.yeed.YeedContract - Propose require block height : 100000 
12:38:17.399 [Test worker] DEBUG io.yggdrash.contract.yeed.YeedContract - TxConfirm block height : 100010 
12:38:17.399 [Test worker] DEBUG io.yggdrash.contract.yeed.YeedContract - CheckBlockHeight : true
12:38:17.399 [Test worker] DEBUG io.yggdrash.contract.yeed.YeedContract - Stake YEED 75787000000000000000000000
12:38:17.399 [Test worker] DEBUG io.yggdrash.contract.yeed.YeedContract - TransferYeed YEED 755000000000000000000000
12:38:17.399 [Test worker] DEBUG io.yggdrash.contract.yeed.YeedContract - PI Fee 100000000000000000
12:38:17.399 [Test worker] DEBUG io.yggdrash.contract.yeed.InterChainProcessTest - Remain YEED : 75032000100000000000000000
12:38:17.399 [Test worker] DEBUG io.yggdrash.contract.yeed.InterChainProcessTest - Send Eth 85
12:38:17.404 [Test worker] DEBUG io.yggdrash.contract.yeed.YeedContract - Ratio : 10000
12:38:17.404 [Test worker] DEBUG io.yggdrash.contract.yeed.YeedContract - transferYeed : 850000000000000000000000
12:38:17.404 [Test worker] DEBUG io.yggdrash.contract.yeed.YeedContract - Confirm Id : bc5db1c9e695872358e5dfb49a4763bf47d89b62fb0472129a5c6daff167260f
12:38:17.404 [Test worker] DEBUG io.yggdrash.contract.yeed.YeedContract - ProposeId : 3d501aaef5eefc10550b12a341910cbfa16bfed94dbc9892fefb27a1e9ae902c (ProposeKey=pis-3d501aaef5eefc10550b12a341910cbfa16bfed94dbc9892fefb27a1e9ae902c) is PROCESSING
12:38:17.404 [Test worker] DEBUG io.yggdrash.contract.yeed.YeedContract - TxConfirm ProposeId :  3d501aaef5eefc10550b12a341910cbfa16bfed94dbc9892fefb27a1e9ae902c
12:38:17.404 [Test worker] DEBUG io.yggdrash.contract.yeed.YeedContract - TxConfirm Status : VALIDATE_REQUIRE
12:38:17.404 [Test worker] DEBUG io.yggdrash.contract.yeed.YeedContract - Propose require block height : 100000 
12:38:17.404 [Test worker] DEBUG io.yggdrash.contract.yeed.YeedContract - TxConfirm block height : 100010 
12:38:17.405 [Test worker] DEBUG io.yggdrash.contract.yeed.YeedContract - CheckBlockHeight : true
12:38:17.405 [Test worker] DEBUG io.yggdrash.contract.yeed.YeedContract - Stake YEED 75032000000000000000000000
12:38:17.405 [Test worker] DEBUG io.yggdrash.contract.yeed.YeedContract - TransferYeed YEED 850000000000000000000000
12:38:17.405 [Test worker] DEBUG io.yggdrash.contract.yeed.YeedContract - PI Fee 100000000000000000
12:38:17.405 [Test worker] DEBUG io.yggdrash.contract.yeed.InterChainProcessTest - Remain YEED : 74182000100000000000000000
12:38:17.405 [Test worker] DEBUG io.yggdrash.contract.yeed.InterChainProcessTest - Send Eth 45
12:38:17.409 [Test worker] DEBUG io.yggdrash.contract.yeed.YeedContract - Ratio : 10000
12:38:17.409 [Test worker] DEBUG io.yggdrash.contract.yeed.YeedContract - transferYeed : 457000000000000000000000
12:38:17.409 [Test worker] DEBUG io.yggdrash.contract.yeed.YeedContract - Confirm Id : f32557820237dec8251234e65a5ed4062e8d2063d0dbcd86ef28d101c034eec6
12:38:17.409 [Test worker] DEBUG io.yggdrash.contract.yeed.YeedContract - ProposeId : 3d501aaef5eefc10550b12a341910cbfa16bfed94dbc9892fefb27a1e9ae902c (ProposeKey=pis-3d501aaef5eefc10550b12a341910cbfa16bfed94dbc9892fefb27a1e9ae902c) is PROCESSING
12:38:17.409 [Test worker] DEBUG io.yggdrash.contract.yeed.YeedContract - TxConfirm ProposeId :  3d501aaef5eefc10550b12a341910cbfa16bfed94dbc9892fefb27a1e9ae902c
12:38:17.409 [Test worker] DEBUG io.yggdrash.contract.yeed.YeedContract - TxConfirm Status : VALIDATE_REQUIRE
12:38:17.409 [Test worker] DEBUG io.yggdrash.contract.yeed.YeedContract - Propose require block height : 100000 
12:38:17.409 [Test worker] DEBUG io.yggdrash.contract.yeed.YeedContract - TxConfirm block height : 100010 
12:38:17.409 [Test worker] DEBUG io.yggdrash.contract.yeed.YeedContract - CheckBlockHeight : true
12:38:17.409 [Test worker] DEBUG io.yggdrash.contract.yeed.YeedContract - Stake YEED 74182000000000000000000000
12:38:17.409 [Test worker] DEBUG io.yggdrash.contract.yeed.YeedContract - TransferYeed YEED 457000000000000000000000
12:38:17.409 [Test worker] DEBUG io.yggdrash.contract.yeed.YeedContract - PI Fee 100000000000000000
12:38:17.409 [Test worker] DEBUG io.yggdrash.contract.yeed.InterChainProcessTest - Remain YEED : 73725000100000000000000000
12:38:17.409 [Test worker] DEBUG io.yggdrash.contract.yeed.InterChainProcessTest - Send Eth 66
12:38:17.413 [Test worker] DEBUG io.yggdrash.contract.yeed.YeedContract - Ratio : 10000
12:38:17.413 [Test worker] DEBUG io.yggdrash.contract.yeed.YeedContract - transferYeed : 663000000000000000000000
12:38:17.413 [Test worker] DEBUG io.yggdrash.contract.yeed.YeedContract - Confirm Id : 305c0b5f24d3a5916a7aa2fe86ad28ff2944bab0df33f2eb1a663004ba0c1329
12:38:17.413 [Test worker] DEBUG io.yggdrash.contract.yeed.YeedContract - ProposeId : 3d501aaef5eefc10550b12a341910cbfa16bfed94dbc9892fefb27a1e9ae902c (ProposeKey=pis-3d501aaef5eefc10550b12a341910cbfa16bfed94dbc9892fefb27a1e9ae902c) is PROCESSING
12:38:17.413 [Test worker] DEBUG io.yggdrash.contract.yeed.YeedContract - TxConfirm ProposeId :  3d501aaef5eefc10550b12a341910cbfa16bfed94dbc9892fefb27a1e9ae902c
12:38:17.413 [Test worker] DEBUG io.yggdrash.contract.yeed.YeedContract - TxConfirm Status : VALIDATE_REQUIRE
12:38:17.414 [Test worker] DEBUG io.yggdrash.contract.yeed.YeedContract - Propose require block height : 100000 
12:38:17.414 [Test worker] DEBUG io.yggdrash.contract.yeed.YeedContract - TxConfirm block height : 100010 
12:38:17.414 [Test worker] DEBUG io.yggdrash.contract.yeed.YeedContract - CheckBlockHeight : true
12:38:17.414 [Test worker] DEBUG io.yggdrash.contract.yeed.YeedContract - Stake YEED 73725000000000000000000000
12:38:17.414 [Test worker] DEBUG io.yggdrash.contract.yeed.YeedContract - TransferYeed YEED 663000000000000000000000
12:38:17.414 [Test worker] DEBUG io.yggdrash.contract.yeed.YeedContract - PI Fee 100000000000000000
12:38:17.414 [Test worker] DEBUG io.yggdrash.contract.yeed.InterChainProcessTest - Remain YEED : 73062000100000000000000000
12:38:17.414 [Test worker] DEBUG io.yggdrash.contract.yeed.InterChainProcessTest - Send Eth 91
12:38:17.423 [Test worker] DEBUG io.yggdrash.contract.yeed.YeedContract - Ratio : 10000
12:38:17.423 [Test worker] DEBUG io.yggdrash.contract.yeed.YeedContract - transferYeed : 914000000000000000000000
12:38:17.423 [Test worker] DEBUG io.yggdrash.contract.yeed.YeedContract - Confirm Id : eb2a5b9ed625fb482e2bcda82bb2aff460045818d26fd9daae3432b94cbda209
12:38:17.423 [Test worker] DEBUG io.yggdrash.contract.yeed.YeedContract - ProposeId : 3d501aaef5eefc10550b12a341910cbfa16bfed94dbc9892fefb27a1e9ae902c (ProposeKey=pis-3d501aaef5eefc10550b12a341910cbfa16bfed94dbc9892fefb27a1e9ae902c) is PROCESSING
12:38:17.423 [Test worker] DEBUG io.yggdrash.contract.yeed.YeedContract - TxConfirm ProposeId :  3d501aaef5eefc10550b12a341910cbfa16bfed94dbc9892fefb27a1e9ae902c
12:38:17.423 [Test worker] DEBUG io.yggdrash.contract.yeed.YeedContract - TxConfirm Status : VALIDATE_REQUIRE
12:38:17.423 [Test worker] DEBUG io.yggdrash.contract.yeed.YeedContract - Propose require block height : 100000 
12:38:17.423 [Test worker] DEBUG io.yggdrash.contract.yeed.YeedContract - TxConfirm block height : 100010 
12:38:17.423 [Test worker] DEBUG io.yggdrash.contract.yeed.YeedContract - CheckBlockHeight : true
12:38:17.423 [Test worker] DEBUG io.yggdrash.contract.yeed.YeedContract - Stake YEED 73062000000000000000000000
12:38:17.423 [Test worker] DEBUG io.yggdrash.contract.yeed.YeedContract - TransferYeed YEED 914000000000000000000000
12:38:17.423 [Test worker] DEBUG io.yggdrash.contract.yeed.YeedContract - PI Fee 100000000000000000
12:38:17.423 [Test worker] DEBUG io.yggdrash.contract.yeed.InterChainProcessTest - Remain YEED : 72148000100000000000000000
12:38:17.423 [Test worker] DEBUG io.yggdrash.contract.yeed.InterChainProcessTest - Send Eth 23
12:38:17.428 [Test worker] DEBUG io.yggdrash.contract.yeed.YeedContract - Ratio : 10000
12:38:17.428 [Test worker] DEBUG io.yggdrash.contract.yeed.YeedContract - transferYeed : 232000000000000000000000
12:38:17.428 [Test worker] DEBUG io.yggdrash.contract.yeed.YeedContract - Confirm Id : 9703fe1b67ee157b63e23ba7ea859d9ff18053271d21a7c468465cce9b5b9ed3
12:38:17.428 [Test worker] DEBUG io.yggdrash.contract.yeed.YeedContract - ProposeId : 3d501aaef5eefc10550b12a341910cbfa16bfed94dbc9892fefb27a1e9ae902c (ProposeKey=pis-3d501aaef5eefc10550b12a341910cbfa16bfed94dbc9892fefb27a1e9ae902c) is PROCESSING
12:38:17.428 [Test worker] DEBUG io.yggdrash.contract.yeed.YeedContract - TxConfirm ProposeId :  3d501aaef5eefc10550b12a341910cbfa16bfed94dbc9892fefb27a1e9ae902c
12:38:17.428 [Test worker] DEBUG io.yggdrash.contract.yeed.YeedContract - TxConfirm Status : VALIDATE_REQUIRE
12:38:17.428 [Test worker] DEBUG io.yggdrash.contract.yeed.YeedContract - Propose require block height : 100000 
12:38:17.428 [Test worker] DEBUG io.yggdrash.contract.yeed.YeedContract - TxConfirm block height : 100010 
12:38:17.428 [Test worker] DEBUG io.yggdrash.contract.yeed.YeedContract - CheckBlockHeight : true
12:38:17.428 [Test worker] DEBUG io.yggdrash.contract.yeed.YeedContract - Stake YEED 72148000000000000000000000
12:38:17.428 [Test worker] DEBUG io.yggdrash.contract.yeed.YeedContract - TransferYeed YEED 232000000000000000000000
12:38:17.428 [Test worker] DEBUG io.yggdrash.contract.yeed.YeedContract - PI Fee 100000000000000000
12:38:17.428 [Test worker] DEBUG io.yggdrash.contract.yeed.InterChainProcessTest - Remain YEED : 71916000100000000000000000
12:38:17.428 [Test worker] DEBUG io.yggdrash.contract.yeed.InterChainProcessTest - Send Eth 96
12:38:17.433 [Test worker] DEBUG io.yggdrash.contract.yeed.YeedContract - Ratio : 10000
12:38:17.433 [Test worker] DEBUG io.yggdrash.contract.yeed.YeedContract - transferYeed : 969000000000000000000000
12:38:17.433 [Test worker] DEBUG io.yggdrash.contract.yeed.YeedContract - Confirm Id : e48d1cb2dddd4ab0d59dd1c5896445f6908086439c568aff8f8b5eee283e28b7
12:38:17.433 [Test worker] DEBUG io.yggdrash.contract.yeed.YeedContract - ProposeId : 3d501aaef5eefc10550b12a341910cbfa16bfed94dbc9892fefb27a1e9ae902c (ProposeKey=pis-3d501aaef5eefc10550b12a341910cbfa16bfed94dbc9892fefb27a1e9ae902c) is PROCESSING
12:38:17.433 [Test worker] DEBUG io.yggdrash.contract.yeed.YeedContract - TxConfirm ProposeId :  3d501aaef5eefc10550b12a341910cbfa16bfed94dbc9892fefb27a1e9ae902c
12:38:17.433 [Test worker] DEBUG io.yggdrash.contract.yeed.YeedContract - TxConfirm Status : VALIDATE_REQUIRE
12:38:17.433 [Test worker] DEBUG io.yggdrash.contract.yeed.YeedContract - Propose require block height : 100000 
12:38:17.433 [Test worker] DEBUG io.yggdrash.contract.yeed.YeedContract - TxConfirm block height : 100010 
12:38:17.433 [Test worker] DEBUG io.yggdrash.contract.yeed.YeedContract - CheckBlockHeight : true
12:38:17.433 [Test worker] DEBUG io.yggdrash.contract.yeed.YeedContract - Stake YEED 71916000000000000000000000
12:38:17.433 [Test worker] DEBUG io.yggdrash.contract.yeed.YeedContract - TransferYeed YEED 969000000000000000000000
12:38:17.433 [Test worker] DEBUG io.yggdrash.contract.yeed.YeedContract - PI Fee 100000000000000000
12:38:17.433 [Test worker] DEBUG io.yggdrash.contract.yeed.InterChainProcessTest - Remain YEED : 70947000100000000000000000
12:38:17.433 [Test worker] DEBUG io.yggdrash.contract.yeed.InterChainProcessTest - Send Eth 90
12:38:17.437 [Test worker] DEBUG io.yggdrash.contract.yeed.YeedContract - Ratio : 10000
12:38:17.437 [Test worker] DEBUG io.yggdrash.contract.yeed.YeedContract - transferYeed : 900000000000000000000000
12:38:17.437 [Test worker] DEBUG io.yggdrash.contract.yeed.YeedContract - Confirm Id : b409ce072c92ef02b631a3c6c1b1c557530f3fa4555cb90ffde5c2223eba60fc
12:38:17.437 [Test worker] DEBUG io.yggdrash.contract.yeed.YeedContract - ProposeId : 3d501aaef5eefc10550b12a341910cbfa16bfed94dbc9892fefb27a1e9ae902c (ProposeKey=pis-3d501aaef5eefc10550b12a341910cbfa16bfed94dbc9892fefb27a1e9ae902c) is PROCESSING
12:38:17.437 [Test worker] DEBUG io.yggdrash.contract.yeed.YeedContract - TxConfirm ProposeId :  3d501aaef5eefc10550b12a341910cbfa16bfed94dbc9892fefb27a1e9ae902c
12:38:17.437 [Test worker] DEBUG io.yggdrash.contract.yeed.YeedContract - TxConfirm Status : VALIDATE_REQUIRE
12:38:17.438 [Test worker] DEBUG io.yggdrash.contract.yeed.YeedContract - Propose require block height : 100000 
12:38:17.438 [Test worker] DEBUG io.yggdrash.contract.yeed.YeedContract - TxConfirm block height : 100010 
12:38:17.438 [Test worker] DEBUG io.yggdrash.contract.yeed.YeedContract - CheckBlockHeight : true
12:38:17.438 [Test worker] DEBUG io.yggdrash.contract.yeed.YeedContract - Stake YEED 70947000000000000000000000
12:38:17.438 [Test worker] DEBUG io.yggdrash.contract.yeed.YeedContract - TransferYeed YEED 900000000000000000000000
12:38:17.438 [Test worker] DEBUG io.yggdrash.contract.yeed.YeedContract - PI Fee 100000000000000000
12:38:17.438 [Test worker] DEBUG io.yggdrash.contract.yeed.InterChainProcessTest - Remain YEED : 70047000100000000000000000
12:38:17.438 [Test worker] DEBUG io.yggdrash.contract.yeed.InterChainProcessTest - Send Eth 30
12:38:17.443 [Test worker] DEBUG io.yggdrash.contract.yeed.YeedContract - Ratio : 10000
12:38:17.443 [Test worker] DEBUG io.yggdrash.contract.yeed.YeedContract - transferYeed : 301000000000000000000000
12:38:17.443 [Test worker] DEBUG io.yggdrash.contract.yeed.YeedContract - Confirm Id : 70dc9f9c8fb7a64d275929f89fb3861d94649a6d26ea5c39a9b37d3add4c1e4d
12:38:17.444 [Test worker] DEBUG io.yggdrash.contract.yeed.YeedContract - ProposeId : 3d501aaef5eefc10550b12a341910cbfa16bfed94dbc9892fefb27a1e9ae902c (ProposeKey=pis-3d501aaef5eefc10550b12a341910cbfa16bfed94dbc9892fefb27a1e9ae902c) is PROCESSING
12:38:17.444 [Test worker] DEBUG io.yggdrash.contract.yeed.YeedContract - TxConfirm ProposeId :  3d501aaef5eefc10550b12a341910cbfa16bfed94dbc9892fefb27a1e9ae902c
12:38:17.444 [Test worker] DEBUG io.yggdrash.contract.yeed.YeedContract - TxConfirm Status : VALIDATE_REQUIRE
12:38:17.444 [Test worker] DEBUG io.yggdrash.contract.yeed.YeedContract - Propose require block height : 100000 
12:38:17.444 [Test worker] DEBUG io.yggdrash.contract.yeed.YeedContract - TxConfirm block height : 100010 
12:38:17.444 [Test worker] DEBUG io.yggdrash.contract.yeed.YeedContract - CheckBlockHeight : true
12:38:17.444 [Test worker] DEBUG io.yggdrash.contract.yeed.YeedContract - Stake YEED 70047000000000000000000000
12:38:17.444 [Test worker] DEBUG io.yggdrash.contract.yeed.YeedContract - TransferYeed YEED 301000000000000000000000
12:38:17.444 [Test worker] DEBUG io.yggdrash.contract.yeed.YeedContract - PI Fee 100000000000000000
12:38:17.444 [Test worker] DEBUG io.yggdrash.contract.yeed.InterChainProcessTest - Remain YEED : 69746000100000000000000000
12:38:17.444 [Test worker] DEBUG io.yggdrash.contract.yeed.InterChainProcessTest - Send Eth 6
12:38:17.449 [Test worker] DEBUG io.yggdrash.contract.yeed.YeedContract - Ratio : 10000
12:38:17.449 [Test worker] DEBUG io.yggdrash.contract.yeed.YeedContract - transferYeed : 66000000000000000000000
12:38:17.449 [Test worker] DEBUG io.yggdrash.contract.yeed.YeedContract - Confirm Id : 64849d67b71ce8d4d4d088ae9ef83f585cf922da1086051ce8173c9bcd9b1739
12:38:17.449 [Test worker] DEBUG io.yggdrash.contract.yeed.YeedContract - ProposeId : 3d501aaef5eefc10550b12a341910cbfa16bfed94dbc9892fefb27a1e9ae902c (ProposeKey=pis-3d501aaef5eefc10550b12a341910cbfa16bfed94dbc9892fefb27a1e9ae902c) is PROCESSING
12:38:17.449 [Test worker] DEBUG io.yggdrash.contract.yeed.YeedContract - TxConfirm ProposeId :  3d501aaef5eefc10550b12a341910cbfa16bfed94dbc9892fefb27a1e9ae902c
12:38:17.449 [Test worker] DEBUG io.yggdrash.contract.yeed.YeedContract - TxConfirm Status : VALIDATE_REQUIRE
12:38:17.449 [Test worker] DEBUG io.yggdrash.contract.yeed.YeedContract - Propose require block height : 100000 
12:38:17.449 [Test worker] DEBUG io.yggdrash.contract.yeed.YeedContract - TxConfirm block height : 100010 
12:38:17.449 [Test worker] DEBUG io.yggdrash.contract.yeed.YeedContract - CheckBlockHeight : true
12:38:17.449 [Test worker] DEBUG io.yggdrash.contract.yeed.YeedContract - Stake YEED 69746000000000000000000000
12:38:17.449 [Test worker] DEBUG io.yggdrash.contract.yeed.YeedContract - TransferYeed YEED 66000000000000000000000
12:38:17.449 [Test worker] DEBUG io.yggdrash.contract.yeed.YeedContract - PI Fee 100000000000000000
12:38:17.450 [Test worker] DEBUG io.yggdrash.contract.yeed.InterChainProcessTest - Remain YEED : 69680000100000000000000000
12:38:17.450 [Test worker] DEBUG io.yggdrash.contract.yeed.InterChainProcessTest - Send Eth 64
12:38:17.454 [Test worker] DEBUG io.yggdrash.contract.yeed.YeedContract - Ratio : 10000
12:38:17.455 [Test worker] DEBUG io.yggdrash.contract.yeed.YeedContract - transferYeed : 647000000000000000000000
12:38:17.455 [Test worker] DEBUG io.yggdrash.contract.yeed.YeedContract - Confirm Id : b25422d819cfeef8426cb37fc31562684497da3dce64ac5a0178742c57a8a242
12:38:17.455 [Test worker] DEBUG io.yggdrash.contract.yeed.YeedContract - ProposeId : 3d501aaef5eefc10550b12a341910cbfa16bfed94dbc9892fefb27a1e9ae902c (ProposeKey=pis-3d501aaef5eefc10550b12a341910cbfa16bfed94dbc9892fefb27a1e9ae902c) is PROCESSING
12:38:17.455 [Test worker] DEBUG io.yggdrash.contract.yeed.YeedContract - TxConfirm ProposeId :  3d501aaef5eefc10550b12a341910cbfa16bfed94dbc9892fefb27a1e9ae902c
12:38:17.455 [Test worker] DEBUG io.yggdrash.contract.yeed.YeedContract - TxConfirm Status : VALIDATE_REQUIRE
12:38:17.455 [Test worker] DEBUG io.yggdrash.contract.yeed.YeedContract - Propose require block height : 100000 
12:38:17.455 [Test worker] DEBUG io.yggdrash.contract.yeed.YeedContract - TxConfirm block height : 100010 
12:38:17.455 [Test worker] DEBUG io.yggdrash.contract.yeed.YeedContract - CheckBlockHeight : true
12:38:17.455 [Test worker] DEBUG io.yggdrash.contract.yeed.YeedContract - Stake YEED 69680000000000000000000000
12:38:17.455 [Test worker] DEBUG io.yggdrash.contract.yeed.YeedContract - TransferYeed YEED 647000000000000000000000
12:38:17.455 [Test worker] DEBUG io.yggdrash.contract.yeed.YeedContract - PI Fee 100000000000000000
12:38:17.455 [Test worker] DEBUG io.yggdrash.contract.yeed.InterChainProcessTest - Remain YEED : 69033000100000000000000000
12:38:17.455 [Test worker] DEBUG io.yggdrash.contract.yeed.InterChainProcessTest - Send Eth 43
12:38:17.460 [Test worker] DEBUG io.yggdrash.contract.yeed.YeedContract - Ratio : 10000
12:38:17.460 [Test worker] DEBUG io.yggdrash.contract.yeed.YeedContract - transferYeed : 437000000000000000000000
12:38:17.460 [Test worker] DEBUG io.yggdrash.contract.yeed.YeedContract - Confirm Id : fbf4cdfd93b925b6bd9d61bb245cd07cab468bedbee4389e7a41460edd404001
12:38:17.460 [Test worker] DEBUG io.yggdrash.contract.yeed.YeedContract - ProposeId : 3d501aaef5eefc10550b12a341910cbfa16bfed94dbc9892fefb27a1e9ae902c (ProposeKey=pis-3d501aaef5eefc10550b12a341910cbfa16bfed94dbc9892fefb27a1e9ae902c) is PROCESSING
12:38:17.461 [Test worker] DEBUG io.yggdrash.contract.yeed.YeedContract - TxConfirm ProposeId :  3d501aaef5eefc10550b12a341910cbfa16bfed94dbc9892fefb27a1e9ae902c
12:38:17.461 [Test worker] DEBUG io.yggdrash.contract.yeed.YeedContract - TxConfirm Status : VALIDATE_REQUIRE
12:38:17.461 [Test worker] DEBUG io.yggdrash.contract.yeed.YeedContract - Propose require block height : 100000 
12:38:17.461 [Test worker] DEBUG io.yggdrash.contract.yeed.YeedContract - TxConfirm block height : 100010 
12:38:17.461 [Test worker] DEBUG io.yggdrash.contract.yeed.YeedContract - CheckBlockHeight : true
12:38:17.461 [Test worker] DEBUG io.yggdrash.contract.yeed.YeedContract - Stake YEED 69033000000000000000000000
12:38:17.461 [Test worker] DEBUG io.yggdrash.contract.yeed.YeedContract - TransferYeed YEED 437000000000000000000000
12:38:17.461 [Test worker] DEBUG io.yggdrash.contract.yeed.YeedContract - PI Fee 100000000000000000
12:38:17.461 [Test worker] DEBUG io.yggdrash.contract.yeed.InterChainProcessTest - Remain YEED : 68596000100000000000000000
12:38:17.461 [Test worker] DEBUG io.yggdrash.contract.yeed.InterChainProcessTest - Send Eth 19
12:38:17.466 [Test worker] DEBUG io.yggdrash.contract.yeed.YeedContract - Ratio : 10000
12:38:17.466 [Test worker] DEBUG io.yggdrash.contract.yeed.YeedContract - transferYeed : 194000000000000000000000
12:38:17.466 [Test worker] DEBUG io.yggdrash.contract.yeed.YeedContract - Confirm Id : bbd78184b65c840857ca52eaab52930df2ae556add581e052a8d2f4303d9a3e1
12:38:17.466 [Test worker] DEBUG io.yggdrash.contract.yeed.YeedContract - ProposeId : 3d501aaef5eefc10550b12a341910cbfa16bfed94dbc9892fefb27a1e9ae902c (ProposeKey=pis-3d501aaef5eefc10550b12a341910cbfa16bfed94dbc9892fefb27a1e9ae902c) is PROCESSING
12:38:17.466 [Test worker] DEBUG io.yggdrash.contract.yeed.YeedContract - TxConfirm ProposeId :  3d501aaef5eefc10550b12a341910cbfa16bfed94dbc9892fefb27a1e9ae902c
12:38:17.466 [Test worker] DEBUG io.yggdrash.contract.yeed.YeedContract - TxConfirm Status : VALIDATE_REQUIRE
12:38:17.466 [Test worker] DEBUG io.yggdrash.contract.yeed.YeedContract - Propose require block height : 100000 
12:38:17.466 [Test worker] DEBUG io.yggdrash.contract.yeed.YeedContract - TxConfirm block height : 100010 
12:38:17.466 [Test worker] DEBUG io.yggdrash.contract.yeed.YeedContract - CheckBlockHeight : true
12:38:17.466 [Test worker] DEBUG io.yggdrash.contract.yeed.YeedContract - Stake YEED 68596000000000000000000000
12:38:17.466 [Test worker] DEBUG io.yggdrash.contract.yeed.YeedContract - TransferYeed YEED 194000000000000000000000
12:38:17.466 [Test worker] DEBUG io.yggdrash.contract.yeed.YeedContract - PI Fee 100000000000000000
12:38:17.466 [Test worker] DEBUG io.yggdrash.contract.yeed.InterChainProcessTest - Remain YEED : 68402000100000000000000000
12:38:17.466 [Test worker] DEBUG io.yggdrash.contract.yeed.InterChainProcessTest - Send Eth 22
12:38:17.471 [Test worker] DEBUG io.yggdrash.contract.yeed.YeedContract - Ratio : 10000
12:38:17.471 [Test worker] DEBUG io.yggdrash.contract.yeed.YeedContract - transferYeed : 226000000000000000000000
12:38:17.471 [Test worker] DEBUG io.yggdrash.contract.yeed.YeedContract - Confirm Id : e3779e0442e739b826572969f28a671fdb5d584e5571f6a5759f6b181b336532
12:38:17.471 [Test worker] DEBUG io.yggdrash.contract.yeed.YeedContract - ProposeId : 3d501aaef5eefc10550b12a341910cbfa16bfed94dbc9892fefb27a1e9ae902c (ProposeKey=pis-3d501aaef5eefc10550b12a341910cbfa16bfed94dbc9892fefb27a1e9ae902c) is PROCESSING
12:38:17.471 [Test worker] DEBUG io.yggdrash.contract.yeed.YeedContract - TxConfirm ProposeId :  3d501aaef5eefc10550b12a341910cbfa16bfed94dbc9892fefb27a1e9ae902c
12:38:17.471 [Test worker] DEBUG io.yggdrash.contract.yeed.YeedContract - TxConfirm Status : VALIDATE_REQUIRE
12:38:17.471 [Test worker] DEBUG io.yggdrash.contract.yeed.YeedContract - Propose require block height : 100000 
12:38:17.471 [Test worker] DEBUG io.yggdrash.contract.yeed.YeedContract - TxConfirm block height : 100010 
12:38:17.471 [Test worker] DEBUG io.yggdrash.contract.yeed.YeedContract - CheckBlockHeight : true
12:38:17.471 [Test worker] DEBUG io.yggdrash.contract.yeed.YeedContract - Stake YEED 68402000000000000000000000
12:38:17.471 [Test worker] DEBUG io.yggdrash.contract.yeed.YeedContract - TransferYeed YEED 226000000000000000000000
12:38:17.471 [Test worker] DEBUG io.yggdrash.contract.yeed.YeedContract - PI Fee 100000000000000000
12:38:17.472 [Test worker] DEBUG io.yggdrash.contract.yeed.InterChainProcessTest - Remain YEED : 68176000100000000000000000
12:38:17.472 [Test worker] DEBUG io.yggdrash.contract.yeed.InterChainProcessTest - Send Eth 6
12:38:17.477 [Test worker] DEBUG io.yggdrash.contract.yeed.YeedContract - Ratio : 10000
12:38:17.477 [Test worker] DEBUG io.yggdrash.contract.yeed.YeedContract - transferYeed : 68000000000000000000000
12:38:17.477 [Test worker] DEBUG io.yggdrash.contract.yeed.YeedContract - Confirm Id : c08b24eea8b8c0fa117170673e3a0021744ee6efe0d2ce8f4338a0938c240989
12:38:17.477 [Test worker] DEBUG io.yggdrash.contract.yeed.YeedContract - ProposeId : 3d501aaef5eefc10550b12a341910cbfa16bfed94dbc9892fefb27a1e9ae902c (ProposeKey=pis-3d501aaef5eefc10550b12a341910cbfa16bfed94dbc9892fefb27a1e9ae902c) is PROCESSING
12:38:17.477 [Test worker] DEBUG io.yggdrash.contract.yeed.YeedContract - TxConfirm ProposeId :  3d501aaef5eefc10550b12a341910cbfa16bfed94dbc9892fefb27a1e9ae902c
12:38:17.477 [Test worker] DEBUG io.yggdrash.contract.yeed.YeedContract - TxConfirm Status : VALIDATE_REQUIRE
12:38:17.477 [Test worker] DEBUG io.yggdrash.contract.yeed.YeedContract - Propose require block height : 100000 
12:38:17.477 [Test worker] DEBUG io.yggdrash.contract.yeed.YeedContract - TxConfirm block height : 100010 
12:38:17.477 [Test worker] DEBUG io.yggdrash.contract.yeed.YeedContract - CheckBlockHeight : true
12:38:17.477 [Test worker] DEBUG io.yggdrash.contract.yeed.YeedContract - Stake YEED 68176000000000000000000000
12:38:17.477 [Test worker] DEBUG io.yggdrash.contract.yeed.YeedContract - TransferYeed YEED 68000000000000000000000
12:38:17.477 [Test worker] DEBUG io.yggdrash.contract.yeed.YeedContract - PI Fee 100000000000000000
12:38:17.477 [Test worker] DEBUG io.yggdrash.contract.yeed.InterChainProcessTest - Remain YEED : 68108000100000000000000000
12:38:17.477 [Test worker] DEBUG io.yggdrash.contract.yeed.InterChainProcessTest - Send Eth 72
12:38:17.482 [Test worker] DEBUG io.yggdrash.contract.yeed.YeedContract - Ratio : 10000
12:38:17.482 [Test worker] DEBUG io.yggdrash.contract.yeed.YeedContract - transferYeed : 721000000000000000000000
12:38:17.482 [Test worker] DEBUG io.yggdrash.contract.yeed.YeedContract - Confirm Id : f9023073cf69d2c830b3bac50b648d504456e7387d747cd63112e978141d691b
12:38:17.482 [Test worker] DEBUG io.yggdrash.contract.yeed.YeedContract - ProposeId : 3d501aaef5eefc10550b12a341910cbfa16bfed94dbc9892fefb27a1e9ae902c (ProposeKey=pis-3d501aaef5eefc10550b12a341910cbfa16bfed94dbc9892fefb27a1e9ae902c) is PROCESSING
12:38:17.482 [Test worker] DEBUG io.yggdrash.contract.yeed.YeedContract - TxConfirm ProposeId :  3d501aaef5eefc10550b12a341910cbfa16bfed94dbc9892fefb27a1e9ae902c
12:38:17.482 [Test worker] DEBUG io.yggdrash.contract.yeed.YeedContract - TxConfirm Status : VALIDATE_REQUIRE
12:38:17.482 [Test worker] DEBUG io.yggdrash.contract.yeed.YeedContract - Propose require block height : 100000 
12:38:17.482 [Test worker] DEBUG io.yggdrash.contract.yeed.YeedContract - TxConfirm block height : 100010 
12:38:17.482 [Test worker] DEBUG io.yggdrash.contract.yeed.YeedContract - CheckBlockHeight : true
12:38:17.482 [Test worker] DEBUG io.yggdrash.contract.yeed.YeedContract - Stake YEED 68108000000000000000000000
12:38:17.482 [Test worker] DEBUG io.yggdrash.contract.yeed.YeedContract - TransferYeed YEED 721000000000000000000000
12:38:17.482 [Test worker] DEBUG io.yggdrash.contract.yeed.YeedContract - PI Fee 100000000000000000
12:38:17.482 [Test worker] DEBUG io.yggdrash.contract.yeed.InterChainProcessTest - Remain YEED : 67387000100000000000000000
12:38:17.482 [Test worker] DEBUG io.yggdrash.contract.yeed.InterChainProcessTest - Send Eth 92
12:38:17.487 [Test worker] DEBUG io.yggdrash.contract.yeed.YeedContract - Ratio : 10000
12:38:17.487 [Test worker] DEBUG io.yggdrash.contract.yeed.YeedContract - transferYeed : 928000000000000000000000
12:38:17.487 [Test worker] DEBUG io.yggdrash.contract.yeed.YeedContract - Confirm Id : e82224b7ef4e6e0ac85b60315a23286db765cdbe69828e4bf0ccede3e539fcff
12:38:17.487 [Test worker] DEBUG io.yggdrash.contract.yeed.YeedContract - ProposeId : 3d501aaef5eefc10550b12a341910cbfa16bfed94dbc9892fefb27a1e9ae902c (ProposeKey=pis-3d501aaef5eefc10550b12a341910cbfa16bfed94dbc9892fefb27a1e9ae902c) is PROCESSING
12:38:17.487 [Test worker] DEBUG io.yggdrash.contract.yeed.YeedContract - TxConfirm ProposeId :  3d501aaef5eefc10550b12a341910cbfa16bfed94dbc9892fefb27a1e9ae902c
12:38:17.487 [Test worker] DEBUG io.yggdrash.contract.yeed.YeedContract - TxConfirm Status : VALIDATE_REQUIRE
12:38:17.487 [Test worker] DEBUG io.yggdrash.contract.yeed.YeedContract - Propose require block height : 100000 
12:38:17.487 [Test worker] DEBUG io.yggdrash.contract.yeed.YeedContract - TxConfirm block height : 100010 
12:38:17.487 [Test worker] DEBUG io.yggdrash.contract.yeed.YeedContract - CheckBlockHeight : true
12:38:17.487 [Test worker] DEBUG io.yggdrash.contract.yeed.YeedContract - Stake YEED 67387000000000000000000000
12:38:17.487 [Test worker] DEBUG io.yggdrash.contract.yeed.YeedContract - TransferYeed YEED 928000000000000000000000
12:38:17.487 [Test worker] DEBUG io.yggdrash.contract.yeed.YeedContract - PI Fee 100000000000000000
12:38:17.487 [Test worker] DEBUG io.yggdrash.contract.yeed.InterChainProcessTest - Remain YEED : 66459000100000000000000000
12:38:17.487 [Test worker] DEBUG io.yggdrash.contract.yeed.InterChainProcessTest - Send Eth 66
12:38:17.491 [Test worker] DEBUG io.yggdrash.contract.yeed.YeedContract - Ratio : 10000
12:38:17.491 [Test worker] DEBUG io.yggdrash.contract.yeed.YeedContract - transferYeed : 667000000000000000000000
12:38:17.491 [Test worker] DEBUG io.yggdrash.contract.yeed.YeedContract - Confirm Id : 6a62b8908a25c1143cb8099066a08e0f75c4f01568bb5eabfbb5f6ddfce03307
12:38:17.491 [Test worker] DEBUG io.yggdrash.contract.yeed.YeedContract - ProposeId : 3d501aaef5eefc10550b12a341910cbfa16bfed94dbc9892fefb27a1e9ae902c (ProposeKey=pis-3d501aaef5eefc10550b12a341910cbfa16bfed94dbc9892fefb27a1e9ae902c) is PROCESSING
12:38:17.491 [Test worker] DEBUG io.yggdrash.contract.yeed.YeedContract - TxConfirm ProposeId :  3d501aaef5eefc10550b12a341910cbfa16bfed94dbc9892fefb27a1e9ae902c
12:38:17.491 [Test worker] DEBUG io.yggdrash.contract.yeed.YeedContract - TxConfirm Status : VALIDATE_REQUIRE
12:38:17.491 [Test worker] DEBUG io.yggdrash.contract.yeed.YeedContract - Propose require block height : 100000 
12:38:17.491 [Test worker] DEBUG io.yggdrash.contract.yeed.YeedContract - TxConfirm block height : 100010 
12:38:17.491 [Test worker] DEBUG io.yggdrash.contract.yeed.YeedContract - CheckBlockHeight : true
12:38:17.491 [Test worker] DEBUG io.yggdrash.contract.yeed.YeedContract - Stake YEED 66459000000000000000000000
12:38:17.491 [Test worker] DEBUG io.yggdrash.contract.yeed.YeedContract - TransferYeed YEED 667000000000000000000000
12:38:17.491 [Test worker] DEBUG io.yggdrash.contract.yeed.YeedContract - PI Fee 100000000000000000
12:38:17.491 [Test worker] DEBUG io.yggdrash.contract.yeed.InterChainProcessTest - Remain YEED : 65792000100000000000000000
12:38:17.492 [Test worker] DEBUG io.yggdrash.contract.yeed.InterChainProcessTest - Send Eth 47
12:38:17.497 [Test worker] DEBUG io.yggdrash.contract.yeed.YeedContract - Ratio : 10000
12:38:17.497 [Test worker] DEBUG io.yggdrash.contract.yeed.YeedContract - transferYeed : 470000000000000000000000
12:38:17.497 [Test worker] DEBUG io.yggdrash.contract.yeed.YeedContract - Confirm Id : 0772a180b119e74f85def6c7ce1a3b7fb1c4512826d5d61ddc91e67426aadbbe
12:38:17.497 [Test worker] DEBUG io.yggdrash.contract.yeed.YeedContract - ProposeId : 3d501aaef5eefc10550b12a341910cbfa16bfed94dbc9892fefb27a1e9ae902c (ProposeKey=pis-3d501aaef5eefc10550b12a341910cbfa16bfed94dbc9892fefb27a1e9ae902c) is PROCESSING
12:38:17.497 [Test worker] DEBUG io.yggdrash.contract.yeed.YeedContract - TxConfirm ProposeId :  3d501aaef5eefc10550b12a341910cbfa16bfed94dbc9892fefb27a1e9ae902c
12:38:17.497 [Test worker] DEBUG io.yggdrash.contract.yeed.YeedContract - TxConfirm Status : VALIDATE_REQUIRE
12:38:17.497 [Test worker] DEBUG io.yggdrash.contract.yeed.YeedContract - Propose require block height : 100000 
12:38:17.497 [Test worker] DEBUG io.yggdrash.contract.yeed.YeedContract - TxConfirm block height : 100010 
12:38:17.497 [Test worker] DEBUG io.yggdrash.contract.yeed.YeedContract - CheckBlockHeight : true
12:38:17.497 [Test worker] DEBUG io.yggdrash.contract.yeed.YeedContract - Stake YEED 65792000000000000000000000
12:38:17.498 [Test worker] DEBUG io.yggdrash.contract.yeed.YeedContract - TransferYeed YEED 470000000000000000000000
12:38:17.498 [Test worker] DEBUG io.yggdrash.contract.yeed.YeedContract - PI Fee 100000000000000000
12:38:17.498 [Test worker] DEBUG io.yggdrash.contract.yeed.InterChainProcessTest - Remain YEED : 65322000100000000000000000
12:38:17.498 [Test worker] DEBUG io.yggdrash.contract.yeed.InterChainProcessTest - Send Eth 47
12:38:17.503 [Test worker] DEBUG io.yggdrash.contract.yeed.YeedContract - Ratio : 10000
12:38:17.503 [Test worker] DEBUG io.yggdrash.contract.yeed.YeedContract - transferYeed : 473000000000000000000000
12:38:17.503 [Test worker] DEBUG io.yggdrash.contract.yeed.YeedContract - Confirm Id : a7fd3a05c5ee45e5fd898b9b949eb83ca6724ca274c03fecfd7b0f67f4ddf275
12:38:17.503 [Test worker] DEBUG io.yggdrash.contract.yeed.YeedContract - ProposeId : 3d501aaef5eefc10550b12a341910cbfa16bfed94dbc9892fefb27a1e9ae902c (ProposeKey=pis-3d501aaef5eefc10550b12a341910cbfa16bfed94dbc9892fefb27a1e9ae902c) is PROCESSING
12:38:17.503 [Test worker] DEBUG io.yggdrash.contract.yeed.YeedContract - TxConfirm ProposeId :  3d501aaef5eefc10550b12a341910cbfa16bfed94dbc9892fefb27a1e9ae902c
12:38:17.503 [Test worker] DEBUG io.yggdrash.contract.yeed.YeedContract - TxConfirm Status : VALIDATE_REQUIRE
12:38:17.503 [Test worker] DEBUG io.yggdrash.contract.yeed.YeedContract - Propose require block height : 100000 
12:38:17.503 [Test worker] DEBUG io.yggdrash.contract.yeed.YeedContract - TxConfirm block height : 100010 
12:38:17.503 [Test worker] DEBUG io.yggdrash.contract.yeed.YeedContract - CheckBlockHeight : true
12:38:17.503 [Test worker] DEBUG io.yggdrash.contract.yeed.YeedContract - Stake YEED 65322000000000000000000000
12:38:17.503 [Test worker] DEBUG io.yggdrash.contract.yeed.YeedContract - TransferYeed YEED 473000000000000000000000
12:38:17.503 [Test worker] DEBUG io.yggdrash.contract.yeed.YeedContract - PI Fee 100000000000000000
12:38:17.503 [Test worker] DEBUG io.yggdrash.contract.yeed.InterChainProcessTest - Remain YEED : 64849000100000000000000000
12:38:17.503 [Test worker] DEBUG io.yggdrash.contract.yeed.InterChainProcessTest - Send Eth 99
12:38:17.513 [Test worker] DEBUG io.yggdrash.contract.yeed.YeedContract - Ratio : 10000
12:38:17.513 [Test worker] DEBUG io.yggdrash.contract.yeed.YeedContract - transferYeed : 992000000000000000000000
12:38:17.513 [Test worker] DEBUG io.yggdrash.contract.yeed.YeedContract - Confirm Id : b164391f78f278ce5b9dcdc41bc8dff178ae6633a066e4294afaea82f60bfd1d
12:38:17.513 [Test worker] DEBUG io.yggdrash.contract.yeed.YeedContract - ProposeId : 3d501aaef5eefc10550b12a341910cbfa16bfed94dbc9892fefb27a1e9ae902c (ProposeKey=pis-3d501aaef5eefc10550b12a341910cbfa16bfed94dbc9892fefb27a1e9ae902c) is PROCESSING
12:38:17.514 [Test worker] DEBUG io.yggdrash.contract.yeed.YeedContract - TxConfirm ProposeId :  3d501aaef5eefc10550b12a341910cbfa16bfed94dbc9892fefb27a1e9ae902c
12:38:17.514 [Test worker] DEBUG io.yggdrash.contract.yeed.YeedContract - TxConfirm Status : VALIDATE_REQUIRE
12:38:17.514 [Test worker] DEBUG io.yggdrash.contract.yeed.YeedContract - Propose require block height : 100000 
12:38:17.514 [Test worker] DEBUG io.yggdrash.contract.yeed.YeedContract - TxConfirm block height : 100010 
12:38:17.514 [Test worker] DEBUG io.yggdrash.contract.yeed.YeedContract - CheckBlockHeight : true
12:38:17.514 [Test worker] DEBUG io.yggdrash.contract.yeed.YeedContract - Stake YEED 64849000000000000000000000
12:38:17.514 [Test worker] DEBUG io.yggdrash.contract.yeed.YeedContract - TransferYeed YEED 992000000000000000000000
12:38:17.514 [Test worker] DEBUG io.yggdrash.contract.yeed.YeedContract - PI Fee 100000000000000000
12:38:17.514 [Test worker] DEBUG io.yggdrash.contract.yeed.InterChainProcessTest - Remain YEED : 63857000100000000000000000
12:38:17.514 [Test worker] DEBUG io.yggdrash.contract.yeed.InterChainProcessTest - Send Eth 90
12:38:17.518 [Test worker] DEBUG io.yggdrash.contract.yeed.YeedContract - Ratio : 10000
12:38:17.518 [Test worker] DEBUG io.yggdrash.contract.yeed.YeedContract - transferYeed : 909000000000000000000000
12:38:17.519 [Test worker] DEBUG io.yggdrash.contract.yeed.YeedContract - Confirm Id : e8c8a659a68638f14a0423936b244328489818c908359aa1094857cc518ba1ae
12:38:17.519 [Test worker] DEBUG io.yggdrash.contract.yeed.YeedContract - ProposeId : 3d501aaef5eefc10550b12a341910cbfa16bfed94dbc9892fefb27a1e9ae902c (ProposeKey=pis-3d501aaef5eefc10550b12a341910cbfa16bfed94dbc9892fefb27a1e9ae902c) is PROCESSING
12:38:17.519 [Test worker] DEBUG io.yggdrash.contract.yeed.YeedContract - TxConfirm ProposeId :  3d501aaef5eefc10550b12a341910cbfa16bfed94dbc9892fefb27a1e9ae902c
12:38:17.519 [Test worker] DEBUG io.yggdrash.contract.yeed.YeedContract - TxConfirm Status : VALIDATE_REQUIRE
12:38:17.519 [Test worker] DEBUG io.yggdrash.contract.yeed.YeedContract - Propose require block height : 100000 
12:38:17.519 [Test worker] DEBUG io.yggdrash.contract.yeed.YeedContract - TxConfirm block height : 100010 
12:38:17.519 [Test worker] DEBUG io.yggdrash.contract.yeed.YeedContract - CheckBlockHeight : true
12:38:17.519 [Test worker] DEBUG io.yggdrash.contract.yeed.YeedContract - Stake YEED 63857000000000000000000000
12:38:17.519 [Test worker] DEBUG io.yggdrash.contract.yeed.YeedContract - TransferYeed YEED 909000000000000000000000
12:38:17.519 [Test worker] DEBUG io.yggdrash.contract.yeed.YeedContract - PI Fee 100000000000000000
12:38:17.519 [Test worker] DEBUG io.yggdrash.contract.yeed.InterChainProcessTest - Remain YEED : 62948000100000000000000000
12:38:17.519 [Test worker] DEBUG io.yggdrash.contract.yeed.InterChainProcessTest - Send Eth 22
12:38:17.524 [Test worker] DEBUG io.yggdrash.contract.yeed.YeedContract - Ratio : 10000
12:38:17.524 [Test worker] DEBUG io.yggdrash.contract.yeed.YeedContract - transferYeed : 222000000000000000000000
12:38:17.524 [Test worker] DEBUG io.yggdrash.contract.yeed.YeedContract - Confirm Id : 2d7458ebb11a83e1a5f3e86f0a2ab4f92c430b3722ea5a0a93418d9f1dc119a7
12:38:17.524 [Test worker] DEBUG io.yggdrash.contract.yeed.YeedContract - ProposeId : 3d501aaef5eefc10550b12a341910cbfa16bfed94dbc9892fefb27a1e9ae902c (ProposeKey=pis-3d501aaef5eefc10550b12a341910cbfa16bfed94dbc9892fefb27a1e9ae902c) is PROCESSING
12:38:17.524 [Test worker] DEBUG io.yggdrash.contract.yeed.YeedContract - TxConfirm ProposeId :  3d501aaef5eefc10550b12a341910cbfa16bfed94dbc9892fefb27a1e9ae902c
12:38:17.524 [Test worker] DEBUG io.yggdrash.contract.yeed.YeedContract - TxConfirm Status : VALIDATE_REQUIRE
12:38:17.524 [Test worker] DEBUG io.yggdrash.contract.yeed.YeedContract - Propose require block height : 100000 
12:38:17.524 [Test worker] DEBUG io.yggdrash.contract.yeed.YeedContract - TxConfirm block height : 100010 
12:38:17.524 [Test worker] DEBUG io.yggdrash.contract.yeed.YeedContract - CheckBlockHeight : true
12:38:17.524 [Test worker] DEBUG io.yggdrash.contract.yeed.YeedContract - Stake YEED 62948000000000000000000000
12:38:17.524 [Test worker] DEBUG io.yggdrash.contract.yeed.YeedContract - TransferYeed YEED 222000000000000000000000
12:38:17.524 [Test worker] DEBUG io.yggdrash.contract.yeed.YeedContract - PI Fee 100000000000000000
12:38:17.524 [Test worker] DEBUG io.yggdrash.contract.yeed.InterChainProcessTest - Remain YEED : 62726000100000000000000000
12:38:17.525 [Test worker] DEBUG io.yggdrash.contract.yeed.InterChainProcessTest - Send Eth 79
12:38:17.529 [Test worker] DEBUG io.yggdrash.contract.yeed.YeedContract - Ratio : 10000
12:38:17.529 [Test worker] DEBUG io.yggdrash.contract.yeed.YeedContract - transferYeed : 793000000000000000000000
12:38:17.529 [Test worker] DEBUG io.yggdrash.contract.yeed.YeedContract - Confirm Id : ef584c0b93d9b6ba3db17c7505e1b4777d7f3a71e344f2a4775c96f96ad08971
12:38:17.529 [Test worker] DEBUG io.yggdrash.contract.yeed.YeedContract - ProposeId : 3d501aaef5eefc10550b12a341910cbfa16bfed94dbc9892fefb27a1e9ae902c (ProposeKey=pis-3d501aaef5eefc10550b12a341910cbfa16bfed94dbc9892fefb27a1e9ae902c) is PROCESSING
12:38:17.529 [Test worker] DEBUG io.yggdrash.contract.yeed.YeedContract - TxConfirm ProposeId :  3d501aaef5eefc10550b12a341910cbfa16bfed94dbc9892fefb27a1e9ae902c
12:38:17.529 [Test worker] DEBUG io.yggdrash.contract.yeed.YeedContract - TxConfirm Status : VALIDATE_REQUIRE
12:38:17.529 [Test worker] DEBUG io.yggdrash.contract.yeed.YeedContract - Propose require block height : 100000 
12:38:17.529 [Test worker] DEBUG io.yggdrash.contract.yeed.YeedContract - TxConfirm block height : 100010 
12:38:17.529 [Test worker] DEBUG io.yggdrash.contract.yeed.YeedContract - CheckBlockHeight : true
12:38:17.529 [Test worker] DEBUG io.yggdrash.contract.yeed.YeedContract - Stake YEED 62726000000000000000000000
12:38:17.530 [Test worker] DEBUG io.yggdrash.contract.yeed.YeedContract - TransferYeed YEED 793000000000000000000000
12:38:17.530 [Test worker] DEBUG io.yggdrash.contract.yeed.YeedContract - PI Fee 100000000000000000
12:38:17.530 [Test worker] DEBUG io.yggdrash.contract.yeed.InterChainProcessTest - Remain YEED : 61933000100000000000000000
12:38:17.530 [Test worker] DEBUG io.yggdrash.contract.yeed.InterChainProcessTest - Send Eth 78
12:38:17.534 [Test worker] DEBUG io.yggdrash.contract.yeed.YeedContract - Ratio : 10000
12:38:17.534 [Test worker] DEBUG io.yggdrash.contract.yeed.YeedContract - transferYeed : 786000000000000000000000
12:38:17.534 [Test worker] DEBUG io.yggdrash.contract.yeed.YeedContract - Confirm Id : 9fc4ef36c07681be688174e77efddfc9357aaac560ad0c5bc50294b41655daaa
12:38:17.534 [Test worker] DEBUG io.yggdrash.contract.yeed.YeedContract - ProposeId : 3d501aaef5eefc10550b12a341910cbfa16bfed94dbc9892fefb27a1e9ae902c (ProposeKey=pis-3d501aaef5eefc10550b12a341910cbfa16bfed94dbc9892fefb27a1e9ae902c) is PROCESSING
12:38:17.535 [Test worker] DEBUG io.yggdrash.contract.yeed.YeedContract - TxConfirm ProposeId :  3d501aaef5eefc10550b12a341910cbfa16bfed94dbc9892fefb27a1e9ae902c
12:38:17.535 [Test worker] DEBUG io.yggdrash.contract.yeed.YeedContract - TxConfirm Status : VALIDATE_REQUIRE
12:38:17.535 [Test worker] DEBUG io.yggdrash.contract.yeed.YeedContract - Propose require block height : 100000 
12:38:17.535 [Test worker] DEBUG io.yggdrash.contract.yeed.YeedContract - TxConfirm block height : 100010 
12:38:17.535 [Test worker] DEBUG io.yggdrash.contract.yeed.YeedContract - CheckBlockHeight : true
12:38:17.535 [Test worker] DEBUG io.yggdrash.contract.yeed.YeedContract - Stake YEED 61933000000000000000000000
12:38:17.535 [Test worker] DEBUG io.yggdrash.contract.yeed.YeedContract - TransferYeed YEED 786000000000000000000000
12:38:17.535 [Test worker] DEBUG io.yggdrash.contract.yeed.YeedContract - PI Fee 100000000000000000
12:38:17.535 [Test worker] DEBUG io.yggdrash.contract.yeed.InterChainProcessTest - Remain YEED : 61147000100000000000000000
12:38:17.535 [Test worker] DEBUG io.yggdrash.contract.yeed.InterChainProcessTest - Send Eth 83
12:38:17.539 [Test worker] DEBUG io.yggdrash.contract.yeed.YeedContract - Ratio : 10000
12:38:17.539 [Test worker] DEBUG io.yggdrash.contract.yeed.YeedContract - transferYeed : 834000000000000000000000
12:38:17.539 [Test worker] DEBUG io.yggdrash.contract.yeed.YeedContract - Confirm Id : 7e1e8b9472ca3e877d581cf154ba16bce6a218a87830ae1a09102f2700b65cec
12:38:17.540 [Test worker] DEBUG io.yggdrash.contract.yeed.YeedContract - ProposeId : 3d501aaef5eefc10550b12a341910cbfa16bfed94dbc9892fefb27a1e9ae902c (ProposeKey=pis-3d501aaef5eefc10550b12a341910cbfa16bfed94dbc9892fefb27a1e9ae902c) is PROCESSING
12:38:17.540 [Test worker] DEBUG io.yggdrash.contract.yeed.YeedContract - TxConfirm ProposeId :  3d501aaef5eefc10550b12a341910cbfa16bfed94dbc9892fefb27a1e9ae902c
12:38:17.540 [Test worker] DEBUG io.yggdrash.contract.yeed.YeedContract - TxConfirm Status : VALIDATE_REQUIRE
12:38:17.540 [Test worker] DEBUG io.yggdrash.contract.yeed.YeedContract - Propose require block height : 100000 
12:38:17.540 [Test worker] DEBUG io.yggdrash.contract.yeed.YeedContract - TxConfirm block height : 100010 
12:38:17.540 [Test worker] DEBUG io.yggdrash.contract.yeed.YeedContract - CheckBlockHeight : true
12:38:17.540 [Test worker] DEBUG io.yggdrash.contract.yeed.YeedContract - Stake YEED 61147000000000000000000000
12:38:17.540 [Test worker] DEBUG io.yggdrash.contract.yeed.YeedContract - TransferYeed YEED 834000000000000000000000
12:38:17.540 [Test worker] DEBUG io.yggdrash.contract.yeed.YeedContract - PI Fee 100000000000000000
12:38:17.540 [Test worker] DEBUG io.yggdrash.contract.yeed.InterChainProcessTest - Remain YEED : 60313000100000000000000000
12:38:17.540 [Test worker] DEBUG io.yggdrash.contract.yeed.InterChainProcessTest - Send Eth 51
12:38:17.545 [Test worker] DEBUG io.yggdrash.contract.yeed.YeedContract - Ratio : 10000
12:38:17.545 [Test worker] DEBUG io.yggdrash.contract.yeed.YeedContract - transferYeed : 517000000000000000000000
12:38:17.545 [Test worker] DEBUG io.yggdrash.contract.yeed.YeedContract - Confirm Id : 5e08a4d1bf5fe2b19813c7a77e0ff840159cc4d55dd55be7c4ede1f1532c6d5d
12:38:17.545 [Test worker] DEBUG io.yggdrash.contract.yeed.YeedContract - ProposeId : 3d501aaef5eefc10550b12a341910cbfa16bfed94dbc9892fefb27a1e9ae902c (ProposeKey=pis-3d501aaef5eefc10550b12a341910cbfa16bfed94dbc9892fefb27a1e9ae902c) is PROCESSING
12:38:17.545 [Test worker] DEBUG io.yggdrash.contract.yeed.YeedContract - TxConfirm ProposeId :  3d501aaef5eefc10550b12a341910cbfa16bfed94dbc9892fefb27a1e9ae902c
12:38:17.545 [Test worker] DEBUG io.yggdrash.contract.yeed.YeedContract - TxConfirm Status : VALIDATE_REQUIRE
12:38:17.545 [Test worker] DEBUG io.yggdrash.contract.yeed.YeedContract - Propose require block height : 100000 
12:38:17.545 [Test worker] DEBUG io.yggdrash.contract.yeed.YeedContract - TxConfirm block height : 100010 
12:38:17.545 [Test worker] DEBUG io.yggdrash.contract.yeed.YeedContract - CheckBlockHeight : true
12:38:17.545 [Test worker] DEBUG io.yggdrash.contract.yeed.YeedContract - Stake YEED 60313000000000000000000000
12:38:17.545 [Test worker] DEBUG io.yggdrash.contract.yeed.YeedContract - TransferYeed YEED 517000000000000000000000
12:38:17.545 [Test worker] DEBUG io.yggdrash.contract.yeed.YeedContract - PI Fee 100000000000000000
12:38:17.545 [Test worker] DEBUG io.yggdrash.contract.yeed.InterChainProcessTest - Remain YEED : 59796000100000000000000000
12:38:17.545 [Test worker] DEBUG io.yggdrash.contract.yeed.InterChainProcessTest - Send Eth 70
12:38:17.550 [Test worker] DEBUG io.yggdrash.contract.yeed.YeedContract - Ratio : 10000
12:38:17.550 [Test worker] DEBUG io.yggdrash.contract.yeed.YeedContract - transferYeed : 709000000000000000000000
12:38:17.550 [Test worker] DEBUG io.yggdrash.contract.yeed.YeedContract - Confirm Id : c10333b1055d5e41b5b9da69d044504ad60c6118932fb1ea91cfb4239e363559
12:38:17.551 [Test worker] DEBUG io.yggdrash.contract.yeed.YeedContract - ProposeId : 3d501aaef5eefc10550b12a341910cbfa16bfed94dbc9892fefb27a1e9ae902c (ProposeKey=pis-3d501aaef5eefc10550b12a341910cbfa16bfed94dbc9892fefb27a1e9ae902c) is PROCESSING
12:38:17.551 [Test worker] DEBUG io.yggdrash.contract.yeed.YeedContract - TxConfirm ProposeId :  3d501aaef5eefc10550b12a341910cbfa16bfed94dbc9892fefb27a1e9ae902c
12:38:17.551 [Test worker] DEBUG io.yggdrash.contract.yeed.YeedContract - TxConfirm Status : VALIDATE_REQUIRE
12:38:17.551 [Test worker] DEBUG io.yggdrash.contract.yeed.YeedContract - Propose require block height : 100000 
12:38:17.551 [Test worker] DEBUG io.yggdrash.contract.yeed.YeedContract - TxConfirm block height : 100010 
12:38:17.551 [Test worker] DEBUG io.yggdrash.contract.yeed.YeedContract - CheckBlockHeight : true
12:38:17.551 [Test worker] DEBUG io.yggdrash.contract.yeed.YeedContract - Stake YEED 59796000000000000000000000
12:38:17.551 [Test worker] DEBUG io.yggdrash.contract.yeed.YeedContract - TransferYeed YEED 709000000000000000000000
12:38:17.551 [Test worker] DEBUG io.yggdrash.contract.yeed.YeedContract - PI Fee 100000000000000000
12:38:17.551 [Test worker] DEBUG io.yggdrash.contract.yeed.InterChainProcessTest - Remain YEED : 59087000100000000000000000
12:38:17.551 [Test worker] DEBUG io.yggdrash.contract.yeed.InterChainProcessTest - Send Eth 83
12:38:17.554 [Test worker] DEBUG io.yggdrash.contract.yeed.YeedContract - Ratio : 10000
12:38:17.554 [Test worker] DEBUG io.yggdrash.contract.yeed.YeedContract - transferYeed : 831000000000000000000000
12:38:17.555 [Test worker] DEBUG io.yggdrash.contract.yeed.YeedContract - Confirm Id : 48aa6fe01538aff6c8400dd3ad2989468c020bb5c57cc5d2dab33895737aa90e
12:38:17.555 [Test worker] DEBUG io.yggdrash.contract.yeed.YeedContract - ProposeId : 3d501aaef5eefc10550b12a341910cbfa16bfed94dbc9892fefb27a1e9ae902c (ProposeKey=pis-3d501aaef5eefc10550b12a341910cbfa16bfed94dbc9892fefb27a1e9ae902c) is PROCESSING
12:38:17.555 [Test worker] DEBUG io.yggdrash.contract.yeed.YeedContract - TxConfirm ProposeId :  3d501aaef5eefc10550b12a341910cbfa16bfed94dbc9892fefb27a1e9ae902c
12:38:17.555 [Test worker] DEBUG io.yggdrash.contract.yeed.YeedContract - TxConfirm Status : VALIDATE_REQUIRE
12:38:17.555 [Test worker] DEBUG io.yggdrash.contract.yeed.YeedContract - Propose require block height : 100000 
12:38:17.555 [Test worker] DEBUG io.yggdrash.contract.yeed.YeedContract - TxConfirm block height : 100010 
12:38:17.555 [Test worker] DEBUG io.yggdrash.contract.yeed.YeedContract - CheckBlockHeight : true
12:38:17.555 [Test worker] DEBUG io.yggdrash.contract.yeed.YeedContract - Stake YEED 59087000000000000000000000
12:38:17.555 [Test worker] DEBUG io.yggdrash.contract.yeed.YeedContract - TransferYeed YEED 831000000000000000000000
12:38:17.555 [Test worker] DEBUG io.yggdrash.contract.yeed.YeedContract - PI Fee 100000000000000000
12:38:17.555 [Test worker] DEBUG io.yggdrash.contract.yeed.InterChainProcessTest - Remain YEED : 58256000100000000000000000
12:38:17.555 [Test worker] DEBUG io.yggdrash.contract.yeed.InterChainProcessTest - Send Eth 59
12:38:17.559 [Test worker] DEBUG io.yggdrash.contract.yeed.YeedContract - Ratio : 10000
12:38:17.559 [Test worker] DEBUG io.yggdrash.contract.yeed.YeedContract - transferYeed : 599000000000000000000000
12:38:17.559 [Test worker] DEBUG io.yggdrash.contract.yeed.YeedContract - Confirm Id : 6964148fe97545eab4a8e185f3a1f1fe1d8dcb5195b94611511c43505fd3074c
12:38:17.559 [Test worker] DEBUG io.yggdrash.contract.yeed.YeedContract - ProposeId : 3d501aaef5eefc10550b12a341910cbfa16bfed94dbc9892fefb27a1e9ae902c (ProposeKey=pis-3d501aaef5eefc10550b12a341910cbfa16bfed94dbc9892fefb27a1e9ae902c) is PROCESSING
12:38:17.559 [Test worker] DEBUG io.yggdrash.contract.yeed.YeedContract - TxConfirm ProposeId :  3d501aaef5eefc10550b12a341910cbfa16bfed94dbc9892fefb27a1e9ae902c
12:38:17.559 [Test worker] DEBUG io.yggdrash.contract.yeed.YeedContract - TxConfirm Status : VALIDATE_REQUIRE
12:38:17.559 [Test worker] DEBUG io.yggdrash.contract.yeed.YeedContract - Propose require block height : 100000 
12:38:17.559 [Test worker] DEBUG io.yggdrash.contract.yeed.YeedContract - TxConfirm block height : 100010 
12:38:17.559 [Test worker] DEBUG io.yggdrash.contract.yeed.YeedContract - CheckBlockHeight : true
12:38:17.559 [Test worker] DEBUG io.yggdrash.contract.yeed.YeedContract - Stake YEED 58256000000000000000000000
12:38:17.559 [Test worker] DEBUG io.yggdrash.contract.yeed.YeedContract - TransferYeed YEED 599000000000000000000000
12:38:17.559 [Test worker] DEBUG io.yggdrash.contract.yeed.YeedContract - PI Fee 100000000000000000
12:38:17.559 [Test worker] DEBUG io.yggdrash.contract.yeed.InterChainProcessTest - Remain YEED : 57657000100000000000000000
12:38:17.559 [Test worker] DEBUG io.yggdrash.contract.yeed.InterChainProcessTest - Send Eth 59
12:38:17.563 [Test worker] DEBUG io.yggdrash.contract.yeed.YeedContract - Ratio : 10000
12:38:17.563 [Test worker] DEBUG io.yggdrash.contract.yeed.YeedContract - transferYeed : 596000000000000000000000
12:38:17.563 [Test worker] DEBUG io.yggdrash.contract.yeed.YeedContract - Confirm Id : de3c127ee3d8a7610af997e8e23c85dfc248ca161f9f9d74440780023397072c
12:38:17.563 [Test worker] DEBUG io.yggdrash.contract.yeed.YeedContract - ProposeId : 3d501aaef5eefc10550b12a341910cbfa16bfed94dbc9892fefb27a1e9ae902c (ProposeKey=pis-3d501aaef5eefc10550b12a341910cbfa16bfed94dbc9892fefb27a1e9ae902c) is PROCESSING
12:38:17.564 [Test worker] DEBUG io.yggdrash.contract.yeed.YeedContract - TxConfirm ProposeId :  3d501aaef5eefc10550b12a341910cbfa16bfed94dbc9892fefb27a1e9ae902c
12:38:17.564 [Test worker] DEBUG io.yggdrash.contract.yeed.YeedContract - TxConfirm Status : VALIDATE_REQUIRE
12:38:17.564 [Test worker] DEBUG io.yggdrash.contract.yeed.YeedContract - Propose require block height : 100000 
12:38:17.564 [Test worker] DEBUG io.yggdrash.contract.yeed.YeedContract - TxConfirm block height : 100010 
12:38:17.564 [Test worker] DEBUG io.yggdrash.contract.yeed.YeedContract - CheckBlockHeight : true
12:38:17.564 [Test worker] DEBUG io.yggdrash.contract.yeed.YeedContract - Stake YEED 57657000000000000000000000
12:38:17.564 [Test worker] DEBUG io.yggdrash.contract.yeed.YeedContract - TransferYeed YEED 596000000000000000000000
12:38:17.564 [Test worker] DEBUG io.yggdrash.contract.yeed.YeedContract - PI Fee 100000000000000000
12:38:17.564 [Test worker] DEBUG io.yggdrash.contract.yeed.InterChainProcessTest - Remain YEED : 57061000100000000000000000
12:38:17.564 [Test worker] DEBUG io.yggdrash.contract.yeed.InterChainProcessTest - Send Eth 32
12:38:17.568 [Test worker] DEBUG io.yggdrash.contract.yeed.YeedContract - Ratio : 10000
12:38:17.568 [Test worker] DEBUG io.yggdrash.contract.yeed.YeedContract - transferYeed : 328000000000000000000000
12:38:17.568 [Test worker] DEBUG io.yggdrash.contract.yeed.YeedContract - Confirm Id : a51a32b48010df321f5f78961e6952ec1a31786c90d436e6e4080d63058429d1
12:38:17.568 [Test worker] DEBUG io.yggdrash.contract.yeed.YeedContract - ProposeId : 3d501aaef5eefc10550b12a341910cbfa16bfed94dbc9892fefb27a1e9ae902c (ProposeKey=pis-3d501aaef5eefc10550b12a341910cbfa16bfed94dbc9892fefb27a1e9ae902c) is PROCESSING
12:38:17.569 [Test worker] DEBUG io.yggdrash.contract.yeed.YeedContract - TxConfirm ProposeId :  3d501aaef5eefc10550b12a341910cbfa16bfed94dbc9892fefb27a1e9ae902c
12:38:17.569 [Test worker] DEBUG io.yggdrash.contract.yeed.YeedContract - TxConfirm Status : VALIDATE_REQUIRE
12:38:17.569 [Test worker] DEBUG io.yggdrash.contract.yeed.YeedContract - Propose require block height : 100000 
12:38:17.569 [Test worker] DEBUG io.yggdrash.contract.yeed.YeedContract - TxConfirm block height : 100010 
12:38:17.569 [Test worker] DEBUG io.yggdrash.contract.yeed.YeedContract - CheckBlockHeight : true
12:38:17.569 [Test worker] DEBUG io.yggdrash.contract.yeed.YeedContract - Stake YEED 57061000000000000000000000
12:38:17.569 [Test worker] DEBUG io.yggdrash.contract.yeed.YeedContract - TransferYeed YEED 328000000000000000000000
12:38:17.569 [Test worker] DEBUG io.yggdrash.contract.yeed.YeedContract - PI Fee 100000000000000000
12:38:17.569 [Test worker] DEBUG io.yggdrash.contract.yeed.InterChainProcessTest - Remain YEED : 56733000100000000000000000
12:38:17.569 [Test worker] DEBUG io.yggdrash.contract.yeed.InterChainProcessTest - Send Eth 0
12:38:17.574 [Test worker] DEBUG io.yggdrash.contract.yeed.YeedContract - Ratio : 10000
12:38:17.574 [Test worker] DEBUG io.yggdrash.contract.yeed.YeedContract - transferYeed : 6000000000000000000000
12:38:17.575 [Test worker] DEBUG io.yggdrash.contract.yeed.YeedContract - Confirm Id : 46fa303ccd107f31cb8db79777fc33e13fc75c86f54abe2f51d39fc5a72405df
12:38:17.575 [Test worker] DEBUG io.yggdrash.contract.yeed.YeedContract - ProposeId : 3d501aaef5eefc10550b12a341910cbfa16bfed94dbc9892fefb27a1e9ae902c (ProposeKey=pis-3d501aaef5eefc10550b12a341910cbfa16bfed94dbc9892fefb27a1e9ae902c) is PROCESSING
12:38:17.575 [Test worker] DEBUG io.yggdrash.contract.yeed.YeedContract - TxConfirm ProposeId :  3d501aaef5eefc10550b12a341910cbfa16bfed94dbc9892fefb27a1e9ae902c
12:38:17.575 [Test worker] DEBUG io.yggdrash.contract.yeed.YeedContract - TxConfirm Status : VALIDATE_REQUIRE
12:38:17.575 [Test worker] DEBUG io.yggdrash.contract.yeed.YeedContract - Propose require block height : 100000 
12:38:17.575 [Test worker] DEBUG io.yggdrash.contract.yeed.YeedContract - TxConfirm block height : 100010 
12:38:17.575 [Test worker] DEBUG io.yggdrash.contract.yeed.YeedContract - CheckBlockHeight : true
12:38:17.575 [Test worker] DEBUG io.yggdrash.contract.yeed.YeedContract - Stake YEED 56733000000000000000000000
12:38:17.575 [Test worker] DEBUG io.yggdrash.contract.yeed.YeedContract - TransferYeed YEED 6000000000000000000000
12:38:17.575 [Test worker] DEBUG io.yggdrash.contract.yeed.YeedContract - PI Fee 100000000000000000
12:38:17.575 [Test worker] DEBUG io.yggdrash.contract.yeed.InterChainProcessTest - Remain YEED : 56727000100000000000000000
12:38:17.575 [Test worker] DEBUG io.yggdrash.contract.yeed.InterChainProcessTest - Send Eth 72
12:38:17.580 [Test worker] DEBUG io.yggdrash.contract.yeed.YeedContract - Ratio : 10000
12:38:17.580 [Test worker] DEBUG io.yggdrash.contract.yeed.YeedContract - transferYeed : 727000000000000000000000
12:38:17.580 [Test worker] DEBUG io.yggdrash.contract.yeed.YeedContract - Confirm Id : 300b574a4f374199745e652f0b5119d640a98cc3fcad12d55f1cc47585e0c979
12:38:17.580 [Test worker] DEBUG io.yggdrash.contract.yeed.YeedContract - ProposeId : 3d501aaef5eefc10550b12a341910cbfa16bfed94dbc9892fefb27a1e9ae902c (ProposeKey=pis-3d501aaef5eefc10550b12a341910cbfa16bfed94dbc9892fefb27a1e9ae902c) is PROCESSING
12:38:17.580 [Test worker] DEBUG io.yggdrash.contract.yeed.YeedContract - TxConfirm ProposeId :  3d501aaef5eefc10550b12a341910cbfa16bfed94dbc9892fefb27a1e9ae902c
12:38:17.580 [Test worker] DEBUG io.yggdrash.contract.yeed.YeedContract - TxConfirm Status : VALIDATE_REQUIRE
12:38:17.580 [Test worker] DEBUG io.yggdrash.contract.yeed.YeedContract - Propose require block height : 100000 
12:38:17.580 [Test worker] DEBUG io.yggdrash.contract.yeed.YeedContract - TxConfirm block height : 100010 
12:38:17.580 [Test worker] DEBUG io.yggdrash.contract.yeed.YeedContract - CheckBlockHeight : true
12:38:17.580 [Test worker] DEBUG io.yggdrash.contract.yeed.YeedContract - Stake YEED 56727000000000000000000000
12:38:17.580 [Test worker] DEBUG io.yggdrash.contract.yeed.YeedContract - TransferYeed YEED 727000000000000000000000
12:38:17.580 [Test worker] DEBUG io.yggdrash.contract.yeed.YeedContract - PI Fee 100000000000000000
12:38:17.581 [Test worker] DEBUG io.yggdrash.contract.yeed.InterChainProcessTest - Remain YEED : 56000000100000000000000000
12:38:17.581 [Test worker] DEBUG io.yggdrash.contract.yeed.InterChainProcessTest - Send Eth 72
12:38:17.586 [Test worker] DEBUG io.yggdrash.contract.yeed.YeedContract - Ratio : 10000
12:38:17.586 [Test worker] DEBUG io.yggdrash.contract.yeed.YeedContract - transferYeed : 727000000000000000000000
12:38:17.586 [Test worker] DEBUG io.yggdrash.contract.yeed.YeedContract - Confirm Id : 0ad6a4f84d09be5ad573984900ac78c6d7185f3c98c14a2a236c816e67bc30b5
12:38:17.586 [Test worker] DEBUG io.yggdrash.contract.yeed.YeedContract - ProposeId : 3d501aaef5eefc10550b12a341910cbfa16bfed94dbc9892fefb27a1e9ae902c (ProposeKey=pis-3d501aaef5eefc10550b12a341910cbfa16bfed94dbc9892fefb27a1e9ae902c) is PROCESSING
12:38:17.586 [Test worker] DEBUG io.yggdrash.contract.yeed.YeedContract - TxConfirm ProposeId :  3d501aaef5eefc10550b12a341910cbfa16bfed94dbc9892fefb27a1e9ae902c
12:38:17.586 [Test worker] DEBUG io.yggdrash.contract.yeed.YeedContract - TxConfirm Status : VALIDATE_REQUIRE
12:38:17.586 [Test worker] DEBUG io.yggdrash.contract.yeed.YeedContract - Propose require block height : 100000 
12:38:17.587 [Test worker] DEBUG io.yggdrash.contract.yeed.YeedContract - TxConfirm block height : 100010 
12:38:17.587 [Test worker] DEBUG io.yggdrash.contract.yeed.YeedContract - CheckBlockHeight : true
12:38:17.587 [Test worker] DEBUG io.yggdrash.contract.yeed.YeedContract - Stake YEED 56000000000000000000000000
12:38:17.587 [Test worker] DEBUG io.yggdrash.contract.yeed.YeedContract - TransferYeed YEED 727000000000000000000000
12:38:17.587 [Test worker] DEBUG io.yggdrash.contract.yeed.YeedContract - PI Fee 100000000000000000
12:38:17.587 [Test worker] DEBUG io.yggdrash.contract.yeed.InterChainProcessTest - Remain YEED : 55273000100000000000000000
12:38:17.587 [Test worker] DEBUG io.yggdrash.contract.yeed.InterChainProcessTest - Send Eth 7
12:38:17.590 [Test worker] DEBUG io.yggdrash.contract.yeed.YeedContract - Ratio : 10000
12:38:17.590 [Test worker] DEBUG io.yggdrash.contract.yeed.YeedContract - transferYeed : 72000000000000000000000
12:38:17.590 [Test worker] DEBUG io.yggdrash.contract.yeed.YeedContract - Confirm Id : b72f1d8e4ddb40ee277b1209a3b4b38d62b408e7c484db76b57cad28f64a04b1
12:38:17.590 [Test worker] DEBUG io.yggdrash.contract.yeed.YeedContract - ProposeId : 3d501aaef5eefc10550b12a341910cbfa16bfed94dbc9892fefb27a1e9ae902c (ProposeKey=pis-3d501aaef5eefc10550b12a341910cbfa16bfed94dbc9892fefb27a1e9ae902c) is PROCESSING
12:38:17.590 [Test worker] DEBUG io.yggdrash.contract.yeed.YeedContract - TxConfirm ProposeId :  3d501aaef5eefc10550b12a341910cbfa16bfed94dbc9892fefb27a1e9ae902c
12:38:17.590 [Test worker] DEBUG io.yggdrash.contract.yeed.YeedContract - TxConfirm Status : VALIDATE_REQUIRE
12:38:17.591 [Test worker] DEBUG io.yggdrash.contract.yeed.YeedContract - Propose require block height : 100000 
12:38:17.591 [Test worker] DEBUG io.yggdrash.contract.yeed.YeedContract - TxConfirm block height : 100010 
12:38:17.591 [Test worker] DEBUG io.yggdrash.contract.yeed.YeedContract - CheckBlockHeight : true
12:38:17.591 [Test worker] DEBUG io.yggdrash.contract.yeed.YeedContract - Stake YEED 55273000000000000000000000
12:38:17.591 [Test worker] DEBUG io.yggdrash.contract.yeed.YeedContract - TransferYeed YEED 72000000000000000000000
12:38:17.591 [Test worker] DEBUG io.yggdrash.contract.yeed.YeedContract - PI Fee 100000000000000000
12:38:17.591 [Test worker] DEBUG io.yggdrash.contract.yeed.InterChainProcessTest - Remain YEED : 55201000100000000000000000
12:38:17.591 [Test worker] DEBUG io.yggdrash.contract.yeed.InterChainProcessTest - Send Eth 64
12:38:17.601 [Test worker] DEBUG io.yggdrash.contract.yeed.YeedContract - Ratio : 10000
12:38:17.601 [Test worker] DEBUG io.yggdrash.contract.yeed.YeedContract - transferYeed : 646000000000000000000000
12:38:17.601 [Test worker] DEBUG io.yggdrash.contract.yeed.YeedContract - Confirm Id : 82ed07aed8620fdf78fa2657af7abb2f2b46667531d8392c05d52c3e99dc24f5
12:38:17.601 [Test worker] DEBUG io.yggdrash.contract.yeed.YeedContract - ProposeId : 3d501aaef5eefc10550b12a341910cbfa16bfed94dbc9892fefb27a1e9ae902c (ProposeKey=pis-3d501aaef5eefc10550b12a341910cbfa16bfed94dbc9892fefb27a1e9ae902c) is PROCESSING
12:38:17.601 [Test worker] DEBUG io.yggdrash.contract.yeed.YeedContract - TxConfirm ProposeId :  3d501aaef5eefc10550b12a341910cbfa16bfed94dbc9892fefb27a1e9ae902c
12:38:17.601 [Test worker] DEBUG io.yggdrash.contract.yeed.YeedContract - TxConfirm Status : VALIDATE_REQUIRE
12:38:17.601 [Test worker] DEBUG io.yggdrash.contract.yeed.YeedContract - Propose require block height : 100000 
12:38:17.601 [Test worker] DEBUG io.yggdrash.contract.yeed.YeedContract - TxConfirm block height : 100010 
12:38:17.601 [Test worker] DEBUG io.yggdrash.contract.yeed.YeedContract - CheckBlockHeight : true
12:38:17.601 [Test worker] DEBUG io.yggdrash.contract.yeed.YeedContract - Stake YEED 55201000000000000000000000
12:38:17.601 [Test worker] DEBUG io.yggdrash.contract.yeed.YeedContract - TransferYeed YEED 646000000000000000000000
12:38:17.601 [Test worker] DEBUG io.yggdrash.contract.yeed.YeedContract - PI Fee 100000000000000000
12:38:17.601 [Test worker] DEBUG io.yggdrash.contract.yeed.InterChainProcessTest - Remain YEED : 54555000100000000000000000
12:38:17.601 [Test worker] DEBUG io.yggdrash.contract.yeed.InterChainProcessTest - Send Eth 20
12:38:17.606 [Test worker] DEBUG io.yggdrash.contract.yeed.YeedContract - Ratio : 10000
12:38:17.606 [Test worker] DEBUG io.yggdrash.contract.yeed.YeedContract - transferYeed : 201000000000000000000000
12:38:17.606 [Test worker] DEBUG io.yggdrash.contract.yeed.YeedContract - Confirm Id : 9abb3cbc781c6929c80e62cfe84f52ff9028ca57030978e867c36a4ff6310924
12:38:17.606 [Test worker] DEBUG io.yggdrash.contract.yeed.YeedContract - ProposeId : 3d501aaef5eefc10550b12a341910cbfa16bfed94dbc9892fefb27a1e9ae902c (ProposeKey=pis-3d501aaef5eefc10550b12a341910cbfa16bfed94dbc9892fefb27a1e9ae902c) is PROCESSING
12:38:17.606 [Test worker] DEBUG io.yggdrash.contract.yeed.YeedContract - TxConfirm ProposeId :  3d501aaef5eefc10550b12a341910cbfa16bfed94dbc9892fefb27a1e9ae902c
12:38:17.606 [Test worker] DEBUG io.yggdrash.contract.yeed.YeedContract - TxConfirm Status : VALIDATE_REQUIRE
12:38:17.606 [Test worker] DEBUG io.yggdrash.contract.yeed.YeedContract - Propose require block height : 100000 
12:38:17.606 [Test worker] DEBUG io.yggdrash.contract.yeed.YeedContract - TxConfirm block height : 100010 
12:38:17.606 [Test worker] DEBUG io.yggdrash.contract.yeed.YeedContract - CheckBlockHeight : true
12:38:17.606 [Test worker] DEBUG io.yggdrash.contract.yeed.YeedContract - Stake YEED 54555000000000000000000000
12:38:17.606 [Test worker] DEBUG io.yggdrash.contract.yeed.YeedContract - TransferYeed YEED 201000000000000000000000
12:38:17.606 [Test worker] DEBUG io.yggdrash.contract.yeed.YeedContract - PI Fee 100000000000000000
12:38:17.606 [Test worker] DEBUG io.yggdrash.contract.yeed.InterChainProcessTest - Remain YEED : 54354000100000000000000000
12:38:17.606 [Test worker] DEBUG io.yggdrash.contract.yeed.InterChainProcessTest - Send Eth 28
12:38:17.610 [Test worker] DEBUG io.yggdrash.contract.yeed.YeedContract - Ratio : 10000
12:38:17.610 [Test worker] DEBUG io.yggdrash.contract.yeed.YeedContract - transferYeed : 284000000000000000000000
12:38:17.610 [Test worker] DEBUG io.yggdrash.contract.yeed.YeedContract - Confirm Id : c5b0ce5ded4780fa4cbf3a3ec62676d7fb211a0944703e9143f8065f903f70df
12:38:17.610 [Test worker] DEBUG io.yggdrash.contract.yeed.YeedContract - ProposeId : 3d501aaef5eefc10550b12a341910cbfa16bfed94dbc9892fefb27a1e9ae902c (ProposeKey=pis-3d501aaef5eefc10550b12a341910cbfa16bfed94dbc9892fefb27a1e9ae902c) is PROCESSING
12:38:17.610 [Test worker] DEBUG io.yggdrash.contract.yeed.YeedContract - TxConfirm ProposeId :  3d501aaef5eefc10550b12a341910cbfa16bfed94dbc9892fefb27a1e9ae902c
12:38:17.610 [Test worker] DEBUG io.yggdrash.contract.yeed.YeedContract - TxConfirm Status : VALIDATE_REQUIRE
12:38:17.610 [Test worker] DEBUG io.yggdrash.contract.yeed.YeedContract - Propose require block height : 100000 
12:38:17.610 [Test worker] DEBUG io.yggdrash.contract.yeed.YeedContract - TxConfirm block height : 100010 
12:38:17.610 [Test worker] DEBUG io.yggdrash.contract.yeed.YeedContract - CheckBlockHeight : true
12:38:17.611 [Test worker] DEBUG io.yggdrash.contract.yeed.YeedContract - Stake YEED 54354000000000000000000000
12:38:17.611 [Test worker] DEBUG io.yggdrash.contract.yeed.YeedContract - TransferYeed YEED 284000000000000000000000
12:38:17.611 [Test worker] DEBUG io.yggdrash.contract.yeed.YeedContract - PI Fee 100000000000000000
12:38:17.611 [Test worker] DEBUG io.yggdrash.contract.yeed.InterChainProcessTest - Remain YEED : 54070000100000000000000000
12:38:17.611 [Test worker] DEBUG io.yggdrash.contract.yeed.InterChainProcessTest - Send Eth 83
12:38:17.615 [Test worker] DEBUG io.yggdrash.contract.yeed.YeedContract - Ratio : 10000
12:38:17.615 [Test worker] DEBUG io.yggdrash.contract.yeed.YeedContract - transferYeed : 838000000000000000000000
12:38:17.615 [Test worker] DEBUG io.yggdrash.contract.yeed.YeedContract - Confirm Id : d6569420e9aeba0cfffc280ff0a0457fc49264815c447f5b63106b215f0e5cf2
12:38:17.615 [Test worker] DEBUG io.yggdrash.contract.yeed.YeedContract - ProposeId : 3d501aaef5eefc10550b12a341910cbfa16bfed94dbc9892fefb27a1e9ae902c (ProposeKey=pis-3d501aaef5eefc10550b12a341910cbfa16bfed94dbc9892fefb27a1e9ae902c) is PROCESSING
12:38:17.615 [Test worker] DEBUG io.yggdrash.contract.yeed.YeedContract - TxConfirm ProposeId :  3d501aaef5eefc10550b12a341910cbfa16bfed94dbc9892fefb27a1e9ae902c
12:38:17.615 [Test worker] DEBUG io.yggdrash.contract.yeed.YeedContract - TxConfirm Status : VALIDATE_REQUIRE
12:38:17.615 [Test worker] DEBUG io.yggdrash.contract.yeed.YeedContract - Propose require block height : 100000 
12:38:17.615 [Test worker] DEBUG io.yggdrash.contract.yeed.YeedContract - TxConfirm block height : 100010 
12:38:17.615 [Test worker] DEBUG io.yggdrash.contract.yeed.YeedContract - CheckBlockHeight : true
12:38:17.615 [Test worker] DEBUG io.yggdrash.contract.yeed.YeedContract - Stake YEED 54070000000000000000000000
12:38:17.615 [Test worker] DEBUG io.yggdrash.contract.yeed.YeedContract - TransferYeed YEED 838000000000000000000000
12:38:17.615 [Test worker] DEBUG io.yggdrash.contract.yeed.YeedContract - PI Fee 100000000000000000
12:38:17.615 [Test worker] DEBUG io.yggdrash.contract.yeed.InterChainProcessTest - Remain YEED : 53232000100000000000000000
12:38:17.615 [Test worker] DEBUG io.yggdrash.contract.yeed.InterChainProcessTest - Send Eth 52
12:38:17.620 [Test worker] DEBUG io.yggdrash.contract.yeed.YeedContract - Ratio : 10000
12:38:17.620 [Test worker] DEBUG io.yggdrash.contract.yeed.YeedContract - transferYeed : 527000000000000000000000
12:38:17.620 [Test worker] DEBUG io.yggdrash.contract.yeed.YeedContract - Confirm Id : 157e43995211e20f10470baebc5754a5784a05b0d83fb91b7004b37ca2171774
12:38:17.620 [Test worker] DEBUG io.yggdrash.contract.yeed.YeedContract - ProposeId : 3d501aaef5eefc10550b12a341910cbfa16bfed94dbc9892fefb27a1e9ae902c (ProposeKey=pis-3d501aaef5eefc10550b12a341910cbfa16bfed94dbc9892fefb27a1e9ae902c) is PROCESSING
12:38:17.620 [Test worker] DEBUG io.yggdrash.contract.yeed.YeedContract - TxConfirm ProposeId :  3d501aaef5eefc10550b12a341910cbfa16bfed94dbc9892fefb27a1e9ae902c
12:38:17.620 [Test worker] DEBUG io.yggdrash.contract.yeed.YeedContract - TxConfirm Status : VALIDATE_REQUIRE
12:38:17.620 [Test worker] DEBUG io.yggdrash.contract.yeed.YeedContract - Propose require block height : 100000 
12:38:17.620 [Test worker] DEBUG io.yggdrash.contract.yeed.YeedContract - TxConfirm block height : 100010 
12:38:17.620 [Test worker] DEBUG io.yggdrash.contract.yeed.YeedContract - CheckBlockHeight : true
12:38:17.620 [Test worker] DEBUG io.yggdrash.contract.yeed.YeedContract - Stake YEED 53232000000000000000000000
12:38:17.620 [Test worker] DEBUG io.yggdrash.contract.yeed.YeedContract - TransferYeed YEED 527000000000000000000000
12:38:17.620 [Test worker] DEBUG io.yggdrash.contract.yeed.YeedContract - PI Fee 100000000000000000
12:38:17.620 [Test worker] DEBUG io.yggdrash.contract.yeed.InterChainProcessTest - Remain YEED : 52705000100000000000000000
12:38:17.620 [Test worker] DEBUG io.yggdrash.contract.yeed.InterChainProcessTest - Send Eth 13
12:38:17.625 [Test worker] DEBUG io.yggdrash.contract.yeed.YeedContract - Ratio : 10000
12:38:17.625 [Test worker] DEBUG io.yggdrash.contract.yeed.YeedContract - transferYeed : 138000000000000000000000
12:38:17.625 [Test worker] DEBUG io.yggdrash.contract.yeed.YeedContract - Confirm Id : 7bf92a31f7f2e040734ab26f2d3a797058e1c6c0755a1de1984c12f0993e28ce
12:38:17.625 [Test worker] DEBUG io.yggdrash.contract.yeed.YeedContract - ProposeId : 3d501aaef5eefc10550b12a341910cbfa16bfed94dbc9892fefb27a1e9ae902c (ProposeKey=pis-3d501aaef5eefc10550b12a341910cbfa16bfed94dbc9892fefb27a1e9ae902c) is PROCESSING
12:38:17.625 [Test worker] DEBUG io.yggdrash.contract.yeed.YeedContract - TxConfirm ProposeId :  3d501aaef5eefc10550b12a341910cbfa16bfed94dbc9892fefb27a1e9ae902c
12:38:17.625 [Test worker] DEBUG io.yggdrash.contract.yeed.YeedContract - TxConfirm Status : VALIDATE_REQUIRE
12:38:17.625 [Test worker] DEBUG io.yggdrash.contract.yeed.YeedContract - Propose require block height : 100000 
12:38:17.625 [Test worker] DEBUG io.yggdrash.contract.yeed.YeedContract - TxConfirm block height : 100010 
12:38:17.625 [Test worker] DEBUG io.yggdrash.contract.yeed.YeedContract - CheckBlockHeight : true
12:38:17.625 [Test worker] DEBUG io.yggdrash.contract.yeed.YeedContract - Stake YEED 52705000000000000000000000
12:38:17.625 [Test worker] DEBUG io.yggdrash.contract.yeed.YeedContract - TransferYeed YEED 138000000000000000000000
12:38:17.625 [Test worker] DEBUG io.yggdrash.contract.yeed.YeedContract - PI Fee 100000000000000000
12:38:17.626 [Test worker] DEBUG io.yggdrash.contract.yeed.InterChainProcessTest - Remain YEED : 52567000100000000000000000
12:38:17.626 [Test worker] DEBUG io.yggdrash.contract.yeed.InterChainProcessTest - Send Eth 82
12:38:17.629 [Test worker] DEBUG io.yggdrash.contract.yeed.YeedContract - Ratio : 10000
12:38:17.629 [Test worker] DEBUG io.yggdrash.contract.yeed.YeedContract - transferYeed : 822000000000000000000000
12:38:17.629 [Test worker] DEBUG io.yggdrash.contract.yeed.YeedContract - Confirm Id : 9212f270a8a32f8fb22c862963a3142cc8b49092171d8868acb6ce7b37a8a308
12:38:17.629 [Test worker] DEBUG io.yggdrash.contract.yeed.YeedContract - ProposeId : 3d501aaef5eefc10550b12a341910cbfa16bfed94dbc9892fefb27a1e9ae902c (ProposeKey=pis-3d501aaef5eefc10550b12a341910cbfa16bfed94dbc9892fefb27a1e9ae902c) is PROCESSING
12:38:17.629 [Test worker] DEBUG io.yggdrash.contract.yeed.YeedContract - TxConfirm ProposeId :  3d501aaef5eefc10550b12a341910cbfa16bfed94dbc9892fefb27a1e9ae902c
12:38:17.629 [Test worker] DEBUG io.yggdrash.contract.yeed.YeedContract - TxConfirm Status : VALIDATE_REQUIRE
12:38:17.629 [Test worker] DEBUG io.yggdrash.contract.yeed.YeedContract - Propose require block height : 100000 
12:38:17.629 [Test worker] DEBUG io.yggdrash.contract.yeed.YeedContract - TxConfirm block height : 100010 
12:38:17.629 [Test worker] DEBUG io.yggdrash.contract.yeed.YeedContract - CheckBlockHeight : true
12:38:17.629 [Test worker] DEBUG io.yggdrash.contract.yeed.YeedContract - Stake YEED 52567000000000000000000000
12:38:17.629 [Test worker] DEBUG io.yggdrash.contract.yeed.YeedContract - TransferYeed YEED 822000000000000000000000
12:38:17.629 [Test worker] DEBUG io.yggdrash.contract.yeed.YeedContract - PI Fee 100000000000000000
12:38:17.629 [Test worker] DEBUG io.yggdrash.contract.yeed.InterChainProcessTest - Remain YEED : 51745000100000000000000000
12:38:17.629 [Test worker] DEBUG io.yggdrash.contract.yeed.InterChainProcessTest - Send Eth 53
12:38:17.633 [Test worker] DEBUG io.yggdrash.contract.yeed.YeedContract - Ratio : 10000
12:38:17.633 [Test worker] DEBUG io.yggdrash.contract.yeed.YeedContract - transferYeed : 537000000000000000000000
12:38:17.633 [Test worker] DEBUG io.yggdrash.contract.yeed.YeedContract - Confirm Id : 8c55c7905289ddda51d7ebda156f900980996b897d469ad5a7ceeb30e5a1730e
12:38:17.633 [Test worker] DEBUG io.yggdrash.contract.yeed.YeedContract - ProposeId : 3d501aaef5eefc10550b12a341910cbfa16bfed94dbc9892fefb27a1e9ae902c (ProposeKey=pis-3d501aaef5eefc10550b12a341910cbfa16bfed94dbc9892fefb27a1e9ae902c) is PROCESSING
12:38:17.633 [Test worker] DEBUG io.yggdrash.contract.yeed.YeedContract - TxConfirm ProposeId :  3d501aaef5eefc10550b12a341910cbfa16bfed94dbc9892fefb27a1e9ae902c
12:38:17.633 [Test worker] DEBUG io.yggdrash.contract.yeed.YeedContract - TxConfirm Status : VALIDATE_REQUIRE
12:38:17.633 [Test worker] DEBUG io.yggdrash.contract.yeed.YeedContract - Propose require block height : 100000 
12:38:17.633 [Test worker] DEBUG io.yggdrash.contract.yeed.YeedContract - TxConfirm block height : 100010 
12:38:17.633 [Test worker] DEBUG io.yggdrash.contract.yeed.YeedContract - CheckBlockHeight : true
12:38:17.633 [Test worker] DEBUG io.yggdrash.contract.yeed.YeedContract - Stake YEED 51745000000000000000000000
12:38:17.633 [Test worker] DEBUG io.yggdrash.contract.yeed.YeedContract - TransferYeed YEED 537000000000000000000000
12:38:17.633 [Test worker] DEBUG io.yggdrash.contract.yeed.YeedContract - PI Fee 100000000000000000
12:38:17.633 [Test worker] DEBUG io.yggdrash.contract.yeed.InterChainProcessTest - Remain YEED : 51208000100000000000000000
12:38:17.633 [Test worker] DEBUG io.yggdrash.contract.yeed.InterChainProcessTest - Send Eth 75
12:38:17.638 [Test worker] DEBUG io.yggdrash.contract.yeed.YeedContract - Ratio : 10000
12:38:17.638 [Test worker] DEBUG io.yggdrash.contract.yeed.YeedContract - transferYeed : 757000000000000000000000
12:38:17.638 [Test worker] DEBUG io.yggdrash.contract.yeed.YeedContract - Confirm Id : 4420370bea723bb4c259bcbc9b2d894d26134e50936d50b83ab9a4802a536d3f
12:38:17.638 [Test worker] DEBUG io.yggdrash.contract.yeed.YeedContract - ProposeId : 3d501aaef5eefc10550b12a341910cbfa16bfed94dbc9892fefb27a1e9ae902c (ProposeKey=pis-3d501aaef5eefc10550b12a341910cbfa16bfed94dbc9892fefb27a1e9ae902c) is PROCESSING
12:38:17.638 [Test worker] DEBUG io.yggdrash.contract.yeed.YeedContract - TxConfirm ProposeId :  3d501aaef5eefc10550b12a341910cbfa16bfed94dbc9892fefb27a1e9ae902c
12:38:17.638 [Test worker] DEBUG io.yggdrash.contract.yeed.YeedContract - TxConfirm Status : VALIDATE_REQUIRE
12:38:17.638 [Test worker] DEBUG io.yggdrash.contract.yeed.YeedContract - Propose require block height : 100000 
12:38:17.638 [Test worker] DEBUG io.yggdrash.contract.yeed.YeedContract - TxConfirm block height : 100010 
12:38:17.638 [Test worker] DEBUG io.yggdrash.contract.yeed.YeedContract - CheckBlockHeight : true
12:38:17.638 [Test worker] DEBUG io.yggdrash.contract.yeed.YeedContract - Stake YEED 51208000000000000000000000
12:38:17.638 [Test worker] DEBUG io.yggdrash.contract.yeed.YeedContract - TransferYeed YEED 757000000000000000000000
12:38:17.638 [Test worker] DEBUG io.yggdrash.contract.yeed.YeedContract - PI Fee 100000000000000000
12:38:17.638 [Test worker] DEBUG io.yggdrash.contract.yeed.InterChainProcessTest - Remain YEED : 50451000100000000000000000
12:38:17.638 [Test worker] DEBUG io.yggdrash.contract.yeed.InterChainProcessTest - Send Eth 78
12:38:17.642 [Test worker] DEBUG io.yggdrash.contract.yeed.YeedContract - Ratio : 10000
12:38:17.642 [Test worker] DEBUG io.yggdrash.contract.yeed.YeedContract - transferYeed : 789000000000000000000000
12:38:17.642 [Test worker] DEBUG io.yggdrash.contract.yeed.YeedContract - Confirm Id : 29d335bd1847a8d737ebd90f6b868f3f2e071c6f5679b6cb50820781fd16522e
12:38:17.642 [Test worker] DEBUG io.yggdrash.contract.yeed.YeedContract - ProposeId : 3d501aaef5eefc10550b12a341910cbfa16bfed94dbc9892fefb27a1e9ae902c (ProposeKey=pis-3d501aaef5eefc10550b12a341910cbfa16bfed94dbc9892fefb27a1e9ae902c) is PROCESSING
12:38:17.642 [Test worker] DEBUG io.yggdrash.contract.yeed.YeedContract - TxConfirm ProposeId :  3d501aaef5eefc10550b12a341910cbfa16bfed94dbc9892fefb27a1e9ae902c
12:38:17.642 [Test worker] DEBUG io.yggdrash.contract.yeed.YeedContract - TxConfirm Status : VALIDATE_REQUIRE
12:38:17.642 [Test worker] DEBUG io.yggdrash.contract.yeed.YeedContract - Propose require block height : 100000 
12:38:17.642 [Test worker] DEBUG io.yggdrash.contract.yeed.YeedContract - TxConfirm block height : 100010 
12:38:17.642 [Test worker] DEBUG io.yggdrash.contract.yeed.YeedContract - CheckBlockHeight : true
12:38:17.642 [Test worker] DEBUG io.yggdrash.contract.yeed.YeedContract - Stake YEED 50451000000000000000000000
12:38:17.642 [Test worker] DEBUG io.yggdrash.contract.yeed.YeedContract - TransferYeed YEED 789000000000000000000000
12:38:17.642 [Test worker] DEBUG io.yggdrash.contract.yeed.YeedContract - PI Fee 100000000000000000
12:38:17.643 [Test worker] DEBUG io.yggdrash.contract.yeed.InterChainProcessTest - Remain YEED : 49662000100000000000000000
12:38:17.643 [Test worker] DEBUG io.yggdrash.contract.yeed.InterChainProcessTest - Send Eth 41
12:38:17.648 [Test worker] DEBUG io.yggdrash.contract.yeed.YeedContract - Ratio : 10000
12:38:17.648 [Test worker] DEBUG io.yggdrash.contract.yeed.YeedContract - transferYeed : 417000000000000000000000
12:38:17.648 [Test worker] DEBUG io.yggdrash.contract.yeed.YeedContract - Confirm Id : eb4de127335e757c9fb17332385dfed2e040964a4051fe4ad6abf943909dc58b
12:38:17.648 [Test worker] DEBUG io.yggdrash.contract.yeed.YeedContract - ProposeId : 3d501aaef5eefc10550b12a341910cbfa16bfed94dbc9892fefb27a1e9ae902c (ProposeKey=pis-3d501aaef5eefc10550b12a341910cbfa16bfed94dbc9892fefb27a1e9ae902c) is PROCESSING
12:38:17.648 [Test worker] DEBUG io.yggdrash.contract.yeed.YeedContract - TxConfirm ProposeId :  3d501aaef5eefc10550b12a341910cbfa16bfed94dbc9892fefb27a1e9ae902c
12:38:17.648 [Test worker] DEBUG io.yggdrash.contract.yeed.YeedContract - TxConfirm Status : VALIDATE_REQUIRE
12:38:17.648 [Test worker] DEBUG io.yggdrash.contract.yeed.YeedContract - Propose require block height : 100000 
12:38:17.648 [Test worker] DEBUG io.yggdrash.contract.yeed.YeedContract - TxConfirm block height : 100010 
12:38:17.648 [Test worker] DEBUG io.yggdrash.contract.yeed.YeedContract - CheckBlockHeight : true
12:38:17.648 [Test worker] DEBUG io.yggdrash.contract.yeed.YeedContract - Stake YEED 49662000000000000000000000
12:38:17.648 [Test worker] DEBUG io.yggdrash.contract.yeed.YeedContract - TransferYeed YEED 417000000000000000000000
12:38:17.648 [Test worker] DEBUG io.yggdrash.contract.yeed.YeedContract - PI Fee 100000000000000000
12:38:17.648 [Test worker] DEBUG io.yggdrash.contract.yeed.InterChainProcessTest - Remain YEED : 49245000100000000000000000
12:38:17.648 [Test worker] DEBUG io.yggdrash.contract.yeed.InterChainProcessTest - Send Eth 43
12:38:17.652 [Test worker] DEBUG io.yggdrash.contract.yeed.YeedContract - Ratio : 10000
12:38:17.652 [Test worker] DEBUG io.yggdrash.contract.yeed.YeedContract - transferYeed : 434000000000000000000000
12:38:17.652 [Test worker] DEBUG io.yggdrash.contract.yeed.YeedContract - Confirm Id : dd4ca2a4f02341e227e4b85b8f2a1567060c947e24a7147aae5e7a7f659cd74c
12:38:17.652 [Test worker] DEBUG io.yggdrash.contract.yeed.YeedContract - ProposeId : 3d501aaef5eefc10550b12a341910cbfa16bfed94dbc9892fefb27a1e9ae902c (ProposeKey=pis-3d501aaef5eefc10550b12a341910cbfa16bfed94dbc9892fefb27a1e9ae902c) is PROCESSING
12:38:17.652 [Test worker] DEBUG io.yggdrash.contract.yeed.YeedContract - TxConfirm ProposeId :  3d501aaef5eefc10550b12a341910cbfa16bfed94dbc9892fefb27a1e9ae902c
12:38:17.652 [Test worker] DEBUG io.yggdrash.contract.yeed.YeedContract - TxConfirm Status : VALIDATE_REQUIRE
12:38:17.652 [Test worker] DEBUG io.yggdrash.contract.yeed.YeedContract - Propose require block height : 100000 
12:38:17.652 [Test worker] DEBUG io.yggdrash.contract.yeed.YeedContract - TxConfirm block height : 100010 
12:38:17.652 [Test worker] DEBUG io.yggdrash.contract.yeed.YeedContract - CheckBlockHeight : true
12:38:17.653 [Test worker] DEBUG io.yggdrash.contract.yeed.YeedContract - Stake YEED 49245000000000000000000000
12:38:17.653 [Test worker] DEBUG io.yggdrash.contract.yeed.YeedContract - TransferYeed YEED 434000000000000000000000
12:38:17.653 [Test worker] DEBUG io.yggdrash.contract.yeed.YeedContract - PI Fee 100000000000000000
12:38:17.653 [Test worker] DEBUG io.yggdrash.contract.yeed.InterChainProcessTest - Remain YEED : 48811000100000000000000000
12:38:17.653 [Test worker] DEBUG io.yggdrash.contract.yeed.InterChainProcessTest - Send Eth 53
12:38:17.658 [Test worker] DEBUG io.yggdrash.contract.yeed.YeedContract - Ratio : 10000
12:38:17.658 [Test worker] DEBUG io.yggdrash.contract.yeed.YeedContract - transferYeed : 530000000000000000000000
12:38:17.658 [Test worker] DEBUG io.yggdrash.contract.yeed.YeedContract - Confirm Id : 01940f2f6eb23144610433716848419a8a5819107d415686b7e4a3a1ba14ee91
12:38:17.658 [Test worker] DEBUG io.yggdrash.contract.yeed.YeedContract - ProposeId : 3d501aaef5eefc10550b12a341910cbfa16bfed94dbc9892fefb27a1e9ae902c (ProposeKey=pis-3d501aaef5eefc10550b12a341910cbfa16bfed94dbc9892fefb27a1e9ae902c) is PROCESSING
12:38:17.658 [Test worker] DEBUG io.yggdrash.contract.yeed.YeedContract - TxConfirm ProposeId :  3d501aaef5eefc10550b12a341910cbfa16bfed94dbc9892fefb27a1e9ae902c
12:38:17.658 [Test worker] DEBUG io.yggdrash.contract.yeed.YeedContract - TxConfirm Status : VALIDATE_REQUIRE
12:38:17.658 [Test worker] DEBUG io.yggdrash.contract.yeed.YeedContract - Propose require block height : 100000 
12:38:17.658 [Test worker] DEBUG io.yggdrash.contract.yeed.YeedContract - TxConfirm block height : 100010 
12:38:17.658 [Test worker] DEBUG io.yggdrash.contract.yeed.YeedContract - CheckBlockHeight : true
12:38:17.658 [Test worker] DEBUG io.yggdrash.contract.yeed.YeedContract - Stake YEED 48811000000000000000000000
12:38:17.658 [Test worker] DEBUG io.yggdrash.contract.yeed.YeedContract - TransferYeed YEED 530000000000000000000000
12:38:17.658 [Test worker] DEBUG io.yggdrash.contract.yeed.YeedContract - PI Fee 100000000000000000
12:38:17.659 [Test worker] DEBUG io.yggdrash.contract.yeed.InterChainProcessTest - Remain YEED : 48281000100000000000000000
12:38:17.659 [Test worker] DEBUG io.yggdrash.contract.yeed.InterChainProcessTest - Send Eth 30
12:38:17.666 [Test worker] DEBUG io.yggdrash.contract.yeed.YeedContract - Ratio : 10000
12:38:17.666 [Test worker] DEBUG io.yggdrash.contract.yeed.YeedContract - transferYeed : 303000000000000000000000
12:38:17.666 [Test worker] DEBUG io.yggdrash.contract.yeed.YeedContract - Confirm Id : 869217d44ca533ccdc4dd44d2c4b9771dacb1e009d91d30904f648fe18cc7de8
12:38:17.666 [Test worker] DEBUG io.yggdrash.contract.yeed.YeedContract - ProposeId : 3d501aaef5eefc10550b12a341910cbfa16bfed94dbc9892fefb27a1e9ae902c (ProposeKey=pis-3d501aaef5eefc10550b12a341910cbfa16bfed94dbc9892fefb27a1e9ae902c) is PROCESSING
12:38:17.666 [Test worker] DEBUG io.yggdrash.contract.yeed.YeedContract - TxConfirm ProposeId :  3d501aaef5eefc10550b12a341910cbfa16bfed94dbc9892fefb27a1e9ae902c
12:38:17.666 [Test worker] DEBUG io.yggdrash.contract.yeed.YeedContract - TxConfirm Status : VALIDATE_REQUIRE
12:38:17.666 [Test worker] DEBUG io.yggdrash.contract.yeed.YeedContract - Propose require block height : 100000 
12:38:17.667 [Test worker] DEBUG io.yggdrash.contract.yeed.YeedContract - TxConfirm block height : 100010 
12:38:17.667 [Test worker] DEBUG io.yggdrash.contract.yeed.YeedContract - CheckBlockHeight : true
12:38:17.667 [Test worker] DEBUG io.yggdrash.contract.yeed.YeedContract - Stake YEED 48281000000000000000000000
12:38:17.667 [Test worker] DEBUG io.yggdrash.contract.yeed.YeedContract - TransferYeed YEED 303000000000000000000000
12:38:17.667 [Test worker] DEBUG io.yggdrash.contract.yeed.YeedContract - PI Fee 100000000000000000
12:38:17.667 [Test worker] DEBUG io.yggdrash.contract.yeed.InterChainProcessTest - Remain YEED : 47978000100000000000000000
12:38:17.667 [Test worker] DEBUG io.yggdrash.contract.yeed.InterChainProcessTest - Send Eth 21
12:38:17.673 [Test worker] DEBUG io.yggdrash.contract.yeed.YeedContract - Ratio : 10000
12:38:17.673 [Test worker] DEBUG io.yggdrash.contract.yeed.YeedContract - transferYeed : 217000000000000000000000
12:38:17.673 [Test worker] DEBUG io.yggdrash.contract.yeed.YeedContract - Confirm Id : a299b32a172a6571845a51c95644bead8a909688e4fd35622cde23e018ec60da
12:38:17.673 [Test worker] DEBUG io.yggdrash.contract.yeed.YeedContract - ProposeId : 3d501aaef5eefc10550b12a341910cbfa16bfed94dbc9892fefb27a1e9ae902c (ProposeKey=pis-3d501aaef5eefc10550b12a341910cbfa16bfed94dbc9892fefb27a1e9ae902c) is PROCESSING
12:38:17.673 [Test worker] DEBUG io.yggdrash.contract.yeed.YeedContract - TxConfirm ProposeId :  3d501aaef5eefc10550b12a341910cbfa16bfed94dbc9892fefb27a1e9ae902c
12:38:17.673 [Test worker] DEBUG io.yggdrash.contract.yeed.YeedContract - TxConfirm Status : VALIDATE_REQUIRE
12:38:17.674 [Test worker] DEBUG io.yggdrash.contract.yeed.YeedContract - Propose require block height : 100000 
12:38:17.674 [Test worker] DEBUG io.yggdrash.contract.yeed.YeedContract - TxConfirm block height : 100010 
12:38:17.674 [Test worker] DEBUG io.yggdrash.contract.yeed.YeedContract - CheckBlockHeight : true
12:38:17.674 [Test worker] DEBUG io.yggdrash.contract.yeed.YeedContract - Stake YEED 47978000000000000000000000
12:38:17.674 [Test worker] DEBUG io.yggdrash.contract.yeed.YeedContract - TransferYeed YEED 217000000000000000000000
12:38:17.674 [Test worker] DEBUG io.yggdrash.contract.yeed.YeedContract - PI Fee 100000000000000000
12:38:17.674 [Test worker] DEBUG io.yggdrash.contract.yeed.InterChainProcessTest - Remain YEED : 47761000100000000000000000
12:38:17.674 [Test worker] DEBUG io.yggdrash.contract.yeed.InterChainProcessTest - Send Eth 95
12:38:17.679 [Test worker] DEBUG io.yggdrash.contract.yeed.YeedContract - Ratio : 10000
12:38:17.679 [Test worker] DEBUG io.yggdrash.contract.yeed.YeedContract - transferYeed : 954000000000000000000000
12:38:17.679 [Test worker] DEBUG io.yggdrash.contract.yeed.YeedContract - Confirm Id : 0326147484310b6f9f298eedb8914ffbccedc0e41988a8def45000924422ad5c
12:38:17.679 [Test worker] DEBUG io.yggdrash.contract.yeed.YeedContract - ProposeId : 3d501aaef5eefc10550b12a341910cbfa16bfed94dbc9892fefb27a1e9ae902c (ProposeKey=pis-3d501aaef5eefc10550b12a341910cbfa16bfed94dbc9892fefb27a1e9ae902c) is PROCESSING
12:38:17.679 [Test worker] DEBUG io.yggdrash.contract.yeed.YeedContract - TxConfirm ProposeId :  3d501aaef5eefc10550b12a341910cbfa16bfed94dbc9892fefb27a1e9ae902c
12:38:17.679 [Test worker] DEBUG io.yggdrash.contract.yeed.YeedContract - TxConfirm Status : VALIDATE_REQUIRE
12:38:17.679 [Test worker] DEBUG io.yggdrash.contract.yeed.YeedContract - Propose require block height : 100000 
12:38:17.679 [Test worker] DEBUG io.yggdrash.contract.yeed.YeedContract - TxConfirm block height : 100010 
12:38:17.679 [Test worker] DEBUG io.yggdrash.contract.yeed.YeedContract - CheckBlockHeight : true
12:38:17.679 [Test worker] DEBUG io.yggdrash.contract.yeed.YeedContract - Stake YEED 47761000000000000000000000
12:38:17.679 [Test worker] DEBUG io.yggdrash.contract.yeed.YeedContract - TransferYeed YEED 954000000000000000000000
12:38:17.679 [Test worker] DEBUG io.yggdrash.contract.yeed.YeedContract - PI Fee 100000000000000000
12:38:17.679 [Test worker] DEBUG io.yggdrash.contract.yeed.InterChainProcessTest - Remain YEED : 46807000100000000000000000
12:38:17.679 [Test worker] DEBUG io.yggdrash.contract.yeed.InterChainProcessTest - Send Eth 66
12:38:17.684 [Test worker] DEBUG io.yggdrash.contract.yeed.YeedContract - Ratio : 10000
12:38:17.684 [Test worker] DEBUG io.yggdrash.contract.yeed.YeedContract - transferYeed : 662000000000000000000000
12:38:17.684 [Test worker] DEBUG io.yggdrash.contract.yeed.YeedContract - Confirm Id : bf4dea73cd0c992a7a56e3dd6c7ec0f7d64fce68e7f532d5e6951e126b152d41
12:38:17.684 [Test worker] DEBUG io.yggdrash.contract.yeed.YeedContract - ProposeId : 3d501aaef5eefc10550b12a341910cbfa16bfed94dbc9892fefb27a1e9ae902c (ProposeKey=pis-3d501aaef5eefc10550b12a341910cbfa16bfed94dbc9892fefb27a1e9ae902c) is PROCESSING
12:38:17.684 [Test worker] DEBUG io.yggdrash.contract.yeed.YeedContract - TxConfirm ProposeId :  3d501aaef5eefc10550b12a341910cbfa16bfed94dbc9892fefb27a1e9ae902c
12:38:17.684 [Test worker] DEBUG io.yggdrash.contract.yeed.YeedContract - TxConfirm Status : VALIDATE_REQUIRE
12:38:17.685 [Test worker] DEBUG io.yggdrash.contract.yeed.YeedContract - Propose require block height : 100000 
12:38:17.685 [Test worker] DEBUG io.yggdrash.contract.yeed.YeedContract - TxConfirm block height : 100010 
12:38:17.685 [Test worker] DEBUG io.yggdrash.contract.yeed.YeedContract - CheckBlockHeight : true
12:38:17.685 [Test worker] DEBUG io.yggdrash.contract.yeed.YeedContract - Stake YEED 46807000000000000000000000
12:38:17.685 [Test worker] DEBUG io.yggdrash.contract.yeed.YeedContract - TransferYeed YEED 662000000000000000000000
12:38:17.685 [Test worker] DEBUG io.yggdrash.contract.yeed.YeedContract - PI Fee 100000000000000000
12:38:17.685 [Test worker] DEBUG io.yggdrash.contract.yeed.InterChainProcessTest - Remain YEED : 46145000100000000000000000
12:38:17.685 [Test worker] DEBUG io.yggdrash.contract.yeed.InterChainProcessTest - Send Eth 35
12:38:17.689 [Test worker] DEBUG io.yggdrash.contract.yeed.YeedContract - Ratio : 10000
12:38:17.689 [Test worker] DEBUG io.yggdrash.contract.yeed.YeedContract - transferYeed : 351000000000000000000000
12:38:17.689 [Test worker] DEBUG io.yggdrash.contract.yeed.YeedContract - Confirm Id : 5edf8bcd7d2a42579f1b3b0b7891ec90b1a3c775261469dbf17c07cc9e766fe8
12:38:17.689 [Test worker] DEBUG io.yggdrash.contract.yeed.YeedContract - ProposeId : 3d501aaef5eefc10550b12a341910cbfa16bfed94dbc9892fefb27a1e9ae902c (ProposeKey=pis-3d501aaef5eefc10550b12a341910cbfa16bfed94dbc9892fefb27a1e9ae902c) is PROCESSING
12:38:17.689 [Test worker] DEBUG io.yggdrash.contract.yeed.YeedContract - TxConfirm ProposeId :  3d501aaef5eefc10550b12a341910cbfa16bfed94dbc9892fefb27a1e9ae902c
12:38:17.689 [Test worker] DEBUG io.yggdrash.contract.yeed.YeedContract - TxConfirm Status : VALIDATE_REQUIRE
12:38:17.689 [Test worker] DEBUG io.yggdrash.contract.yeed.YeedContract - Propose require block height : 100000 
12:38:17.689 [Test worker] DEBUG io.yggdrash.contract.yeed.YeedContract - TxConfirm block height : 100010 
12:38:17.689 [Test worker] DEBUG io.yggdrash.contract.yeed.YeedContract - CheckBlockHeight : true
12:38:17.689 [Test worker] DEBUG io.yggdrash.contract.yeed.YeedContract - Stake YEED 46145000000000000000000000
12:38:17.689 [Test worker] DEBUG io.yggdrash.contract.yeed.YeedContract - TransferYeed YEED 351000000000000000000000
12:38:17.689 [Test worker] DEBUG io.yggdrash.contract.yeed.YeedContract - PI Fee 100000000000000000
12:38:17.690 [Test worker] DEBUG io.yggdrash.contract.yeed.InterChainProcessTest - Remain YEED : 45794000100000000000000000
12:38:17.690 [Test worker] DEBUG io.yggdrash.contract.yeed.InterChainProcessTest - Send Eth 79
12:38:17.693 [Test worker] DEBUG io.yggdrash.contract.yeed.YeedContract - Ratio : 10000
12:38:17.693 [Test worker] DEBUG io.yggdrash.contract.yeed.YeedContract - transferYeed : 796000000000000000000000
12:38:17.693 [Test worker] DEBUG io.yggdrash.contract.yeed.YeedContract - Confirm Id : b09c39eddcf58a6c2c6686d8d1e59975082265af1d2a7ff2d6c922a56b8076b5
12:38:17.693 [Test worker] DEBUG io.yggdrash.contract.yeed.YeedContract - ProposeId : 3d501aaef5eefc10550b12a341910cbfa16bfed94dbc9892fefb27a1e9ae902c (ProposeKey=pis-3d501aaef5eefc10550b12a341910cbfa16bfed94dbc9892fefb27a1e9ae902c) is PROCESSING
12:38:17.693 [Test worker] DEBUG io.yggdrash.contract.yeed.YeedContract - TxConfirm ProposeId :  3d501aaef5eefc10550b12a341910cbfa16bfed94dbc9892fefb27a1e9ae902c
12:38:17.693 [Test worker] DEBUG io.yggdrash.contract.yeed.YeedContract - TxConfirm Status : VALIDATE_REQUIRE
12:38:17.693 [Test worker] DEBUG io.yggdrash.contract.yeed.YeedContract - Propose require block height : 100000 
12:38:17.693 [Test worker] DEBUG io.yggdrash.contract.yeed.YeedContract - TxConfirm block height : 100010 
12:38:17.694 [Test worker] DEBUG io.yggdrash.contract.yeed.YeedContract - CheckBlockHeight : true
12:38:17.694 [Test worker] DEBUG io.yggdrash.contract.yeed.YeedContract - Stake YEED 45794000000000000000000000
12:38:17.694 [Test worker] DEBUG io.yggdrash.contract.yeed.YeedContract - TransferYeed YEED 796000000000000000000000
12:38:17.694 [Test worker] DEBUG io.yggdrash.contract.yeed.YeedContract - PI Fee 100000000000000000
12:38:17.694 [Test worker] DEBUG io.yggdrash.contract.yeed.InterChainProcessTest - Remain YEED : 44998000100000000000000000
12:38:17.694 [Test worker] DEBUG io.yggdrash.contract.yeed.InterChainProcessTest - Send Eth 47
12:38:17.703 [Test worker] DEBUG io.yggdrash.contract.yeed.YeedContract - Ratio : 10000
12:38:17.703 [Test worker] DEBUG io.yggdrash.contract.yeed.YeedContract - transferYeed : 479000000000000000000000
12:38:17.703 [Test worker] DEBUG io.yggdrash.contract.yeed.YeedContract - Confirm Id : 464b3f256e6c07b16512bbe8e448221ce8ece60a4a792c7d335f9081c60f4fa0
12:38:17.703 [Test worker] DEBUG io.yggdrash.contract.yeed.YeedContract - ProposeId : 3d501aaef5eefc10550b12a341910cbfa16bfed94dbc9892fefb27a1e9ae902c (ProposeKey=pis-3d501aaef5eefc10550b12a341910cbfa16bfed94dbc9892fefb27a1e9ae902c) is PROCESSING
12:38:17.703 [Test worker] DEBUG io.yggdrash.contract.yeed.YeedContract - TxConfirm ProposeId :  3d501aaef5eefc10550b12a341910cbfa16bfed94dbc9892fefb27a1e9ae902c
12:38:17.703 [Test worker] DEBUG io.yggdrash.contract.yeed.YeedContract - TxConfirm Status : VALIDATE_REQUIRE
12:38:17.704 [Test worker] DEBUG io.yggdrash.contract.yeed.YeedContract - Propose require block height : 100000 
12:38:17.704 [Test worker] DEBUG io.yggdrash.contract.yeed.YeedContract - TxConfirm block height : 100010 
12:38:17.704 [Test worker] DEBUG io.yggdrash.contract.yeed.YeedContract - CheckBlockHeight : true
12:38:17.704 [Test worker] DEBUG io.yggdrash.contract.yeed.YeedContract - Stake YEED 44998000000000000000000000
12:38:17.704 [Test worker] DEBUG io.yggdrash.contract.yeed.YeedContract - TransferYeed YEED 479000000000000000000000
12:38:17.704 [Test worker] DEBUG io.yggdrash.contract.yeed.YeedContract - PI Fee 100000000000000000
12:38:17.704 [Test worker] DEBUG io.yggdrash.contract.yeed.InterChainProcessTest - Remain YEED : 44519000100000000000000000
12:38:17.704 [Test worker] DEBUG io.yggdrash.contract.yeed.InterChainProcessTest - Send Eth 6
12:38:17.709 [Test worker] DEBUG io.yggdrash.contract.yeed.YeedContract - Ratio : 10000
12:38:17.709 [Test worker] DEBUG io.yggdrash.contract.yeed.YeedContract - transferYeed : 69000000000000000000000
12:38:17.709 [Test worker] DEBUG io.yggdrash.contract.yeed.YeedContract - Confirm Id : 0a12d0beefa5e973350c11b752440ee7151a7c0aac1f18b716e5fd0d2135d399
12:38:17.709 [Test worker] DEBUG io.yggdrash.contract.yeed.YeedContract - ProposeId : 3d501aaef5eefc10550b12a341910cbfa16bfed94dbc9892fefb27a1e9ae902c (ProposeKey=pis-3d501aaef5eefc10550b12a341910cbfa16bfed94dbc9892fefb27a1e9ae902c) is PROCESSING
12:38:17.709 [Test worker] DEBUG io.yggdrash.contract.yeed.YeedContract - TxConfirm ProposeId :  3d501aaef5eefc10550b12a341910cbfa16bfed94dbc9892fefb27a1e9ae902c
12:38:17.709 [Test worker] DEBUG io.yggdrash.contract.yeed.YeedContract - TxConfirm Status : VALIDATE_REQUIRE
12:38:17.709 [Test worker] DEBUG io.yggdrash.contract.yeed.YeedContract - Propose require block height : 100000 
12:38:17.709 [Test worker] DEBUG io.yggdrash.contract.yeed.YeedContract - TxConfirm block height : 100010 
12:38:17.709 [Test worker] DEBUG io.yggdrash.contract.yeed.YeedContract - CheckBlockHeight : true
12:38:17.709 [Test worker] DEBUG io.yggdrash.contract.yeed.YeedContract - Stake YEED 44519000000000000000000000
12:38:17.709 [Test worker] DEBUG io.yggdrash.contract.yeed.YeedContract - TransferYeed YEED 69000000000000000000000
12:38:17.709 [Test worker] DEBUG io.yggdrash.contract.yeed.YeedContract - PI Fee 100000000000000000
12:38:17.709 [Test worker] DEBUG io.yggdrash.contract.yeed.InterChainProcessTest - Remain YEED : 44450000100000000000000000
12:38:17.710 [Test worker] DEBUG io.yggdrash.contract.yeed.InterChainProcessTest - Send Eth 77
12:38:17.716 [Test worker] DEBUG io.yggdrash.contract.yeed.YeedContract - Ratio : 10000
12:38:17.716 [Test worker] DEBUG io.yggdrash.contract.yeed.YeedContract - transferYeed : 778000000000000000000000
12:38:17.716 [Test worker] DEBUG io.yggdrash.contract.yeed.YeedContract - Confirm Id : b9dc8a275ad9ab9acfbd7a7d34c270d9d899446a3938bbed905eb965c0d61fef
12:38:17.716 [Test worker] DEBUG io.yggdrash.contract.yeed.YeedContract - ProposeId : 3d501aaef5eefc10550b12a341910cbfa16bfed94dbc9892fefb27a1e9ae902c (ProposeKey=pis-3d501aaef5eefc10550b12a341910cbfa16bfed94dbc9892fefb27a1e9ae902c) is PROCESSING
12:38:17.716 [Test worker] DEBUG io.yggdrash.contract.yeed.YeedContract - TxConfirm ProposeId :  3d501aaef5eefc10550b12a341910cbfa16bfed94dbc9892fefb27a1e9ae902c
12:38:17.716 [Test worker] DEBUG io.yggdrash.contract.yeed.YeedContract - TxConfirm Status : VALIDATE_REQUIRE
12:38:17.716 [Test worker] DEBUG io.yggdrash.contract.yeed.YeedContract - Propose require block height : 100000 
12:38:17.716 [Test worker] DEBUG io.yggdrash.contract.yeed.YeedContract - TxConfirm block height : 100010 
12:38:17.716 [Test worker] DEBUG io.yggdrash.contract.yeed.YeedContract - CheckBlockHeight : true
12:38:17.716 [Test worker] DEBUG io.yggdrash.contract.yeed.YeedContract - Stake YEED 44450000000000000000000000
12:38:17.716 [Test worker] DEBUG io.yggdrash.contract.yeed.YeedContract - TransferYeed YEED 778000000000000000000000
12:38:17.716 [Test worker] DEBUG io.yggdrash.contract.yeed.YeedContract - PI Fee 100000000000000000
12:38:17.716 [Test worker] DEBUG io.yggdrash.contract.yeed.InterChainProcessTest - Remain YEED : 43672000100000000000000000
12:38:17.717 [Test worker] DEBUG io.yggdrash.contract.yeed.InterChainProcessTest - Send Eth 74
12:38:17.720 [Test worker] DEBUG io.yggdrash.contract.yeed.YeedContract - Ratio : 10000
12:38:17.721 [Test worker] DEBUG io.yggdrash.contract.yeed.YeedContract - transferYeed : 744000000000000000000000
12:38:17.721 [Test worker] DEBUG io.yggdrash.contract.yeed.YeedContract - Confirm Id : 63d088b3e740e3f653aea9d890b4a9bd9e7c8b0d816611e0947e3d068cf51ed3
12:38:17.721 [Test worker] DEBUG io.yggdrash.contract.yeed.YeedContract - ProposeId : 3d501aaef5eefc10550b12a341910cbfa16bfed94dbc9892fefb27a1e9ae902c (ProposeKey=pis-3d501aaef5eefc10550b12a341910cbfa16bfed94dbc9892fefb27a1e9ae902c) is PROCESSING
12:38:17.721 [Test worker] DEBUG io.yggdrash.contract.yeed.YeedContract - TxConfirm ProposeId :  3d501aaef5eefc10550b12a341910cbfa16bfed94dbc9892fefb27a1e9ae902c
12:38:17.721 [Test worker] DEBUG io.yggdrash.contract.yeed.YeedContract - TxConfirm Status : VALIDATE_REQUIRE
12:38:17.721 [Test worker] DEBUG io.yggdrash.contract.yeed.YeedContract - Propose require block height : 100000 
12:38:17.721 [Test worker] DEBUG io.yggdrash.contract.yeed.YeedContract - TxConfirm block height : 100010 
12:38:17.721 [Test worker] DEBUG io.yggdrash.contract.yeed.YeedContract - CheckBlockHeight : true
12:38:17.721 [Test worker] DEBUG io.yggdrash.contract.yeed.YeedContract - Stake YEED 43672000000000000000000000
12:38:17.721 [Test worker] DEBUG io.yggdrash.contract.yeed.YeedContract - TransferYeed YEED 744000000000000000000000
12:38:17.721 [Test worker] DEBUG io.yggdrash.contract.yeed.YeedContract - PI Fee 100000000000000000
12:38:17.721 [Test worker] DEBUG io.yggdrash.contract.yeed.InterChainProcessTest - Remain YEED : 42928000100000000000000000
12:38:17.721 [Test worker] DEBUG io.yggdrash.contract.yeed.InterChainProcessTest - Send Eth 43
12:38:17.727 [Test worker] DEBUG io.yggdrash.contract.yeed.YeedContract - Ratio : 10000
12:38:17.727 [Test worker] DEBUG io.yggdrash.contract.yeed.YeedContract - transferYeed : 438000000000000000000000
12:38:17.727 [Test worker] DEBUG io.yggdrash.contract.yeed.YeedContract - Confirm Id : d485612c1cf448ade241f08a92a9fe6256ec0fc00f7ab788abf08832cb970108
12:38:17.727 [Test worker] DEBUG io.yggdrash.contract.yeed.YeedContract - ProposeId : 3d501aaef5eefc10550b12a341910cbfa16bfed94dbc9892fefb27a1e9ae902c (ProposeKey=pis-3d501aaef5eefc10550b12a341910cbfa16bfed94dbc9892fefb27a1e9ae902c) is PROCESSING
12:38:17.727 [Test worker] DEBUG io.yggdrash.contract.yeed.YeedContract - TxConfirm ProposeId :  3d501aaef5eefc10550b12a341910cbfa16bfed94dbc9892fefb27a1e9ae902c
12:38:17.727 [Test worker] DEBUG io.yggdrash.contract.yeed.YeedContract - TxConfirm Status : VALIDATE_REQUIRE
12:38:17.727 [Test worker] DEBUG io.yggdrash.contract.yeed.YeedContract - Propose require block height : 100000 
12:38:17.727 [Test worker] DEBUG io.yggdrash.contract.yeed.YeedContract - TxConfirm block height : 100010 
12:38:17.727 [Test worker] DEBUG io.yggdrash.contract.yeed.YeedContract - CheckBlockHeight : true
12:38:17.727 [Test worker] DEBUG io.yggdrash.contract.yeed.YeedContract - Stake YEED 42928000000000000000000000
12:38:17.727 [Test worker] DEBUG io.yggdrash.contract.yeed.YeedContract - TransferYeed YEED 438000000000000000000000
12:38:17.727 [Test worker] DEBUG io.yggdrash.contract.yeed.YeedContract - PI Fee 100000000000000000
12:38:17.728 [Test worker] DEBUG io.yggdrash.contract.yeed.InterChainProcessTest - Remain YEED : 42490000100000000000000000
12:38:17.728 [Test worker] DEBUG io.yggdrash.contract.yeed.InterChainProcessTest - Send Eth 83
12:38:17.732 [Test worker] DEBUG io.yggdrash.contract.yeed.YeedContract - Ratio : 10000
12:38:17.732 [Test worker] DEBUG io.yggdrash.contract.yeed.YeedContract - transferYeed : 830000000000000000000000
12:38:17.733 [Test worker] DEBUG io.yggdrash.contract.yeed.YeedContract - Confirm Id : cf76c1d653ad1ecddcdd324e3f8731c1621d1afaff91e38fe0f33f2c83b2f914
12:38:17.733 [Test worker] DEBUG io.yggdrash.contract.yeed.YeedContract - ProposeId : 3d501aaef5eefc10550b12a341910cbfa16bfed94dbc9892fefb27a1e9ae902c (ProposeKey=pis-3d501aaef5eefc10550b12a341910cbfa16bfed94dbc9892fefb27a1e9ae902c) is PROCESSING
12:38:17.733 [Test worker] DEBUG io.yggdrash.contract.yeed.YeedContract - TxConfirm ProposeId :  3d501aaef5eefc10550b12a341910cbfa16bfed94dbc9892fefb27a1e9ae902c
12:38:17.733 [Test worker] DEBUG io.yggdrash.contract.yeed.YeedContract - TxConfirm Status : VALIDATE_REQUIRE
12:38:17.733 [Test worker] DEBUG io.yggdrash.contract.yeed.YeedContract - Propose require block height : 100000 
12:38:17.733 [Test worker] DEBUG io.yggdrash.contract.yeed.YeedContract - TxConfirm block height : 100010 
12:38:17.733 [Test worker] DEBUG io.yggdrash.contract.yeed.YeedContract - CheckBlockHeight : true
12:38:17.733 [Test worker] DEBUG io.yggdrash.contract.yeed.YeedContract - Stake YEED 42490000000000000000000000
12:38:17.733 [Test worker] DEBUG io.yggdrash.contract.yeed.YeedContract - TransferYeed YEED 830000000000000000000000
12:38:17.733 [Test worker] DEBUG io.yggdrash.contract.yeed.YeedContract - PI Fee 100000000000000000
12:38:17.733 [Test worker] DEBUG io.yggdrash.contract.yeed.InterChainProcessTest - Remain YEED : 41660000100000000000000000
12:38:17.733 [Test worker] DEBUG io.yggdrash.contract.yeed.InterChainProcessTest - Send Eth 28
12:38:17.739 [Test worker] DEBUG io.yggdrash.contract.yeed.YeedContract - Ratio : 10000
12:38:17.739 [Test worker] DEBUG io.yggdrash.contract.yeed.YeedContract - transferYeed : 285000000000000000000000
12:38:17.739 [Test worker] DEBUG io.yggdrash.contract.yeed.YeedContract - Confirm Id : b4f98fe26037066b071b71e6971ba80b409e78deb834a3ca619eea8150a88fcc
12:38:17.739 [Test worker] DEBUG io.yggdrash.contract.yeed.YeedContract - ProposeId : 3d501aaef5eefc10550b12a341910cbfa16bfed94dbc9892fefb27a1e9ae902c (ProposeKey=pis-3d501aaef5eefc10550b12a341910cbfa16bfed94dbc9892fefb27a1e9ae902c) is PROCESSING
12:38:17.739 [Test worker] DEBUG io.yggdrash.contract.yeed.YeedContract - TxConfirm ProposeId :  3d501aaef5eefc10550b12a341910cbfa16bfed94dbc9892fefb27a1e9ae902c
12:38:17.739 [Test worker] DEBUG io.yggdrash.contract.yeed.YeedContract - TxConfirm Status : VALIDATE_REQUIRE
12:38:17.739 [Test worker] DEBUG io.yggdrash.contract.yeed.YeedContract - Propose require block height : 100000 
12:38:17.739 [Test worker] DEBUG io.yggdrash.contract.yeed.YeedContract - TxConfirm block height : 100010 
12:38:17.739 [Test worker] DEBUG io.yggdrash.contract.yeed.YeedContract - CheckBlockHeight : true
12:38:17.739 [Test worker] DEBUG io.yggdrash.contract.yeed.YeedContract - Stake YEED 41660000000000000000000000
12:38:17.739 [Test worker] DEBUG io.yggdrash.contract.yeed.YeedContract - TransferYeed YEED 285000000000000000000000
12:38:17.739 [Test worker] DEBUG io.yggdrash.contract.yeed.YeedContract - PI Fee 100000000000000000
12:38:17.740 [Test worker] DEBUG io.yggdrash.contract.yeed.InterChainProcessTest - Remain YEED : 41375000100000000000000000
12:38:17.740 [Test worker] DEBUG io.yggdrash.contract.yeed.InterChainProcessTest - Send Eth 91
12:38:17.743 [Test worker] DEBUG io.yggdrash.contract.yeed.YeedContract - Ratio : 10000
12:38:17.744 [Test worker] DEBUG io.yggdrash.contract.yeed.YeedContract - transferYeed : 914000000000000000000000
12:38:17.744 [Test worker] DEBUG io.yggdrash.contract.yeed.YeedContract - Confirm Id : c3f030547d3dc0dd85f3a7806bfc957581205666d3a199a529fe896261a9021f
12:38:17.744 [Test worker] DEBUG io.yggdrash.contract.yeed.YeedContract - ProposeId : 3d501aaef5eefc10550b12a341910cbfa16bfed94dbc9892fefb27a1e9ae902c (ProposeKey=pis-3d501aaef5eefc10550b12a341910cbfa16bfed94dbc9892fefb27a1e9ae902c) is PROCESSING
12:38:17.744 [Test worker] DEBUG io.yggdrash.contract.yeed.YeedContract - TxConfirm ProposeId :  3d501aaef5eefc10550b12a341910cbfa16bfed94dbc9892fefb27a1e9ae902c
12:38:17.744 [Test worker] DEBUG io.yggdrash.contract.yeed.YeedContract - TxConfirm Status : VALIDATE_REQUIRE
12:38:17.744 [Test worker] DEBUG io.yggdrash.contract.yeed.YeedContract - Propose require block height : 100000 
12:38:17.744 [Test worker] DEBUG io.yggdrash.contract.yeed.YeedContract - TxConfirm block height : 100010 
12:38:17.744 [Test worker] DEBUG io.yggdrash.contract.yeed.YeedContract - CheckBlockHeight : true
12:38:17.744 [Test worker] DEBUG io.yggdrash.contract.yeed.YeedContract - Stake YEED 41375000000000000000000000
12:38:17.744 [Test worker] DEBUG io.yggdrash.contract.yeed.YeedContract - TransferYeed YEED 914000000000000000000000
12:38:17.744 [Test worker] DEBUG io.yggdrash.contract.yeed.YeedContract - PI Fee 100000000000000000
12:38:17.744 [Test worker] DEBUG io.yggdrash.contract.yeed.InterChainProcessTest - Remain YEED : 40461000100000000000000000
12:38:17.744 [Test worker] DEBUG io.yggdrash.contract.yeed.InterChainProcessTest - Send Eth 39
12:38:17.748 [Test worker] DEBUG io.yggdrash.contract.yeed.YeedContract - Ratio : 10000
12:38:17.748 [Test worker] DEBUG io.yggdrash.contract.yeed.YeedContract - transferYeed : 394000000000000000000000
12:38:17.748 [Test worker] DEBUG io.yggdrash.contract.yeed.YeedContract - Confirm Id : f771c5fe375a645db930c2746ae2f49226b7b78c31f1ea290e67b91526194e72
12:38:17.748 [Test worker] DEBUG io.yggdrash.contract.yeed.YeedContract - ProposeId : 3d501aaef5eefc10550b12a341910cbfa16bfed94dbc9892fefb27a1e9ae902c (ProposeKey=pis-3d501aaef5eefc10550b12a341910cbfa16bfed94dbc9892fefb27a1e9ae902c) is PROCESSING
12:38:17.748 [Test worker] DEBUG io.yggdrash.contract.yeed.YeedContract - TxConfirm ProposeId :  3d501aaef5eefc10550b12a341910cbfa16bfed94dbc9892fefb27a1e9ae902c
12:38:17.748 [Test worker] DEBUG io.yggdrash.contract.yeed.YeedContract - TxConfirm Status : VALIDATE_REQUIRE
12:38:17.748 [Test worker] DEBUG io.yggdrash.contract.yeed.YeedContract - Propose require block height : 100000 
12:38:17.748 [Test worker] DEBUG io.yggdrash.contract.yeed.YeedContract - TxConfirm block height : 100010 
12:38:17.748 [Test worker] DEBUG io.yggdrash.contract.yeed.YeedContract - CheckBlockHeight : true
12:38:17.748 [Test worker] DEBUG io.yggdrash.contract.yeed.YeedContract - Stake YEED 40461000000000000000000000
12:38:17.748 [Test worker] DEBUG io.yggdrash.contract.yeed.YeedContract - TransferYeed YEED 394000000000000000000000
12:38:17.748 [Test worker] DEBUG io.yggdrash.contract.yeed.YeedContract - PI Fee 100000000000000000
12:38:17.749 [Test worker] DEBUG io.yggdrash.contract.yeed.InterChainProcessTest - Remain YEED : 40067000100000000000000000
12:38:17.749 [Test worker] DEBUG io.yggdrash.contract.yeed.InterChainProcessTest - Send Eth 75
12:38:17.753 [Test worker] DEBUG io.yggdrash.contract.yeed.YeedContract - Ratio : 10000
12:38:17.753 [Test worker] DEBUG io.yggdrash.contract.yeed.YeedContract - transferYeed : 756000000000000000000000
12:38:17.753 [Test worker] DEBUG io.yggdrash.contract.yeed.YeedContract - Confirm Id : 691df4f657a21e831709e38a783471ea79ffceaf3f822758a28c2c14833089cf
12:38:17.753 [Test worker] DEBUG io.yggdrash.contract.yeed.YeedContract - ProposeId : 3d501aaef5eefc10550b12a341910cbfa16bfed94dbc9892fefb27a1e9ae902c (ProposeKey=pis-3d501aaef5eefc10550b12a341910cbfa16bfed94dbc9892fefb27a1e9ae902c) is PROCESSING
12:38:17.753 [Test worker] DEBUG io.yggdrash.contract.yeed.YeedContract - TxConfirm ProposeId :  3d501aaef5eefc10550b12a341910cbfa16bfed94dbc9892fefb27a1e9ae902c
12:38:17.753 [Test worker] DEBUG io.yggdrash.contract.yeed.YeedContract - TxConfirm Status : VALIDATE_REQUIRE
12:38:17.753 [Test worker] DEBUG io.yggdrash.contract.yeed.YeedContract - Propose require block height : 100000 
12:38:17.754 [Test worker] DEBUG io.yggdrash.contract.yeed.YeedContract - TxConfirm block height : 100010 
12:38:17.754 [Test worker] DEBUG io.yggdrash.contract.yeed.YeedContract - CheckBlockHeight : true
12:38:17.754 [Test worker] DEBUG io.yggdrash.contract.yeed.YeedContract - Stake YEED 40067000000000000000000000
12:38:17.754 [Test worker] DEBUG io.yggdrash.contract.yeed.YeedContract - TransferYeed YEED 756000000000000000000000
12:38:17.754 [Test worker] DEBUG io.yggdrash.contract.yeed.YeedContract - PI Fee 100000000000000000
12:38:17.754 [Test worker] DEBUG io.yggdrash.contract.yeed.InterChainProcessTest - Remain YEED : 39311000100000000000000000
12:38:17.754 [Test worker] DEBUG io.yggdrash.contract.yeed.InterChainProcessTest - Send Eth 77
12:38:17.760 [Test worker] DEBUG io.yggdrash.contract.yeed.YeedContract - Ratio : 10000
12:38:17.760 [Test worker] DEBUG io.yggdrash.contract.yeed.YeedContract - transferYeed : 771000000000000000000000
12:38:17.760 [Test worker] DEBUG io.yggdrash.contract.yeed.YeedContract - Confirm Id : b85ba966c1fc847ff9271831ca6a2e9d53b055f08fd600263f654a97400ae64f
12:38:17.760 [Test worker] DEBUG io.yggdrash.contract.yeed.YeedContract - ProposeId : 3d501aaef5eefc10550b12a341910cbfa16bfed94dbc9892fefb27a1e9ae902c (ProposeKey=pis-3d501aaef5eefc10550b12a341910cbfa16bfed94dbc9892fefb27a1e9ae902c) is PROCESSING
12:38:17.760 [Test worker] DEBUG io.yggdrash.contract.yeed.YeedContract - TxConfirm ProposeId :  3d501aaef5eefc10550b12a341910cbfa16bfed94dbc9892fefb27a1e9ae902c
12:38:17.760 [Test worker] DEBUG io.yggdrash.contract.yeed.YeedContract - TxConfirm Status : VALIDATE_REQUIRE
12:38:17.760 [Test worker] DEBUG io.yggdrash.contract.yeed.YeedContract - Propose require block height : 100000 
12:38:17.760 [Test worker] DEBUG io.yggdrash.contract.yeed.YeedContract - TxConfirm block height : 100010 
12:38:17.760 [Test worker] DEBUG io.yggdrash.contract.yeed.YeedContract - CheckBlockHeight : true
12:38:17.760 [Test worker] DEBUG io.yggdrash.contract.yeed.YeedContract - Stake YEED 39311000000000000000000000
12:38:17.760 [Test worker] DEBUG io.yggdrash.contract.yeed.YeedContract - TransferYeed YEED 771000000000000000000000
12:38:17.761 [Test worker] DEBUG io.yggdrash.contract.yeed.YeedContract - PI Fee 100000000000000000
12:38:17.761 [Test worker] DEBUG io.yggdrash.contract.yeed.InterChainProcessTest - Remain YEED : 38540000100000000000000000
12:38:17.761 [Test worker] DEBUG io.yggdrash.contract.yeed.InterChainProcessTest - Send Eth 74
12:38:17.765 [Test worker] DEBUG io.yggdrash.contract.yeed.YeedContract - Ratio : 10000
12:38:17.765 [Test worker] DEBUG io.yggdrash.contract.yeed.YeedContract - transferYeed : 740000000000000000000000
12:38:17.766 [Test worker] DEBUG io.yggdrash.contract.yeed.YeedContract - Confirm Id : bf626abcfcb4636df9ced75549f8b2e8727f1545bad193056f8321951cc3971c
12:38:17.766 [Test worker] DEBUG io.yggdrash.contract.yeed.YeedContract - ProposeId : 3d501aaef5eefc10550b12a341910cbfa16bfed94dbc9892fefb27a1e9ae902c (ProposeKey=pis-3d501aaef5eefc10550b12a341910cbfa16bfed94dbc9892fefb27a1e9ae902c) is PROCESSING
12:38:17.766 [Test worker] DEBUG io.yggdrash.contract.yeed.YeedContract - TxConfirm ProposeId :  3d501aaef5eefc10550b12a341910cbfa16bfed94dbc9892fefb27a1e9ae902c
12:38:17.766 [Test worker] DEBUG io.yggdrash.contract.yeed.YeedContract - TxConfirm Status : VALIDATE_REQUIRE
12:38:17.766 [Test worker] DEBUG io.yggdrash.contract.yeed.YeedContract - Propose require block height : 100000 
12:38:17.766 [Test worker] DEBUG io.yggdrash.contract.yeed.YeedContract - TxConfirm block height : 100010 
12:38:17.766 [Test worker] DEBUG io.yggdrash.contract.yeed.YeedContract - CheckBlockHeight : true
12:38:17.766 [Test worker] DEBUG io.yggdrash.contract.yeed.YeedContract - Stake YEED 38540000000000000000000000
12:38:17.766 [Test worker] DEBUG io.yggdrash.contract.yeed.YeedContract - TransferYeed YEED 740000000000000000000000
12:38:17.766 [Test worker] DEBUG io.yggdrash.contract.yeed.YeedContract - PI Fee 100000000000000000
12:38:17.766 [Test worker] DEBUG io.yggdrash.contract.yeed.InterChainProcessTest - Remain YEED : 37800000100000000000000000
12:38:17.766 [Test worker] DEBUG io.yggdrash.contract.yeed.InterChainProcessTest - Send Eth 13
12:38:17.770 [Test worker] DEBUG io.yggdrash.contract.yeed.YeedContract - Ratio : 10000
12:38:17.770 [Test worker] DEBUG io.yggdrash.contract.yeed.YeedContract - transferYeed : 138000000000000000000000
12:38:17.770 [Test worker] DEBUG io.yggdrash.contract.yeed.YeedContract - Confirm Id : 9c9eabe928e9070a82363dd0a85ccebe90fca092ec38e64927af5d39f59fa786
12:38:17.770 [Test worker] DEBUG io.yggdrash.contract.yeed.YeedContract - ProposeId : 3d501aaef5eefc10550b12a341910cbfa16bfed94dbc9892fefb27a1e9ae902c (ProposeKey=pis-3d501aaef5eefc10550b12a341910cbfa16bfed94dbc9892fefb27a1e9ae902c) is PROCESSING
12:38:17.771 [Test worker] DEBUG io.yggdrash.contract.yeed.YeedContract - TxConfirm ProposeId :  3d501aaef5eefc10550b12a341910cbfa16bfed94dbc9892fefb27a1e9ae902c
12:38:17.771 [Test worker] DEBUG io.yggdrash.contract.yeed.YeedContract - TxConfirm Status : VALIDATE_REQUIRE
12:38:17.771 [Test worker] DEBUG io.yggdrash.contract.yeed.YeedContract - Propose require block height : 100000 
12:38:17.771 [Test worker] DEBUG io.yggdrash.contract.yeed.YeedContract - TxConfirm block height : 100010 
12:38:17.771 [Test worker] DEBUG io.yggdrash.contract.yeed.YeedContract - CheckBlockHeight : true
12:38:17.771 [Test worker] DEBUG io.yggdrash.contract.yeed.YeedContract - Stake YEED 37800000000000000000000000
12:38:17.771 [Test worker] DEBUG io.yggdrash.contract.yeed.YeedContract - TransferYeed YEED 138000000000000000000000
12:38:17.771 [Test worker] DEBUG io.yggdrash.contract.yeed.YeedContract - PI Fee 100000000000000000
12:38:17.771 [Test worker] DEBUG io.yggdrash.contract.yeed.InterChainProcessTest - Remain YEED : 37662000100000000000000000
12:38:17.771 [Test worker] DEBUG io.yggdrash.contract.yeed.InterChainProcessTest - Send Eth 93
12:38:17.779 [Test worker] DEBUG io.yggdrash.contract.yeed.YeedContract - Ratio : 10000
12:38:17.779 [Test worker] DEBUG io.yggdrash.contract.yeed.YeedContract - transferYeed : 939000000000000000000000
12:38:17.779 [Test worker] DEBUG io.yggdrash.contract.yeed.YeedContract - Confirm Id : 19c73e3138652bb194175b95074d2e6135db753f7d104e2c8939781b81be8378
12:38:17.779 [Test worker] DEBUG io.yggdrash.contract.yeed.YeedContract - ProposeId : 3d501aaef5eefc10550b12a341910cbfa16bfed94dbc9892fefb27a1e9ae902c (ProposeKey=pis-3d501aaef5eefc10550b12a341910cbfa16bfed94dbc9892fefb27a1e9ae902c) is PROCESSING
12:38:17.779 [Test worker] DEBUG io.yggdrash.contract.yeed.YeedContract - TxConfirm ProposeId :  3d501aaef5eefc10550b12a341910cbfa16bfed94dbc9892fefb27a1e9ae902c
12:38:17.779 [Test worker] DEBUG io.yggdrash.contract.yeed.YeedContract - TxConfirm Status : VALIDATE_REQUIRE
12:38:17.779 [Test worker] DEBUG io.yggdrash.contract.yeed.YeedContract - Propose require block height : 100000 
12:38:17.779 [Test worker] DEBUG io.yggdrash.contract.yeed.YeedContract - TxConfirm block height : 100010 
12:38:17.779 [Test worker] DEBUG io.yggdrash.contract.yeed.YeedContract - CheckBlockHeight : true
12:38:17.779 [Test worker] DEBUG io.yggdrash.contract.yeed.YeedContract - Stake YEED 37662000000000000000000000
12:38:17.779 [Test worker] DEBUG io.yggdrash.contract.yeed.YeedContract - TransferYeed YEED 939000000000000000000000
12:38:17.779 [Test worker] DEBUG io.yggdrash.contract.yeed.YeedContract - PI Fee 100000000000000000
12:38:17.780 [Test worker] DEBUG io.yggdrash.contract.yeed.InterChainProcessTest - Remain YEED : 36723000100000000000000000
12:38:17.780 [Test worker] DEBUG io.yggdrash.contract.yeed.InterChainProcessTest - Send Eth 0
12:38:17.785 [Test worker] DEBUG io.yggdrash.contract.yeed.YeedContract - Ratio : 10000
12:38:17.785 [Test worker] DEBUG io.yggdrash.contract.yeed.YeedContract - transferYeed : 7000000000000000000000
12:38:17.785 [Test worker] DEBUG io.yggdrash.contract.yeed.YeedContract - Confirm Id : 8fe77451972ba3445ff32df632000f6bf28acfe408947bc644c691993d5b9773
12:38:17.785 [Test worker] DEBUG io.yggdrash.contract.yeed.YeedContract - ProposeId : 3d501aaef5eefc10550b12a341910cbfa16bfed94dbc9892fefb27a1e9ae902c (ProposeKey=pis-3d501aaef5eefc10550b12a341910cbfa16bfed94dbc9892fefb27a1e9ae902c) is PROCESSING
12:38:17.785 [Test worker] DEBUG io.yggdrash.contract.yeed.YeedContract - TxConfirm ProposeId :  3d501aaef5eefc10550b12a341910cbfa16bfed94dbc9892fefb27a1e9ae902c
12:38:17.785 [Test worker] DEBUG io.yggdrash.contract.yeed.YeedContract - TxConfirm Status : VALIDATE_REQUIRE
12:38:17.785 [Test worker] DEBUG io.yggdrash.contract.yeed.YeedContract - Propose require block height : 100000 
12:38:17.785 [Test worker] DEBUG io.yggdrash.contract.yeed.YeedContract - TxConfirm block height : 100010 
12:38:17.785 [Test worker] DEBUG io.yggdrash.contract.yeed.YeedContract - CheckBlockHeight : true
12:38:17.785 [Test worker] DEBUG io.yggdrash.contract.yeed.YeedContract - Stake YEED 36723000000000000000000000
12:38:17.785 [Test worker] DEBUG io.yggdrash.contract.yeed.YeedContract - TransferYeed YEED 7000000000000000000000
12:38:17.785 [Test worker] DEBUG io.yggdrash.contract.yeed.YeedContract - PI Fee 100000000000000000
12:38:17.786 [Test worker] DEBUG io.yggdrash.contract.yeed.InterChainProcessTest - Remain YEED : 36716000100000000000000000
12:38:17.786 [Test worker] DEBUG io.yggdrash.contract.yeed.InterChainProcessTest - Send Eth 21
12:38:17.793 [Test worker] DEBUG io.yggdrash.contract.yeed.YeedContract - Ratio : 10000
12:38:17.793 [Test worker] DEBUG io.yggdrash.contract.yeed.YeedContract - transferYeed : 218000000000000000000000
12:38:17.793 [Test worker] DEBUG io.yggdrash.contract.yeed.YeedContract - Confirm Id : 903583adf84003ee404ca665c715316a6407b7f0b0ab75315beb9e32a52c3d79
12:38:17.793 [Test worker] DEBUG io.yggdrash.contract.yeed.YeedContract - ProposeId : 3d501aaef5eefc10550b12a341910cbfa16bfed94dbc9892fefb27a1e9ae902c (ProposeKey=pis-3d501aaef5eefc10550b12a341910cbfa16bfed94dbc9892fefb27a1e9ae902c) is PROCESSING
12:38:17.793 [Test worker] DEBUG io.yggdrash.contract.yeed.YeedContract - TxConfirm ProposeId :  3d501aaef5eefc10550b12a341910cbfa16bfed94dbc9892fefb27a1e9ae902c
12:38:17.793 [Test worker] DEBUG io.yggdrash.contract.yeed.YeedContract - TxConfirm Status : VALIDATE_REQUIRE
12:38:17.793 [Test worker] DEBUG io.yggdrash.contract.yeed.YeedContract - Propose require block height : 100000 
12:38:17.793 [Test worker] DEBUG io.yggdrash.contract.yeed.YeedContract - TxConfirm block height : 100010 
12:38:17.793 [Test worker] DEBUG io.yggdrash.contract.yeed.YeedContract - CheckBlockHeight : true
12:38:17.793 [Test worker] DEBUG io.yggdrash.contract.yeed.YeedContract - Stake YEED 36716000000000000000000000
12:38:17.793 [Test worker] DEBUG io.yggdrash.contract.yeed.YeedContract - TransferYeed YEED 218000000000000000000000
12:38:17.793 [Test worker] DEBUG io.yggdrash.contract.yeed.YeedContract - PI Fee 100000000000000000
12:38:17.793 [Test worker] DEBUG io.yggdrash.contract.yeed.InterChainProcessTest - Remain YEED : 36498000100000000000000000
12:38:17.793 [Test worker] DEBUG io.yggdrash.contract.yeed.InterChainProcessTest - Send Eth 7
12:38:17.800 [Test worker] DEBUG io.yggdrash.contract.yeed.YeedContract - Ratio : 10000
12:38:17.800 [Test worker] DEBUG io.yggdrash.contract.yeed.YeedContract - transferYeed : 73000000000000000000000
12:38:17.800 [Test worker] DEBUG io.yggdrash.contract.yeed.YeedContract - Confirm Id : 2eb8193599b98d61d86993c09e10c5cef3ad942d9d34f0914001a506a56147c3
12:38:17.800 [Test worker] DEBUG io.yggdrash.contract.yeed.YeedContract - ProposeId : 3d501aaef5eefc10550b12a341910cbfa16bfed94dbc9892fefb27a1e9ae902c (ProposeKey=pis-3d501aaef5eefc10550b12a341910cbfa16bfed94dbc9892fefb27a1e9ae902c) is PROCESSING
12:38:17.800 [Test worker] DEBUG io.yggdrash.contract.yeed.YeedContract - TxConfirm ProposeId :  3d501aaef5eefc10550b12a341910cbfa16bfed94dbc9892fefb27a1e9ae902c
12:38:17.800 [Test worker] DEBUG io.yggdrash.contract.yeed.YeedContract - TxConfirm Status : VALIDATE_REQUIRE
12:38:17.800 [Test worker] DEBUG io.yggdrash.contract.yeed.YeedContract - Propose require block height : 100000 
12:38:17.800 [Test worker] DEBUG io.yggdrash.contract.yeed.YeedContract - TxConfirm block height : 100010 
12:38:17.800 [Test worker] DEBUG io.yggdrash.contract.yeed.YeedContract - CheckBlockHeight : true
12:38:17.801 [Test worker] DEBUG io.yggdrash.contract.yeed.YeedContract - Stake YEED 36498000000000000000000000
12:38:17.801 [Test worker] DEBUG io.yggdrash.contract.yeed.YeedContract - TransferYeed YEED 73000000000000000000000
12:38:17.801 [Test worker] DEBUG io.yggdrash.contract.yeed.YeedContract - PI Fee 100000000000000000
12:38:17.801 [Test worker] DEBUG io.yggdrash.contract.yeed.InterChainProcessTest - Remain YEED : 36425000100000000000000000
12:38:17.801 [Test worker] DEBUG io.yggdrash.contract.yeed.InterChainProcessTest - Send Eth 52
12:38:17.812 [Test worker] DEBUG io.yggdrash.contract.yeed.YeedContract - Ratio : 10000
12:38:17.812 [Test worker] DEBUG io.yggdrash.contract.yeed.YeedContract - transferYeed : 528000000000000000000000
12:38:17.812 [Test worker] DEBUG io.yggdrash.contract.yeed.YeedContract - Confirm Id : d33c17ad2d290a0cd364e1a69f45e507f63666d482d545c5b1280d4839a5c59d
12:38:17.812 [Test worker] DEBUG io.yggdrash.contract.yeed.YeedContract - ProposeId : 3d501aaef5eefc10550b12a341910cbfa16bfed94dbc9892fefb27a1e9ae902c (ProposeKey=pis-3d501aaef5eefc10550b12a341910cbfa16bfed94dbc9892fefb27a1e9ae902c) is PROCESSING
12:38:17.812 [Test worker] DEBUG io.yggdrash.contract.yeed.YeedContract - TxConfirm ProposeId :  3d501aaef5eefc10550b12a341910cbfa16bfed94dbc9892fefb27a1e9ae902c
12:38:17.812 [Test worker] DEBUG io.yggdrash.contract.yeed.YeedContract - TxConfirm Status : VALIDATE_REQUIRE
12:38:17.812 [Test worker] DEBUG io.yggdrash.contract.yeed.YeedContract - Propose require block height : 100000 
12:38:17.812 [Test worker] DEBUG io.yggdrash.contract.yeed.YeedContract - TxConfirm block height : 100010 
12:38:17.812 [Test worker] DEBUG io.yggdrash.contract.yeed.YeedContract - CheckBlockHeight : true
12:38:17.812 [Test worker] DEBUG io.yggdrash.contract.yeed.YeedContract - Stake YEED 36425000000000000000000000
12:38:17.812 [Test worker] DEBUG io.yggdrash.contract.yeed.YeedContract - TransferYeed YEED 528000000000000000000000
12:38:17.812 [Test worker] DEBUG io.yggdrash.contract.yeed.YeedContract - PI Fee 100000000000000000
12:38:17.812 [Test worker] DEBUG io.yggdrash.contract.yeed.InterChainProcessTest - Remain YEED : 35897000100000000000000000
12:38:17.813 [Test worker] DEBUG io.yggdrash.contract.yeed.InterChainProcessTest - Send Eth 65
12:38:17.819 [Test worker] DEBUG io.yggdrash.contract.yeed.YeedContract - Ratio : 10000
12:38:17.819 [Test worker] DEBUG io.yggdrash.contract.yeed.YeedContract - transferYeed : 659000000000000000000000
12:38:17.819 [Test worker] DEBUG io.yggdrash.contract.yeed.YeedContract - Confirm Id : d3fe66255258f73d08109956da8d9de9a7f738184de3a65eb6e904e802ad384f
12:38:17.819 [Test worker] DEBUG io.yggdrash.contract.yeed.YeedContract - ProposeId : 3d501aaef5eefc10550b12a341910cbfa16bfed94dbc9892fefb27a1e9ae902c (ProposeKey=pis-3d501aaef5eefc10550b12a341910cbfa16bfed94dbc9892fefb27a1e9ae902c) is PROCESSING
12:38:17.819 [Test worker] DEBUG io.yggdrash.contract.yeed.YeedContract - TxConfirm ProposeId :  3d501aaef5eefc10550b12a341910cbfa16bfed94dbc9892fefb27a1e9ae902c
12:38:17.819 [Test worker] DEBUG io.yggdrash.contract.yeed.YeedContract - TxConfirm Status : VALIDATE_REQUIRE
12:38:17.819 [Test worker] DEBUG io.yggdrash.contract.yeed.YeedContract - Propose require block height : 100000 
12:38:17.819 [Test worker] DEBUG io.yggdrash.contract.yeed.YeedContract - TxConfirm block height : 100010 
12:38:17.819 [Test worker] DEBUG io.yggdrash.contract.yeed.YeedContract - CheckBlockHeight : true
12:38:17.820 [Test worker] DEBUG io.yggdrash.contract.yeed.YeedContract - Stake YEED 35897000000000000000000000
12:38:17.820 [Test worker] DEBUG io.yggdrash.contract.yeed.YeedContract - TransferYeed YEED 659000000000000000000000
12:38:17.820 [Test worker] DEBUG io.yggdrash.contract.yeed.YeedContract - PI Fee 100000000000000000
12:38:17.820 [Test worker] DEBUG io.yggdrash.contract.yeed.InterChainProcessTest - Remain YEED : 35238000100000000000000000
12:38:17.820 [Test worker] DEBUG io.yggdrash.contract.yeed.InterChainProcessTest - Send Eth 3
12:38:17.827 [Test worker] DEBUG io.yggdrash.contract.yeed.YeedContract - Ratio : 10000
12:38:17.827 [Test worker] DEBUG io.yggdrash.contract.yeed.YeedContract - transferYeed : 34000000000000000000000
12:38:17.827 [Test worker] DEBUG io.yggdrash.contract.yeed.YeedContract - Confirm Id : 51f1de094639b22e836645d10ea3c2a7cae59de8b61197476853511d350e9230
12:38:17.827 [Test worker] DEBUG io.yggdrash.contract.yeed.YeedContract - ProposeId : 3d501aaef5eefc10550b12a341910cbfa16bfed94dbc9892fefb27a1e9ae902c (ProposeKey=pis-3d501aaef5eefc10550b12a341910cbfa16bfed94dbc9892fefb27a1e9ae902c) is PROCESSING
12:38:17.827 [Test worker] DEBUG io.yggdrash.contract.yeed.YeedContract - TxConfirm ProposeId :  3d501aaef5eefc10550b12a341910cbfa16bfed94dbc9892fefb27a1e9ae902c
12:38:17.827 [Test worker] DEBUG io.yggdrash.contract.yeed.YeedContract - TxConfirm Status : VALIDATE_REQUIRE
12:38:17.828 [Test worker] DEBUG io.yggdrash.contract.yeed.YeedContract - Propose require block height : 100000 
12:38:17.828 [Test worker] DEBUG io.yggdrash.contract.yeed.YeedContract - TxConfirm block height : 100010 
12:38:17.828 [Test worker] DEBUG io.yggdrash.contract.yeed.YeedContract - CheckBlockHeight : true
12:38:17.828 [Test worker] DEBUG io.yggdrash.contract.yeed.YeedContract - Stake YEED 35238000000000000000000000
12:38:17.828 [Test worker] DEBUG io.yggdrash.contract.yeed.YeedContract - TransferYeed YEED 34000000000000000000000
12:38:17.828 [Test worker] DEBUG io.yggdrash.contract.yeed.YeedContract - PI Fee 100000000000000000
12:38:17.828 [Test worker] DEBUG io.yggdrash.contract.yeed.InterChainProcessTest - Remain YEED : 35204000100000000000000000
12:38:17.828 [Test worker] DEBUG io.yggdrash.contract.yeed.InterChainProcessTest - Send Eth 94
12:38:17.835 [Test worker] DEBUG io.yggdrash.contract.yeed.YeedContract - Ratio : 10000
12:38:17.835 [Test worker] DEBUG io.yggdrash.contract.yeed.YeedContract - transferYeed : 943000000000000000000000
12:38:17.835 [Test worker] DEBUG io.yggdrash.contract.yeed.YeedContract - Confirm Id : d398e73cf967f6601fb2f7f031348ed133f9fa7bd89556d402a5d6abd6bb8b4c
12:38:17.835 [Test worker] DEBUG io.yggdrash.contract.yeed.YeedContract - ProposeId : 3d501aaef5eefc10550b12a341910cbfa16bfed94dbc9892fefb27a1e9ae902c (ProposeKey=pis-3d501aaef5eefc10550b12a341910cbfa16bfed94dbc9892fefb27a1e9ae902c) is PROCESSING
12:38:17.836 [Test worker] DEBUG io.yggdrash.contract.yeed.YeedContract - TxConfirm ProposeId :  3d501aaef5eefc10550b12a341910cbfa16bfed94dbc9892fefb27a1e9ae902c
12:38:17.836 [Test worker] DEBUG io.yggdrash.contract.yeed.YeedContract - TxConfirm Status : VALIDATE_REQUIRE
12:38:17.836 [Test worker] DEBUG io.yggdrash.contract.yeed.YeedContract - Propose require block height : 100000 
12:38:17.836 [Test worker] DEBUG io.yggdrash.contract.yeed.YeedContract - TxConfirm block height : 100010 
12:38:17.836 [Test worker] DEBUG io.yggdrash.contract.yeed.YeedContract - CheckBlockHeight : true
12:38:17.836 [Test worker] DEBUG io.yggdrash.contract.yeed.YeedContract - Stake YEED 35204000000000000000000000
12:38:17.836 [Test worker] DEBUG io.yggdrash.contract.yeed.YeedContract - TransferYeed YEED 943000000000000000000000
12:38:17.836 [Test worker] DEBUG io.yggdrash.contract.yeed.YeedContract - PI Fee 100000000000000000
12:38:17.836 [Test worker] DEBUG io.yggdrash.contract.yeed.InterChainProcessTest - Remain YEED : 34261000100000000000000000
12:38:17.836 [Test worker] DEBUG io.yggdrash.contract.yeed.InterChainProcessTest - Send Eth 68
12:38:17.842 [Test worker] DEBUG io.yggdrash.contract.yeed.YeedContract - Ratio : 10000
12:38:17.842 [Test worker] DEBUG io.yggdrash.contract.yeed.YeedContract - transferYeed : 685000000000000000000000
12:38:17.842 [Test worker] DEBUG io.yggdrash.contract.yeed.YeedContract - Confirm Id : 1ea25dcca4cedb806c7c93946a61c187bac8094a99982987d431754040297ae9
12:38:17.842 [Test worker] DEBUG io.yggdrash.contract.yeed.YeedContract - ProposeId : 3d501aaef5eefc10550b12a341910cbfa16bfed94dbc9892fefb27a1e9ae902c (ProposeKey=pis-3d501aaef5eefc10550b12a341910cbfa16bfed94dbc9892fefb27a1e9ae902c) is PROCESSING
12:38:17.842 [Test worker] DEBUG io.yggdrash.contract.yeed.YeedContract - TxConfirm ProposeId :  3d501aaef5eefc10550b12a341910cbfa16bfed94dbc9892fefb27a1e9ae902c
12:38:17.842 [Test worker] DEBUG io.yggdrash.contract.yeed.YeedContract - TxConfirm Status : VALIDATE_REQUIRE
12:38:17.842 [Test worker] DEBUG io.yggdrash.contract.yeed.YeedContract - Propose require block height : 100000 
12:38:17.842 [Test worker] DEBUG io.yggdrash.contract.yeed.YeedContract - TxConfirm block height : 100010 
12:38:17.842 [Test worker] DEBUG io.yggdrash.contract.yeed.YeedContract - CheckBlockHeight : true
12:38:17.842 [Test worker] DEBUG io.yggdrash.contract.yeed.YeedContract - Stake YEED 34261000000000000000000000
12:38:17.842 [Test worker] DEBUG io.yggdrash.contract.yeed.YeedContract - TransferYeed YEED 685000000000000000000000
12:38:17.842 [Test worker] DEBUG io.yggdrash.contract.yeed.YeedContract - PI Fee 100000000000000000
12:38:17.842 [Test worker] DEBUG io.yggdrash.contract.yeed.InterChainProcessTest - Remain YEED : 33576000100000000000000000
12:38:17.842 [Test worker] DEBUG io.yggdrash.contract.yeed.InterChainProcessTest - Send Eth 47
12:38:17.848 [Test worker] DEBUG io.yggdrash.contract.yeed.YeedContract - Ratio : 10000
12:38:17.848 [Test worker] DEBUG io.yggdrash.contract.yeed.YeedContract - transferYeed : 470000000000000000000000
12:38:17.848 [Test worker] DEBUG io.yggdrash.contract.yeed.YeedContract - Confirm Id : 6cf1c024891841a79b7d4b0fdb9130a93226a59dfff3ecaab2e3ec4c3b5ac459
12:38:17.848 [Test worker] DEBUG io.yggdrash.contract.yeed.YeedContract - ProposeId : 3d501aaef5eefc10550b12a341910cbfa16bfed94dbc9892fefb27a1e9ae902c (ProposeKey=pis-3d501aaef5eefc10550b12a341910cbfa16bfed94dbc9892fefb27a1e9ae902c) is PROCESSING
12:38:17.848 [Test worker] DEBUG io.yggdrash.contract.yeed.YeedContract - TxConfirm ProposeId :  3d501aaef5eefc10550b12a341910cbfa16bfed94dbc9892fefb27a1e9ae902c
12:38:17.848 [Test worker] DEBUG io.yggdrash.contract.yeed.YeedContract - TxConfirm Status : VALIDATE_REQUIRE
12:38:17.848 [Test worker] DEBUG io.yggdrash.contract.yeed.YeedContract - Propose require block height : 100000 
12:38:17.848 [Test worker] DEBUG io.yggdrash.contract.yeed.YeedContract - TxConfirm block height : 100010 
12:38:17.848 [Test worker] DEBUG io.yggdrash.contract.yeed.YeedContract - CheckBlockHeight : true
12:38:17.848 [Test worker] DEBUG io.yggdrash.contract.yeed.YeedContract - Stake YEED 33576000000000000000000000
12:38:17.848 [Test worker] DEBUG io.yggdrash.contract.yeed.YeedContract - TransferYeed YEED 470000000000000000000000
12:38:17.848 [Test worker] DEBUG io.yggdrash.contract.yeed.YeedContract - PI Fee 100000000000000000
12:38:17.849 [Test worker] DEBUG io.yggdrash.contract.yeed.InterChainProcessTest - Remain YEED : 33106000100000000000000000
12:38:17.849 [Test worker] DEBUG io.yggdrash.contract.yeed.InterChainProcessTest - Send Eth 28
12:38:17.853 [Test worker] DEBUG io.yggdrash.contract.yeed.YeedContract - Ratio : 10000
12:38:17.853 [Test worker] DEBUG io.yggdrash.contract.yeed.YeedContract - transferYeed : 285000000000000000000000
12:38:17.854 [Test worker] DEBUG io.yggdrash.contract.yeed.YeedContract - Confirm Id : 2b12dfa38644d058680866c315df8a3ac38d8a5d5d610a53502cf76b41365f0f
12:38:17.854 [Test worker] DEBUG io.yggdrash.contract.yeed.YeedContract - ProposeId : 3d501aaef5eefc10550b12a341910cbfa16bfed94dbc9892fefb27a1e9ae902c (ProposeKey=pis-3d501aaef5eefc10550b12a341910cbfa16bfed94dbc9892fefb27a1e9ae902c) is PROCESSING
12:38:17.854 [Test worker] DEBUG io.yggdrash.contract.yeed.YeedContract - TxConfirm ProposeId :  3d501aaef5eefc10550b12a341910cbfa16bfed94dbc9892fefb27a1e9ae902c
12:38:17.854 [Test worker] DEBUG io.yggdrash.contract.yeed.YeedContract - TxConfirm Status : VALIDATE_REQUIRE
12:38:17.854 [Test worker] DEBUG io.yggdrash.contract.yeed.YeedContract - Propose require block height : 100000 
12:38:17.854 [Test worker] DEBUG io.yggdrash.contract.yeed.YeedContract - TxConfirm block height : 100010 
12:38:17.854 [Test worker] DEBUG io.yggdrash.contract.yeed.YeedContract - CheckBlockHeight : true
12:38:17.854 [Test worker] DEBUG io.yggdrash.contract.yeed.YeedContract - Stake YEED 33106000000000000000000000
12:38:17.854 [Test worker] DEBUG io.yggdrash.contract.yeed.YeedContract - TransferYeed YEED 285000000000000000000000
12:38:17.854 [Test worker] DEBUG io.yggdrash.contract.yeed.YeedContract - PI Fee 100000000000000000
12:38:17.854 [Test worker] DEBUG io.yggdrash.contract.yeed.InterChainProcessTest - Remain YEED : 32821000100000000000000000
12:38:17.854 [Test worker] DEBUG io.yggdrash.contract.yeed.InterChainProcessTest - Send Eth 43
12:38:17.858 [Test worker] DEBUG io.yggdrash.contract.yeed.YeedContract - Ratio : 10000
12:38:17.858 [Test worker] DEBUG io.yggdrash.contract.yeed.YeedContract - transferYeed : 437000000000000000000000
12:38:17.858 [Test worker] DEBUG io.yggdrash.contract.yeed.YeedContract - Confirm Id : 0319ebd94c34144ea19775bc9821254114552b0cc2aaf81d51f0f934ca4edb0d
12:38:17.858 [Test worker] DEBUG io.yggdrash.contract.yeed.YeedContract - ProposeId : 3d501aaef5eefc10550b12a341910cbfa16bfed94dbc9892fefb27a1e9ae902c (ProposeKey=pis-3d501aaef5eefc10550b12a341910cbfa16bfed94dbc9892fefb27a1e9ae902c) is PROCESSING
12:38:17.858 [Test worker] DEBUG io.yggdrash.contract.yeed.YeedContract - TxConfirm ProposeId :  3d501aaef5eefc10550b12a341910cbfa16bfed94dbc9892fefb27a1e9ae902c
12:38:17.858 [Test worker] DEBUG io.yggdrash.contract.yeed.YeedContract - TxConfirm Status : VALIDATE_REQUIRE
12:38:17.858 [Test worker] DEBUG io.yggdrash.contract.yeed.YeedContract - Propose require block height : 100000 
12:38:17.858 [Test worker] DEBUG io.yggdrash.contract.yeed.YeedContract - TxConfirm block height : 100010 
12:38:17.858 [Test worker] DEBUG io.yggdrash.contract.yeed.YeedContract - CheckBlockHeight : true
12:38:17.858 [Test worker] DEBUG io.yggdrash.contract.yeed.YeedContract - Stake YEED 32821000000000000000000000
12:38:17.858 [Test worker] DEBUG io.yggdrash.contract.yeed.YeedContract - TransferYeed YEED 437000000000000000000000
12:38:17.858 [Test worker] DEBUG io.yggdrash.contract.yeed.YeedContract - PI Fee 100000000000000000
12:38:17.858 [Test worker] DEBUG io.yggdrash.contract.yeed.InterChainProcessTest - Remain YEED : 32384000100000000000000000
12:38:17.858 [Test worker] DEBUG io.yggdrash.contract.yeed.InterChainProcessTest - Send Eth 98
12:38:17.864 [Test worker] DEBUG io.yggdrash.contract.yeed.YeedContract - Ratio : 10000
12:38:17.864 [Test worker] DEBUG io.yggdrash.contract.yeed.YeedContract - transferYeed : 984000000000000000000000
12:38:17.864 [Test worker] DEBUG io.yggdrash.contract.yeed.YeedContract - Confirm Id : c9c49c908fa71ae845622e8c0b22432e0e58b6a26afeb738d0b0537ddf3e7a73
12:38:17.864 [Test worker] DEBUG io.yggdrash.contract.yeed.YeedContract - ProposeId : 3d501aaef5eefc10550b12a341910cbfa16bfed94dbc9892fefb27a1e9ae902c (ProposeKey=pis-3d501aaef5eefc10550b12a341910cbfa16bfed94dbc9892fefb27a1e9ae902c) is PROCESSING
12:38:17.864 [Test worker] DEBUG io.yggdrash.contract.yeed.YeedContract - TxConfirm ProposeId :  3d501aaef5eefc10550b12a341910cbfa16bfed94dbc9892fefb27a1e9ae902c
12:38:17.864 [Test worker] DEBUG io.yggdrash.contract.yeed.YeedContract - TxConfirm Status : VALIDATE_REQUIRE
12:38:17.864 [Test worker] DEBUG io.yggdrash.contract.yeed.YeedContract - Propose require block height : 100000 
12:38:17.864 [Test worker] DEBUG io.yggdrash.contract.yeed.YeedContract - TxConfirm block height : 100010 
12:38:17.864 [Test worker] DEBUG io.yggdrash.contract.yeed.YeedContract - CheckBlockHeight : true
12:38:17.865 [Test worker] DEBUG io.yggdrash.contract.yeed.YeedContract - Stake YEED 32384000000000000000000000
12:38:17.865 [Test worker] DEBUG io.yggdrash.contract.yeed.YeedContract - TransferYeed YEED 984000000000000000000000
12:38:17.865 [Test worker] DEBUG io.yggdrash.contract.yeed.YeedContract - PI Fee 100000000000000000
12:38:17.865 [Test worker] DEBUG io.yggdrash.contract.yeed.InterChainProcessTest - Remain YEED : 31400000100000000000000000
12:38:17.865 [Test worker] DEBUG io.yggdrash.contract.yeed.InterChainProcessTest - Send Eth 86
12:38:17.873 [Test worker] DEBUG io.yggdrash.contract.yeed.YeedContract - Ratio : 10000
12:38:17.873 [Test worker] DEBUG io.yggdrash.contract.yeed.YeedContract - transferYeed : 869000000000000000000000
12:38:17.873 [Test worker] DEBUG io.yggdrash.contract.yeed.YeedContract - Confirm Id : a082c2ecf1df5571cdc3761eedf59f068d984f79dd47c66590fe7b2e551841a6
12:38:17.873 [Test worker] DEBUG io.yggdrash.contract.yeed.YeedContract - ProposeId : 3d501aaef5eefc10550b12a341910cbfa16bfed94dbc9892fefb27a1e9ae902c (ProposeKey=pis-3d501aaef5eefc10550b12a341910cbfa16bfed94dbc9892fefb27a1e9ae902c) is PROCESSING
12:38:17.873 [Test worker] DEBUG io.yggdrash.contract.yeed.YeedContract - TxConfirm ProposeId :  3d501aaef5eefc10550b12a341910cbfa16bfed94dbc9892fefb27a1e9ae902c
12:38:17.873 [Test worker] DEBUG io.yggdrash.contract.yeed.YeedContract - TxConfirm Status : VALIDATE_REQUIRE
12:38:17.873 [Test worker] DEBUG io.yggdrash.contract.yeed.YeedContract - Propose require block height : 100000 
12:38:17.873 [Test worker] DEBUG io.yggdrash.contract.yeed.YeedContract - TxConfirm block height : 100010 
12:38:17.873 [Test worker] DEBUG io.yggdrash.contract.yeed.YeedContract - CheckBlockHeight : true
12:38:17.873 [Test worker] DEBUG io.yggdrash.contract.yeed.YeedContract - Stake YEED 31400000000000000000000000
12:38:17.873 [Test worker] DEBUG io.yggdrash.contract.yeed.YeedContract - TransferYeed YEED 869000000000000000000000
12:38:17.873 [Test worker] DEBUG io.yggdrash.contract.yeed.YeedContract - PI Fee 100000000000000000
12:38:17.873 [Test worker] DEBUG io.yggdrash.contract.yeed.InterChainProcessTest - Remain YEED : 30531000100000000000000000
12:38:17.873 [Test worker] DEBUG io.yggdrash.contract.yeed.InterChainProcessTest - Send Eth 57
12:38:17.878 [Test worker] DEBUG io.yggdrash.contract.yeed.YeedContract - Ratio : 10000
12:38:17.878 [Test worker] DEBUG io.yggdrash.contract.yeed.YeedContract - transferYeed : 574000000000000000000000
12:38:17.878 [Test worker] DEBUG io.yggdrash.contract.yeed.YeedContract - Confirm Id : 26eb0d5d7e29506d5ecc271e5ade6cf548cbba5016526c467648624496c0382a
12:38:17.878 [Test worker] DEBUG io.yggdrash.contract.yeed.YeedContract - ProposeId : 3d501aaef5eefc10550b12a341910cbfa16bfed94dbc9892fefb27a1e9ae902c (ProposeKey=pis-3d501aaef5eefc10550b12a341910cbfa16bfed94dbc9892fefb27a1e9ae902c) is PROCESSING
12:38:17.878 [Test worker] DEBUG io.yggdrash.contract.yeed.YeedContract - TxConfirm ProposeId :  3d501aaef5eefc10550b12a341910cbfa16bfed94dbc9892fefb27a1e9ae902c
12:38:17.878 [Test worker] DEBUG io.yggdrash.contract.yeed.YeedContract - TxConfirm Status : VALIDATE_REQUIRE
12:38:17.878 [Test worker] DEBUG io.yggdrash.contract.yeed.YeedContract - Propose require block height : 100000 
12:38:17.878 [Test worker] DEBUG io.yggdrash.contract.yeed.YeedContract - TxConfirm block height : 100010 
12:38:17.878 [Test worker] DEBUG io.yggdrash.contract.yeed.YeedContract - CheckBlockHeight : true
12:38:17.878 [Test worker] DEBUG io.yggdrash.contract.yeed.YeedContract - Stake YEED 30531000000000000000000000
12:38:17.878 [Test worker] DEBUG io.yggdrash.contract.yeed.YeedContract - TransferYeed YEED 574000000000000000000000
12:38:17.878 [Test worker] DEBUG io.yggdrash.contract.yeed.YeedContract - PI Fee 100000000000000000
12:38:17.878 [Test worker] DEBUG io.yggdrash.contract.yeed.InterChainProcessTest - Remain YEED : 29957000100000000000000000
12:38:17.878 [Test worker] DEBUG io.yggdrash.contract.yeed.InterChainProcessTest - Send Eth 30
12:38:17.884 [Test worker] DEBUG io.yggdrash.contract.yeed.YeedContract - Ratio : 10000
12:38:17.884 [Test worker] DEBUG io.yggdrash.contract.yeed.YeedContract - transferYeed : 302000000000000000000000
12:38:17.884 [Test worker] DEBUG io.yggdrash.contract.yeed.YeedContract - Confirm Id : 8145c085016c6aae255649464a6e05d778ee408f225938cd87a0bfa7ed3bc0cd
12:38:17.884 [Test worker] DEBUG io.yggdrash.contract.yeed.YeedContract - ProposeId : 3d501aaef5eefc10550b12a341910cbfa16bfed94dbc9892fefb27a1e9ae902c (ProposeKey=pis-3d501aaef5eefc10550b12a341910cbfa16bfed94dbc9892fefb27a1e9ae902c) is PROCESSING
12:38:17.885 [Test worker] DEBUG io.yggdrash.contract.yeed.YeedContract - TxConfirm ProposeId :  3d501aaef5eefc10550b12a341910cbfa16bfed94dbc9892fefb27a1e9ae902c
12:38:17.885 [Test worker] DEBUG io.yggdrash.contract.yeed.YeedContract - TxConfirm Status : VALIDATE_REQUIRE
12:38:17.885 [Test worker] DEBUG io.yggdrash.contract.yeed.YeedContract - Propose require block height : 100000 
12:38:17.885 [Test worker] DEBUG io.yggdrash.contract.yeed.YeedContract - TxConfirm block height : 100010 
12:38:17.885 [Test worker] DEBUG io.yggdrash.contract.yeed.YeedContract - CheckBlockHeight : true
12:38:17.885 [Test worker] DEBUG io.yggdrash.contract.yeed.YeedContract - Stake YEED 29957000000000000000000000
12:38:17.885 [Test worker] DEBUG io.yggdrash.contract.yeed.YeedContract - TransferYeed YEED 302000000000000000000000
12:38:17.885 [Test worker] DEBUG io.yggdrash.contract.yeed.YeedContract - PI Fee 100000000000000000
12:38:17.885 [Test worker] DEBUG io.yggdrash.contract.yeed.InterChainProcessTest - Remain YEED : 29655000100000000000000000
12:38:17.886 [Test worker] DEBUG io.yggdrash.contract.yeed.InterChainProcessTest - Send Eth 44
12:38:17.889 [Test worker] DEBUG io.yggdrash.contract.yeed.YeedContract - Ratio : 10000
12:38:17.889 [Test worker] DEBUG io.yggdrash.contract.yeed.YeedContract - transferYeed : 447000000000000000000000
12:38:17.889 [Test worker] DEBUG io.yggdrash.contract.yeed.YeedContract - Confirm Id : 751d11ac7d18b5346f64045d79a70b6bd5a715466222b3f50cb43b958d23951b
12:38:17.889 [Test worker] DEBUG io.yggdrash.contract.yeed.YeedContract - ProposeId : 3d501aaef5eefc10550b12a341910cbfa16bfed94dbc9892fefb27a1e9ae902c (ProposeKey=pis-3d501aaef5eefc10550b12a341910cbfa16bfed94dbc9892fefb27a1e9ae902c) is PROCESSING
12:38:17.890 [Test worker] DEBUG io.yggdrash.contract.yeed.YeedContract - TxConfirm ProposeId :  3d501aaef5eefc10550b12a341910cbfa16bfed94dbc9892fefb27a1e9ae902c
12:38:17.890 [Test worker] DEBUG io.yggdrash.contract.yeed.YeedContract - TxConfirm Status : VALIDATE_REQUIRE
12:38:17.890 [Test worker] DEBUG io.yggdrash.contract.yeed.YeedContract - Propose require block height : 100000 
12:38:17.890 [Test worker] DEBUG io.yggdrash.contract.yeed.YeedContract - TxConfirm block height : 100010 
12:38:17.890 [Test worker] DEBUG io.yggdrash.contract.yeed.YeedContract - CheckBlockHeight : true
12:38:17.890 [Test worker] DEBUG io.yggdrash.contract.yeed.YeedContract - Stake YEED 29655000000000000000000000
12:38:17.890 [Test worker] DEBUG io.yggdrash.contract.yeed.YeedContract - TransferYeed YEED 447000000000000000000000
12:38:17.890 [Test worker] DEBUG io.yggdrash.contract.yeed.YeedContract - PI Fee 100000000000000000
12:38:17.890 [Test worker] DEBUG io.yggdrash.contract.yeed.InterChainProcessTest - Remain YEED : 29208000100000000000000000
12:38:17.890 [Test worker] DEBUG io.yggdrash.contract.yeed.InterChainProcessTest - Send Eth 23
12:38:17.895 [Test worker] DEBUG io.yggdrash.contract.yeed.YeedContract - Ratio : 10000
12:38:17.895 [Test worker] DEBUG io.yggdrash.contract.yeed.YeedContract - transferYeed : 232000000000000000000000
12:38:17.896 [Test worker] DEBUG io.yggdrash.contract.yeed.YeedContract - Confirm Id : 0d0fa06635f04b28d89f2a7dfeb3880d7875bf4575824b5d735c479e2cbd6ad9
12:38:17.896 [Test worker] DEBUG io.yggdrash.contract.yeed.YeedContract - ProposeId : 3d501aaef5eefc10550b12a341910cbfa16bfed94dbc9892fefb27a1e9ae902c (ProposeKey=pis-3d501aaef5eefc10550b12a341910cbfa16bfed94dbc9892fefb27a1e9ae902c) is PROCESSING
12:38:17.896 [Test worker] DEBUG io.yggdrash.contract.yeed.YeedContract - TxConfirm ProposeId :  3d501aaef5eefc10550b12a341910cbfa16bfed94dbc9892fefb27a1e9ae902c
12:38:17.896 [Test worker] DEBUG io.yggdrash.contract.yeed.YeedContract - TxConfirm Status : VALIDATE_REQUIRE
12:38:17.896 [Test worker] DEBUG io.yggdrash.contract.yeed.YeedContract - Propose require block height : 100000 
12:38:17.896 [Test worker] DEBUG io.yggdrash.contract.yeed.YeedContract - TxConfirm block height : 100010 
12:38:17.896 [Test worker] DEBUG io.yggdrash.contract.yeed.YeedContract - CheckBlockHeight : true
12:38:17.896 [Test worker] DEBUG io.yggdrash.contract.yeed.YeedContract - Stake YEED 29208000000000000000000000
12:38:17.896 [Test worker] DEBUG io.yggdrash.contract.yeed.YeedContract - TransferYeed YEED 232000000000000000000000
12:38:17.896 [Test worker] DEBUG io.yggdrash.contract.yeed.YeedContract - PI Fee 100000000000000000
12:38:17.896 [Test worker] DEBUG io.yggdrash.contract.yeed.InterChainProcessTest - Remain YEED : 28976000100000000000000000
12:38:17.896 [Test worker] DEBUG io.yggdrash.contract.yeed.InterChainProcessTest - Send Eth 19
12:38:17.904 [Test worker] DEBUG io.yggdrash.contract.yeed.YeedContract - Ratio : 10000
12:38:17.904 [Test worker] DEBUG io.yggdrash.contract.yeed.YeedContract - transferYeed : 190000000000000000000000
12:38:17.904 [Test worker] DEBUG io.yggdrash.contract.yeed.YeedContract - Confirm Id : 7eb4faa8a95d005873246e32872e5eb16ef71942e7416cba31aea95d66772a3d
12:38:17.904 [Test worker] DEBUG io.yggdrash.contract.yeed.YeedContract - ProposeId : 3d501aaef5eefc10550b12a341910cbfa16bfed94dbc9892fefb27a1e9ae902c (ProposeKey=pis-3d501aaef5eefc10550b12a341910cbfa16bfed94dbc9892fefb27a1e9ae902c) is PROCESSING
12:38:17.904 [Test worker] DEBUG io.yggdrash.contract.yeed.YeedContract - TxConfirm ProposeId :  3d501aaef5eefc10550b12a341910cbfa16bfed94dbc9892fefb27a1e9ae902c
12:38:17.904 [Test worker] DEBUG io.yggdrash.contract.yeed.YeedContract - TxConfirm Status : VALIDATE_REQUIRE
12:38:17.904 [Test worker] DEBUG io.yggdrash.contract.yeed.YeedContract - Propose require block height : 100000 
12:38:17.904 [Test worker] DEBUG io.yggdrash.contract.yeed.YeedContract - TxConfirm block height : 100010 
12:38:17.904 [Test worker] DEBUG io.yggdrash.contract.yeed.YeedContract - CheckBlockHeight : true
12:38:17.904 [Test worker] DEBUG io.yggdrash.contract.yeed.YeedContract - Stake YEED 28976000000000000000000000
12:38:17.904 [Test worker] DEBUG io.yggdrash.contract.yeed.YeedContract - TransferYeed YEED 190000000000000000000000
12:38:17.904 [Test worker] DEBUG io.yggdrash.contract.yeed.YeedContract - PI Fee 100000000000000000
12:38:17.904 [Test worker] DEBUG io.yggdrash.contract.yeed.InterChainProcessTest - Remain YEED : 28786000100000000000000000
12:38:17.904 [Test worker] DEBUG io.yggdrash.contract.yeed.InterChainProcessTest - Send Eth 84
12:38:17.908 [Test worker] DEBUG io.yggdrash.contract.yeed.YeedContract - Ratio : 10000
12:38:17.908 [Test worker] DEBUG io.yggdrash.contract.yeed.YeedContract - transferYeed : 840000000000000000000000
12:38:17.908 [Test worker] DEBUG io.yggdrash.contract.yeed.YeedContract - Confirm Id : d927713b7d2083f8e437a1ab35397b562888d705f609a00961616ff3a1fe7c15
12:38:17.909 [Test worker] DEBUG io.yggdrash.contract.yeed.YeedContract - ProposeId : 3d501aaef5eefc10550b12a341910cbfa16bfed94dbc9892fefb27a1e9ae902c (ProposeKey=pis-3d501aaef5eefc10550b12a341910cbfa16bfed94dbc9892fefb27a1e9ae902c) is PROCESSING
12:38:17.910 [Test worker] DEBUG io.yggdrash.contract.yeed.YeedContract - TxConfirm ProposeId :  3d501aaef5eefc10550b12a341910cbfa16bfed94dbc9892fefb27a1e9ae902c
12:38:17.910 [Test worker] DEBUG io.yggdrash.contract.yeed.YeedContract - TxConfirm Status : VALIDATE_REQUIRE
12:38:17.910 [Test worker] DEBUG io.yggdrash.contract.yeed.YeedContract - Propose require block height : 100000 
12:38:17.911 [Test worker] DEBUG io.yggdrash.contract.yeed.YeedContract - TxConfirm block height : 100010 
12:38:17.911 [Test worker] DEBUG io.yggdrash.contract.yeed.YeedContract - CheckBlockHeight : true
12:38:17.912 [Test worker] DEBUG io.yggdrash.contract.yeed.YeedContract - Stake YEED 28786000000000000000000000
12:38:17.912 [Test worker] DEBUG io.yggdrash.contract.yeed.YeedContract - TransferYeed YEED 840000000000000000000000
12:38:17.912 [Test worker] DEBUG io.yggdrash.contract.yeed.YeedContract - PI Fee 100000000000000000
12:38:17.912 [Test worker] DEBUG io.yggdrash.contract.yeed.InterChainProcessTest - Remain YEED : 27946000100000000000000000
12:38:17.912 [Test worker] DEBUG io.yggdrash.contract.yeed.InterChainProcessTest - Send Eth 25
12:38:17.925 [Test worker] DEBUG io.yggdrash.contract.yeed.YeedContract - Ratio : 10000
12:38:17.925 [Test worker] DEBUG io.yggdrash.contract.yeed.YeedContract - transferYeed : 258000000000000000000000
12:38:17.925 [Test worker] DEBUG io.yggdrash.contract.yeed.YeedContract - Confirm Id : 9814b62e47dac2507ca2491386911ec62b8e42f1ef2c1eafa8403118f9738683
12:38:17.925 [Test worker] DEBUG io.yggdrash.contract.yeed.YeedContract - ProposeId : 3d501aaef5eefc10550b12a341910cbfa16bfed94dbc9892fefb27a1e9ae902c (ProposeKey=pis-3d501aaef5eefc10550b12a341910cbfa16bfed94dbc9892fefb27a1e9ae902c) is PROCESSING
12:38:17.925 [Test worker] DEBUG io.yggdrash.contract.yeed.YeedContract - TxConfirm ProposeId :  3d501aaef5eefc10550b12a341910cbfa16bfed94dbc9892fefb27a1e9ae902c
12:38:17.925 [Test worker] DEBUG io.yggdrash.contract.yeed.YeedContract - TxConfirm Status : VALIDATE_REQUIRE
12:38:17.925 [Test worker] DEBUG io.yggdrash.contract.yeed.YeedContract - Propose require block height : 100000 
12:38:17.925 [Test worker] DEBUG io.yggdrash.contract.yeed.YeedContract - TxConfirm block height : 100010 
12:38:17.925 [Test worker] DEBUG io.yggdrash.contract.yeed.YeedContract - CheckBlockHeight : true
12:38:17.925 [Test worker] DEBUG io.yggdrash.contract.yeed.YeedContract - Stake YEED 27946000000000000000000000
12:38:17.925 [Test worker] DEBUG io.yggdrash.contract.yeed.YeedContract - TransferYeed YEED 258000000000000000000000
12:38:17.925 [Test worker] DEBUG io.yggdrash.contract.yeed.YeedContract - PI Fee 100000000000000000
12:38:17.925 [Test worker] DEBUG io.yggdrash.contract.yeed.InterChainProcessTest - Remain YEED : 27688000100000000000000000
12:38:17.925 [Test worker] DEBUG io.yggdrash.contract.yeed.InterChainProcessTest - Send Eth 78
12:38:17.934 [Test worker] DEBUG io.yggdrash.contract.yeed.YeedContract - Ratio : 10000
12:38:17.934 [Test worker] DEBUG io.yggdrash.contract.yeed.YeedContract - transferYeed : 789000000000000000000000
12:38:17.934 [Test worker] DEBUG io.yggdrash.contract.yeed.YeedContract - Confirm Id : d81044b55475f87ca96c5c85ef9151cc65df0c4012c5a58c0f9601646dac7a42
12:38:17.934 [Test worker] DEBUG io.yggdrash.contract.yeed.YeedContract - ProposeId : 3d501aaef5eefc10550b12a341910cbfa16bfed94dbc9892fefb27a1e9ae902c (ProposeKey=pis-3d501aaef5eefc10550b12a341910cbfa16bfed94dbc9892fefb27a1e9ae902c) is PROCESSING
12:38:17.934 [Test worker] DEBUG io.yggdrash.contract.yeed.YeedContract - TxConfirm ProposeId :  3d501aaef5eefc10550b12a341910cbfa16bfed94dbc9892fefb27a1e9ae902c
12:38:17.934 [Test worker] DEBUG io.yggdrash.contract.yeed.YeedContract - TxConfirm Status : VALIDATE_REQUIRE
12:38:17.934 [Test worker] DEBUG io.yggdrash.contract.yeed.YeedContract - Propose require block height : 100000 
12:38:17.934 [Test worker] DEBUG io.yggdrash.contract.yeed.YeedContract - TxConfirm block height : 100010 
12:38:17.934 [Test worker] DEBUG io.yggdrash.contract.yeed.YeedContract - CheckBlockHeight : true
12:38:17.934 [Test worker] DEBUG io.yggdrash.contract.yeed.YeedContract - Stake YEED 27688000000000000000000000
12:38:17.934 [Test worker] DEBUG io.yggdrash.contract.yeed.YeedContract - TransferYeed YEED 789000000000000000000000
12:38:17.934 [Test worker] DEBUG io.yggdrash.contract.yeed.YeedContract - PI Fee 100000000000000000
12:38:17.934 [Test worker] DEBUG io.yggdrash.contract.yeed.InterChainProcessTest - Remain YEED : 26899000100000000000000000
12:38:17.934 [Test worker] DEBUG io.yggdrash.contract.yeed.InterChainProcessTest - Send Eth 33
12:38:17.939 [Test worker] DEBUG io.yggdrash.contract.yeed.YeedContract - Ratio : 10000
12:38:17.939 [Test worker] DEBUG io.yggdrash.contract.yeed.YeedContract - transferYeed : 330000000000000000000000
12:38:17.939 [Test worker] DEBUG io.yggdrash.contract.yeed.YeedContract - Confirm Id : 2da44004b39e38e085806f27eb6afb17d291e97cb03ec20fe4ea2b4fcaf4dbf0
12:38:17.939 [Test worker] DEBUG io.yggdrash.contract.yeed.YeedContract - ProposeId : 3d501aaef5eefc10550b12a341910cbfa16bfed94dbc9892fefb27a1e9ae902c (ProposeKey=pis-3d501aaef5eefc10550b12a341910cbfa16bfed94dbc9892fefb27a1e9ae902c) is PROCESSING
12:38:17.939 [Test worker] DEBUG io.yggdrash.contract.yeed.YeedContract - TxConfirm ProposeId :  3d501aaef5eefc10550b12a341910cbfa16bfed94dbc9892fefb27a1e9ae902c
12:38:17.939 [Test worker] DEBUG io.yggdrash.contract.yeed.YeedContract - TxConfirm Status : VALIDATE_REQUIRE
12:38:17.939 [Test worker] DEBUG io.yggdrash.contract.yeed.YeedContract - Propose require block height : 100000 
12:38:17.939 [Test worker] DEBUG io.yggdrash.contract.yeed.YeedContract - TxConfirm block height : 100010 
12:38:17.939 [Test worker] DEBUG io.yggdrash.contract.yeed.YeedContract - CheckBlockHeight : true
12:38:17.939 [Test worker] DEBUG io.yggdrash.contract.yeed.YeedContract - Stake YEED 26899000000000000000000000
12:38:17.939 [Test worker] DEBUG io.yggdrash.contract.yeed.YeedContract - TransferYeed YEED 330000000000000000000000
12:38:17.939 [Test worker] DEBUG io.yggdrash.contract.yeed.YeedContract - PI Fee 100000000000000000
12:38:17.939 [Test worker] DEBUG io.yggdrash.contract.yeed.InterChainProcessTest - Remain YEED : 26569000100000000000000000
12:38:17.939 [Test worker] DEBUG io.yggdrash.contract.yeed.InterChainProcessTest - Send Eth 68
12:38:17.947 [Test worker] DEBUG io.yggdrash.contract.yeed.YeedContract - Ratio : 10000
12:38:17.947 [Test worker] DEBUG io.yggdrash.contract.yeed.YeedContract - transferYeed : 682000000000000000000000
12:38:17.947 [Test worker] DEBUG io.yggdrash.contract.yeed.YeedContract - Confirm Id : 20641c98fdb8b481537a58f4e279b95c8e18b40036f7bd9c8f697558b3bd8e95
12:38:17.947 [Test worker] DEBUG io.yggdrash.contract.yeed.YeedContract - ProposeId : 3d501aaef5eefc10550b12a341910cbfa16bfed94dbc9892fefb27a1e9ae902c (ProposeKey=pis-3d501aaef5eefc10550b12a341910cbfa16bfed94dbc9892fefb27a1e9ae902c) is PROCESSING
12:38:17.947 [Test worker] DEBUG io.yggdrash.contract.yeed.YeedContract - TxConfirm ProposeId :  3d501aaef5eefc10550b12a341910cbfa16bfed94dbc9892fefb27a1e9ae902c
12:38:17.947 [Test worker] DEBUG io.yggdrash.contract.yeed.YeedContract - TxConfirm Status : VALIDATE_REQUIRE
12:38:17.947 [Test worker] DEBUG io.yggdrash.contract.yeed.YeedContract - Propose require block height : 100000 
12:38:17.947 [Test worker] DEBUG io.yggdrash.contract.yeed.YeedContract - TxConfirm block height : 100010 
12:38:17.947 [Test worker] DEBUG io.yggdrash.contract.yeed.YeedContract - CheckBlockHeight : true
12:38:17.947 [Test worker] DEBUG io.yggdrash.contract.yeed.YeedContract - Stake YEED 26569000000000000000000000
12:38:17.947 [Test worker] DEBUG io.yggdrash.contract.yeed.YeedContract - TransferYeed YEED 682000000000000000000000
12:38:17.947 [Test worker] DEBUG io.yggdrash.contract.yeed.YeedContract - PI Fee 100000000000000000
12:38:17.947 [Test worker] DEBUG io.yggdrash.contract.yeed.InterChainProcessTest - Remain YEED : 25887000100000000000000000
12:38:17.947 [Test worker] DEBUG io.yggdrash.contract.yeed.InterChainProcessTest - Send Eth 9
12:38:17.952 [Test worker] DEBUG io.yggdrash.contract.yeed.YeedContract - Ratio : 10000
12:38:17.953 [Test worker] DEBUG io.yggdrash.contract.yeed.YeedContract - transferYeed : 92000000000000000000000
12:38:17.953 [Test worker] DEBUG io.yggdrash.contract.yeed.YeedContract - Confirm Id : e770564d536d2e39fbf10f31095c085464ab9b0962bc0d34d802810bdab53696
12:38:17.953 [Test worker] DEBUG io.yggdrash.contract.yeed.YeedContract - ProposeId : 3d501aaef5eefc10550b12a341910cbfa16bfed94dbc9892fefb27a1e9ae902c (ProposeKey=pis-3d501aaef5eefc10550b12a341910cbfa16bfed94dbc9892fefb27a1e9ae902c) is PROCESSING
12:38:17.953 [Test worker] DEBUG io.yggdrash.contract.yeed.YeedContract - TxConfirm ProposeId :  3d501aaef5eefc10550b12a341910cbfa16bfed94dbc9892fefb27a1e9ae902c
12:38:17.953 [Test worker] DEBUG io.yggdrash.contract.yeed.YeedContract - TxConfirm Status : VALIDATE_REQUIRE
12:38:17.953 [Test worker] DEBUG io.yggdrash.contract.yeed.YeedContract - Propose require block height : 100000 
12:38:17.953 [Test worker] DEBUG io.yggdrash.contract.yeed.YeedContract - TxConfirm block height : 100010 
12:38:17.953 [Test worker] DEBUG io.yggdrash.contract.yeed.YeedContract - CheckBlockHeight : true
12:38:17.953 [Test worker] DEBUG io.yggdrash.contract.yeed.YeedContract - Stake YEED 25887000000000000000000000
12:38:17.953 [Test worker] DEBUG io.yggdrash.contract.yeed.YeedContract - TransferYeed YEED 92000000000000000000000
12:38:17.953 [Test worker] DEBUG io.yggdrash.contract.yeed.YeedContract - PI Fee 100000000000000000
12:38:17.953 [Test worker] DEBUG io.yggdrash.contract.yeed.InterChainProcessTest - Remain YEED : 25795000100000000000000000
12:38:17.953 [Test worker] DEBUG io.yggdrash.contract.yeed.InterChainProcessTest - Send Eth 25
12:38:17.959 [Test worker] DEBUG io.yggdrash.contract.yeed.YeedContract - Ratio : 10000
12:38:17.960 [Test worker] DEBUG io.yggdrash.contract.yeed.YeedContract - transferYeed : 250000000000000000000000
12:38:17.960 [Test worker] DEBUG io.yggdrash.contract.yeed.YeedContract - Confirm Id : 8e155ab011289363179c22bcb1bd2d66943d072d9907c351598f53d8d6700f71
12:38:17.960 [Test worker] DEBUG io.yggdrash.contract.yeed.YeedContract - ProposeId : 3d501aaef5eefc10550b12a341910cbfa16bfed94dbc9892fefb27a1e9ae902c (ProposeKey=pis-3d501aaef5eefc10550b12a341910cbfa16bfed94dbc9892fefb27a1e9ae902c) is PROCESSING
12:38:17.960 [Test worker] DEBUG io.yggdrash.contract.yeed.YeedContract - TxConfirm ProposeId :  3d501aaef5eefc10550b12a341910cbfa16bfed94dbc9892fefb27a1e9ae902c
12:38:17.960 [Test worker] DEBUG io.yggdrash.contract.yeed.YeedContract - TxConfirm Status : VALIDATE_REQUIRE
12:38:17.960 [Test worker] DEBUG io.yggdrash.contract.yeed.YeedContract - Propose require block height : 100000 
12:38:17.960 [Test worker] DEBUG io.yggdrash.contract.yeed.YeedContract - TxConfirm block height : 100010 
12:38:17.960 [Test worker] DEBUG io.yggdrash.contract.yeed.YeedContract - CheckBlockHeight : true
12:38:17.960 [Test worker] DEBUG io.yggdrash.contract.yeed.YeedContract - Stake YEED 25795000000000000000000000
12:38:17.960 [Test worker] DEBUG io.yggdrash.contract.yeed.YeedContract - TransferYeed YEED 250000000000000000000000
12:38:17.960 [Test worker] DEBUG io.yggdrash.contract.yeed.YeedContract - PI Fee 100000000000000000
12:38:17.960 [Test worker] DEBUG io.yggdrash.contract.yeed.InterChainProcessTest - Remain YEED : 25545000100000000000000000
12:38:17.960 [Test worker] DEBUG io.yggdrash.contract.yeed.InterChainProcessTest - Send Eth 14
12:38:17.964 [Test worker] DEBUG io.yggdrash.contract.yeed.YeedContract - Ratio : 10000
12:38:17.964 [Test worker] DEBUG io.yggdrash.contract.yeed.YeedContract - transferYeed : 146000000000000000000000
12:38:17.964 [Test worker] DEBUG io.yggdrash.contract.yeed.YeedContract - Confirm Id : bd7d9629b8abbf3e2264731d3861029a266b67d7118eb7ceef12fc687cf9e83f
12:38:17.964 [Test worker] DEBUG io.yggdrash.contract.yeed.YeedContract - ProposeId : 3d501aaef5eefc10550b12a341910cbfa16bfed94dbc9892fefb27a1e9ae902c (ProposeKey=pis-3d501aaef5eefc10550b12a341910cbfa16bfed94dbc9892fefb27a1e9ae902c) is PROCESSING
12:38:17.965 [Test worker] DEBUG io.yggdrash.contract.yeed.YeedContract - TxConfirm ProposeId :  3d501aaef5eefc10550b12a341910cbfa16bfed94dbc9892fefb27a1e9ae902c
12:38:17.965 [Test worker] DEBUG io.yggdrash.contract.yeed.YeedContract - TxConfirm Status : VALIDATE_REQUIRE
12:38:17.965 [Test worker] DEBUG io.yggdrash.contract.yeed.YeedContract - Propose require block height : 100000 
12:38:17.965 [Test worker] DEBUG io.yggdrash.contract.yeed.YeedContract - TxConfirm block height : 100010 
12:38:17.965 [Test worker] DEBUG io.yggdrash.contract.yeed.YeedContract - CheckBlockHeight : true
12:38:17.965 [Test worker] DEBUG io.yggdrash.contract.yeed.YeedContract - Stake YEED 25545000000000000000000000
12:38:17.965 [Test worker] DEBUG io.yggdrash.contract.yeed.YeedContract - TransferYeed YEED 146000000000000000000000
12:38:17.965 [Test worker] DEBUG io.yggdrash.contract.yeed.YeedContract - PI Fee 100000000000000000
12:38:17.965 [Test worker] DEBUG io.yggdrash.contract.yeed.InterChainProcessTest - Remain YEED : 25399000100000000000000000
12:38:17.965 [Test worker] DEBUG io.yggdrash.contract.yeed.InterChainProcessTest - Send Eth 92
12:38:17.972 [Test worker] DEBUG io.yggdrash.contract.yeed.YeedContract - Ratio : 10000
12:38:17.972 [Test worker] DEBUG io.yggdrash.contract.yeed.YeedContract - transferYeed : 928000000000000000000000
12:38:17.972 [Test worker] DEBUG io.yggdrash.contract.yeed.YeedContract - Confirm Id : 89dbf77d8ed8e5616b1f96750147240242772aff694e6114c8c26851f441d354
12:38:17.972 [Test worker] DEBUG io.yggdrash.contract.yeed.YeedContract - ProposeId : 3d501aaef5eefc10550b12a341910cbfa16bfed94dbc9892fefb27a1e9ae902c (ProposeKey=pis-3d501aaef5eefc10550b12a341910cbfa16bfed94dbc9892fefb27a1e9ae902c) is PROCESSING
12:38:17.972 [Test worker] DEBUG io.yggdrash.contract.yeed.YeedContract - TxConfirm ProposeId :  3d501aaef5eefc10550b12a341910cbfa16bfed94dbc9892fefb27a1e9ae902c
12:38:17.972 [Test worker] DEBUG io.yggdrash.contract.yeed.YeedContract - TxConfirm Status : VALIDATE_REQUIRE
12:38:17.972 [Test worker] DEBUG io.yggdrash.contract.yeed.YeedContract - Propose require block height : 100000 
12:38:17.972 [Test worker] DEBUG io.yggdrash.contract.yeed.YeedContract - TxConfirm block height : 100010 
12:38:17.972 [Test worker] DEBUG io.yggdrash.contract.yeed.YeedContract - CheckBlockHeight : true
12:38:17.972 [Test worker] DEBUG io.yggdrash.contract.yeed.YeedContract - Stake YEED 25399000000000000000000000
12:38:17.972 [Test worker] DEBUG io.yggdrash.contract.yeed.YeedContract - TransferYeed YEED 928000000000000000000000
12:38:17.972 [Test worker] DEBUG io.yggdrash.contract.yeed.YeedContract - PI Fee 100000000000000000
12:38:17.973 [Test worker] DEBUG io.yggdrash.contract.yeed.InterChainProcessTest - Remain YEED : 24471000100000000000000000
12:38:17.973 [Test worker] DEBUG io.yggdrash.contract.yeed.InterChainProcessTest - Send Eth 27
12:38:17.977 [Test worker] DEBUG io.yggdrash.contract.yeed.YeedContract - Ratio : 10000
12:38:17.977 [Test worker] DEBUG io.yggdrash.contract.yeed.YeedContract - transferYeed : 279000000000000000000000
12:38:17.977 [Test worker] DEBUG io.yggdrash.contract.yeed.YeedContract - Confirm Id : 729926897f4f33748c722f61db1e49ea44bf6adf9c5d31a239cb2c50053feb91
12:38:17.977 [Test worker] DEBUG io.yggdrash.contract.yeed.YeedContract - ProposeId : 3d501aaef5eefc10550b12a341910cbfa16bfed94dbc9892fefb27a1e9ae902c (ProposeKey=pis-3d501aaef5eefc10550b12a341910cbfa16bfed94dbc9892fefb27a1e9ae902c) is PROCESSING
12:38:17.977 [Test worker] DEBUG io.yggdrash.contract.yeed.YeedContract - TxConfirm ProposeId :  3d501aaef5eefc10550b12a341910cbfa16bfed94dbc9892fefb27a1e9ae902c
12:38:17.977 [Test worker] DEBUG io.yggdrash.contract.yeed.YeedContract - TxConfirm Status : VALIDATE_REQUIRE
12:38:17.977 [Test worker] DEBUG io.yggdrash.contract.yeed.YeedContract - Propose require block height : 100000 
12:38:17.977 [Test worker] DEBUG io.yggdrash.contract.yeed.YeedContract - TxConfirm block height : 100010 
12:38:17.977 [Test worker] DEBUG io.yggdrash.contract.yeed.YeedContract - CheckBlockHeight : true
12:38:17.977 [Test worker] DEBUG io.yggdrash.contract.yeed.YeedContract - Stake YEED 24471000000000000000000000
12:38:17.977 [Test worker] DEBUG io.yggdrash.contract.yeed.YeedContract - TransferYeed YEED 279000000000000000000000
12:38:17.977 [Test worker] DEBUG io.yggdrash.contract.yeed.YeedContract - PI Fee 100000000000000000
12:38:17.977 [Test worker] DEBUG io.yggdrash.contract.yeed.InterChainProcessTest - Remain YEED : 24192000100000000000000000
12:38:17.977 [Test worker] DEBUG io.yggdrash.contract.yeed.InterChainProcessTest - Send Eth 25
12:38:17.984 [Test worker] DEBUG io.yggdrash.contract.yeed.YeedContract - Ratio : 10000
12:38:17.984 [Test worker] DEBUG io.yggdrash.contract.yeed.YeedContract - transferYeed : 259000000000000000000000
12:38:17.984 [Test worker] DEBUG io.yggdrash.contract.yeed.YeedContract - Confirm Id : 31ad409c5d6d5a2f87159d121ff4fa255b756f36467a4f5319e3f446d5ddd9f6
12:38:17.984 [Test worker] DEBUG io.yggdrash.contract.yeed.YeedContract - ProposeId : 3d501aaef5eefc10550b12a341910cbfa16bfed94dbc9892fefb27a1e9ae902c (ProposeKey=pis-3d501aaef5eefc10550b12a341910cbfa16bfed94dbc9892fefb27a1e9ae902c) is PROCESSING
12:38:17.984 [Test worker] DEBUG io.yggdrash.contract.yeed.YeedContract - TxConfirm ProposeId :  3d501aaef5eefc10550b12a341910cbfa16bfed94dbc9892fefb27a1e9ae902c
12:38:17.984 [Test worker] DEBUG io.yggdrash.contract.yeed.YeedContract - TxConfirm Status : VALIDATE_REQUIRE
12:38:17.984 [Test worker] DEBUG io.yggdrash.contract.yeed.YeedContract - Propose require block height : 100000 
12:38:17.984 [Test worker] DEBUG io.yggdrash.contract.yeed.YeedContract - TxConfirm block height : 100010 
12:38:17.984 [Test worker] DEBUG io.yggdrash.contract.yeed.YeedContract - CheckBlockHeight : true
12:38:17.984 [Test worker] DEBUG io.yggdrash.contract.yeed.YeedContract - Stake YEED 24192000000000000000000000
12:38:17.984 [Test worker] DEBUG io.yggdrash.contract.yeed.YeedContract - TransferYeed YEED 259000000000000000000000
12:38:17.984 [Test worker] DEBUG io.yggdrash.contract.yeed.YeedContract - PI Fee 100000000000000000
12:38:17.984 [Test worker] DEBUG io.yggdrash.contract.yeed.InterChainProcessTest - Remain YEED : 23933000100000000000000000
12:38:17.984 [Test worker] DEBUG io.yggdrash.contract.yeed.InterChainProcessTest - Send Eth 80
12:38:17.991 [Test worker] DEBUG io.yggdrash.contract.yeed.YeedContract - Ratio : 10000
12:38:17.991 [Test worker] DEBUG io.yggdrash.contract.yeed.YeedContract - transferYeed : 806000000000000000000000
12:38:17.991 [Test worker] DEBUG io.yggdrash.contract.yeed.YeedContract - Confirm Id : 8bdf42f537e1fc3fca0f4a2375663d7b0ec0dee6eb3ee8ec83e8a416c6d893e3
12:38:17.991 [Test worker] DEBUG io.yggdrash.contract.yeed.YeedContract - ProposeId : 3d501aaef5eefc10550b12a341910cbfa16bfed94dbc9892fefb27a1e9ae902c (ProposeKey=pis-3d501aaef5eefc10550b12a341910cbfa16bfed94dbc9892fefb27a1e9ae902c) is PROCESSING
12:38:17.991 [Test worker] DEBUG io.yggdrash.contract.yeed.YeedContract - TxConfirm ProposeId :  3d501aaef5eefc10550b12a341910cbfa16bfed94dbc9892fefb27a1e9ae902c
12:38:17.991 [Test worker] DEBUG io.yggdrash.contract.yeed.YeedContract - TxConfirm Status : VALIDATE_REQUIRE
12:38:17.991 [Test worker] DEBUG io.yggdrash.contract.yeed.YeedContract - Propose require block height : 100000 
12:38:17.991 [Test worker] DEBUG io.yggdrash.contract.yeed.YeedContract - TxConfirm block height : 100010 
12:38:17.991 [Test worker] DEBUG io.yggdrash.contract.yeed.YeedContract - CheckBlockHeight : true
12:38:17.991 [Test worker] DEBUG io.yggdrash.contract.yeed.YeedContract - Stake YEED 23933000000000000000000000
12:38:17.991 [Test worker] DEBUG io.yggdrash.contract.yeed.YeedContract - TransferYeed YEED 806000000000000000000000
12:38:17.991 [Test worker] DEBUG io.yggdrash.contract.yeed.YeedContract - PI Fee 100000000000000000
12:38:17.992 [Test worker] DEBUG io.yggdrash.contract.yeed.InterChainProcessTest - Remain YEED : 23127000100000000000000000
12:38:17.992 [Test worker] DEBUG io.yggdrash.contract.yeed.InterChainProcessTest - Send Eth 91
12:38:17.996 [Test worker] DEBUG io.yggdrash.contract.yeed.YeedContract - Ratio : 10000
12:38:17.996 [Test worker] DEBUG io.yggdrash.contract.yeed.YeedContract - transferYeed : 913000000000000000000000
12:38:17.996 [Test worker] DEBUG io.yggdrash.contract.yeed.YeedContract - Confirm Id : 0eff80f4cfab8c29a1837f44cebd5e1ee2333d1b96190e910011e56fbacebe4b
12:38:17.996 [Test worker] DEBUG io.yggdrash.contract.yeed.YeedContract - ProposeId : 3d501aaef5eefc10550b12a341910cbfa16bfed94dbc9892fefb27a1e9ae902c (ProposeKey=pis-3d501aaef5eefc10550b12a341910cbfa16bfed94dbc9892fefb27a1e9ae902c) is PROCESSING
12:38:17.997 [Test worker] DEBUG io.yggdrash.contract.yeed.YeedContract - TxConfirm ProposeId :  3d501aaef5eefc10550b12a341910cbfa16bfed94dbc9892fefb27a1e9ae902c
12:38:17.997 [Test worker] DEBUG io.yggdrash.contract.yeed.YeedContract - TxConfirm Status : VALIDATE_REQUIRE
12:38:17.997 [Test worker] DEBUG io.yggdrash.contract.yeed.YeedContract - Propose require block height : 100000 
12:38:17.997 [Test worker] DEBUG io.yggdrash.contract.yeed.YeedContract - TxConfirm block height : 100010 
12:38:17.997 [Test worker] DEBUG io.yggdrash.contract.yeed.YeedContract - CheckBlockHeight : true
12:38:17.997 [Test worker] DEBUG io.yggdrash.contract.yeed.YeedContract - Stake YEED 23127000000000000000000000
12:38:17.997 [Test worker] DEBUG io.yggdrash.contract.yeed.YeedContract - TransferYeed YEED 913000000000000000000000
12:38:17.997 [Test worker] DEBUG io.yggdrash.contract.yeed.YeedContract - PI Fee 100000000000000000
12:38:17.997 [Test worker] DEBUG io.yggdrash.contract.yeed.InterChainProcessTest - Remain YEED : 22214000100000000000000000
12:38:17.997 [Test worker] DEBUG io.yggdrash.contract.yeed.InterChainProcessTest - Send Eth 83
12:38:18.004 [Test worker] DEBUG io.yggdrash.contract.yeed.YeedContract - Ratio : 10000
12:38:18.004 [Test worker] DEBUG io.yggdrash.contract.yeed.YeedContract - transferYeed : 836000000000000000000000
12:38:18.004 [Test worker] DEBUG io.yggdrash.contract.yeed.YeedContract - Confirm Id : f38187424bfc7e4077f1caff181d9e36d49b3f4f990e19b6e0ccad6acddf642c
12:38:18.004 [Test worker] DEBUG io.yggdrash.contract.yeed.YeedContract - ProposeId : 3d501aaef5eefc10550b12a341910cbfa16bfed94dbc9892fefb27a1e9ae902c (ProposeKey=pis-3d501aaef5eefc10550b12a341910cbfa16bfed94dbc9892fefb27a1e9ae902c) is PROCESSING
12:38:18.004 [Test worker] DEBUG io.yggdrash.contract.yeed.YeedContract - TxConfirm ProposeId :  3d501aaef5eefc10550b12a341910cbfa16bfed94dbc9892fefb27a1e9ae902c
12:38:18.004 [Test worker] DEBUG io.yggdrash.contract.yeed.YeedContract - TxConfirm Status : VALIDATE_REQUIRE
12:38:18.004 [Test worker] DEBUG io.yggdrash.contract.yeed.YeedContract - Propose require block height : 100000 
12:38:18.004 [Test worker] DEBUG io.yggdrash.contract.yeed.YeedContract - TxConfirm block height : 100010 
12:38:18.004 [Test worker] DEBUG io.yggdrash.contract.yeed.YeedContract - CheckBlockHeight : true
12:38:18.004 [Test worker] DEBUG io.yggdrash.contract.yeed.YeedContract - Stake YEED 22214000000000000000000000
12:38:18.004 [Test worker] DEBUG io.yggdrash.contract.yeed.YeedContract - TransferYeed YEED 836000000000000000000000
12:38:18.004 [Test worker] DEBUG io.yggdrash.contract.yeed.YeedContract - PI Fee 100000000000000000
12:38:18.005 [Test worker] DEBUG io.yggdrash.contract.yeed.InterChainProcessTest - Remain YEED : 21378000100000000000000000
12:38:18.005 [Test worker] DEBUG io.yggdrash.contract.yeed.InterChainProcessTest - Send Eth 57
12:38:18.009 [Test worker] DEBUG io.yggdrash.contract.yeed.YeedContract - Ratio : 10000
12:38:18.009 [Test worker] DEBUG io.yggdrash.contract.yeed.YeedContract - transferYeed : 572000000000000000000000
12:38:18.009 [Test worker] DEBUG io.yggdrash.contract.yeed.YeedContract - Confirm Id : af9f442c3b5b5e75e1024cc482c0cab68698d5344d6408ca884f67f9ff97646b
12:38:18.009 [Test worker] DEBUG io.yggdrash.contract.yeed.YeedContract - ProposeId : 3d501aaef5eefc10550b12a341910cbfa16bfed94dbc9892fefb27a1e9ae902c (ProposeKey=pis-3d501aaef5eefc10550b12a341910cbfa16bfed94dbc9892fefb27a1e9ae902c) is PROCESSING
12:38:18.009 [Test worker] DEBUG io.yggdrash.contract.yeed.YeedContract - TxConfirm ProposeId :  3d501aaef5eefc10550b12a341910cbfa16bfed94dbc9892fefb27a1e9ae902c
12:38:18.009 [Test worker] DEBUG io.yggdrash.contract.yeed.YeedContract - TxConfirm Status : VALIDATE_REQUIRE
12:38:18.009 [Test worker] DEBUG io.yggdrash.contract.yeed.YeedContract - Propose require block height : 100000 
12:38:18.009 [Test worker] DEBUG io.yggdrash.contract.yeed.YeedContract - TxConfirm block height : 100010 
12:38:18.009 [Test worker] DEBUG io.yggdrash.contract.yeed.YeedContract - CheckBlockHeight : true
12:38:18.009 [Test worker] DEBUG io.yggdrash.contract.yeed.YeedContract - Stake YEED 21378000000000000000000000
12:38:18.009 [Test worker] DEBUG io.yggdrash.contract.yeed.YeedContract - TransferYeed YEED 572000000000000000000000
12:38:18.009 [Test worker] DEBUG io.yggdrash.contract.yeed.YeedContract - PI Fee 100000000000000000
12:38:18.010 [Test worker] DEBUG io.yggdrash.contract.yeed.InterChainProcessTest - Remain YEED : 20806000100000000000000000
12:38:18.010 [Test worker] DEBUG io.yggdrash.contract.yeed.InterChainProcessTest - Send Eth 98
12:38:18.016 [Test worker] DEBUG io.yggdrash.contract.yeed.YeedContract - Ratio : 10000
12:38:18.016 [Test worker] DEBUG io.yggdrash.contract.yeed.YeedContract - transferYeed : 983000000000000000000000
12:38:18.016 [Test worker] DEBUG io.yggdrash.contract.yeed.YeedContract - Confirm Id : 86383b2204eeea6ce17bce09f44d7f77bf19d192bd4450323e58577cbe7e41b5
12:38:18.016 [Test worker] DEBUG io.yggdrash.contract.yeed.YeedContract - ProposeId : 3d501aaef5eefc10550b12a341910cbfa16bfed94dbc9892fefb27a1e9ae902c (ProposeKey=pis-3d501aaef5eefc10550b12a341910cbfa16bfed94dbc9892fefb27a1e9ae902c) is PROCESSING
12:38:18.016 [Test worker] DEBUG io.yggdrash.contract.yeed.YeedContract - TxConfirm ProposeId :  3d501aaef5eefc10550b12a341910cbfa16bfed94dbc9892fefb27a1e9ae902c
12:38:18.016 [Test worker] DEBUG io.yggdrash.contract.yeed.YeedContract - TxConfirm Status : VALIDATE_REQUIRE
12:38:18.016 [Test worker] DEBUG io.yggdrash.contract.yeed.YeedContract - Propose require block height : 100000 
12:38:18.016 [Test worker] DEBUG io.yggdrash.contract.yeed.YeedContract - TxConfirm block height : 100010 
12:38:18.016 [Test worker] DEBUG io.yggdrash.contract.yeed.YeedContract - CheckBlockHeight : true
12:38:18.016 [Test worker] DEBUG io.yggdrash.contract.yeed.YeedContract - Stake YEED 20806000000000000000000000
12:38:18.016 [Test worker] DEBUG io.yggdrash.contract.yeed.YeedContract - TransferYeed YEED 983000000000000000000000
12:38:18.016 [Test worker] DEBUG io.yggdrash.contract.yeed.YeedContract - PI Fee 100000000000000000
12:38:18.016 [Test worker] DEBUG io.yggdrash.contract.yeed.InterChainProcessTest - Remain YEED : 19823000100000000000000000
12:38:18.016 [Test worker] DEBUG io.yggdrash.contract.yeed.InterChainProcessTest - Send Eth 82
12:38:18.021 [Test worker] DEBUG io.yggdrash.contract.yeed.YeedContract - Ratio : 10000
12:38:18.021 [Test worker] DEBUG io.yggdrash.contract.yeed.YeedContract - transferYeed : 826000000000000000000000
12:38:18.021 [Test worker] DEBUG io.yggdrash.contract.yeed.YeedContract - Confirm Id : 4180480c2c97d4fc8a72385698d48a95a2f67cd717d8b708ccc7f99491bdc663
12:38:18.021 [Test worker] DEBUG io.yggdrash.contract.yeed.YeedContract - ProposeId : 3d501aaef5eefc10550b12a341910cbfa16bfed94dbc9892fefb27a1e9ae902c (ProposeKey=pis-3d501aaef5eefc10550b12a341910cbfa16bfed94dbc9892fefb27a1e9ae902c) is PROCESSING
12:38:18.021 [Test worker] DEBUG io.yggdrash.contract.yeed.YeedContract - TxConfirm ProposeId :  3d501aaef5eefc10550b12a341910cbfa16bfed94dbc9892fefb27a1e9ae902c
12:38:18.021 [Test worker] DEBUG io.yggdrash.contract.yeed.YeedContract - TxConfirm Status : VALIDATE_REQUIRE
12:38:18.022 [Test worker] DEBUG io.yggdrash.contract.yeed.YeedContract - Propose require block height : 100000 
12:38:18.022 [Test worker] DEBUG io.yggdrash.contract.yeed.YeedContract - TxConfirm block height : 100010 
12:38:18.022 [Test worker] DEBUG io.yggdrash.contract.yeed.YeedContract - CheckBlockHeight : true
12:38:18.022 [Test worker] DEBUG io.yggdrash.contract.yeed.YeedContract - Stake YEED 19823000000000000000000000
12:38:18.022 [Test worker] DEBUG io.yggdrash.contract.yeed.YeedContract - TransferYeed YEED 826000000000000000000000
12:38:18.022 [Test worker] DEBUG io.yggdrash.contract.yeed.YeedContract - PI Fee 100000000000000000
12:38:18.022 [Test worker] DEBUG io.yggdrash.contract.yeed.InterChainProcessTest - Remain YEED : 18997000100000000000000000
12:38:18.022 [Test worker] DEBUG io.yggdrash.contract.yeed.InterChainProcessTest - Send Eth 74
12:38:18.027 [Test worker] DEBUG io.yggdrash.contract.yeed.YeedContract - Ratio : 10000
12:38:18.027 [Test worker] DEBUG io.yggdrash.contract.yeed.YeedContract - transferYeed : 748000000000000000000000
12:38:18.027 [Test worker] DEBUG io.yggdrash.contract.yeed.YeedContract - Confirm Id : d0b44fc96b0f35cbb86a9148211730f3cb67b3cc49559363d4ee6c73c400ff5e
12:38:18.027 [Test worker] DEBUG io.yggdrash.contract.yeed.YeedContract - ProposeId : 3d501aaef5eefc10550b12a341910cbfa16bfed94dbc9892fefb27a1e9ae902c (ProposeKey=pis-3d501aaef5eefc10550b12a341910cbfa16bfed94dbc9892fefb27a1e9ae902c) is PROCESSING
12:38:18.027 [Test worker] DEBUG io.yggdrash.contract.yeed.YeedContract - TxConfirm ProposeId :  3d501aaef5eefc10550b12a341910cbfa16bfed94dbc9892fefb27a1e9ae902c
12:38:18.027 [Test worker] DEBUG io.yggdrash.contract.yeed.YeedContract - TxConfirm Status : VALIDATE_REQUIRE
12:38:18.027 [Test worker] DEBUG io.yggdrash.contract.yeed.YeedContract - Propose require block height : 100000 
12:38:18.027 [Test worker] DEBUG io.yggdrash.contract.yeed.YeedContract - TxConfirm block height : 100010 
12:38:18.027 [Test worker] DEBUG io.yggdrash.contract.yeed.YeedContract - CheckBlockHeight : true
12:38:18.027 [Test worker] DEBUG io.yggdrash.contract.yeed.YeedContract - Stake YEED 18997000000000000000000000
12:38:18.027 [Test worker] DEBUG io.yggdrash.contract.yeed.YeedContract - TransferYeed YEED 748000000000000000000000
12:38:18.027 [Test worker] DEBUG io.yggdrash.contract.yeed.YeedContract - PI Fee 100000000000000000
12:38:18.027 [Test worker] DEBUG io.yggdrash.contract.yeed.InterChainProcessTest - Remain YEED : 18249000100000000000000000
12:38:18.027 [Test worker] DEBUG io.yggdrash.contract.yeed.InterChainProcessTest - Send Eth 32
12:38:18.037 [Test worker] DEBUG io.yggdrash.contract.yeed.YeedContract - Ratio : 10000
12:38:18.037 [Test worker] DEBUG io.yggdrash.contract.yeed.YeedContract - transferYeed : 321000000000000000000000
12:38:18.037 [Test worker] DEBUG io.yggdrash.contract.yeed.YeedContract - Confirm Id : dce96a6440a5def565eb6cfc8d5b14e299c0b5d9ecb96a078d3677a3b4fffb20
12:38:18.037 [Test worker] DEBUG io.yggdrash.contract.yeed.YeedContract - ProposeId : 3d501aaef5eefc10550b12a341910cbfa16bfed94dbc9892fefb27a1e9ae902c (ProposeKey=pis-3d501aaef5eefc10550b12a341910cbfa16bfed94dbc9892fefb27a1e9ae902c) is PROCESSING
12:38:18.037 [Test worker] DEBUG io.yggdrash.contract.yeed.YeedContract - TxConfirm ProposeId :  3d501aaef5eefc10550b12a341910cbfa16bfed94dbc9892fefb27a1e9ae902c
12:38:18.037 [Test worker] DEBUG io.yggdrash.contract.yeed.YeedContract - TxConfirm Status : VALIDATE_REQUIRE
12:38:18.037 [Test worker] DEBUG io.yggdrash.contract.yeed.YeedContract - Propose require block height : 100000 
12:38:18.037 [Test worker] DEBUG io.yggdrash.contract.yeed.YeedContract - TxConfirm block height : 100010 
12:38:18.037 [Test worker] DEBUG io.yggdrash.contract.yeed.YeedContract - CheckBlockHeight : true
12:38:18.037 [Test worker] DEBUG io.yggdrash.contract.yeed.YeedContract - Stake YEED 18249000000000000000000000
12:38:18.037 [Test worker] DEBUG io.yggdrash.contract.yeed.YeedContract - TransferYeed YEED 321000000000000000000000
12:38:18.037 [Test worker] DEBUG io.yggdrash.contract.yeed.YeedContract - PI Fee 100000000000000000
12:38:18.037 [Test worker] DEBUG io.yggdrash.contract.yeed.InterChainProcessTest - Remain YEED : 17928000100000000000000000
12:38:18.037 [Test worker] DEBUG io.yggdrash.contract.yeed.InterChainProcessTest - Send Eth 19
12:38:18.044 [Test worker] DEBUG io.yggdrash.contract.yeed.YeedContract - Ratio : 10000
12:38:18.044 [Test worker] DEBUG io.yggdrash.contract.yeed.YeedContract - transferYeed : 191000000000000000000000
12:38:18.044 [Test worker] DEBUG io.yggdrash.contract.yeed.YeedContract - Confirm Id : 12acd5b2565a3d56733824f76350abb5316b48815a96f5ef46c8605264c16544
12:38:18.044 [Test worker] DEBUG io.yggdrash.contract.yeed.YeedContract - ProposeId : 3d501aaef5eefc10550b12a341910cbfa16bfed94dbc9892fefb27a1e9ae902c (ProposeKey=pis-3d501aaef5eefc10550b12a341910cbfa16bfed94dbc9892fefb27a1e9ae902c) is PROCESSING
12:38:18.044 [Test worker] DEBUG io.yggdrash.contract.yeed.YeedContract - TxConfirm ProposeId :  3d501aaef5eefc10550b12a341910cbfa16bfed94dbc9892fefb27a1e9ae902c
12:38:18.044 [Test worker] DEBUG io.yggdrash.contract.yeed.YeedContract - TxConfirm Status : VALIDATE_REQUIRE
12:38:18.044 [Test worker] DEBUG io.yggdrash.contract.yeed.YeedContract - Propose require block height : 100000 
12:38:18.044 [Test worker] DEBUG io.yggdrash.contract.yeed.YeedContract - TxConfirm block height : 100010 
12:38:18.044 [Test worker] DEBUG io.yggdrash.contract.yeed.YeedContract - CheckBlockHeight : true
12:38:18.044 [Test worker] DEBUG io.yggdrash.contract.yeed.YeedContract - Stake YEED 17928000000000000000000000
12:38:18.044 [Test worker] DEBUG io.yggdrash.contract.yeed.YeedContract - TransferYeed YEED 191000000000000000000000
12:38:18.044 [Test worker] DEBUG io.yggdrash.contract.yeed.YeedContract - PI Fee 100000000000000000
12:38:18.044 [Test worker] DEBUG io.yggdrash.contract.yeed.InterChainProcessTest - Remain YEED : 17737000100000000000000000
12:38:18.044 [Test worker] DEBUG io.yggdrash.contract.yeed.InterChainProcessTest - Send Eth 59
12:38:18.048 [Test worker] DEBUG io.yggdrash.contract.yeed.YeedContract - Ratio : 10000
12:38:18.048 [Test worker] DEBUG io.yggdrash.contract.yeed.YeedContract - transferYeed : 595000000000000000000000
12:38:18.048 [Test worker] DEBUG io.yggdrash.contract.yeed.YeedContract - Confirm Id : ebccd421db5b1a5c497f8aaec33fb9f1b1a226f266b8c05bca0693619fec3ef4
12:38:18.049 [Test worker] DEBUG io.yggdrash.contract.yeed.YeedContract - ProposeId : 3d501aaef5eefc10550b12a341910cbfa16bfed94dbc9892fefb27a1e9ae902c (ProposeKey=pis-3d501aaef5eefc10550b12a341910cbfa16bfed94dbc9892fefb27a1e9ae902c) is PROCESSING
12:38:18.049 [Test worker] DEBUG io.yggdrash.contract.yeed.YeedContract - TxConfirm ProposeId :  3d501aaef5eefc10550b12a341910cbfa16bfed94dbc9892fefb27a1e9ae902c
12:38:18.049 [Test worker] DEBUG io.yggdrash.contract.yeed.YeedContract - TxConfirm Status : VALIDATE_REQUIRE
12:38:18.049 [Test worker] DEBUG io.yggdrash.contract.yeed.YeedContract - Propose require block height : 100000 
12:38:18.049 [Test worker] DEBUG io.yggdrash.contract.yeed.YeedContract - TxConfirm block height : 100010 
12:38:18.049 [Test worker] DEBUG io.yggdrash.contract.yeed.YeedContract - CheckBlockHeight : true
12:38:18.049 [Test worker] DEBUG io.yggdrash.contract.yeed.YeedContract - Stake YEED 17737000000000000000000000
12:38:18.049 [Test worker] DEBUG io.yggdrash.contract.yeed.YeedContract - TransferYeed YEED 595000000000000000000000
12:38:18.049 [Test worker] DEBUG io.yggdrash.contract.yeed.YeedContract - PI Fee 100000000000000000
12:38:18.049 [Test worker] DEBUG io.yggdrash.contract.yeed.InterChainProcessTest - Remain YEED : 17142000100000000000000000
12:38:18.049 [Test worker] DEBUG io.yggdrash.contract.yeed.InterChainProcessTest - Send Eth 28
12:38:18.054 [Test worker] DEBUG io.yggdrash.contract.yeed.YeedContract - Ratio : 10000
12:38:18.054 [Test worker] DEBUG io.yggdrash.contract.yeed.YeedContract - transferYeed : 286000000000000000000000
12:38:18.054 [Test worker] DEBUG io.yggdrash.contract.yeed.YeedContract - Confirm Id : 5ecb7aa86d4d27a2cb4183b95367c80ce72245c31b85ed8f8a16c4e7b3345056
12:38:18.054 [Test worker] DEBUG io.yggdrash.contract.yeed.YeedContract - ProposeId : 3d501aaef5eefc10550b12a341910cbfa16bfed94dbc9892fefb27a1e9ae902c (ProposeKey=pis-3d501aaef5eefc10550b12a341910cbfa16bfed94dbc9892fefb27a1e9ae902c) is PROCESSING
12:38:18.054 [Test worker] DEBUG io.yggdrash.contract.yeed.YeedContract - TxConfirm ProposeId :  3d501aaef5eefc10550b12a341910cbfa16bfed94dbc9892fefb27a1e9ae902c
12:38:18.054 [Test worker] DEBUG io.yggdrash.contract.yeed.YeedContract - TxConfirm Status : VALIDATE_REQUIRE
12:38:18.054 [Test worker] DEBUG io.yggdrash.contract.yeed.YeedContract - Propose require block height : 100000 
12:38:18.054 [Test worker] DEBUG io.yggdrash.contract.yeed.YeedContract - TxConfirm block height : 100010 
12:38:18.054 [Test worker] DEBUG io.yggdrash.contract.yeed.YeedContract - CheckBlockHeight : true
12:38:18.054 [Test worker] DEBUG io.yggdrash.contract.yeed.YeedContract - Stake YEED 17142000000000000000000000
12:38:18.054 [Test worker] DEBUG io.yggdrash.contract.yeed.YeedContract - TransferYeed YEED 286000000000000000000000
12:38:18.054 [Test worker] DEBUG io.yggdrash.contract.yeed.YeedContract - PI Fee 100000000000000000
12:38:18.055 [Test worker] DEBUG io.yggdrash.contract.yeed.InterChainProcessTest - Remain YEED : 16856000100000000000000000
12:38:18.055 [Test worker] DEBUG io.yggdrash.contract.yeed.InterChainProcessTest - Send Eth 84
12:38:18.060 [Test worker] DEBUG io.yggdrash.contract.yeed.YeedContract - Ratio : 10000
12:38:18.060 [Test worker] DEBUG io.yggdrash.contract.yeed.YeedContract - transferYeed : 841000000000000000000000
12:38:18.060 [Test worker] DEBUG io.yggdrash.contract.yeed.YeedContract - Confirm Id : 5fcbae02319bcadc28383ef821a94fbc1d7a8162d3db11fd4adfb325ce663e94
12:38:18.060 [Test worker] DEBUG io.yggdrash.contract.yeed.YeedContract - ProposeId : 3d501aaef5eefc10550b12a341910cbfa16bfed94dbc9892fefb27a1e9ae902c (ProposeKey=pis-3d501aaef5eefc10550b12a341910cbfa16bfed94dbc9892fefb27a1e9ae902c) is PROCESSING
12:38:18.060 [Test worker] DEBUG io.yggdrash.contract.yeed.YeedContract - TxConfirm ProposeId :  3d501aaef5eefc10550b12a341910cbfa16bfed94dbc9892fefb27a1e9ae902c
12:38:18.060 [Test worker] DEBUG io.yggdrash.contract.yeed.YeedContract - TxConfirm Status : VALIDATE_REQUIRE
12:38:18.061 [Test worker] DEBUG io.yggdrash.contract.yeed.YeedContract - Propose require block height : 100000 
12:38:18.061 [Test worker] DEBUG io.yggdrash.contract.yeed.YeedContract - TxConfirm block height : 100010 
12:38:18.061 [Test worker] DEBUG io.yggdrash.contract.yeed.YeedContract - CheckBlockHeight : true
12:38:18.061 [Test worker] DEBUG io.yggdrash.contract.yeed.YeedContract - Stake YEED 16856000000000000000000000
12:38:18.061 [Test worker] DEBUG io.yggdrash.contract.yeed.YeedContract - TransferYeed YEED 841000000000000000000000
12:38:18.061 [Test worker] DEBUG io.yggdrash.contract.yeed.YeedContract - PI Fee 100000000000000000
12:38:18.061 [Test worker] DEBUG io.yggdrash.contract.yeed.InterChainProcessTest - Remain YEED : 16015000100000000000000000
12:38:18.061 [Test worker] DEBUG io.yggdrash.contract.yeed.InterChainProcessTest - Send Eth 16
12:38:18.068 [Test worker] DEBUG io.yggdrash.contract.yeed.YeedContract - Ratio : 10000
12:38:18.068 [Test worker] DEBUG io.yggdrash.contract.yeed.YeedContract - transferYeed : 166000000000000000000000
12:38:18.068 [Test worker] DEBUG io.yggdrash.contract.yeed.YeedContract - Confirm Id : 8c53bf49c2e1618f53765d833130a61f717c159d40f3a8c6dce7acdf8ddc3515
12:38:18.069 [Test worker] DEBUG io.yggdrash.contract.yeed.YeedContract - ProposeId : 3d501aaef5eefc10550b12a341910cbfa16bfed94dbc9892fefb27a1e9ae902c (ProposeKey=pis-3d501aaef5eefc10550b12a341910cbfa16bfed94dbc9892fefb27a1e9ae902c) is PROCESSING
12:38:18.069 [Test worker] DEBUG io.yggdrash.contract.yeed.YeedContract - TxConfirm ProposeId :  3d501aaef5eefc10550b12a341910cbfa16bfed94dbc9892fefb27a1e9ae902c
12:38:18.069 [Test worker] DEBUG io.yggdrash.contract.yeed.YeedContract - TxConfirm Status : VALIDATE_REQUIRE
12:38:18.069 [Test worker] DEBUG io.yggdrash.contract.yeed.YeedContract - Propose require block height : 100000 
12:38:18.069 [Test worker] DEBUG io.yggdrash.contract.yeed.YeedContract - TxConfirm block height : 100010 
12:38:18.069 [Test worker] DEBUG io.yggdrash.contract.yeed.YeedContract - CheckBlockHeight : true
12:38:18.069 [Test worker] DEBUG io.yggdrash.contract.yeed.YeedContract - Stake YEED 16015000000000000000000000
12:38:18.069 [Test worker] DEBUG io.yggdrash.contract.yeed.YeedContract - TransferYeed YEED 166000000000000000000000
12:38:18.069 [Test worker] DEBUG io.yggdrash.contract.yeed.YeedContract - PI Fee 100000000000000000
12:38:18.069 [Test worker] DEBUG io.yggdrash.contract.yeed.InterChainProcessTest - Remain YEED : 15849000100000000000000000
12:38:18.069 [Test worker] DEBUG io.yggdrash.contract.yeed.InterChainProcessTest - Send Eth 37
12:38:18.074 [Test worker] DEBUG io.yggdrash.contract.yeed.YeedContract - Ratio : 10000
12:38:18.074 [Test worker] DEBUG io.yggdrash.contract.yeed.YeedContract - transferYeed : 374000000000000000000000
12:38:18.074 [Test worker] DEBUG io.yggdrash.contract.yeed.YeedContract - Confirm Id : 5d3fbb22579cf4bad4fe77a2076daecfd89888f498ec6652495d3861925d7725
12:38:18.074 [Test worker] DEBUG io.yggdrash.contract.yeed.YeedContract - ProposeId : 3d501aaef5eefc10550b12a341910cbfa16bfed94dbc9892fefb27a1e9ae902c (ProposeKey=pis-3d501aaef5eefc10550b12a341910cbfa16bfed94dbc9892fefb27a1e9ae902c) is PROCESSING
12:38:18.074 [Test worker] DEBUG io.yggdrash.contract.yeed.YeedContract - TxConfirm ProposeId :  3d501aaef5eefc10550b12a341910cbfa16bfed94dbc9892fefb27a1e9ae902c
12:38:18.074 [Test worker] DEBUG io.yggdrash.contract.yeed.YeedContract - TxConfirm Status : VALIDATE_REQUIRE
12:38:18.074 [Test worker] DEBUG io.yggdrash.contract.yeed.YeedContract - Propose require block height : 100000 
12:38:18.074 [Test worker] DEBUG io.yggdrash.contract.yeed.YeedContract - TxConfirm block height : 100010 
12:38:18.074 [Test worker] DEBUG io.yggdrash.contract.yeed.YeedContract - CheckBlockHeight : true
12:38:18.074 [Test worker] DEBUG io.yggdrash.contract.yeed.YeedContract - Stake YEED 15849000000000000000000000
12:38:18.074 [Test worker] DEBUG io.yggdrash.contract.yeed.YeedContract - TransferYeed YEED 374000000000000000000000
12:38:18.074 [Test worker] DEBUG io.yggdrash.contract.yeed.YeedContract - PI Fee 100000000000000000
12:38:18.074 [Test worker] DEBUG io.yggdrash.contract.yeed.InterChainProcessTest - Remain YEED : 15475000100000000000000000
12:38:18.074 [Test worker] DEBUG io.yggdrash.contract.yeed.InterChainProcessTest - Send Eth 30
12:38:18.081 [Test worker] DEBUG io.yggdrash.contract.yeed.YeedContract - Ratio : 10000
12:38:18.081 [Test worker] DEBUG io.yggdrash.contract.yeed.YeedContract - transferYeed : 301000000000000000000000
12:38:18.081 [Test worker] DEBUG io.yggdrash.contract.yeed.YeedContract - Confirm Id : 5e084629af0f50c4a25ef289b4044d82904c787ef4b3932e93a0a8f894a0f3ca
12:38:18.081 [Test worker] DEBUG io.yggdrash.contract.yeed.YeedContract - ProposeId : 3d501aaef5eefc10550b12a341910cbfa16bfed94dbc9892fefb27a1e9ae902c (ProposeKey=pis-3d501aaef5eefc10550b12a341910cbfa16bfed94dbc9892fefb27a1e9ae902c) is PROCESSING
12:38:18.081 [Test worker] DEBUG io.yggdrash.contract.yeed.YeedContract - TxConfirm ProposeId :  3d501aaef5eefc10550b12a341910cbfa16bfed94dbc9892fefb27a1e9ae902c
12:38:18.081 [Test worker] DEBUG io.yggdrash.contract.yeed.YeedContract - TxConfirm Status : VALIDATE_REQUIRE
12:38:18.081 [Test worker] DEBUG io.yggdrash.contract.yeed.YeedContract - Propose require block height : 100000 
12:38:18.081 [Test worker] DEBUG io.yggdrash.contract.yeed.YeedContract - TxConfirm block height : 100010 
12:38:18.081 [Test worker] DEBUG io.yggdrash.contract.yeed.YeedContract - CheckBlockHeight : true
12:38:18.081 [Test worker] DEBUG io.yggdrash.contract.yeed.YeedContract - Stake YEED 15475000000000000000000000
12:38:18.081 [Test worker] DEBUG io.yggdrash.contract.yeed.YeedContract - TransferYeed YEED 301000000000000000000000
12:38:18.081 [Test worker] DEBUG io.yggdrash.contract.yeed.YeedContract - PI Fee 100000000000000000
12:38:18.082 [Test worker] DEBUG io.yggdrash.contract.yeed.InterChainProcessTest - Remain YEED : 15174000100000000000000000
12:38:18.082 [Test worker] DEBUG io.yggdrash.contract.yeed.InterChainProcessTest - Send Eth 25
12:38:18.088 [Test worker] DEBUG io.yggdrash.contract.yeed.YeedContract - Ratio : 10000
12:38:18.088 [Test worker] DEBUG io.yggdrash.contract.yeed.YeedContract - transferYeed : 256000000000000000000000
12:38:18.088 [Test worker] DEBUG io.yggdrash.contract.yeed.YeedContract - Confirm Id : 451ebcb25d5d573f77b53255bd89468f01fb086d7d4c55273c3ab658648bb3c4
12:38:18.088 [Test worker] DEBUG io.yggdrash.contract.yeed.YeedContract - ProposeId : 3d501aaef5eefc10550b12a341910cbfa16bfed94dbc9892fefb27a1e9ae902c (ProposeKey=pis-3d501aaef5eefc10550b12a341910cbfa16bfed94dbc9892fefb27a1e9ae902c) is PROCESSING
12:38:18.088 [Test worker] DEBUG io.yggdrash.contract.yeed.YeedContract - TxConfirm ProposeId :  3d501aaef5eefc10550b12a341910cbfa16bfed94dbc9892fefb27a1e9ae902c
12:38:18.088 [Test worker] DEBUG io.yggdrash.contract.yeed.YeedContract - TxConfirm Status : VALIDATE_REQUIRE
12:38:18.088 [Test worker] DEBUG io.yggdrash.contract.yeed.YeedContract - Propose require block height : 100000 
12:38:18.088 [Test worker] DEBUG io.yggdrash.contract.yeed.YeedContract - TxConfirm block height : 100010 
12:38:18.088 [Test worker] DEBUG io.yggdrash.contract.yeed.YeedContract - CheckBlockHeight : true
12:38:18.089 [Test worker] DEBUG io.yggdrash.contract.yeed.YeedContract - Stake YEED 15174000000000000000000000
12:38:18.089 [Test worker] DEBUG io.yggdrash.contract.yeed.YeedContract - TransferYeed YEED 256000000000000000000000
12:38:18.089 [Test worker] DEBUG io.yggdrash.contract.yeed.YeedContract - PI Fee 100000000000000000
12:38:18.089 [Test worker] DEBUG io.yggdrash.contract.yeed.InterChainProcessTest - Remain YEED : 14918000100000000000000000
12:38:18.089 [Test worker] DEBUG io.yggdrash.contract.yeed.InterChainProcessTest - Send Eth 82
12:38:18.094 [Test worker] DEBUG io.yggdrash.contract.yeed.YeedContract - Ratio : 10000
12:38:18.094 [Test worker] DEBUG io.yggdrash.contract.yeed.YeedContract - transferYeed : 826000000000000000000000
12:38:18.094 [Test worker] DEBUG io.yggdrash.contract.yeed.YeedContract - Confirm Id : 65d59d9e515d50b0639d1ff3b513a68a689007f3b44bee677b8e5c1895d7c6b2
12:38:18.094 [Test worker] DEBUG io.yggdrash.contract.yeed.YeedContract - ProposeId : 3d501aaef5eefc10550b12a341910cbfa16bfed94dbc9892fefb27a1e9ae902c (ProposeKey=pis-3d501aaef5eefc10550b12a341910cbfa16bfed94dbc9892fefb27a1e9ae902c) is PROCESSING
12:38:18.094 [Test worker] DEBUG io.yggdrash.contract.yeed.YeedContract - TxConfirm ProposeId :  3d501aaef5eefc10550b12a341910cbfa16bfed94dbc9892fefb27a1e9ae902c
12:38:18.094 [Test worker] DEBUG io.yggdrash.contract.yeed.YeedContract - TxConfirm Status : VALIDATE_REQUIRE
12:38:18.094 [Test worker] DEBUG io.yggdrash.contract.yeed.YeedContract - Propose require block height : 100000 
12:38:18.094 [Test worker] DEBUG io.yggdrash.contract.yeed.YeedContract - TxConfirm block height : 100010 
12:38:18.094 [Test worker] DEBUG io.yggdrash.contract.yeed.YeedContract - CheckBlockHeight : true
12:38:18.094 [Test worker] DEBUG io.yggdrash.contract.yeed.YeedContract - Stake YEED 14918000000000000000000000
12:38:18.094 [Test worker] DEBUG io.yggdrash.contract.yeed.YeedContract - TransferYeed YEED 826000000000000000000000
12:38:18.094 [Test worker] DEBUG io.yggdrash.contract.yeed.YeedContract - PI Fee 100000000000000000
12:38:18.095 [Test worker] DEBUG io.yggdrash.contract.yeed.InterChainProcessTest - Remain YEED : 14092000100000000000000000
12:38:18.095 [Test worker] DEBUG io.yggdrash.contract.yeed.InterChainProcessTest - Send Eth 8
12:38:18.099 [Test worker] DEBUG io.yggdrash.contract.yeed.YeedContract - Ratio : 10000
12:38:18.099 [Test worker] DEBUG io.yggdrash.contract.yeed.YeedContract - transferYeed : 81000000000000000000000
12:38:18.099 [Test worker] DEBUG io.yggdrash.contract.yeed.YeedContract - Confirm Id : 597933a5aaf2308d3482d2c6cc1d6f87e5dcd23eafddf64758656ade7ea1d1c4
12:38:18.099 [Test worker] DEBUG io.yggdrash.contract.yeed.YeedContract - ProposeId : 3d501aaef5eefc10550b12a341910cbfa16bfed94dbc9892fefb27a1e9ae902c (ProposeKey=pis-3d501aaef5eefc10550b12a341910cbfa16bfed94dbc9892fefb27a1e9ae902c) is PROCESSING
12:38:18.100 [Test worker] DEBUG io.yggdrash.contract.yeed.YeedContract - TxConfirm ProposeId :  3d501aaef5eefc10550b12a341910cbfa16bfed94dbc9892fefb27a1e9ae902c
12:38:18.100 [Test worker] DEBUG io.yggdrash.contract.yeed.YeedContract - TxConfirm Status : VALIDATE_REQUIRE
12:38:18.100 [Test worker] DEBUG io.yggdrash.contract.yeed.YeedContract - Propose require block height : 100000 
12:38:18.100 [Test worker] DEBUG io.yggdrash.contract.yeed.YeedContract - TxConfirm block height : 100010 
12:38:18.100 [Test worker] DEBUG io.yggdrash.contract.yeed.YeedContract - CheckBlockHeight : true
12:38:18.100 [Test worker] DEBUG io.yggdrash.contract.yeed.YeedContract - Stake YEED 14092000000000000000000000
12:38:18.100 [Test worker] DEBUG io.yggdrash.contract.yeed.YeedContract - TransferYeed YEED 81000000000000000000000
12:38:18.100 [Test worker] DEBUG io.yggdrash.contract.yeed.YeedContract - PI Fee 100000000000000000
12:38:18.100 [Test worker] DEBUG io.yggdrash.contract.yeed.InterChainProcessTest - Remain YEED : 14011000100000000000000000
12:38:18.100 [Test worker] DEBUG io.yggdrash.contract.yeed.InterChainProcessTest - Send Eth 18
12:38:18.106 [Test worker] DEBUG io.yggdrash.contract.yeed.YeedContract - Ratio : 10000
12:38:18.106 [Test worker] DEBUG io.yggdrash.contract.yeed.YeedContract - transferYeed : 189000000000000000000000
12:38:18.106 [Test worker] DEBUG io.yggdrash.contract.yeed.YeedContract - Confirm Id : d82c1619da06aff91738225e136339aedfb88cb7517917a779cfb740345d9413
12:38:18.106 [Test worker] DEBUG io.yggdrash.contract.yeed.YeedContract - ProposeId : 3d501aaef5eefc10550b12a341910cbfa16bfed94dbc9892fefb27a1e9ae902c (ProposeKey=pis-3d501aaef5eefc10550b12a341910cbfa16bfed94dbc9892fefb27a1e9ae902c) is PROCESSING
12:38:18.106 [Test worker] DEBUG io.yggdrash.contract.yeed.YeedContract - TxConfirm ProposeId :  3d501aaef5eefc10550b12a341910cbfa16bfed94dbc9892fefb27a1e9ae902c
12:38:18.106 [Test worker] DEBUG io.yggdrash.contract.yeed.YeedContract - TxConfirm Status : VALIDATE_REQUIRE
12:38:18.106 [Test worker] DEBUG io.yggdrash.contract.yeed.YeedContract - Propose require block height : 100000 
12:38:18.106 [Test worker] DEBUG io.yggdrash.contract.yeed.YeedContract - TxConfirm block height : 100010 
12:38:18.106 [Test worker] DEBUG io.yggdrash.contract.yeed.YeedContract - CheckBlockHeight : true
12:38:18.106 [Test worker] DEBUG io.yggdrash.contract.yeed.YeedContract - Stake YEED 14011000000000000000000000
12:38:18.106 [Test worker] DEBUG io.yggdrash.contract.yeed.YeedContract - TransferYeed YEED 189000000000000000000000
12:38:18.106 [Test worker] DEBUG io.yggdrash.contract.yeed.YeedContract - PI Fee 100000000000000000
12:38:18.106 [Test worker] DEBUG io.yggdrash.contract.yeed.InterChainProcessTest - Remain YEED : 13822000100000000000000000
12:38:18.106 [Test worker] DEBUG io.yggdrash.contract.yeed.InterChainProcessTest - Send Eth 0
12:38:18.113 [Test worker] DEBUG io.yggdrash.contract.yeed.YeedContract - Ratio : 10000
12:38:18.113 [Test worker] DEBUG io.yggdrash.contract.yeed.YeedContract - transferYeed : 3000000000000000000000
12:38:18.113 [Test worker] DEBUG io.yggdrash.contract.yeed.YeedContract - Confirm Id : 72bfcad65622f98d7df8029023591fba9398696c464d3b650c0084d99d8fa715
12:38:18.113 [Test worker] DEBUG io.yggdrash.contract.yeed.YeedContract - ProposeId : 3d501aaef5eefc10550b12a341910cbfa16bfed94dbc9892fefb27a1e9ae902c (ProposeKey=pis-3d501aaef5eefc10550b12a341910cbfa16bfed94dbc9892fefb27a1e9ae902c) is PROCESSING
12:38:18.113 [Test worker] DEBUG io.yggdrash.contract.yeed.YeedContract - TxConfirm ProposeId :  3d501aaef5eefc10550b12a341910cbfa16bfed94dbc9892fefb27a1e9ae902c
12:38:18.113 [Test worker] DEBUG io.yggdrash.contract.yeed.YeedContract - TxConfirm Status : VALIDATE_REQUIRE
12:38:18.113 [Test worker] DEBUG io.yggdrash.contract.yeed.YeedContract - Propose require block height : 100000 
12:38:18.113 [Test worker] DEBUG io.yggdrash.contract.yeed.YeedContract - TxConfirm block height : 100010 
12:38:18.113 [Test worker] DEBUG io.yggdrash.contract.yeed.YeedContract - CheckBlockHeight : true
12:38:18.113 [Test worker] DEBUG io.yggdrash.contract.yeed.YeedContract - Stake YEED 13822000000000000000000000
12:38:18.113 [Test worker] DEBUG io.yggdrash.contract.yeed.YeedContract - TransferYeed YEED 3000000000000000000000
12:38:18.113 [Test worker] DEBUG io.yggdrash.contract.yeed.YeedContract - PI Fee 100000000000000000
12:38:18.114 [Test worker] DEBUG io.yggdrash.contract.yeed.InterChainProcessTest - Remain YEED : 13819000100000000000000000
12:38:18.114 [Test worker] DEBUG io.yggdrash.contract.yeed.InterChainProcessTest - Send Eth 48
12:38:18.120 [Test worker] DEBUG io.yggdrash.contract.yeed.YeedContract - Ratio : 10000
12:38:18.120 [Test worker] DEBUG io.yggdrash.contract.yeed.YeedContract - transferYeed : 482000000000000000000000
12:38:18.120 [Test worker] DEBUG io.yggdrash.contract.yeed.YeedContract - Confirm Id : 380cae27a027d92f7d0ecd67b6d0f39b5f911f81d09bc8d03303e851f781bc39
12:38:18.121 [Test worker] DEBUG io.yggdrash.contract.yeed.YeedContract - ProposeId : 3d501aaef5eefc10550b12a341910cbfa16bfed94dbc9892fefb27a1e9ae902c (ProposeKey=pis-3d501aaef5eefc10550b12a341910cbfa16bfed94dbc9892fefb27a1e9ae902c) is PROCESSING
12:38:18.121 [Test worker] DEBUG io.yggdrash.contract.yeed.YeedContract - TxConfirm ProposeId :  3d501aaef5eefc10550b12a341910cbfa16bfed94dbc9892fefb27a1e9ae902c
12:38:18.121 [Test worker] DEBUG io.yggdrash.contract.yeed.YeedContract - TxConfirm Status : VALIDATE_REQUIRE
12:38:18.121 [Test worker] DEBUG io.yggdrash.contract.yeed.YeedContract - Propose require block height : 100000 
12:38:18.121 [Test worker] DEBUG io.yggdrash.contract.yeed.YeedContract - TxConfirm block height : 100010 
12:38:18.121 [Test worker] DEBUG io.yggdrash.contract.yeed.YeedContract - CheckBlockHeight : true
12:38:18.121 [Test worker] DEBUG io.yggdrash.contract.yeed.YeedContract - Stake YEED 13819000000000000000000000
12:38:18.121 [Test worker] DEBUG io.yggdrash.contract.yeed.YeedContract - TransferYeed YEED 482000000000000000000000
12:38:18.121 [Test worker] DEBUG io.yggdrash.contract.yeed.YeedContract - PI Fee 100000000000000000
12:38:18.121 [Test worker] DEBUG io.yggdrash.contract.yeed.InterChainProcessTest - Remain YEED : 13337000100000000000000000
12:38:18.121 [Test worker] DEBUG io.yggdrash.contract.yeed.InterChainProcessTest - Send Eth 41
12:38:18.125 [Test worker] DEBUG io.yggdrash.contract.yeed.YeedContract - Ratio : 10000
12:38:18.125 [Test worker] DEBUG io.yggdrash.contract.yeed.YeedContract - transferYeed : 417000000000000000000000
12:38:18.125 [Test worker] DEBUG io.yggdrash.contract.yeed.YeedContract - Confirm Id : c4b1ccea235bbc3199d85dbac4a9b66f754d6a6daa0a880514695be66b50b20c
12:38:18.125 [Test worker] DEBUG io.yggdrash.contract.yeed.YeedContract - ProposeId : 3d501aaef5eefc10550b12a341910cbfa16bfed94dbc9892fefb27a1e9ae902c (ProposeKey=pis-3d501aaef5eefc10550b12a341910cbfa16bfed94dbc9892fefb27a1e9ae902c) is PROCESSING
12:38:18.125 [Test worker] DEBUG io.yggdrash.contract.yeed.YeedContract - TxConfirm ProposeId :  3d501aaef5eefc10550b12a341910cbfa16bfed94dbc9892fefb27a1e9ae902c
12:38:18.125 [Test worker] DEBUG io.yggdrash.contract.yeed.YeedContract - TxConfirm Status : VALIDATE_REQUIRE
12:38:18.125 [Test worker] DEBUG io.yggdrash.contract.yeed.YeedContract - Propose require block height : 100000 
12:38:18.125 [Test worker] DEBUG io.yggdrash.contract.yeed.YeedContract - TxConfirm block height : 100010 
12:38:18.125 [Test worker] DEBUG io.yggdrash.contract.yeed.YeedContract - CheckBlockHeight : true
12:38:18.125 [Test worker] DEBUG io.yggdrash.contract.yeed.YeedContract - Stake YEED 13337000000000000000000000
12:38:18.125 [Test worker] DEBUG io.yggdrash.contract.yeed.YeedContract - TransferYeed YEED 417000000000000000000000
12:38:18.125 [Test worker] DEBUG io.yggdrash.contract.yeed.YeedContract - PI Fee 100000000000000000
12:38:18.125 [Test worker] DEBUG io.yggdrash.contract.yeed.InterChainProcessTest - Remain YEED : 12920000100000000000000000
12:38:18.125 [Test worker] DEBUG io.yggdrash.contract.yeed.InterChainProcessTest - Send Eth 89
12:38:18.131 [Test worker] DEBUG io.yggdrash.contract.yeed.YeedContract - Ratio : 10000
12:38:18.131 [Test worker] DEBUG io.yggdrash.contract.yeed.YeedContract - transferYeed : 899000000000000000000000
12:38:18.131 [Test worker] DEBUG io.yggdrash.contract.yeed.YeedContract - Confirm Id : 39a3a2c25187e7f58b0c73e9858fd2e961f51aa0e4cf5d8471d6eea4f7103163
12:38:18.131 [Test worker] DEBUG io.yggdrash.contract.yeed.YeedContract - ProposeId : 3d501aaef5eefc10550b12a341910cbfa16bfed94dbc9892fefb27a1e9ae902c (ProposeKey=pis-3d501aaef5eefc10550b12a341910cbfa16bfed94dbc9892fefb27a1e9ae902c) is PROCESSING
12:38:18.131 [Test worker] DEBUG io.yggdrash.contract.yeed.YeedContract - TxConfirm ProposeId :  3d501aaef5eefc10550b12a341910cbfa16bfed94dbc9892fefb27a1e9ae902c
12:38:18.131 [Test worker] DEBUG io.yggdrash.contract.yeed.YeedContract - TxConfirm Status : VALIDATE_REQUIRE
12:38:18.132 [Test worker] DEBUG io.yggdrash.contract.yeed.YeedContract - Propose require block height : 100000 
12:38:18.132 [Test worker] DEBUG io.yggdrash.contract.yeed.YeedContract - TxConfirm block height : 100010 
12:38:18.132 [Test worker] DEBUG io.yggdrash.contract.yeed.YeedContract - CheckBlockHeight : true
12:38:18.132 [Test worker] DEBUG io.yggdrash.contract.yeed.YeedContract - Stake YEED 12920000000000000000000000
12:38:18.132 [Test worker] DEBUG io.yggdrash.contract.yeed.YeedContract - TransferYeed YEED 899000000000000000000000
12:38:18.132 [Test worker] DEBUG io.yggdrash.contract.yeed.YeedContract - PI Fee 100000000000000000
12:38:18.132 [Test worker] DEBUG io.yggdrash.contract.yeed.InterChainProcessTest - Remain YEED : 12021000100000000000000000
12:38:18.132 [Test worker] DEBUG io.yggdrash.contract.yeed.InterChainProcessTest - Send Eth 3
12:38:18.137 [Test worker] DEBUG io.yggdrash.contract.yeed.YeedContract - Ratio : 10000
12:38:18.137 [Test worker] DEBUG io.yggdrash.contract.yeed.YeedContract - transferYeed : 39000000000000000000000
12:38:18.137 [Test worker] DEBUG io.yggdrash.contract.yeed.YeedContract - Confirm Id : faee0f42dd781acae5b9e39c4b0d6a5f0245f6faf9441c8343af316c304315e1
12:38:18.137 [Test worker] DEBUG io.yggdrash.contract.yeed.YeedContract - ProposeId : 3d501aaef5eefc10550b12a341910cbfa16bfed94dbc9892fefb27a1e9ae902c (ProposeKey=pis-3d501aaef5eefc10550b12a341910cbfa16bfed94dbc9892fefb27a1e9ae902c) is PROCESSING
12:38:18.137 [Test worker] DEBUG io.yggdrash.contract.yeed.YeedContract - TxConfirm ProposeId :  3d501aaef5eefc10550b12a341910cbfa16bfed94dbc9892fefb27a1e9ae902c
12:38:18.137 [Test worker] DEBUG io.yggdrash.contract.yeed.YeedContract - TxConfirm Status : VALIDATE_REQUIRE
12:38:18.137 [Test worker] DEBUG io.yggdrash.contract.yeed.YeedContract - Propose require block height : 100000 
12:38:18.137 [Test worker] DEBUG io.yggdrash.contract.yeed.YeedContract - TxConfirm block height : 100010 
12:38:18.137 [Test worker] DEBUG io.yggdrash.contract.yeed.YeedContract - CheckBlockHeight : true
12:38:18.137 [Test worker] DEBUG io.yggdrash.contract.yeed.YeedContract - Stake YEED 12021000000000000000000000
12:38:18.137 [Test worker] DEBUG io.yggdrash.contract.yeed.YeedContract - TransferYeed YEED 39000000000000000000000
12:38:18.137 [Test worker] DEBUG io.yggdrash.contract.yeed.YeedContract - PI Fee 100000000000000000
12:38:18.138 [Test worker] DEBUG io.yggdrash.contract.yeed.InterChainProcessTest - Remain YEED : 11982000100000000000000000
12:38:18.138 [Test worker] DEBUG io.yggdrash.contract.yeed.InterChainProcessTest - Send Eth 65
12:38:18.144 [Test worker] DEBUG io.yggdrash.contract.yeed.YeedContract - Ratio : 10000
12:38:18.144 [Test worker] DEBUG io.yggdrash.contract.yeed.YeedContract - transferYeed : 655000000000000000000000
12:38:18.144 [Test worker] DEBUG io.yggdrash.contract.yeed.YeedContract - Confirm Id : 292e3429d04f5276017ef5478ee8c6fd921b5ad16cc089da217313772ee2c2b4
12:38:18.144 [Test worker] DEBUG io.yggdrash.contract.yeed.YeedContract - ProposeId : 3d501aaef5eefc10550b12a341910cbfa16bfed94dbc9892fefb27a1e9ae902c (ProposeKey=pis-3d501aaef5eefc10550b12a341910cbfa16bfed94dbc9892fefb27a1e9ae902c) is PROCESSING
12:38:18.144 [Test worker] DEBUG io.yggdrash.contract.yeed.YeedContract - TxConfirm ProposeId :  3d501aaef5eefc10550b12a341910cbfa16bfed94dbc9892fefb27a1e9ae902c
12:38:18.144 [Test worker] DEBUG io.yggdrash.contract.yeed.YeedContract - TxConfirm Status : VALIDATE_REQUIRE
12:38:18.144 [Test worker] DEBUG io.yggdrash.contract.yeed.YeedContract - Propose require block height : 100000 
12:38:18.144 [Test worker] DEBUG io.yggdrash.contract.yeed.YeedContract - TxConfirm block height : 100010 
12:38:18.144 [Test worker] DEBUG io.yggdrash.contract.yeed.YeedContract - CheckBlockHeight : true
12:38:18.145 [Test worker] DEBUG io.yggdrash.contract.yeed.YeedContract - Stake YEED 11982000000000000000000000
12:38:18.145 [Test worker] DEBUG io.yggdrash.contract.yeed.YeedContract - TransferYeed YEED 655000000000000000000000
12:38:18.145 [Test worker] DEBUG io.yggdrash.contract.yeed.YeedContract - PI Fee 100000000000000000
12:38:18.145 [Test worker] DEBUG io.yggdrash.contract.yeed.InterChainProcessTest - Remain YEED : 11327000100000000000000000
12:38:18.145 [Test worker] DEBUG io.yggdrash.contract.yeed.InterChainProcessTest - Send Eth 29
12:38:18.154 [Test worker] DEBUG io.yggdrash.contract.yeed.YeedContract - Ratio : 10000
12:38:18.154 [Test worker] DEBUG io.yggdrash.contract.yeed.YeedContract - transferYeed : 294000000000000000000000
12:38:18.154 [Test worker] DEBUG io.yggdrash.contract.yeed.YeedContract - Confirm Id : 2dde5a1f86edff87cce3f5efef2798875e5877ee1f129c2f2b595ee932b21860
12:38:18.154 [Test worker] DEBUG io.yggdrash.contract.yeed.YeedContract - ProposeId : 3d501aaef5eefc10550b12a341910cbfa16bfed94dbc9892fefb27a1e9ae902c (ProposeKey=pis-3d501aaef5eefc10550b12a341910cbfa16bfed94dbc9892fefb27a1e9ae902c) is PROCESSING
12:38:18.154 [Test worker] DEBUG io.yggdrash.contract.yeed.YeedContract - TxConfirm ProposeId :  3d501aaef5eefc10550b12a341910cbfa16bfed94dbc9892fefb27a1e9ae902c
12:38:18.154 [Test worker] DEBUG io.yggdrash.contract.yeed.YeedContract - TxConfirm Status : VALIDATE_REQUIRE
12:38:18.154 [Test worker] DEBUG io.yggdrash.contract.yeed.YeedContract - Propose require block height : 100000 
12:38:18.154 [Test worker] DEBUG io.yggdrash.contract.yeed.YeedContract - TxConfirm block height : 100010 
12:38:18.154 [Test worker] DEBUG io.yggdrash.contract.yeed.YeedContract - CheckBlockHeight : true
12:38:18.154 [Test worker] DEBUG io.yggdrash.contract.yeed.YeedContract - Stake YEED 11327000000000000000000000
12:38:18.154 [Test worker] DEBUG io.yggdrash.contract.yeed.YeedContract - TransferYeed YEED 294000000000000000000000
12:38:18.154 [Test worker] DEBUG io.yggdrash.contract.yeed.YeedContract - PI Fee 100000000000000000
12:38:18.154 [Test worker] DEBUG io.yggdrash.contract.yeed.InterChainProcessTest - Remain YEED : 11033000100000000000000000
12:38:18.154 [Test worker] DEBUG io.yggdrash.contract.yeed.InterChainProcessTest - Send Eth 85
12:38:18.159 [Test worker] DEBUG io.yggdrash.contract.yeed.YeedContract - Ratio : 10000
12:38:18.159 [Test worker] DEBUG io.yggdrash.contract.yeed.YeedContract - transferYeed : 854000000000000000000000
12:38:18.159 [Test worker] DEBUG io.yggdrash.contract.yeed.YeedContract - Confirm Id : 0f2e498712e91e0d9af7311f128ac11369ef0212eddba2476062c48f2faed129
12:38:18.160 [Test worker] DEBUG io.yggdrash.contract.yeed.YeedContract - ProposeId : 3d501aaef5eefc10550b12a341910cbfa16bfed94dbc9892fefb27a1e9ae902c (ProposeKey=pis-3d501aaef5eefc10550b12a341910cbfa16bfed94dbc9892fefb27a1e9ae902c) is PROCESSING
12:38:18.160 [Test worker] DEBUG io.yggdrash.contract.yeed.YeedContract - TxConfirm ProposeId :  3d501aaef5eefc10550b12a341910cbfa16bfed94dbc9892fefb27a1e9ae902c
12:38:18.160 [Test worker] DEBUG io.yggdrash.contract.yeed.YeedContract - TxConfirm Status : VALIDATE_REQUIRE
12:38:18.160 [Test worker] DEBUG io.yggdrash.contract.yeed.YeedContract - Propose require block height : 100000 
12:38:18.160 [Test worker] DEBUG io.yggdrash.contract.yeed.YeedContract - TxConfirm block height : 100010 
12:38:18.160 [Test worker] DEBUG io.yggdrash.contract.yeed.YeedContract - CheckBlockHeight : true
12:38:18.160 [Test worker] DEBUG io.yggdrash.contract.yeed.YeedContract - Stake YEED 11033000000000000000000000
12:38:18.160 [Test worker] DEBUG io.yggdrash.contract.yeed.YeedContract - TransferYeed YEED 854000000000000000000000
12:38:18.160 [Test worker] DEBUG io.yggdrash.contract.yeed.YeedContract - PI Fee 100000000000000000
12:38:18.160 [Test worker] DEBUG io.yggdrash.contract.yeed.InterChainProcessTest - Remain YEED : 10179000100000000000000000
12:38:18.160 [Test worker] DEBUG io.yggdrash.contract.yeed.InterChainProcessTest - Send Eth 73
12:38:18.165 [Test worker] DEBUG io.yggdrash.contract.yeed.YeedContract - Ratio : 10000
12:38:18.165 [Test worker] DEBUG io.yggdrash.contract.yeed.YeedContract - transferYeed : 738000000000000000000000
12:38:18.165 [Test worker] DEBUG io.yggdrash.contract.yeed.YeedContract - Confirm Id : fe175c4b928664c6ce3040a2d38a54215099615f42508e08993e048347a308c2
12:38:18.165 [Test worker] DEBUG io.yggdrash.contract.yeed.YeedContract - ProposeId : 3d501aaef5eefc10550b12a341910cbfa16bfed94dbc9892fefb27a1e9ae902c (ProposeKey=pis-3d501aaef5eefc10550b12a341910cbfa16bfed94dbc9892fefb27a1e9ae902c) is PROCESSING
12:38:18.166 [Test worker] DEBUG io.yggdrash.contract.yeed.YeedContract - TxConfirm ProposeId :  3d501aaef5eefc10550b12a341910cbfa16bfed94dbc9892fefb27a1e9ae902c
12:38:18.166 [Test worker] DEBUG io.yggdrash.contract.yeed.YeedContract - TxConfirm Status : VALIDATE_REQUIRE
12:38:18.166 [Test worker] DEBUG io.yggdrash.contract.yeed.YeedContract - Propose require block height : 100000 
12:38:18.166 [Test worker] DEBUG io.yggdrash.contract.yeed.YeedContract - TxConfirm block height : 100010 
12:38:18.166 [Test worker] DEBUG io.yggdrash.contract.yeed.YeedContract - CheckBlockHeight : true
12:38:18.166 [Test worker] DEBUG io.yggdrash.contract.yeed.YeedContract - Stake YEED 10179000000000000000000000
12:38:18.166 [Test worker] DEBUG io.yggdrash.contract.yeed.YeedContract - TransferYeed YEED 738000000000000000000000
12:38:18.166 [Test worker] DEBUG io.yggdrash.contract.yeed.YeedContract - PI Fee 100000000000000000
12:38:18.166 [Test worker] DEBUG io.yggdrash.contract.yeed.InterChainProcessTest - Remain YEED : 9441000100000000000000000
12:38:18.166 [Test worker] DEBUG io.yggdrash.contract.yeed.InterChainProcessTest - Send Eth 90
12:38:18.172 [Test worker] DEBUG io.yggdrash.contract.yeed.YeedContract - Ratio : 10000
12:38:18.172 [Test worker] DEBUG io.yggdrash.contract.yeed.YeedContract - transferYeed : 903000000000000000000000
12:38:18.172 [Test worker] DEBUG io.yggdrash.contract.yeed.YeedContract - Confirm Id : 64067e3a247937e22ce41f64e3722dce913eadb0dc76ed50f4cfb154edd36e65
12:38:18.172 [Test worker] DEBUG io.yggdrash.contract.yeed.YeedContract - ProposeId : 3d501aaef5eefc10550b12a341910cbfa16bfed94dbc9892fefb27a1e9ae902c (ProposeKey=pis-3d501aaef5eefc10550b12a341910cbfa16bfed94dbc9892fefb27a1e9ae902c) is PROCESSING
12:38:18.172 [Test worker] DEBUG io.yggdrash.contract.yeed.YeedContract - TxConfirm ProposeId :  3d501aaef5eefc10550b12a341910cbfa16bfed94dbc9892fefb27a1e9ae902c
12:38:18.172 [Test worker] DEBUG io.yggdrash.contract.yeed.YeedContract - TxConfirm Status : VALIDATE_REQUIRE
12:38:18.172 [Test worker] DEBUG io.yggdrash.contract.yeed.YeedContract - Propose require block height : 100000 
12:38:18.172 [Test worker] DEBUG io.yggdrash.contract.yeed.YeedContract - TxConfirm block height : 100010 
12:38:18.172 [Test worker] DEBUG io.yggdrash.contract.yeed.YeedContract - CheckBlockHeight : true
12:38:18.172 [Test worker] DEBUG io.yggdrash.contract.yeed.YeedContract - Stake YEED 9441000000000000000000000
12:38:18.172 [Test worker] DEBUG io.yggdrash.contract.yeed.YeedContract - TransferYeed YEED 903000000000000000000000
12:38:18.172 [Test worker] DEBUG io.yggdrash.contract.yeed.YeedContract - PI Fee 100000000000000000
12:38:18.172 [Test worker] DEBUG io.yggdrash.contract.yeed.InterChainProcessTest - Remain YEED : 8538000100000000000000000
12:38:18.172 [Test worker] DEBUG io.yggdrash.contract.yeed.InterChainProcessTest - Send Eth 2
12:38:18.180 [Test worker] DEBUG io.yggdrash.contract.yeed.YeedContract - Ratio : 10000
12:38:18.180 [Test worker] DEBUG io.yggdrash.contract.yeed.YeedContract - transferYeed : 22000000000000000000000
12:38:18.180 [Test worker] DEBUG io.yggdrash.contract.yeed.YeedContract - Confirm Id : cf4013f10902ea7802c4c11bf8ae6a695150846a842d3be15df0940cb6dab914
12:38:18.180 [Test worker] DEBUG io.yggdrash.contract.yeed.YeedContract - ProposeId : 3d501aaef5eefc10550b12a341910cbfa16bfed94dbc9892fefb27a1e9ae902c (ProposeKey=pis-3d501aaef5eefc10550b12a341910cbfa16bfed94dbc9892fefb27a1e9ae902c) is PROCESSING
12:38:18.180 [Test worker] DEBUG io.yggdrash.contract.yeed.YeedContract - TxConfirm ProposeId :  3d501aaef5eefc10550b12a341910cbfa16bfed94dbc9892fefb27a1e9ae902c
12:38:18.180 [Test worker] DEBUG io.yggdrash.contract.yeed.YeedContract - TxConfirm Status : VALIDATE_REQUIRE
12:38:18.180 [Test worker] DEBUG io.yggdrash.contract.yeed.YeedContract - Propose require block height : 100000 
12:38:18.180 [Test worker] DEBUG io.yggdrash.contract.yeed.YeedContract - TxConfirm block height : 100010 
12:38:18.181 [Test worker] DEBUG io.yggdrash.contract.yeed.YeedContract - CheckBlockHeight : true
12:38:18.181 [Test worker] DEBUG io.yggdrash.contract.yeed.YeedContract - Stake YEED 8538000000000000000000000
12:38:18.181 [Test worker] DEBUG io.yggdrash.contract.yeed.YeedContract - TransferYeed YEED 22000000000000000000000
12:38:18.181 [Test worker] DEBUG io.yggdrash.contract.yeed.YeedContract - PI Fee 100000000000000000
12:38:18.181 [Test worker] DEBUG io.yggdrash.contract.yeed.InterChainProcessTest - Remain YEED : 8516000100000000000000000
12:38:18.181 [Test worker] DEBUG io.yggdrash.contract.yeed.InterChainProcessTest - Send Eth 6
12:38:18.187 [Test worker] DEBUG io.yggdrash.contract.yeed.YeedContract - Ratio : 10000
12:38:18.187 [Test worker] DEBUG io.yggdrash.contract.yeed.YeedContract - transferYeed : 61000000000000000000000
12:38:18.187 [Test worker] DEBUG io.yggdrash.contract.yeed.YeedContract - Confirm Id : 32e55a1c26a42728461c00f3d9c473d0cfcaec10d4be19ecc303618dfd05ab0b
12:38:18.187 [Test worker] DEBUG io.yggdrash.contract.yeed.YeedContract - ProposeId : 3d501aaef5eefc10550b12a341910cbfa16bfed94dbc9892fefb27a1e9ae902c (ProposeKey=pis-3d501aaef5eefc10550b12a341910cbfa16bfed94dbc9892fefb27a1e9ae902c) is PROCESSING
12:38:18.187 [Test worker] DEBUG io.yggdrash.contract.yeed.YeedContract - TxConfirm ProposeId :  3d501aaef5eefc10550b12a341910cbfa16bfed94dbc9892fefb27a1e9ae902c
12:38:18.187 [Test worker] DEBUG io.yggdrash.contract.yeed.YeedContract - TxConfirm Status : VALIDATE_REQUIRE
12:38:18.187 [Test worker] DEBUG io.yggdrash.contract.yeed.YeedContract - Propose require block height : 100000 
12:38:18.187 [Test worker] DEBUG io.yggdrash.contract.yeed.YeedContract - TxConfirm block height : 100010 
12:38:18.187 [Test worker] DEBUG io.yggdrash.contract.yeed.YeedContract - CheckBlockHeight : true
12:38:18.187 [Test worker] DEBUG io.yggdrash.contract.yeed.YeedContract - Stake YEED 8516000000000000000000000
12:38:18.187 [Test worker] DEBUG io.yggdrash.contract.yeed.YeedContract - TransferYeed YEED 61000000000000000000000
12:38:18.187 [Test worker] DEBUG io.yggdrash.contract.yeed.YeedContract - PI Fee 100000000000000000
12:38:18.188 [Test worker] DEBUG io.yggdrash.contract.yeed.InterChainProcessTest - Remain YEED : 8455000100000000000000000
12:38:18.188 [Test worker] DEBUG io.yggdrash.contract.yeed.InterChainProcessTest - Send Eth 24
12:38:18.195 [Test worker] DEBUG io.yggdrash.contract.yeed.YeedContract - Ratio : 10000
12:38:18.195 [Test worker] DEBUG io.yggdrash.contract.yeed.YeedContract - transferYeed : 243000000000000000000000
12:38:18.195 [Test worker] DEBUG io.yggdrash.contract.yeed.YeedContract - Confirm Id : 77ea6545efce2d4cd479805e8c335a7014259c7e782f30cba962e220904950ac
12:38:18.195 [Test worker] DEBUG io.yggdrash.contract.yeed.YeedContract - ProposeId : 3d501aaef5eefc10550b12a341910cbfa16bfed94dbc9892fefb27a1e9ae902c (ProposeKey=pis-3d501aaef5eefc10550b12a341910cbfa16bfed94dbc9892fefb27a1e9ae902c) is PROCESSING
12:38:18.195 [Test worker] DEBUG io.yggdrash.contract.yeed.YeedContract - TxConfirm ProposeId :  3d501aaef5eefc10550b12a341910cbfa16bfed94dbc9892fefb27a1e9ae902c
12:38:18.195 [Test worker] DEBUG io.yggdrash.contract.yeed.YeedContract - TxConfirm Status : VALIDATE_REQUIRE
12:38:18.195 [Test worker] DEBUG io.yggdrash.contract.yeed.YeedContract - Propose require block height : 100000 
12:38:18.195 [Test worker] DEBUG io.yggdrash.contract.yeed.YeedContract - TxConfirm block height : 100010 
12:38:18.195 [Test worker] DEBUG io.yggdrash.contract.yeed.YeedContract - CheckBlockHeight : true
12:38:18.195 [Test worker] DEBUG io.yggdrash.contract.yeed.YeedContract - Stake YEED 8455000000000000000000000
12:38:18.195 [Test worker] DEBUG io.yggdrash.contract.yeed.YeedContract - TransferYeed YEED 243000000000000000000000
12:38:18.195 [Test worker] DEBUG io.yggdrash.contract.yeed.YeedContract - PI Fee 100000000000000000
12:38:18.195 [Test worker] DEBUG io.yggdrash.contract.yeed.InterChainProcessTest - Remain YEED : 8212000100000000000000000
12:38:18.195 [Test worker] DEBUG io.yggdrash.contract.yeed.InterChainProcessTest - Send Eth 31
12:38:18.200 [Test worker] DEBUG io.yggdrash.contract.yeed.YeedContract - Ratio : 10000
12:38:18.200 [Test worker] DEBUG io.yggdrash.contract.yeed.YeedContract - transferYeed : 312000000000000000000000
12:38:18.201 [Test worker] DEBUG io.yggdrash.contract.yeed.YeedContract - Confirm Id : ddf4025de8ae3bb1aa0f2f5c84acf3ad5bb6e7e253009ae86a6e8b96e234691c
12:38:18.201 [Test worker] DEBUG io.yggdrash.contract.yeed.YeedContract - ProposeId : 3d501aaef5eefc10550b12a341910cbfa16bfed94dbc9892fefb27a1e9ae902c (ProposeKey=pis-3d501aaef5eefc10550b12a341910cbfa16bfed94dbc9892fefb27a1e9ae902c) is PROCESSING
12:38:18.201 [Test worker] DEBUG io.yggdrash.contract.yeed.YeedContract - TxConfirm ProposeId :  3d501aaef5eefc10550b12a341910cbfa16bfed94dbc9892fefb27a1e9ae902c
12:38:18.201 [Test worker] DEBUG io.yggdrash.contract.yeed.YeedContract - TxConfirm Status : VALIDATE_REQUIRE
12:38:18.201 [Test worker] DEBUG io.yggdrash.contract.yeed.YeedContract - Propose require block height : 100000 
12:38:18.201 [Test worker] DEBUG io.yggdrash.contract.yeed.YeedContract - TxConfirm block height : 100010 
12:38:18.201 [Test worker] DEBUG io.yggdrash.contract.yeed.YeedContract - CheckBlockHeight : true
12:38:18.201 [Test worker] DEBUG io.yggdrash.contract.yeed.YeedContract - Stake YEED 8212000000000000000000000
12:38:18.201 [Test worker] DEBUG io.yggdrash.contract.yeed.YeedContract - TransferYeed YEED 312000000000000000000000
12:38:18.201 [Test worker] DEBUG io.yggdrash.contract.yeed.YeedContract - PI Fee 100000000000000000
12:38:18.201 [Test worker] DEBUG io.yggdrash.contract.yeed.InterChainProcessTest - Remain YEED : 7900000100000000000000000
12:38:18.201 [Test worker] DEBUG io.yggdrash.contract.yeed.InterChainProcessTest - Send Eth 26
12:38:18.206 [Test worker] DEBUG io.yggdrash.contract.yeed.YeedContract - Ratio : 10000
12:38:18.206 [Test worker] DEBUG io.yggdrash.contract.yeed.YeedContract - transferYeed : 265000000000000000000000
12:38:18.206 [Test worker] DEBUG io.yggdrash.contract.yeed.YeedContract - Confirm Id : dad70ceb4ee2690d5de43b26d00cbd51b92c4cb870ffe466e6797651744c1b06
12:38:18.206 [Test worker] DEBUG io.yggdrash.contract.yeed.YeedContract - ProposeId : 3d501aaef5eefc10550b12a341910cbfa16bfed94dbc9892fefb27a1e9ae902c (ProposeKey=pis-3d501aaef5eefc10550b12a341910cbfa16bfed94dbc9892fefb27a1e9ae902c) is PROCESSING
12:38:18.206 [Test worker] DEBUG io.yggdrash.contract.yeed.YeedContract - TxConfirm ProposeId :  3d501aaef5eefc10550b12a341910cbfa16bfed94dbc9892fefb27a1e9ae902c
12:38:18.206 [Test worker] DEBUG io.yggdrash.contract.yeed.YeedContract - TxConfirm Status : VALIDATE_REQUIRE
12:38:18.206 [Test worker] DEBUG io.yggdrash.contract.yeed.YeedContract - Propose require block height : 100000 
12:38:18.206 [Test worker] DEBUG io.yggdrash.contract.yeed.YeedContract - TxConfirm block height : 100010 
12:38:18.206 [Test worker] DEBUG io.yggdrash.contract.yeed.YeedContract - CheckBlockHeight : true
12:38:18.206 [Test worker] DEBUG io.yggdrash.contract.yeed.YeedContract - Stake YEED 7900000000000000000000000
12:38:18.206 [Test worker] DEBUG io.yggdrash.contract.yeed.YeedContract - TransferYeed YEED 265000000000000000000000
12:38:18.206 [Test worker] DEBUG io.yggdrash.contract.yeed.YeedContract - PI Fee 100000000000000000
12:38:18.207 [Test worker] DEBUG io.yggdrash.contract.yeed.InterChainProcessTest - Remain YEED : 7635000100000000000000000
12:38:18.207 [Test worker] DEBUG io.yggdrash.contract.yeed.InterChainProcessTest - Send Eth 74
12:38:18.214 [Test worker] DEBUG io.yggdrash.contract.yeed.YeedContract - Ratio : 10000
12:38:18.214 [Test worker] DEBUG io.yggdrash.contract.yeed.YeedContract - transferYeed : 749000000000000000000000
12:38:18.214 [Test worker] DEBUG io.yggdrash.contract.yeed.YeedContract - Confirm Id : ebdf362597ce565ef5fab66cb88274967cda93c322d1081903c59f6629e7fefe
12:38:18.214 [Test worker] DEBUG io.yggdrash.contract.yeed.YeedContract - ProposeId : 3d501aaef5eefc10550b12a341910cbfa16bfed94dbc9892fefb27a1e9ae902c (ProposeKey=pis-3d501aaef5eefc10550b12a341910cbfa16bfed94dbc9892fefb27a1e9ae902c) is PROCESSING
12:38:18.214 [Test worker] DEBUG io.yggdrash.contract.yeed.YeedContract - TxConfirm ProposeId :  3d501aaef5eefc10550b12a341910cbfa16bfed94dbc9892fefb27a1e9ae902c
12:38:18.214 [Test worker] DEBUG io.yggdrash.contract.yeed.YeedContract - TxConfirm Status : VALIDATE_REQUIRE
12:38:18.215 [Test worker] DEBUG io.yggdrash.contract.yeed.YeedContract - Propose require block height : 100000 
12:38:18.215 [Test worker] DEBUG io.yggdrash.contract.yeed.YeedContract - TxConfirm block height : 100010 
12:38:18.215 [Test worker] DEBUG io.yggdrash.contract.yeed.YeedContract - CheckBlockHeight : true
12:38:18.215 [Test worker] DEBUG io.yggdrash.contract.yeed.YeedContract - Stake YEED 7635000000000000000000000
12:38:18.215 [Test worker] DEBUG io.yggdrash.contract.yeed.YeedContract - TransferYeed YEED 749000000000000000000000
12:38:18.215 [Test worker] DEBUG io.yggdrash.contract.yeed.YeedContract - PI Fee 100000000000000000
12:38:18.215 [Test worker] DEBUG io.yggdrash.contract.yeed.InterChainProcessTest - Remain YEED : 6886000100000000000000000
12:38:18.215 [Test worker] DEBUG io.yggdrash.contract.yeed.InterChainProcessTest - Send Eth 31
12:38:18.219 [Test worker] DEBUG io.yggdrash.contract.yeed.YeedContract - Ratio : 10000
12:38:18.219 [Test worker] DEBUG io.yggdrash.contract.yeed.YeedContract - transferYeed : 310000000000000000000000
12:38:18.219 [Test worker] DEBUG io.yggdrash.contract.yeed.YeedContract - Confirm Id : d8629f2bec96829195f3a8b093db85e37bb205ce539b5a7068a29326d7bd8f31
12:38:18.220 [Test worker] DEBUG io.yggdrash.contract.yeed.YeedContract - ProposeId : 3d501aaef5eefc10550b12a341910cbfa16bfed94dbc9892fefb27a1e9ae902c (ProposeKey=pis-3d501aaef5eefc10550b12a341910cbfa16bfed94dbc9892fefb27a1e9ae902c) is PROCESSING
12:38:18.220 [Test worker] DEBUG io.yggdrash.contract.yeed.YeedContract - TxConfirm ProposeId :  3d501aaef5eefc10550b12a341910cbfa16bfed94dbc9892fefb27a1e9ae902c
12:38:18.220 [Test worker] DEBUG io.yggdrash.contract.yeed.YeedContract - TxConfirm Status : VALIDATE_REQUIRE
12:38:18.220 [Test worker] DEBUG io.yggdrash.contract.yeed.YeedContract - Propose require block height : 100000 
12:38:18.220 [Test worker] DEBUG io.yggdrash.contract.yeed.YeedContract - TxConfirm block height : 100010 
12:38:18.220 [Test worker] DEBUG io.yggdrash.contract.yeed.YeedContract - CheckBlockHeight : true
12:38:18.220 [Test worker] DEBUG io.yggdrash.contract.yeed.YeedContract - Stake YEED 6886000000000000000000000
12:38:18.220 [Test worker] DEBUG io.yggdrash.contract.yeed.YeedContract - TransferYeed YEED 310000000000000000000000
12:38:18.220 [Test worker] DEBUG io.yggdrash.contract.yeed.YeedContract - PI Fee 100000000000000000
12:38:18.220 [Test worker] DEBUG io.yggdrash.contract.yeed.InterChainProcessTest - Remain YEED : 6576000100000000000000000
12:38:18.220 [Test worker] DEBUG io.yggdrash.contract.yeed.InterChainProcessTest - Send Eth 51
12:38:18.226 [Test worker] DEBUG io.yggdrash.contract.yeed.YeedContract - Ratio : 10000
12:38:18.226 [Test worker] DEBUG io.yggdrash.contract.yeed.YeedContract - transferYeed : 518000000000000000000000
12:38:18.226 [Test worker] DEBUG io.yggdrash.contract.yeed.YeedContract - Confirm Id : 1b4852a562b63c2512d51ca40475d4c732d78b6f5d338bc627c002a277650c47
12:38:18.226 [Test worker] DEBUG io.yggdrash.contract.yeed.YeedContract - ProposeId : 3d501aaef5eefc10550b12a341910cbfa16bfed94dbc9892fefb27a1e9ae902c (ProposeKey=pis-3d501aaef5eefc10550b12a341910cbfa16bfed94dbc9892fefb27a1e9ae902c) is PROCESSING
12:38:18.226 [Test worker] DEBUG io.yggdrash.contract.yeed.YeedContract - TxConfirm ProposeId :  3d501aaef5eefc10550b12a341910cbfa16bfed94dbc9892fefb27a1e9ae902c
12:38:18.226 [Test worker] DEBUG io.yggdrash.contract.yeed.YeedContract - TxConfirm Status : VALIDATE_REQUIRE
12:38:18.227 [Test worker] DEBUG io.yggdrash.contract.yeed.YeedContract - Propose require block height : 100000 
12:38:18.227 [Test worker] DEBUG io.yggdrash.contract.yeed.YeedContract - TxConfirm block height : 100010 
12:38:18.227 [Test worker] DEBUG io.yggdrash.contract.yeed.YeedContract - CheckBlockHeight : true
12:38:18.227 [Test worker] DEBUG io.yggdrash.contract.yeed.YeedContract - Stake YEED 6576000000000000000000000
12:38:18.227 [Test worker] DEBUG io.yggdrash.contract.yeed.YeedContract - TransferYeed YEED 518000000000000000000000
12:38:18.227 [Test worker] DEBUG io.yggdrash.contract.yeed.YeedContract - PI Fee 100000000000000000
12:38:18.227 [Test worker] DEBUG io.yggdrash.contract.yeed.InterChainProcessTest - Remain YEED : 6058000100000000000000000
12:38:18.227 [Test worker] DEBUG io.yggdrash.contract.yeed.InterChainProcessTest - Send Eth 18
12:38:18.233 [Test worker] DEBUG io.yggdrash.contract.yeed.YeedContract - Ratio : 10000
12:38:18.233 [Test worker] DEBUG io.yggdrash.contract.yeed.YeedContract - transferYeed : 188000000000000000000000
12:38:18.234 [Test worker] DEBUG io.yggdrash.contract.yeed.YeedContract - Confirm Id : 62d30877fb762c1607172ef4286d5a9e4f1623a6f2222467a644bd5961c3782c
12:38:18.234 [Test worker] DEBUG io.yggdrash.contract.yeed.YeedContract - ProposeId : 3d501aaef5eefc10550b12a341910cbfa16bfed94dbc9892fefb27a1e9ae902c (ProposeKey=pis-3d501aaef5eefc10550b12a341910cbfa16bfed94dbc9892fefb27a1e9ae902c) is PROCESSING
12:38:18.234 [Test worker] DEBUG io.yggdrash.contract.yeed.YeedContract - TxConfirm ProposeId :  3d501aaef5eefc10550b12a341910cbfa16bfed94dbc9892fefb27a1e9ae902c
12:38:18.234 [Test worker] DEBUG io.yggdrash.contract.yeed.YeedContract - TxConfirm Status : VALIDATE_REQUIRE
12:38:18.234 [Test worker] DEBUG io.yggdrash.contract.yeed.YeedContract - Propose require block height : 100000 
12:38:18.234 [Test worker] DEBUG io.yggdrash.contract.yeed.YeedContract - TxConfirm block height : 100010 
12:38:18.234 [Test worker] DEBUG io.yggdrash.contract.yeed.YeedContract - CheckBlockHeight : true
12:38:18.234 [Test worker] DEBUG io.yggdrash.contract.yeed.YeedContract - Stake YEED 6058000000000000000000000
12:38:18.234 [Test worker] DEBUG io.yggdrash.contract.yeed.YeedContract - TransferYeed YEED 188000000000000000000000
12:38:18.234 [Test worker] DEBUG io.yggdrash.contract.yeed.YeedContract - PI Fee 100000000000000000
12:38:18.234 [Test worker] DEBUG io.yggdrash.contract.yeed.InterChainProcessTest - Remain YEED : 5870000100000000000000000
12:38:18.234 [Test worker] DEBUG io.yggdrash.contract.yeed.InterChainProcessTest - Send Eth 0
12:38:18.240 [Test worker] DEBUG io.yggdrash.contract.yeed.YeedContract - Ratio : 10000
12:38:18.240 [Test worker] DEBUG io.yggdrash.contract.yeed.YeedContract - transferYeed : 7000000000000000000000
12:38:18.240 [Test worker] DEBUG io.yggdrash.contract.yeed.YeedContract - Confirm Id : 605e6890e238cadcbf1f56bafa71196d6a02fdaf7610b13e72cf3a879a97bafa
12:38:18.241 [Test worker] DEBUG io.yggdrash.contract.yeed.YeedContract - ProposeId : 3d501aaef5eefc10550b12a341910cbfa16bfed94dbc9892fefb27a1e9ae902c (ProposeKey=pis-3d501aaef5eefc10550b12a341910cbfa16bfed94dbc9892fefb27a1e9ae902c) is PROCESSING
12:38:18.241 [Test worker] DEBUG io.yggdrash.contract.yeed.YeedContract - TxConfirm ProposeId :  3d501aaef5eefc10550b12a341910cbfa16bfed94dbc9892fefb27a1e9ae902c
12:38:18.241 [Test worker] DEBUG io.yggdrash.contract.yeed.YeedContract - TxConfirm Status : VALIDATE_REQUIRE
12:38:18.241 [Test worker] DEBUG io.yggdrash.contract.yeed.YeedContract - Propose require block height : 100000 
12:38:18.241 [Test worker] DEBUG io.yggdrash.contract.yeed.YeedContract - TxConfirm block height : 100010 
12:38:18.241 [Test worker] DEBUG io.yggdrash.contract.yeed.YeedContract - CheckBlockHeight : true
12:38:18.241 [Test worker] DEBUG io.yggdrash.contract.yeed.YeedContract - Stake YEED 5870000000000000000000000
12:38:18.241 [Test worker] DEBUG io.yggdrash.contract.yeed.YeedContract - TransferYeed YEED 7000000000000000000000
12:38:18.241 [Test worker] DEBUG io.yggdrash.contract.yeed.YeedContract - PI Fee 100000000000000000
12:38:18.241 [Test worker] DEBUG io.yggdrash.contract.yeed.InterChainProcessTest - Remain YEED : 5863000100000000000000000
12:38:18.241 [Test worker] DEBUG io.yggdrash.contract.yeed.InterChainProcessTest - Send Eth 72
12:38:18.246 [Test worker] DEBUG io.yggdrash.contract.yeed.YeedContract - Ratio : 10000
12:38:18.246 [Test worker] DEBUG io.yggdrash.contract.yeed.YeedContract - transferYeed : 727000000000000000000000
12:38:18.246 [Test worker] DEBUG io.yggdrash.contract.yeed.YeedContract - Confirm Id : c5fd00857c94dcac8eb6781776ec4f29b670cb54a4f6118ad36e4b5de468670a
12:38:18.246 [Test worker] DEBUG io.yggdrash.contract.yeed.YeedContract - ProposeId : 3d501aaef5eefc10550b12a341910cbfa16bfed94dbc9892fefb27a1e9ae902c (ProposeKey=pis-3d501aaef5eefc10550b12a341910cbfa16bfed94dbc9892fefb27a1e9ae902c) is PROCESSING
12:38:18.246 [Test worker] DEBUG io.yggdrash.contract.yeed.YeedContract - TxConfirm ProposeId :  3d501aaef5eefc10550b12a341910cbfa16bfed94dbc9892fefb27a1e9ae902c
12:38:18.246 [Test worker] DEBUG io.yggdrash.contract.yeed.YeedContract - TxConfirm Status : VALIDATE_REQUIRE
12:38:18.246 [Test worker] DEBUG io.yggdrash.contract.yeed.YeedContract - Propose require block height : 100000 
12:38:18.246 [Test worker] DEBUG io.yggdrash.contract.yeed.YeedContract - TxConfirm block height : 100010 
12:38:18.246 [Test worker] DEBUG io.yggdrash.contract.yeed.YeedContract - CheckBlockHeight : true
12:38:18.246 [Test worker] DEBUG io.yggdrash.contract.yeed.YeedContract - Stake YEED 5863000000000000000000000
12:38:18.246 [Test worker] DEBUG io.yggdrash.contract.yeed.YeedContract - TransferYeed YEED 727000000000000000000000
12:38:18.246 [Test worker] DEBUG io.yggdrash.contract.yeed.YeedContract - PI Fee 100000000000000000
12:38:18.247 [Test worker] DEBUG io.yggdrash.contract.yeed.InterChainProcessTest - Remain YEED : 5136000100000000000000000
12:38:18.247 [Test worker] DEBUG io.yggdrash.contract.yeed.InterChainProcessTest - Send Eth 73
12:38:18.252 [Test worker] DEBUG io.yggdrash.contract.yeed.YeedContract - Ratio : 10000
12:38:18.252 [Test worker] DEBUG io.yggdrash.contract.yeed.YeedContract - transferYeed : 737000000000000000000000
12:38:18.252 [Test worker] DEBUG io.yggdrash.contract.yeed.YeedContract - Confirm Id : cf7a54d473b09419be8d37ba3b9ef38971b93b65f32d625aa30536ef3760e8fc
12:38:18.252 [Test worker] DEBUG io.yggdrash.contract.yeed.YeedContract - ProposeId : 3d501aaef5eefc10550b12a341910cbfa16bfed94dbc9892fefb27a1e9ae902c (ProposeKey=pis-3d501aaef5eefc10550b12a341910cbfa16bfed94dbc9892fefb27a1e9ae902c) is PROCESSING
12:38:18.253 [Test worker] DEBUG io.yggdrash.contract.yeed.YeedContract - TxConfirm ProposeId :  3d501aaef5eefc10550b12a341910cbfa16bfed94dbc9892fefb27a1e9ae902c
12:38:18.253 [Test worker] DEBUG io.yggdrash.contract.yeed.YeedContract - TxConfirm Status : VALIDATE_REQUIRE
12:38:18.253 [Test worker] DEBUG io.yggdrash.contract.yeed.YeedContract - Propose require block height : 100000 
12:38:18.253 [Test worker] DEBUG io.yggdrash.contract.yeed.YeedContract - TxConfirm block height : 100010 
12:38:18.253 [Test worker] DEBUG io.yggdrash.contract.yeed.YeedContract - CheckBlockHeight : true
12:38:18.253 [Test worker] DEBUG io.yggdrash.contract.yeed.YeedContract - Stake YEED 5136000000000000000000000
12:38:18.253 [Test worker] DEBUG io.yggdrash.contract.yeed.YeedContract - TransferYeed YEED 737000000000000000000000
12:38:18.253 [Test worker] DEBUG io.yggdrash.contract.yeed.YeedContract - PI Fee 100000000000000000
12:38:18.253 [Test worker] DEBUG io.yggdrash.contract.yeed.InterChainProcessTest - Remain YEED : 4399000100000000000000000
12:38:18.253 [Test worker] DEBUG io.yggdrash.contract.yeed.InterChainProcessTest - Send Eth 38
12:38:18.258 [Test worker] DEBUG io.yggdrash.contract.yeed.YeedContract - Ratio : 10000
12:38:18.258 [Test worker] DEBUG io.yggdrash.contract.yeed.YeedContract - transferYeed : 385000000000000000000000
12:38:18.258 [Test worker] DEBUG io.yggdrash.contract.yeed.YeedContract - Confirm Id : 4ab3c90603479f234eeda1eb13e4fb2e9147b377cddfe1f6a335dad70446a410
12:38:18.258 [Test worker] DEBUG io.yggdrash.contract.yeed.YeedContract - ProposeId : 3d501aaef5eefc10550b12a341910cbfa16bfed94dbc9892fefb27a1e9ae902c (ProposeKey=pis-3d501aaef5eefc10550b12a341910cbfa16bfed94dbc9892fefb27a1e9ae902c) is PROCESSING
12:38:18.258 [Test worker] DEBUG io.yggdrash.contract.yeed.YeedContract - TxConfirm ProposeId :  3d501aaef5eefc10550b12a341910cbfa16bfed94dbc9892fefb27a1e9ae902c
12:38:18.258 [Test worker] DEBUG io.yggdrash.contract.yeed.YeedContract - TxConfirm Status : VALIDATE_REQUIRE
12:38:18.258 [Test worker] DEBUG io.yggdrash.contract.yeed.YeedContract - Propose require block height : 100000 
12:38:18.258 [Test worker] DEBUG io.yggdrash.contract.yeed.YeedContract - TxConfirm block height : 100010 
12:38:18.258 [Test worker] DEBUG io.yggdrash.contract.yeed.YeedContract - CheckBlockHeight : true
12:38:18.258 [Test worker] DEBUG io.yggdrash.contract.yeed.YeedContract - Stake YEED 4399000000000000000000000
12:38:18.258 [Test worker] DEBUG io.yggdrash.contract.yeed.YeedContract - TransferYeed YEED 385000000000000000000000
12:38:18.258 [Test worker] DEBUG io.yggdrash.contract.yeed.YeedContract - PI Fee 100000000000000000
12:38:18.258 [Test worker] DEBUG io.yggdrash.contract.yeed.InterChainProcessTest - Remain YEED : 4014000100000000000000000
12:38:18.258 [Test worker] DEBUG io.yggdrash.contract.yeed.InterChainProcessTest - Send Eth 64
12:38:18.267 [Test worker] DEBUG io.yggdrash.contract.yeed.YeedContract - Ratio : 10000
12:38:18.267 [Test worker] DEBUG io.yggdrash.contract.yeed.YeedContract - transferYeed : 645000000000000000000000
12:38:18.267 [Test worker] DEBUG io.yggdrash.contract.yeed.YeedContract - Confirm Id : fac7314d3768f226e9b4e49f7dcf9aeb3eacc72c60a5e2dc17cbc70268116c6f
12:38:18.267 [Test worker] DEBUG io.yggdrash.contract.yeed.YeedContract - ProposeId : 3d501aaef5eefc10550b12a341910cbfa16bfed94dbc9892fefb27a1e9ae902c (ProposeKey=pis-3d501aaef5eefc10550b12a341910cbfa16bfed94dbc9892fefb27a1e9ae902c) is PROCESSING
12:38:18.267 [Test worker] DEBUG io.yggdrash.contract.yeed.YeedContract - TxConfirm ProposeId :  3d501aaef5eefc10550b12a341910cbfa16bfed94dbc9892fefb27a1e9ae902c
12:38:18.267 [Test worker] DEBUG io.yggdrash.contract.yeed.YeedContract - TxConfirm Status : VALIDATE_REQUIRE
12:38:18.268 [Test worker] DEBUG io.yggdrash.contract.yeed.YeedContract - Propose require block height : 100000 
12:38:18.268 [Test worker] DEBUG io.yggdrash.contract.yeed.YeedContract - TxConfirm block height : 100010 
12:38:18.268 [Test worker] DEBUG io.yggdrash.contract.yeed.YeedContract - CheckBlockHeight : true
12:38:18.268 [Test worker] DEBUG io.yggdrash.contract.yeed.YeedContract - Stake YEED 4014000000000000000000000
12:38:18.268 [Test worker] DEBUG io.yggdrash.contract.yeed.YeedContract - TransferYeed YEED 645000000000000000000000
12:38:18.268 [Test worker] DEBUG io.yggdrash.contract.yeed.YeedContract - PI Fee 100000000000000000
12:38:18.268 [Test worker] DEBUG io.yggdrash.contract.yeed.InterChainProcessTest - Remain YEED : 3369000100000000000000000
12:38:18.268 [Test worker] DEBUG io.yggdrash.contract.yeed.InterChainProcessTest - Send Eth 26
12:38:18.272 [Test worker] DEBUG io.yggdrash.contract.yeed.YeedContract - Ratio : 10000
12:38:18.272 [Test worker] DEBUG io.yggdrash.contract.yeed.YeedContract - transferYeed : 264000000000000000000000
12:38:18.272 [Test worker] DEBUG io.yggdrash.contract.yeed.YeedContract - Confirm Id : 8cb5250c876dfecec6252f8f199a571b3814d8ba83c634b16fa0245c3382b2bf
12:38:18.272 [Test worker] DEBUG io.yggdrash.contract.yeed.YeedContract - ProposeId : 3d501aaef5eefc10550b12a341910cbfa16bfed94dbc9892fefb27a1e9ae902c (ProposeKey=pis-3d501aaef5eefc10550b12a341910cbfa16bfed94dbc9892fefb27a1e9ae902c) is PROCESSING
12:38:18.272 [Test worker] DEBUG io.yggdrash.contract.yeed.YeedContract - TxConfirm ProposeId :  3d501aaef5eefc10550b12a341910cbfa16bfed94dbc9892fefb27a1e9ae902c
12:38:18.272 [Test worker] DEBUG io.yggdrash.contract.yeed.YeedContract - TxConfirm Status : VALIDATE_REQUIRE
12:38:18.272 [Test worker] DEBUG io.yggdrash.contract.yeed.YeedContract - Propose require block height : 100000 
12:38:18.273 [Test worker] DEBUG io.yggdrash.contract.yeed.YeedContract - TxConfirm block height : 100010 
12:38:18.273 [Test worker] DEBUG io.yggdrash.contract.yeed.YeedContract - CheckBlockHeight : true
12:38:18.273 [Test worker] DEBUG io.yggdrash.contract.yeed.YeedContract - Stake YEED 3369000000000000000000000
12:38:18.273 [Test worker] DEBUG io.yggdrash.contract.yeed.YeedContract - TransferYeed YEED 264000000000000000000000
12:38:18.273 [Test worker] DEBUG io.yggdrash.contract.yeed.YeedContract - PI Fee 100000000000000000
12:38:18.273 [Test worker] DEBUG io.yggdrash.contract.yeed.InterChainProcessTest - Remain YEED : 3105000100000000000000000
12:38:18.273 [Test worker] DEBUG io.yggdrash.contract.yeed.InterChainProcessTest - Send Eth 46
12:38:18.278 [Test worker] DEBUG io.yggdrash.contract.yeed.YeedContract - Ratio : 10000
12:38:18.278 [Test worker] DEBUG io.yggdrash.contract.yeed.YeedContract - transferYeed : 462000000000000000000000
12:38:18.278 [Test worker] DEBUG io.yggdrash.contract.yeed.YeedContract - Confirm Id : bebfd171f0359ea447d8af116f854540d6ff6cfa182da29d5520d47f292df33b
12:38:18.278 [Test worker] DEBUG io.yggdrash.contract.yeed.YeedContract - ProposeId : 3d501aaef5eefc10550b12a341910cbfa16bfed94dbc9892fefb27a1e9ae902c (ProposeKey=pis-3d501aaef5eefc10550b12a341910cbfa16bfed94dbc9892fefb27a1e9ae902c) is PROCESSING
12:38:18.278 [Test worker] DEBUG io.yggdrash.contract.yeed.YeedContract - TxConfirm ProposeId :  3d501aaef5eefc10550b12a341910cbfa16bfed94dbc9892fefb27a1e9ae902c
12:38:18.278 [Test worker] DEBUG io.yggdrash.contract.yeed.YeedContract - TxConfirm Status : VALIDATE_REQUIRE
12:38:18.278 [Test worker] DEBUG io.yggdrash.contract.yeed.YeedContract - Propose require block height : 100000 
12:38:18.278 [Test worker] DEBUG io.yggdrash.contract.yeed.YeedContract - TxConfirm block height : 100010 
12:38:18.278 [Test worker] DEBUG io.yggdrash.contract.yeed.YeedContract - CheckBlockHeight : true
12:38:18.278 [Test worker] DEBUG io.yggdrash.contract.yeed.YeedContract - Stake YEED 3105000000000000000000000
12:38:18.278 [Test worker] DEBUG io.yggdrash.contract.yeed.YeedContract - TransferYeed YEED 462000000000000000000000
12:38:18.278 [Test worker] DEBUG io.yggdrash.contract.yeed.YeedContract - PI Fee 100000000000000000
12:38:18.278 [Test worker] DEBUG io.yggdrash.contract.yeed.InterChainProcessTest - Remain YEED : 2643000100000000000000000
12:38:18.278 [Test worker] DEBUG io.yggdrash.contract.yeed.InterChainProcessTest - Send Eth 57
12:38:18.282 [Test worker] DEBUG io.yggdrash.contract.yeed.YeedContract - Ratio : 10000
12:38:18.282 [Test worker] DEBUG io.yggdrash.contract.yeed.YeedContract - transferYeed : 579000000000000000000000
12:38:18.282 [Test worker] DEBUG io.yggdrash.contract.yeed.YeedContract - Confirm Id : 0e50911a8e8e08adf8b2eb2d060c0611496f584050a17485e21b31cabeb4d6ed
12:38:18.282 [Test worker] DEBUG io.yggdrash.contract.yeed.YeedContract - ProposeId : 3d501aaef5eefc10550b12a341910cbfa16bfed94dbc9892fefb27a1e9ae902c (ProposeKey=pis-3d501aaef5eefc10550b12a341910cbfa16bfed94dbc9892fefb27a1e9ae902c) is PROCESSING
12:38:18.282 [Test worker] DEBUG io.yggdrash.contract.yeed.YeedContract - TxConfirm ProposeId :  3d501aaef5eefc10550b12a341910cbfa16bfed94dbc9892fefb27a1e9ae902c
12:38:18.282 [Test worker] DEBUG io.yggdrash.contract.yeed.YeedContract - TxConfirm Status : VALIDATE_REQUIRE
12:38:18.282 [Test worker] DEBUG io.yggdrash.contract.yeed.YeedContract - Propose require block height : 100000 
12:38:18.282 [Test worker] DEBUG io.yggdrash.contract.yeed.YeedContract - TxConfirm block height : 100010 
12:38:18.282 [Test worker] DEBUG io.yggdrash.contract.yeed.YeedContract - CheckBlockHeight : true
12:38:18.282 [Test worker] DEBUG io.yggdrash.contract.yeed.YeedContract - Stake YEED 2643000000000000000000000
12:38:18.282 [Test worker] DEBUG io.yggdrash.contract.yeed.YeedContract - TransferYeed YEED 579000000000000000000000
12:38:18.282 [Test worker] DEBUG io.yggdrash.contract.yeed.YeedContract - PI Fee 100000000000000000
12:38:18.282 [Test worker] DEBUG io.yggdrash.contract.yeed.InterChainProcessTest - Remain YEED : 2064000100000000000000000
12:38:18.282 [Test worker] DEBUG io.yggdrash.contract.yeed.InterChainProcessTest - Send Eth 23
12:38:18.287 [Test worker] DEBUG io.yggdrash.contract.yeed.YeedContract - Ratio : 10000
12:38:18.287 [Test worker] DEBUG io.yggdrash.contract.yeed.YeedContract - transferYeed : 239000000000000000000000
12:38:18.287 [Test worker] DEBUG io.yggdrash.contract.yeed.YeedContract - Confirm Id : a0a1b15e79d2200efa79c8661de61ed5039b81c96119099f99cc4fbf86deb456
12:38:18.287 [Test worker] DEBUG io.yggdrash.contract.yeed.YeedContract - ProposeId : 3d501aaef5eefc10550b12a341910cbfa16bfed94dbc9892fefb27a1e9ae902c (ProposeKey=pis-3d501aaef5eefc10550b12a341910cbfa16bfed94dbc9892fefb27a1e9ae902c) is PROCESSING
12:38:18.288 [Test worker] DEBUG io.yggdrash.contract.yeed.YeedContract - TxConfirm ProposeId :  3d501aaef5eefc10550b12a341910cbfa16bfed94dbc9892fefb27a1e9ae902c
12:38:18.288 [Test worker] DEBUG io.yggdrash.contract.yeed.YeedContract - TxConfirm Status : VALIDATE_REQUIRE
12:38:18.288 [Test worker] DEBUG io.yggdrash.contract.yeed.YeedContract - Propose require block height : 100000 
12:38:18.288 [Test worker] DEBUG io.yggdrash.contract.yeed.YeedContract - TxConfirm block height : 100010 
12:38:18.288 [Test worker] DEBUG io.yggdrash.contract.yeed.YeedContract - CheckBlockHeight : true
12:38:18.288 [Test worker] DEBUG io.yggdrash.contract.yeed.YeedContract - Stake YEED 2064000000000000000000000
12:38:18.288 [Test worker] DEBUG io.yggdrash.contract.yeed.YeedContract - TransferYeed YEED 239000000000000000000000
12:38:18.288 [Test worker] DEBUG io.yggdrash.contract.yeed.YeedContract - PI Fee 100000000000000000
12:38:18.288 [Test worker] DEBUG io.yggdrash.contract.yeed.InterChainProcessTest - Remain YEED : 1825000100000000000000000
12:38:18.288 [Test worker] DEBUG io.yggdrash.contract.yeed.InterChainProcessTest - Send Eth 28
12:38:18.293 [Test worker] DEBUG io.yggdrash.contract.yeed.YeedContract - Ratio : 10000
12:38:18.293 [Test worker] DEBUG io.yggdrash.contract.yeed.YeedContract - transferYeed : 286000000000000000000000
12:38:18.293 [Test worker] DEBUG io.yggdrash.contract.yeed.YeedContract - Confirm Id : e15805c8cb86787d461df06b0ade84c1f38b419206b7222764242a8e8fedeea1
12:38:18.293 [Test worker] DEBUG io.yggdrash.contract.yeed.YeedContract - ProposeId : 3d501aaef5eefc10550b12a341910cbfa16bfed94dbc9892fefb27a1e9ae902c (ProposeKey=pis-3d501aaef5eefc10550b12a341910cbfa16bfed94dbc9892fefb27a1e9ae902c) is PROCESSING
12:38:18.294 [Test worker] DEBUG io.yggdrash.contract.yeed.YeedContract - TxConfirm ProposeId :  3d501aaef5eefc10550b12a341910cbfa16bfed94dbc9892fefb27a1e9ae902c
12:38:18.294 [Test worker] DEBUG io.yggdrash.contract.yeed.YeedContract - TxConfirm Status : VALIDATE_REQUIRE
12:38:18.294 [Test worker] DEBUG io.yggdrash.contract.yeed.YeedContract - Propose require block height : 100000 
12:38:18.294 [Test worker] DEBUG io.yggdrash.contract.yeed.YeedContract - TxConfirm block height : 100010 
12:38:18.294 [Test worker] DEBUG io.yggdrash.contract.yeed.YeedContract - CheckBlockHeight : true
12:38:18.294 [Test worker] DEBUG io.yggdrash.contract.yeed.YeedContract - Stake YEED 1825000000000000000000000
12:38:18.294 [Test worker] DEBUG io.yggdrash.contract.yeed.YeedContract - TransferYeed YEED 286000000000000000000000
12:38:18.294 [Test worker] DEBUG io.yggdrash.contract.yeed.YeedContract - PI Fee 100000000000000000
12:38:18.294 [Test worker] DEBUG io.yggdrash.contract.yeed.InterChainProcessTest - Remain YEED : 1539000100000000000000000
12:38:18.294 [Test worker] DEBUG io.yggdrash.contract.yeed.InterChainProcessTest - Send Eth 3
12:38:18.299 [Test worker] DEBUG io.yggdrash.contract.yeed.YeedContract - Ratio : 10000
12:38:18.299 [Test worker] DEBUG io.yggdrash.contract.yeed.YeedContract - transferYeed : 39000000000000000000000
12:38:18.299 [Test worker] DEBUG io.yggdrash.contract.yeed.YeedContract - Confirm Id : 56cf3bb3942034893ba160bb637e2564d890e50ba0c2ea80e8fdb9d2029efc41
12:38:18.299 [Test worker] DEBUG io.yggdrash.contract.yeed.YeedContract - ProposeId : 3d501aaef5eefc10550b12a341910cbfa16bfed94dbc9892fefb27a1e9ae902c (ProposeKey=pis-3d501aaef5eefc10550b12a341910cbfa16bfed94dbc9892fefb27a1e9ae902c) is PROCESSING
12:38:18.299 [Test worker] DEBUG io.yggdrash.contract.yeed.YeedContract - TxConfirm ProposeId :  3d501aaef5eefc10550b12a341910cbfa16bfed94dbc9892fefb27a1e9ae902c
12:38:18.299 [Test worker] DEBUG io.yggdrash.contract.yeed.YeedContract - TxConfirm Status : VALIDATE_REQUIRE
12:38:18.299 [Test worker] DEBUG io.yggdrash.contract.yeed.YeedContract - Propose require block height : 100000 
12:38:18.299 [Test worker] DEBUG io.yggdrash.contract.yeed.YeedContract - TxConfirm block height : 100010 
12:38:18.299 [Test worker] DEBUG io.yggdrash.contract.yeed.YeedContract - CheckBlockHeight : true
12:38:18.299 [Test worker] DEBUG io.yggdrash.contract.yeed.YeedContract - Stake YEED 1539000000000000000000000
12:38:18.299 [Test worker] DEBUG io.yggdrash.contract.yeed.YeedContract - TransferYeed YEED 39000000000000000000000
12:38:18.299 [Test worker] DEBUG io.yggdrash.contract.yeed.YeedContract - PI Fee 100000000000000000
12:38:18.299 [Test worker] DEBUG io.yggdrash.contract.yeed.InterChainProcessTest - Remain YEED : 1500000100000000000000000
12:38:18.299 [Test worker] DEBUG io.yggdrash.contract.yeed.InterChainProcessTest - Send Eth 80
12:38:18.304 [Test worker] DEBUG io.yggdrash.contract.yeed.YeedContract - Ratio : 10000
12:38:18.304 [Test worker] DEBUG io.yggdrash.contract.yeed.YeedContract - transferYeed : 807000000000000000000000
12:38:18.305 [Test worker] DEBUG io.yggdrash.contract.yeed.YeedContract - Confirm Id : 7825f8273542aea05ee210c0d978879c83c20c3119d98b57522ef86c49b447d7
12:38:18.305 [Test worker] DEBUG io.yggdrash.contract.yeed.YeedContract - ProposeId : 3d501aaef5eefc10550b12a341910cbfa16bfed94dbc9892fefb27a1e9ae902c (ProposeKey=pis-3d501aaef5eefc10550b12a341910cbfa16bfed94dbc9892fefb27a1e9ae902c) is PROCESSING
12:38:18.305 [Test worker] DEBUG io.yggdrash.contract.yeed.YeedContract - TxConfirm ProposeId :  3d501aaef5eefc10550b12a341910cbfa16bfed94dbc9892fefb27a1e9ae902c
12:38:18.305 [Test worker] DEBUG io.yggdrash.contract.yeed.YeedContract - TxConfirm Status : VALIDATE_REQUIRE
12:38:18.305 [Test worker] DEBUG io.yggdrash.contract.yeed.YeedContract - Propose require block height : 100000 
12:38:18.305 [Test worker] DEBUG io.yggdrash.contract.yeed.YeedContract - TxConfirm block height : 100010 
12:38:18.305 [Test worker] DEBUG io.yggdrash.contract.yeed.YeedContract - CheckBlockHeight : true
12:38:18.305 [Test worker] DEBUG io.yggdrash.contract.yeed.YeedContract - Stake YEED 1500000000000000000000000
12:38:18.305 [Test worker] DEBUG io.yggdrash.contract.yeed.YeedContract - TransferYeed YEED 807000000000000000000000
12:38:18.305 [Test worker] DEBUG io.yggdrash.contract.yeed.YeedContract - PI Fee 100000000000000000
12:38:18.305 [Test worker] DEBUG io.yggdrash.contract.yeed.InterChainProcessTest - Remain YEED : 693000100000000000000000
12:38:18.305 [Test worker] DEBUG io.yggdrash.contract.yeed.InterChainProcessTest - Send Eth 77
12:38:18.309 [Test worker] DEBUG io.yggdrash.contract.yeed.YeedContract - Ratio : 10000
12:38:18.309 [Test worker] DEBUG io.yggdrash.contract.yeed.YeedContract - transferYeed : 775000000000000000000000
12:38:18.309 [Test worker] DEBUG io.yggdrash.contract.yeed.YeedContract - Confirm Id : 99f6774430486e34c4c75b99e2288a1a4fd0276a005a11a4f483c2c344c0ce37
12:38:18.309 [Test worker] DEBUG io.yggdrash.contract.yeed.YeedContract - ProposeId : 3d501aaef5eefc10550b12a341910cbfa16bfed94dbc9892fefb27a1e9ae902c (ProposeKey=pis-3d501aaef5eefc10550b12a341910cbfa16bfed94dbc9892fefb27a1e9ae902c) is PROCESSING
12:38:18.309 [Test worker] DEBUG io.yggdrash.contract.yeed.YeedContract - TxConfirm ProposeId :  3d501aaef5eefc10550b12a341910cbfa16bfed94dbc9892fefb27a1e9ae902c
12:38:18.309 [Test worker] DEBUG io.yggdrash.contract.yeed.YeedContract - TxConfirm Status : VALIDATE_REQUIRE
12:38:18.309 [Test worker] DEBUG io.yggdrash.contract.yeed.YeedContract - Propose require block height : 100000 
12:38:18.309 [Test worker] DEBUG io.yggdrash.contract.yeed.YeedContract - TxConfirm block height : 100010 
12:38:18.309 [Test worker] DEBUG io.yggdrash.contract.yeed.YeedContract - CheckBlockHeight : true
12:38:18.309 [Test worker] DEBUG io.yggdrash.contract.yeed.YeedContract - Stake YEED 693000000000000000000000
12:38:18.309 [Test worker] DEBUG io.yggdrash.contract.yeed.YeedContract - TransferYeed YEED 693000000000000000000000
12:38:18.309 [Test worker] DEBUG io.yggdrash.contract.yeed.YeedContract - PI Fee 100000000000000000
12:38:18.309 [Test worker] DEBUG io.yggdrash.contract.yeed.YeedContract - ProposeId : 3d501aaef5eefc10550b12a341910cbfa16bfed94dbc9892fefb27a1e9ae902c (ProposeKey=pis-3d501aaef5eefc10550b12a341910cbfa16bfed94dbc9892fefb27a1e9ae902c) is DONE
12:38:18.309 [Test worker] DEBUG io.yggdrash.contract.yeed.InterChainProcessTest - Remain YEED : 0
12:38:18.309 [Test worker] DEBUG io.yggdrash.contract.yeed.InterChainProcessTest - 10008
12:38:18.309 [Test worker] DEBUG io.yggdrash.contract.yeed.InterChainProcessTest - Total Count : 205
12:38:18.310 [Test worker] DEBUG io.yggdrash.contract.yeed.YeedContract - Address of Frontier : c91e9d46dd4b7584f0b6348ee18277c10fd7cb94Balance of Frontier : 1000000000000000000000000000
12:38:18.311 [Test worker] DEBUG io.yggdrash.contract.yeed.YeedContract - Address of Frontier : 1a0cdead3d1d1dbeef848fef9053b4f0ae06db9eBalance of Frontier : 1000000000000000000000000000
12:38:18.311 [Test worker] DEBUG io.yggdrash.contract.yeed.YeedContract - Address of Frontier : 5e032243d507c743b061ef021e2ec7fcc6d3ab89Balance of Frontier : 10000000000000000000
12:38:18.311 [Test worker] DEBUG io.yggdrash.contract.yeed.YeedContract - Address of Frontier : cee3d4755e47055b530deeba062c5bd0c17eb00fBalance of Frontier : 998000000000000000000000000000
12:38:18.311 [Test worker] DEBUG io.yggdrash.contract.yeed.YeedContract - Address of Frontier : c3cf7a283a4415ce3c41f5374934612389334780Balance of Frontier : 10000000000000000000000000000000000000000
12:38:18.311 [Test worker] DEBUG io.yggdrash.contract.yeed.YeedContract - Address of Frontier : 4d01e237570022440aa126ca0b63065d7f5fd589Balance of Frontier : 10000000000000000000000000000000000000000
12:38:18.318 [Test worker] DEBUG io.yggdrash.contract.yeed.InterChainProcessTest - 7a97efe8d4772a411655b4c94a8c4ea3694cf545
12:38:18.318 [Test worker] DEBUG io.yggdrash.contract.yeed.InterChainProcessTest - f86c808502540be40082520894c91e9d46dd4b7584f0b6348ee18277c10fd7cb94880de0b6b3a76400008025a03fde7c64acbdc0f4e02b590dbad4d91f2f11c183e6c68b2e5136670ab1d80dd5a07d5ff4d4d313423f87c5a2a218c6b9f17f62ee044d473ecffdef20a19784d863
12:38:18.318 [Test worker] DEBUG io.yggdrash.contract.yeed.InterChainProcessTest - 8203e8
12:38:18.319 [Test worker] DEBUG io.yggdrash.contract.yeed.YeedContract - Address of Frontier : c91e9d46dd4b7584f0b6348ee18277c10fd7cb94Balance of Frontier : 1000000000000000000000000000
12:38:18.319 [Test worker] DEBUG io.yggdrash.contract.yeed.YeedContract - Address of Frontier : 1a0cdead3d1d1dbeef848fef9053b4f0ae06db9eBalance of Frontier : 1000000000000000000000000000
12:38:18.319 [Test worker] DEBUG io.yggdrash.contract.yeed.YeedContract - Address of Frontier : 5e032243d507c743b061ef021e2ec7fcc6d3ab89Balance of Frontier : 10000000000000000000
12:38:18.319 [Test worker] DEBUG io.yggdrash.contract.yeed.YeedContract - Address of Frontier : cee3d4755e47055b530deeba062c5bd0c17eb00fBalance of Frontier : 998000000000000000000000000000
12:38:18.319 [Test worker] DEBUG io.yggdrash.contract.yeed.YeedContract - Address of Frontier : c3cf7a283a4415ce3c41f5374934612389334780Balance of Frontier : 10000000000000000000000000000000000000000
12:38:18.319 [Test worker] DEBUG io.yggdrash.contract.yeed.YeedContract - Address of Frontier : 4d01e237570022440aa126ca0b63065d7f5fd589Balance of Frontier : 10000000000000000000000000000000000000000
12:38:18.319 [Test worker] DEBUG io.yggdrash.contract.yeed.YeedContract - Propose Id Key : pi-ea79c0652a5c88db8a0f53d37a2944a56ff2eaf4185370191c98313843b35056 
12:38:18.319 [Test worker] DEBUG io.yggdrash.contract.yeed.YeedContract - ProposeId : ea79c0652a5c88db8a0f53d37a2944a56ff2eaf4185370191c98313843b35056 (ProposeKey=pis-ea79c0652a5c88db8a0f53d37a2944a56ff2eaf4185370191c98313843b35056) is ISSUED
12:38:18.319 [Test worker] DEBUG io.yggdrash.contract.yeed.InterChainProcessTest - txLog=[Transfer 11000000000000000 from c3cf7a283a4415ce3c41f5374934612389334780 to ea79c0652a5c88db8a0f53d37a2944a56ff2eaf4185370191c98313843b35056 fee 0, Propose ea79c0652a5c88db8a0f53d37a2944a56ff2eaf4185370191c98313843b35056 ISSUED]
12:38:18.319 [Test worker] DEBUG io.yggdrash.contract.yeed.InterChainProcessTest - Proposal Stake YEED 11000000000000000
12:38:18.320 [Test worker] DEBUG io.yggdrash.contract.yeed.InterChainProcessTest - Issuer Origin YEED 10000000000000000000000000000000000000000
12:38:18.320 [Test worker] DEBUG io.yggdrash.contract.yeed.InterChainProcessTest - Issuer After Proposal Issued YEED 9999999999999999999999989000000000000000
12:38:18.320 [Test worker] DEBUG io.yggdrash.contract.yeed.InterChainProcessTest - Proposal = {"proposeId":"ea79c0652a5c88db8a0f53d37a2944a56ff2eaf4185370191c98313843b35056","transactionId":"0x00","targetAddress":"","receiverAddress":"c3cf7a283a4415ce3c41f5374934612389334780","receiveAsset":10000000,"receiveChainId":1,"networkBlockHeight":10,"proposeType":1,"senderAddress":"c91e9d46dd4b7584f0b6348ee18277c10fd7cb94","inputData":null,"stakeYeed":1000000000000000,"blockHeight":1000000,"fee":10000000000000000,"issuer":"c3cf7a283a4415ce3c41f5374934612389334780","method":"","status":"ISSUED"}
12:38:18.320 [Test worker] DEBUG io.yggdrash.contract.yeed.YeedContract - ClosePropose Exception : The proposal has not expired
12:38:18.320 [Test worker] DEBUG io.yggdrash.contract.yeed.YeedContract - Address of Frontier : c91e9d46dd4b7584f0b6348ee18277c10fd7cb94Balance of Frontier : 1000000000000000000000000000
12:38:18.320 [Test worker] DEBUG io.yggdrash.contract.yeed.YeedContract - Address of Frontier : 1a0cdead3d1d1dbeef848fef9053b4f0ae06db9eBalance of Frontier : 1000000000000000000000000000
12:38:18.320 [Test worker] DEBUG io.yggdrash.contract.yeed.YeedContract - Address of Frontier : 5e032243d507c743b061ef021e2ec7fcc6d3ab89Balance of Frontier : 10000000000000000000
12:38:18.320 [Test worker] DEBUG io.yggdrash.contract.yeed.YeedContract - Address of Frontier : cee3d4755e47055b530deeba062c5bd0c17eb00fBalance of Frontier : 998000000000000000000000000000
12:38:18.320 [Test worker] DEBUG io.yggdrash.contract.yeed.YeedContract - Address of Frontier : c3cf7a283a4415ce3c41f5374934612389334780Balance of Frontier : 10000000000000000000000000000000000000000
12:38:18.320 [Test worker] DEBUG io.yggdrash.contract.yeed.YeedContract - Address of Frontier : 4d01e237570022440aa126ca0b63065d7f5fd589Balance of Frontier : 10000000000000000000000000000000000000000
12:38:18.321 [Test worker] DEBUG io.yggdrash.contract.yeed.YeedContract - Propose Id Key : pi-ea79c0652a5c88db8a0f53d37a2944a56ff2eaf4185370191c98313843b35056 
12:38:18.321 [Test worker] DEBUG io.yggdrash.contract.yeed.YeedContract - ProposeId : ea79c0652a5c88db8a0f53d37a2944a56ff2eaf4185370191c98313843b35056 (ProposeKey=pis-ea79c0652a5c88db8a0f53d37a2944a56ff2eaf4185370191c98313843b35056) is ISSUED
12:38:18.321 [Test worker] DEBUG io.yggdrash.contract.yeed.InterChainProcessTest - txLog=[Transfer 11000000000000000 from c3cf7a283a4415ce3c41f5374934612389334780 to ea79c0652a5c88db8a0f53d37a2944a56ff2eaf4185370191c98313843b35056 fee 0, Propose ea79c0652a5c88db8a0f53d37a2944a56ff2eaf4185370191c98313843b35056 ISSUED]
12:38:18.321 [Test worker] DEBUG io.yggdrash.contract.yeed.InterChainProcessTest - Proposal Stake YEED 11000000000000000
12:38:18.321 [Test worker] DEBUG io.yggdrash.contract.yeed.InterChainProcessTest - Issuer Origin YEED 10000000000000000000000000000000000000000
12:38:18.321 [Test worker] DEBUG io.yggdrash.contract.yeed.InterChainProcessTest - Issuer After Proposal Issued YEED 9999999999999999999999989000000000000000
12:38:18.321 [Test worker] DEBUG io.yggdrash.contract.yeed.InterChainProcessTest - Proposal = {"proposeId":"ea79c0652a5c88db8a0f53d37a2944a56ff2eaf4185370191c98313843b35056","transactionId":"0x00","targetAddress":"","receiverAddress":"c3cf7a283a4415ce3c41f5374934612389334780","receiveAsset":10000000,"receiveChainId":1,"networkBlockHeight":10,"proposeType":1,"senderAddress":"c91e9d46dd4b7584f0b6348ee18277c10fd7cb94","inputData":null,"stakeYeed":1000000000000000,"blockHeight":1000000,"fee":10000000000000000,"issuer":"c3cf7a283a4415ce3c41f5374934612389334780","method":"","status":"ISSUED"}
12:38:18.321 [Test worker] DEBUG io.yggdrash.contract.yeed.YeedContract - ProposeId : ea79c0652a5c88db8a0f53d37a2944a56ff2eaf4185370191c98313843b35056 (ProposeKey=pis-ea79c0652a5c88db8a0f53d37a2944a56ff2eaf4185370191c98313843b35056) is CLOSED
12:38:18.321 [Test worker] DEBUG io.yggdrash.contract.yeed.YeedContract - ClosePropose Exception : The proposal already CLOSED
]]></system-out>
  <system-err><![CDATA[]]></system-err>
</testsuite>
